#
# A fatal error has been detected by the Java Runtime Environment:
#
#  EXCEPTION_ACCESS_VIOLATION (0xc0000005) at pc=0x00007ffa5178d85e, pid=8184, tid=2768
#
# JRE version: Java(TM) SE Runtime Environment (8.0_05-b13) (build 1.8.0_05-b13)
# Java VM: Java HotSpot(TM) 64-Bit Server VM (25.5-b02 mixed mode windows-amd64 compressed oops)
# Problematic frame:
# C  [ntdll.dll+0x3d85e]
#
# Failed to write core dump. Minidumps are not enabled by default on client versions of Windows
#
# If you would like to submit a bug report, please visit:
#   http://bugreport.sun.com/bugreport/crash.jsp
# The crash happened outside the Java Virtual Machine in native code.
# See problematic frame for where to report the bug.
#

---------------  T H R E A D  ---------------

Current thread (0x0000000008840800):  JavaThread "JavaFX Application Thread" [_thread_in_native, id=2768, stack(0x0000000009620000,0x0000000009720000)]

siginfo: ExceptionCode=0xc0000005, writing address 0x0000000000000024

Registers:
RAX=0x0000000000000000, RBX=0x000000000baa62e8, RCX=0x00000000fffffffc, RDX=0x00000000000006e4
RSP=0x000000000971cce0, RBP=0x00007ff6f1c0c000, RSI=0x00000000000006e4, RDI=0x0000000000000000
R8 =0xffffffffffffffff, R9 =0x00007ff6f1c0c000, R10=0x0000000000000000, R11=0x0000000000000246
R12=0x0000000000000000, R13=0x0000000000000000, R14=0x0000000000000000, R15=0x0000000000000000
RIP=0x00007ffa5178d85e, EFLAGS=0x0000000000010213

Top of Stack: (sp=0x000000000971cce0)
0x000000000971cce0:   00000000000006e4 000000000971d400
0x000000000971ccf0:   0000000008840800 0000000000000000
0x000000000971cd00:   0000000000000001 00000000024cdc41
0x000000000971cd10:   00000007c0002678 00000007c00265b0
0x000000000971cd20:   0000000700000000 000000000971d170
0x000000000971cd30:   0000000000000000 00000000608b5221
0x000000000971cd40:   00000000024d5c10 0000000080000109
0x000000000971cd50:   0000000005c48801 0000000000000002
0x000000000971cd60:   000019783f1ad4e0 0000000005d30c98
0x000000000971cd70:   0000000000000004 0000000000000001
0x000000000971cd80:   000000000627da00 000000007ffe0372
0x000000000971cd90:   0000000000000000 0000000000000000
0x000000000971cda0:   00007ff6f1c0c000 00007ffa5178b254
0x000000000971cdb0:   00000000024d1840 00007ffa4391fc42
0x000000000971cdc0:   000000000baa62e8 00000000608b5221
0x000000000971cdd0:   0000000000000000 0000000000000001 

Instructions: (pc=0x00007ffa5178d85e)
0x00007ffa5178d83e:   a8 01 0f 85 e0 00 00 00 8b c8 41 2b ce f0 0f b1
0x00007ffa5178d84e:   4b 08 75 e9 48 8b 03 45 33 f6 48 83 f8 ff 74 03
0x00007ffa5178d85e:   ff 40 24 41 bf 82 03 fe 7f 41 8a 0f 84 c9 0f 85
0x00007ffa5178d86e:   a0 fa 06 00 48 83 fe ff 0f 84 f5 fa 06 00 4c 8b 


Register to memory mapping:

RAX=0x0000000000000000 is an unknown value
RBX=0x000000000baa62e8 is an unknown value
RCX=0x00000000fffffffc is an unknown value
RDX=0x00000000000006e4 is an unknown value
RSP=0x000000000971cce0 is pointing into the stack for thread: 0x0000000008840800
RBP=0x00007ff6f1c0c000 is an unknown value
RSI=0x00000000000006e4 is an unknown value
RDI=0x0000000000000000 is an unknown value
R8 =0xffffffffffffffff is an unknown value
R9 =0x00007ff6f1c0c000 is an unknown value
R10=0x0000000000000000 is an unknown value
R11=0x0000000000000246 is an unknown value
R12=0x0000000000000000 is an unknown value
R13=0x0000000000000000 is an unknown value
R14=0x0000000000000000 is an unknown value
R15=0x0000000000000000 is an unknown value


Stack: [0x0000000009620000,0x0000000009720000],  sp=0x000000000971cce0,  free space=1011k
Native frames: (J=compiled Java code, j=interpreted, Vv=VM code, C=native code)
C  [ntdll.dll+0x3d85e]
C  [ntdll.dll+0x3b254]
C  [libvlc.dll+0xe365]
C  [jna1835404511885327471.dll+0x176f3]
C  [jna1835404511885327471.dll+0xffe7]
C  [jna1835404511885327471.dll+0x3d1a]
C  [jna1835404511885327471.dll+0x4e97]
C  0x000000000f0251ae

Java frames: (J=compiled Java code, j=interpreted, Vv=VM code)
j  com.sun.jna.Native.invokeLong(JI[Ljava/lang/Object;)J+0
j  com.sun.jna.Function.invoke([Ljava/lang/Object;Ljava/lang/Class;Z)Ljava/lang/Object;+389
j  com.sun.jna.Function.invoke(Ljava/lang/Class;[Ljava/lang/Object;Ljava/util/Map;)Ljava/lang/Object;+214
j  com.sun.jna.Library$Handler.invoke(Ljava/lang/Object;Ljava/lang/reflect/Method;[Ljava/lang/Object;)Ljava/lang/Object;+341
j  com.sun.proxy.$Proxy0.libvlc_media_player_get_time(Luk/co/caprica/vlcj/binding/internal/libvlc_media_player_t;)J+16
j  uk.co.caprica.vlcj.player.DefaultMediaPlayer.getTime()J+17
j  simplevlc.Controls$1.lambda$positionChanged$7(F)V+30
j  simplevlc.Controls$1$$Lambda$26.run()V+8
j  com.sun.javafx.application.PlatformImpl$6$1.run()Ljava/lang/Void;+7
j  com.sun.javafx.application.PlatformImpl$6$1.run()Ljava/lang/Object;+1
v  ~StubRoutines::call_stub
J 1457  java.security.AccessController.doPrivileged(Ljava/security/PrivilegedAction;Ljava/security/AccessControlContext;)Ljava/lang/Object; (0 bytes) @ 0x000000000f4c4a26 [0x000000000f4c49c0+0x66]
j  com.sun.javafx.application.PlatformImpl$6.run()V+12
j  com.sun.glass.ui.InvokeLaterDispatcher$Future.run()V+4
v  ~StubRoutines::call_stub
j  com.sun.glass.ui.win.WinApplication._runLoop(Ljava/lang/Runnable;)V+0
j  com.sun.glass.ui.win.WinApplication.access$300(Lcom/sun/glass/ui/win/WinApplication;Ljava/lang/Runnable;)V+2
j  com.sun.glass.ui.win.WinApplication$4$1.run()V+25
j  java.lang.Thread.run()V+11
v  ~StubRoutines::call_stub

---------------  P R O C E S S  ---------------

Java Threads: ( => current thread )
  0x0000000008844800 JavaThread "Prism Font Disposer" daemon [_thread_blocked, id=4740, stack(0x000000000d270000,0x000000000d370000)]
  0x0000000008843800 JavaThread "Thread-3" daemon [_thread_in_native, id=1600, stack(0x000000000aeb0000,0x000000000afb0000)]
  0x0000000008840000 JavaThread "JavaFX-Launcher" [_thread_blocked, id=7308, stack(0x000000000b990000,0x000000000ba90000)]
=>0x0000000008840800 JavaThread "JavaFX Application Thread" [_thread_in_native, id=2768, stack(0x0000000009620000,0x0000000009720000)]
  0x0000000008843000 JavaThread "Thread-1" daemon [_thread_blocked, id=8188, stack(0x0000000009520000,0x0000000009620000)]
  0x00000000087de800 JavaThread "QuantumRenderer-0" daemon [_thread_blocked, id=6108, stack(0x00000000091f0000,0x00000000092f0000)]
  0x00000000086b8800 JavaThread "Service Thread" daemon [_thread_blocked, id=5592, stack(0x0000000008ff0000,0x00000000090f0000)]
  0x000000000861e000 JavaThread "C1 CompilerThread3" daemon [_thread_blocked, id=2584, stack(0x0000000008ef0000,0x0000000008ff0000)]
  0x0000000008619000 JavaThread "C2 CompilerThread2" daemon [_thread_blocked, id=1892, stack(0x0000000008df0000,0x0000000008ef0000)]
  0x0000000008614000 JavaThread "C2 CompilerThread1" daemon [_thread_blocked, id=4536, stack(0x0000000008cf0000,0x0000000008df0000)]
  0x0000000008624000 JavaThread "C2 CompilerThread0" daemon [_thread_blocked, id=5460, stack(0x0000000008bf0000,0x0000000008cf0000)]
  0x0000000008621000 JavaThread "Attach Listener" daemon [_thread_blocked, id=5876, stack(0x0000000008af0000,0x0000000008bf0000)]
  0x000000000861f800 JavaThread "Signal Dispatcher" daemon [_thread_blocked, id=7780, stack(0x00000000089f0000,0x0000000008af0000)]
  0x0000000002578800 JavaThread "Finalizer" daemon [_thread_blocked, id=3012, stack(0x00000000084f0000,0x00000000085f0000)]
  0x000000000661c800 JavaThread "Reference Handler" daemon [_thread_blocked, id=6012, stack(0x00000000083f0000,0x00000000084f0000)]
  0x000000000237d800 JavaThread "main" [_thread_blocked, id=1436, stack(0x0000000002380000,0x0000000002480000)]

Other Threads:
  0x0000000006618000 VMThread [stack: 0x00000000082f0000,0x00000000083f0000] [id=7484]
  0x00000000086ba800 WatcherThread [stack: 0x00000000090f0000,0x00000000091f0000] [id=5840]

VM state:not at safepoint (normal execution)

VM Mutex/Monitor currently owned by a thread: None

Heap:
 PSYoungGen      total 15872K, used 13466K [0x0000000717180000, 0x0000000718c80000, 0x00000007c0000000)
  eden space 13312K, 83% used [0x0000000717180000,0x0000000717c4ea90,0x0000000717e80000)
  from space 2560K, 93% used [0x0000000717e80000,0x00000007180d8010,0x0000000718100000)
  to   space 3072K, 0% used [0x0000000718980000,0x0000000718980000,0x0000000718c80000)
 ParOldGen       total 518656K, used 14795K [0x00000005c5400000, 0x00000005e4e80000, 0x0000000717180000)
  object space 518656K, 2% used [0x00000005c5400000,0x00000005c6272c98,0x00000005e4e80000)
 Metaspace       used 15362K, capacity 15734K, committed 15872K, reserved 1062912K
  class space    used 2094K, capacity 2179K, committed 2304K, reserved 1048576K

Card table byte_map: [0x0000000002940000,0x0000000003920000] byte_map_base: 0xffffffffffb16000

Marking Bits: (ParMarkBitMap*) 0x0000000060f813b0
 Begin Bits: [0x000000001e010000, 0x0000000025ec0000)
 End Bits:   [0x0000000025ec0000, 0x000000002dd70000)

Polling page: 0x00000000006c0000

CodeCache: size=245760Kb used=5091Kb max_used=5091Kb free=240668Kb
 bounds [0x000000000f010000, 0x000000000f510000, 0x000000001e010000]
 total_blobs=2196 nmethods=1557 adapters=552
 compilation: enabled

Compilation events (10 events):
Event: 4.315 Thread 0x000000000861e000 1552       3       java.lang.Thread::setPriority (56 bytes)
Event: 4.316 Thread 0x000000000861e000 nmethod 1552 0x000000000f4f7350 code [0x000000000f4f7500, 0x000000000f4f7c08]
Event: 4.356 Thread 0x000000000861e000 1554       3       com.sun.jna.Function::convertArgument (896 bytes)
Event: 4.364 Thread 0x000000000861e000 nmethod 1554 0x000000000f4f7dd0 code [0x000000000f4f89a0, 0x000000000f501698]
Event: 4.364 Thread 0x000000000861e000 1555       3       java.lang.Thread::init (11 bytes)
Event: 4.364 Thread 0x000000000861e000 nmethod 1555 0x000000000f506c50 code [0x000000000f506dc0, 0x000000000f506f48]
Event: 4.364 Thread 0x000000000861e000 1556       3       java.lang.Thread::init (212 bytes)
Event: 4.367 Thread 0x000000000861e000 nmethod 1556 0x000000000f507010 code [0x000000000f507360, 0x000000000f5091a8]
Event: 4.387 Thread 0x000000000861e000 1557       3       java.nio.CharBuffer::arrayOffset (35 bytes)
Event: 4.387 Thread 0x000000000861e000 nmethod 1557 0x000000000f50a150 code [0x000000000f50a2e0, 0x000000000f50a5d8]

GC Heap History (10 events):
Event: 0.562 GC heap before
{Heap before GC invocations=7 (full 0):
 PSYoungGen      total 5120K, used 4832K [0x0000000717180000, 0x0000000717780000, 0x00000007c0000000)
  eden space 4096K, 100% used [0x0000000717180000,0x0000000717580000,0x0000000717580000)
  from space 1024K, 71% used [0x0000000717680000,0x0000000717738010,0x0000000717780000)
  to   space 1024K, 0% used [0x0000000717580000,0x0000000717580000,0x0000000717680000)
 ParOldGen       total 518656K, used 8814K [0x00000005c5400000, 0x00000005e4e80000, 0x0000000717180000)
  object space 518656K, 1% used [0x00000005c5400000,0x00000005c5c9bbc0,0x00000005e4e80000)
 Metaspace       used 8186K, capacity 8316K, committed 8576K, reserved 1056768K
  class space    used 1045K, capacity 1099K, committed 1152K, reserved 1048576K
Event: 0.564 GC heap after
Heap after GC invocations=7 (full 0):
 PSYoungGen      total 5120K, used 997K [0x0000000717180000, 0x0000000717c80000, 0x00000007c0000000)
  eden space 4096K, 0% used [0x0000000717180000,0x0000000717180000,0x0000000717580000)
  from space 1024K, 97% used [0x0000000717580000,0x0000000717679420,0x0000000717680000)
  to   space 1536K, 0% used [0x0000000717b00000,0x0000000717b00000,0x0000000717c80000)
 ParOldGen       total 518656K, used 9127K [0x00000005c5400000, 0x00000005e4e80000, 0x0000000717180000)
  object space 518656K, 1% used [0x00000005c5400000,0x00000005c5ce9c70,0x00000005e4e80000)
 Metaspace       used 8186K, capacity 8316K, committed 8576K, reserved 1056768K
  class space    used 1045K, capacity 1099K, committed 1152K, reserved 1048576K
}
Event: 1.244 GC heap before
{Heap before GC invocations=8 (full 0):
 PSYoungGen      total 5120K, used 5093K [0x0000000717180000, 0x0000000717c80000, 0x00000007c0000000)
  eden space 4096K, 100% used [0x0000000717180000,0x0000000717580000,0x0000000717580000)
  from space 1024K, 97% used [0x0000000717580000,0x0000000717679420,0x0000000717680000)
  to   space 1536K, 0% used [0x0000000717b00000,0x0000000717b00000,0x0000000717c80000)
 ParOldGen       total 518656K, used 9127K [0x00000005c5400000, 0x00000005e4e80000, 0x0000000717180000)
  object space 518656K, 1% used [0x00000005c5400000,0x00000005c5ce9c70,0x00000005e4e80000)
 Metaspace       used 9071K, capacity 9262K, committed 9472K, reserved 1056768K
  class space    used 1168K, capacity 1220K, committed 1280K, reserved 1048576K
Event: 1.245 GC heap after
Heap after GC invocations=8 (full 0):
 PSYoungGen      total 9728K, used 1256K [0x0000000717180000, 0x0000000717c80000, 0x00000007c0000000)
  eden space 8192K, 0% used [0x0000000717180000,0x0000000717180000,0x0000000717980000)
  from space 1536K, 81% used [0x0000000717b00000,0x0000000717c3a238,0x0000000717c80000)
  to   space 1536K, 0% used [0x0000000717980000,0x0000000717980000,0x0000000717b00000)
 ParOldGen       total 518656K, used 9247K [0x00000005c5400000, 0x00000005e4e80000, 0x0000000717180000)
  object space 518656K, 1% used [0x00000005c5400000,0x00000005c5d07c70,0x00000005e4e80000)
 Metaspace       used 9071K, capacity 9262K, committed 9472K, reserved 1056768K
  class space    used 1168K, capacity 1220K, committed 1280K, reserved 1048576K
}
Event: 1.398 GC heap before
{Heap before GC invocations=9 (full 0):
 PSYoungGen      total 9728K, used 9448K [0x0000000717180000, 0x0000000717c80000, 0x00000007c0000000)
  eden space 8192K, 100% used [0x0000000717180000,0x0000000717980000,0x0000000717980000)
  from space 1536K, 81% used [0x0000000717b00000,0x0000000717c3a238,0x0000000717c80000)
  to   space 1536K, 0% used [0x0000000717980000,0x0000000717980000,0x0000000717b00000)
 ParOldGen       total 518656K, used 9247K [0x00000005c5400000, 0x00000005e4e80000, 0x0000000717180000)
  object space 518656K, 1% used [0x00000005c5400000,0x00000005c5d07c70,0x00000005e4e80000)
 Metaspace       used 11683K, capacity 11946K, committed 12160K, reserved 1060864K
  class space    used 1559K, capacity 1653K, committed 1664K, reserved 1048576K
Event: 1.401 GC heap after
Heap after GC invocations=9 (full 0):
 PSYoungGen      total 9728K, used 1520K [0x0000000717180000, 0x0000000718380000, 0x00000007c0000000)
  eden space 8192K, 0% used [0x0000000717180000,0x0000000717180000,0x0000000717980000)
  from space 1536K, 98% used [0x0000000717980000,0x0000000717afc050,0x0000000717b00000)
  to   space 2560K, 0% used [0x0000000718100000,0x0000000718100000,0x0000000718380000)
 ParOldGen       total 518656K, used 10568K [0x00000005c5400000, 0x00000005e4e80000, 0x0000000717180000)
  object space 518656K, 2% used [0x00000005c5400000,0x00000005c5e52200,0x00000005e4e80000)
 Metaspace       used 11683K, capacity 11946K, committed 12160K, reserved 1060864K
  class space    used 1559K, capacity 1653K, committed 1664K, reserved 1048576K
}
Event: 1.644 GC heap before
{Heap before GC invocations=10 (full 0):
 PSYoungGen      total 9728K, used 9266K [0x0000000717180000, 0x0000000718380000, 0x00000007c0000000)
  eden space 8192K, 94% used [0x0000000717180000,0x00000007179109c0,0x0000000717980000)
  from space 1536K, 98% used [0x0000000717980000,0x0000000717afc050,0x0000000717b00000)
  to   space 2560K, 0% used [0x0000000718100000,0x0000000718100000,0x0000000718380000)
 ParOldGen       total 518656K, used 10568K [0x00000005c5400000, 0x00000005e4e80000, 0x0000000717180000)
  object space 518656K, 2% used [0x00000005c5400000,0x00000005c5e52200,0x00000005e4e80000)
 Metaspace       used 14885K, capacity 15198K, committed 15488K, reserved 1062912K
  class space    used 2055K, capacity 2137K, committed 2176K, reserved 1048576K
Event: 1.647 GC heap after
Heap after GC invocations=10 (full 0):
 PSYoungGen      total 15872K, used 1936K [0x0000000717180000, 0x0000000718380000, 0x00000007c0000000)
  eden space 13312K, 0% used [0x0000000717180000,0x0000000717180000,0x0000000717e80000)
  from space 2560K, 75% used [0x0000000718100000,0x00000007182e4050,0x0000000718380000)
  to   space 2560K, 0% used [0x0000000717e80000,0x0000000717e80000,0x0000000718100000)
 ParOldGen       total 518656K, used 11012K [0x00000005c5400000, 0x00000005e4e80000, 0x0000000717180000)
  object space 518656K, 2% used [0x00000005c5400000,0x00000005c5ec1250,0x00000005e4e80000)
 Metaspace       used 14885K, capacity 15198K, committed 15488K, reserved 1062912K
  class space    used 2055K, capacity 2137K, committed 2176K, reserved 1048576K
}
Event: 2.856 GC heap before
{Heap before GC invocations=11 (full 0):
 PSYoungGen      total 15872K, used 15248K [0x0000000717180000, 0x0000000718380000, 0x00000007c0000000)
  eden space 13312K, 100% used [0x0000000717180000,0x0000000717e80000,0x0000000717e80000)
  from space 2560K, 75% used [0x0000000718100000,0x00000007182e4050,0x0000000718380000)
  to   space 2560K, 0% used [0x0000000717e80000,0x0000000717e80000,0x0000000718100000)
 ParOldGen       total 518656K, used 11012K [0x00000005c5400000, 0x00000005e4e80000, 0x0000000717180000)
  object space 518656K, 2% used [0x00000005c5400000,0x00000005c5ec1250,0x00000005e4e80000)
 Metaspace       used 15224K, capacity 15542K, committed 15872K, reserved 1062912K
  class space    used 2093K, capacity 2179K, committed 2304K, reserved 1048576K
Event: 2.859 GC heap after
Heap after GC invocations=11 (full 0):
 PSYoungGen      total 15872K, used 2400K [0x0000000717180000, 0x0000000718c80000, 0x00000007c0000000)
  eden space 13312K, 0% used [0x0000000717180000,0x0000000717180000,0x0000000717e80000)
  from space 2560K, 93% used [0x0000000717e80000,0x00000007180d8010,0x0000000718100000)
  to   space 3072K, 0% used [0x0000000718980000,0x0000000718980000,0x0000000718c80000)
 ParOldGen       total 518656K, used 14795K [0x00000005c5400000, 0x00000005e4e80000, 0x0000000717180000)
  object space 518656K, 2% used [0x00000005c5400000,0x00000005c6272c98,0x00000005e4e80000)
 Metaspace       used 15224K, capacity 15542K, committed 15872K, reserved 1062912K
  class space    used 2093K, capacity 2179K, committed 2304K, reserved 1048576K
}

Deoptimization events (10 events):
Event: 1.364 Thread 0x0000000008840800 Uncommon trap: reason=unreached action=reinterpret pc=0x000000000f282b64 method=java.util.HashMap.getNode(ILjava/lang/Object;)Ljava/util/HashMap$Node; @ 84
Event: 1.364 Thread 0x0000000008840800 Uncommon trap: reason=unreached action=reinterpret pc=0x000000000f284b88 method=java.util.HashMap.getNode(ILjava/lang/Object;)Ljava/util/HashMap$Node; @ 84
Event: 1.477 Thread 0x0000000008840800 Uncommon trap: reason=class_check action=maybe_recompile pc=0x000000000f30f6b8 method=java.io.DataInputStream.readShort()S @ 4
Event: 1.477 Thread 0x0000000008840800 Uncommon trap: reason=class_check action=maybe_recompile pc=0x000000000f30f6b8 method=java.io.DataInputStream.readShort()S @ 4
Event: 1.478 Thread 0x0000000008840800 Uncommon trap: reason=class_check action=maybe_recompile pc=0x000000000f30f6b8 method=java.io.DataInputStream.readShort()S @ 4
Event: 1.478 Thread 0x0000000008840800 Uncommon trap: reason=class_check action=maybe_recompile pc=0x000000000f30f6b8 method=java.io.DataInputStream.readShort()S @ 4
Event: 1.482 Thread 0x0000000008840800 Uncommon trap: reason=class_check action=maybe_recompile pc=0x000000000f136a14 method=java.lang.String.equals(Ljava/lang/Object;)Z @ 8
Event: 1.482 Thread 0x0000000008840800 Uncommon trap: reason=class_check action=maybe_recompile pc=0x000000000f136a14 method=java.lang.String.equals(Ljava/lang/Object;)Z @ 8
Event: 1.493 Thread 0x0000000008840800 Uncommon trap: reason=class_check action=maybe_recompile pc=0x000000000f136a14 method=java.lang.String.equals(Ljava/lang/Object;)Z @ 8
Event: 1.493 Thread 0x0000000008840800 Uncommon trap: reason=class_check action=maybe_recompile pc=0x000000000f136a14 method=java.lang.String.equals(Ljava/lang/Object;)Z @ 8

Internal exceptions (10 events):
Event: 1.583 Thread 0x0000000008841800 Exception <a 'java/security/PrivilegedActionException'> (0x00000007178a3a10) thrown at [D:\re\workspace\8-2-build-windows-amd64-cygwin\jdk8u5\2488\hotspot\src\share\vm\prims\jvm.cpp, line 1248]
Event: 1.585 Thread 0x0000000008841800 Exception <a 'java/security/PrivilegedActionException'> (0x00000007178bf118) thrown at [D:\re\workspace\8-2-build-windows-amd64-cygwin\jdk8u5\2488\hotspot\src\share\vm\prims\jvm.cpp, line 1248]
Event: 1.674 Thread 0x0000000008841800 Exception <a 'java/security/PrivilegedActionException'> (0x000000071747ed70) thrown at [D:\re\workspace\8-2-build-windows-amd64-cygwin\jdk8u5\2488\hotspot\src\share\vm\prims\jvm.cpp, line 1248]
Event: 1.675 Thread 0x0000000008841800 Exception <a 'java/security/PrivilegedActionException'> (0x00000007174a8c70) thrown at [D:\re\workspace\8-2-build-windows-amd64-cygwin\jdk8u5\2488\hotspot\src\share\vm\prims\jvm.cpp, line 1248]
Event: 1.710 Thread 0x0000000008841800 Exception <a 'java/security/PrivilegedActionException'> (0x00000007174d5730) thrown at [D:\re\workspace\8-2-build-windows-amd64-cygwin\jdk8u5\2488\hotspot\src\share\vm\prims\jvm.cpp, line 1248]
Event: 1.716 Thread 0x0000000008841800 Exception <a 'java/security/PrivilegedActionException'> (0x000000071752c7c0) thrown at [D:\re\workspace\8-2-build-windows-amd64-cygwin\jdk8u5\2488\hotspot\src\share\vm\prims\jvm.cpp, line 1248]
Event: 1.764 Thread 0x0000000008841800 Exception <a 'java/security/PrivilegedActionException'> (0x000000071776fbf0) thrown at [D:\re\workspace\8-2-build-windows-amd64-cygwin\jdk8u5\2488\hotspot\src\share\vm\prims\jvm.cpp, line 1248]
Event: 1.798 Thread 0x0000000008841800 Exception <a 'java/security/PrivilegedActionException'> (0x00000007177a12f0) thrown at [D:\re\workspace\8-2-build-windows-amd64-cygwin\jdk8u5\2488\hotspot\src\share\vm\prims\jvm.cpp, line 1248]
Event: 1.988 Thread 0x0000000008841800 Exception <a 'java/security/PrivilegedActionException'> (0x0000000717864ec0) thrown at [D:\re\workspace\8-2-build-windows-amd64-cygwin\jdk8u5\2488\hotspot\src\share\vm\prims\jvm.cpp, line 1248]
Event: 1.989 Thread 0x0000000008841800 Exception <a 'java/security/PrivilegedActionException'> (0x000000071787b300) thrown at [D:\re\workspace\8-2-build-windows-amd64-cygwin\jdk8u5\2488\hotspot\src\share\vm\prims\jvm.cpp, line 1248]

Events (10 events):
Event: 4.358 Thread 0x0000000008841800 Thread exited: 0x0000000008841800
Event: 4.358 Thread 0x0000000008841800 Thread added: 0x0000000008841800
Event: 4.358 Thread 0x0000000008841800 Thread exited: 0x0000000008841800
Event: 4.383 Thread 0x0000000008841800 Thread added: 0x0000000008841800
Event: 4.383 Thread 0x0000000008841800 Thread exited: 0x0000000008841800
Event: 4.383 Thread 0x0000000008842000 Thread exited: 0x0000000008842000
Event: 4.386 loading class com/sun/javafx/tk/quantum/QuantumRenderer$4
Event: 4.386 loading class com/sun/javafx/tk/quantum/QuantumRenderer$4 done
Event: 4.387 loading class java/util/Formattable
Event: 4.387 loading class java/util/Formattable done


Dynamic libraries:
0x00007ff6f2320000 - 0x00007ff6f2354000 	C:\Program Files\Java\jdk1.8.0_05\jre\bin\java.exe
0x00007ffa51750000 - 0x00007ffa518fc000 	C:\WINDOWS\SYSTEM32\ntdll.dll
0x00007ffa4f7a0000 - 0x00007ffa4f8de000 	C:\WINDOWS\system32\KERNEL32.DLL
0x00007ffa4e9d0000 - 0x00007ffa4eae5000 	C:\WINDOWS\system32\KERNELBASE.dll
0x00007ffa4d3d0000 - 0x00007ffa4d45e000 	C:\WINDOWS\system32\apphelp.dll
0x00007ffa43990000 - 0x00007ffa439e3000 	C:\WINDOWS\AppPatch\AppPatch64\AcGenral.DLL
0x00007ffa4edd0000 - 0x00007ffa4ee7a000 	C:\WINDOWS\system32\msvcrt.dll
0x00007ffa4e620000 - 0x00007ffa4e64e000 	C:\WINDOWS\SYSTEM32\SspiCli.dll
0x00007ffa516f0000 - 0x00007ffa51744000 	C:\WINDOWS\system32\SHLWAPI.dll
0x00007ffa51570000 - 0x00007ffa516e7000 	C:\WINDOWS\system32\USER32.dll
0x00007ffa513d0000 - 0x00007ffa51564000 	C:\WINDOWS\system32\ole32.dll
0x00007ffa4f950000 - 0x00007ffa50e68000 	C:\WINDOWS\system32\SHELL32.dll
0x00007ffa4ddf0000 - 0x00007ffa4de11000 	C:\WINDOWS\SYSTEM32\USERENV.dll
0x00007ffa4f500000 - 0x00007ffa4f5aa000 	C:\WINDOWS\system32\ADVAPI32.dll
0x00007ffa41320000 - 0x00007ffa4133e000 	C:\WINDOWS\SYSTEM32\MPR.dll
0x00007ffa4ee90000 - 0x00007ffa4efd1000 	C:\WINDOWS\system32\RPCRT4.dll
0x00007ffa51210000 - 0x00007ffa51269000 	C:\WINDOWS\SYSTEM32\sechost.dll
0x00007ffa4f0c0000 - 0x00007ffa4f2d1000 	C:\WINDOWS\SYSTEM32\combase.dll
0x00007ffa51270000 - 0x00007ffa513c1000 	C:\WINDOWS\system32\GDI32.dll
0x00007ffa4e8a0000 - 0x00007ffa4e8b5000 	C:\WINDOWS\SYSTEM32\profapi.dll
0x00007ffa4d310000 - 0x00007ffa4d3c2000 	C:\WINDOWS\SYSTEM32\SHCORE.dll
0x00007ffa511d0000 - 0x00007ffa51206000 	C:\WINDOWS\system32\IMM32.DLL
0x00007ffa51070000 - 0x00007ffa511c2000 	C:\WINDOWS\system32\MSCTF.dll
0x00007ffa4c620000 - 0x00007ffa4c651000 	C:\Windows\system32\nvinitx.dll
0x00007ffa4e840000 - 0x00007ffa4e84a000 	C:\WINDOWS\SYSTEM32\VERSION.dll
0x000000000f000000 - 0x000000000f006000 	C:\Program Files\NVIDIA Corporation\CoProcManager\_etoured.dll
0x00007ffa4c5e0000 - 0x00007ffa4c611000 	C:\Program Files\NVIDIA Corporation\CoProcManager\nvd3d9wrapx.dll
0x00007ffa50e80000 - 0x00007ffa5105a000 	C:\WINDOWS\system32\SETUPAPI.dll
0x00007ffa4eaf0000 - 0x00007ffa4eb3f000 	C:\WINDOWS\system32\CFGMGR32.dll
0x00007ffa4c5b0000 - 0x00007ffa4c5d2000 	C:\Program Files\NVIDIA Corporation\CoProcManager\nvdxgiwrapx.dll
0x00007ffa4c8e0000 - 0x00007ffa4cb5a000 	C:\WINDOWS\WinSxS\amd64_microsoft.windows.common-controls_6595b64144ccf1df_6.0.9600.17810_none_6240b9c7ecbd0bda\COMCTL32.dll
0x00000000606f0000 - 0x00000000607c2000 	C:\Program Files\Java\jdk1.8.0_05\jre\bin\msvcr100.dll
0x00000000607d0000 - 0x0000000060ffa000 	C:\Program Files\Java\jdk1.8.0_05\jre\bin\server\jvm.dll
0x00007ffa2e160000 - 0x00007ffa2e169000 	C:\WINDOWS\SYSTEM32\WSOCK32.dll
0x00007ffa4c480000 - 0x00007ffa4c4a2000 	C:\WINDOWS\SYSTEM32\WINMM.dll
0x00007ffa50e70000 - 0x00007ffa50e77000 	C:\WINDOWS\system32\PSAPI.DLL
0x00007ffa4f5b0000 - 0x00007ffa4f60a000 	C:\WINDOWS\system32\WS2_32.dll
0x00007ffa4c290000 - 0x00007ffa4c2ba000 	C:\WINDOWS\SYSTEM32\WINMMBASE.dll
0x00007ffa4f2e0000 - 0x00007ffa4f2e9000 	C:\WINDOWS\system32\NSI.dll
0x00007ffa4d670000 - 0x00007ffa4d698000 	C:\WINDOWS\SYSTEM32\DEVOBJ.dll
0x0000000063250000 - 0x000000006325f000 	C:\Program Files\Java\jdk1.8.0_05\jre\bin\verify.dll
0x0000000060680000 - 0x00000000606a8000 	C:\Program Files\Java\jdk1.8.0_05\jre\bin\java.dll
0x0000000060660000 - 0x0000000060676000 	C:\Program Files\Java\jdk1.8.0_05\jre\bin\zip.dll
0x0000000060320000 - 0x000000006034b000 	C:\Program Files\Java\jdk1.8.0_05\jre\bin\prism_d3d.dll
0x00007ffa453c0000 - 0x00007ffa455e1000 	C:\WINDOWS\system32\d3d9.dll
0x00007ffa4cba0000 - 0x00007ffa4cbc1000 	C:\WINDOWS\SYSTEM32\dwmapi.dll
0x00000000092f0000 - 0x0000000009341000 	C:\WINDOWS\system32\WINTRUST.dll
0x00007ffa4eb40000 - 0x00007ffa4ed1f000 	C:\WINDOWS\system32\CRYPT32.dll
0x00007ffa4e950000 - 0x00007ffa4e961000 	C:\WINDOWS\system32\MSASN1.dll
0x00007ffa4d4c0000 - 0x00007ffa4d5e9000 	C:\WINDOWS\system32\uxtheme.dll
0x00007ffa414c0000 - 0x00007ffa415d6000 	C:\WINDOWS\SYSTEM32\nvumdshimx.dll
0x00007ffa23660000 - 0x00007ffa240d0000 	C:\WINDOWS\system32\igdumdim64.dll
0x00007ffa49670000 - 0x00007ffa49ad2000 	C:\WINDOWS\SYSTEM32\igdusc64.dll
0x00000000602e0000 - 0x000000006031f000 	C:\Program Files\Java\jdk1.8.0_05\jre\bin\glass.dll
0x00007ffa4f610000 - 0x00007ffa4f6c6000 	C:\WINDOWS\system32\COMDLG32.dll
0x00007ffa4f6d0000 - 0x00007ffa4f791000 	C:\WINDOWS\system32\OLEAUT32.dll
0x0000000070fc0000 - 0x0000000070fcd000 	C:\Program Files (x86)\WinSplit Revolution\WinSplitHook64.DLL
0x00007ffa4d640000 - 0x00007ffa4d64b000 	C:\WINDOWS\SYSTEM32\kernel.appcore.dll
0x00007ffa4e7c0000 - 0x00007ffa4e7cb000 	C:\WINDOWS\SYSTEM32\CRYPTBASE.dll
0x00007ffa4e650000 - 0x00007ffa4e6b3000 	C:\WINDOWS\SYSTEM32\bcryptPrimitives.dll
0x00007ffa26e70000 - 0x00007ffa2709f000 	C:\Program Files\Acer\Acer Power Management\SysHook.dll
0x00007ffa4c470000 - 0x00007ffa4c477000 	C:\WINDOWS\SYSTEM32\MSIMG32.dll
0x00007ffa4bdd0000 - 0x00007ffa4be52000 	C:\WINDOWS\SYSTEM32\WINSPOOL.DRV
0x00007ffa4bf80000 - 0x00007ffa4c130000 	C:\WINDOWS\WinSxS\amd64_microsoft.windows.gdiplus_6595b64144ccf1df_1.1.9600.17415_none_932b3b5547500489\gdiplus.dll
0x00007ffa4bd60000 - 0x00007ffa4bdca000 	C:\WINDOWS\SYSTEM32\OLEACC.dll
0x00007ffa4e0c0000 - 0x00007ffa4e0e0000 	C:\WINDOWS\SYSTEM32\CRYPTSP.dll
0x00007ffa4dce0000 - 0x00007ffa4dd16000 	C:\WINDOWS\system32\rsaenh.dll
0x00007ffa4e310000 - 0x00007ffa4e336000 	C:\WINDOWS\SYSTEM32\bcrypt.dll
0x0000000060640000 - 0x000000006065a000 	C:\Program Files\Java\jdk1.8.0_05\jre\bin\net.dll
0x00007ffa4e060000 - 0x00007ffa4e0b9000 	C:\WINDOWS\system32\mswsock.dll
0x00007ffa488d0000 - 0x00007ffa488fa000 	C:\WINDOWS\SYSTEM32\IPHLPAPI.DLL
0x00007ffa488b0000 - 0x00007ffa488ba000 	C:\WINDOWS\SYSTEM32\WINNSI.DLL
0x00007ffa48420000 - 0x00007ffa48436000 	C:\WINDOWS\SYSTEM32\dhcpcsvc6.DLL
0x00007ffa48570000 - 0x00007ffa4858a000 	C:\WINDOWS\SYSTEM32\dhcpcsvc.DLL
0x0000000060620000 - 0x0000000060631000 	C:\Program Files\Java\jdk1.8.0_05\jre\bin\nio.dll
0x00007ffa43910000 - 0x00007ffa43947000 	C:\Users\kristof\AppData\Local\Temp\jna-kristof\jna1835404511885327471.dll
0x00000000602b0000 - 0x00000000602dd000 	C:\Program Files\VideoLAN\VLC\libvlc.dll
0x0000000060000000 - 0x00000000602ac000 	C:\Program Files\VideoLAN\VLC\libvlccore.dll
0x000000005ffe0000 - 0x000000005fff4000 	C:\Program Files\VideoLAN\VLC\plugins\audio_output\libdirectsound_plugin.dll
0x000000005ffc0000 - 0x000000005ffd3000 	C:\Program Files\VideoLAN\VLC\plugins\audio_output\libwaveout_plugin.dll
0x000000005fe40000 - 0x000000005ffb4000 	C:\Program Files\VideoLAN\VLC\plugins\misc\libxml_plugin.dll
0x000000005fe20000 - 0x000000005fe3f000 	C:\Program Files\VideoLAN\VLC\plugins\video_output\libdirect3d_plugin.dll
0x000000005fe00000 - 0x000000005fe1d000 	C:\Program Files\VideoLAN\VLC\plugins\video_output\libdirectdraw_plugin.dll
0x00007ffa2fc40000 - 0x00007ffa2fcdd000 	C:\WINDOWS\SYSTEM32\DSOUND.DLL
0x00007ffa4e7f0000 - 0x00007ffa4e836000 	C:\WINDOWS\SYSTEM32\POWRPROF.dll
0x00007ffa4efe0000 - 0x00007ffa4f096000 	C:\WINDOWS\SYSTEM32\clbcatq.dll
0x00007ffa4bf10000 - 0x00007ffa4bf80000 	C:\WINDOWS\System32\MMDevApi.dll
0x00007ffa4b560000 - 0x00007ffa4b70e000 	C:\WINDOWS\SYSTEM32\WindowsCodecs.dll
0x00007ffa493c0000 - 0x00007ffa493ee000 	C:\Program Files\Common Files\Microsoft Shared\Ink\rtscom.dll
0x000000005fde0000 - 0x000000005fdf3000 	C:\Program Files\Java\jdk1.8.0_05\jre\bin\javafx_font.dll
0x00007ffa4ae70000 - 0x00007ffa4b05d000 	C:\WINDOWS\SYSTEM32\dwrite.dll
0x000000005fb70000 - 0x000000005fdd8000 	C:\Program Files\VideoLAN\VLC\plugins\access\liblibbluray_plugin.dll
0x000000005fb40000 - 0x000000005fb66000 	C:\Program Files\VideoLAN\VLC\plugins\access\libaccess_bd_plugin.dll
0x000000005faf0000 - 0x000000005fb3b000 	C:\Program Files\VideoLAN\VLC\plugins\access\libdvdnav_plugin.dll
0x000000005fad0000 - 0x000000005faef000 	C:\Program Files\VideoLAN\VLC\plugins\access\libvdr_plugin.dll
0x000000005fab0000 - 0x000000005fac8000 	C:\Program Files\VideoLAN\VLC\plugins\access\libfilesystem_plugin.dll
0x000000005fa90000 - 0x000000005faab000 	C:\Program Files\VideoLAN\VLC\plugins\stream_filter\libsmooth_plugin.dll
0x000000005f9e0000 - 0x000000005fa8e000 	C:\Program Files\VideoLAN\VLC\plugins\stream_filter\libhttplive_plugin.dll
0x000000005f9b0000 - 0x000000005f9db000 	C:\Program Files\VideoLAN\VLC\plugins\access\libzip_plugin.dll
0x000000005f990000 - 0x000000005f9a6000 	C:\Program Files\VideoLAN\VLC\plugins\access\librar_plugin.dll
0x000000005f980000 - 0x000000005f98f000 	C:\Program Files\VideoLAN\VLC\plugins\stream_filter\librecord_plugin.dll
0x000000005f930000 - 0x000000005f972000 	C:\Program Files\VideoLAN\VLC\plugins\demux\libmp4_plugin.dll
0x000000005f910000 - 0x000000005f921000 	C:\Program Files\Java\jdk1.8.0_05\jre\bin\prism_common.dll
0x000000005f8b0000 - 0x000000005f909000 	C:\Program Files\VideoLAN\VLC\plugins\codec\libjpeg_plugin.dll
0x000000005f890000 - 0x000000005f8a1000 	C:\Program Files\VideoLAN\VLC\plugins\codec\libcdg_plugin.dll
0x000000005f830000 - 0x000000005f88e000 	C:\Program Files\VideoLAN\VLC\plugins\codec\libpng_plugin.dll
0x000000005f6b0000 - 0x000000005f82b000 	C:\Program Files\VideoLAN\VLC\plugins\codec\libschroedinger_plugin.dll
0x000000005f5d0000 - 0x000000005f6a5000 	C:\Program Files\VideoLAN\VLC\plugins\codec\libvorbis_plugin.dll
0x000000005f570000 - 0x000000005f5ca000 	C:\Program Files\VideoLAN\VLC\plugins\codec\libtheora_plugin.dll
0x000000005f550000 - 0x000000005f561000 	C:\Program Files\VideoLAN\VLC\plugins\codec\libdts_plugin.dll
0x000000005f530000 - 0x000000005f545000 	C:\Program Files\VideoLAN\VLC\plugins\codec\libaraw_plugin.dll
0x000000005f510000 - 0x000000005f527000 	C:\Program Files\VideoLAN\VLC\plugins\codec\libsubstx3g_plugin.dll
0x000000005f490000 - 0x000000005f504000 	C:\Program Files\VideoLAN\VLC\plugins\codec\libflac_plugin.dll
0x000000005f470000 - 0x000000005f483000 	C:\Program Files\VideoLAN\VLC\plugins\codec\libg711_plugin.dll
0x000000005f460000 - 0x000000005f470000 	C:\Program Files\VideoLAN\VLC\plugins\codec\libaes3_plugin.dll
0x000000005f420000 - 0x000000005f459000 	C:\Program Files\VideoLAN\VLC\plugins\codec\libspeex_plugin.dll
0x000000005f250000 - 0x000000005f415000 	C:\Program Files\VideoLAN\VLC\plugins\codec\liblibass_plugin.dll
0x000000005f1e0000 - 0x000000005f24f000 	C:\Program Files\VideoLAN\VLC\plugins\codec\libfaad_plugin.dll
0x000000005f1c0000 - 0x000000005f1d1000 	C:\Program Files\VideoLAN\VLC\plugins\codec\liba52_plugin.dll
0x000000005f1b0000 - 0x000000005f1c0000 	C:\Program Files\VideoLAN\VLC\plugins\codec\libmpeg_audio_plugin.dll
0x000000005f190000 - 0x000000005f1a1000 	C:\Program Files\VideoLAN\VLC\plugins\codec\liblpcm_plugin.dll
0x000000005f110000 - 0x000000005f188000 	C:\Program Files\VideoLAN\VLC\plugins\codec\libopus_plugin.dll
0x000000005f0e0000 - 0x000000005f109000 	C:\Program Files\VideoLAN\VLC\plugins\codec\libdvbsub_plugin.dll
0x000000005f0c0000 - 0x000000005f0d1000 	C:\Program Files\VideoLAN\VLC\plugins\codec\libspudec_plugin.dll
0x000000005dc20000 - 0x000000005f0bf000 	C:\Program Files\VideoLAN\VLC\plugins\codec\libavcodec_plugin.dll
0x000000005dbc0000 - 0x000000005dc1c000 	C:\Program Files\VideoLAN\VLC\plugins\lua\liblua_plugin.dll
0x000000005dad0000 - 0x000000005dbb3000 	C:\Program Files\VideoLAN\VLC\plugins\text_renderer\libfreetype_plugin.dll
0x00007ffa420e0000 - 0x00007ffa4215e000 	C:\WINDOWS\SYSTEM32\AUDIOSES.DLL

VM Arguments:
jvm_args: -Dfile.encoding=UTF-8 
java_command: C:\Users\kristof\Documents\NetBeansProjects\VLCPlayer\dist\run1663509373\VLCPlayer.jar
java_class_path (initial): C:\Users\kristof\Documents\NetBeansProjects\VLCPlayer\dist\run1663509373\VLCPlayer.jar
Launcher Type: SUN_STANDARD

Environment Variables:
CLASSPATH=.;C:\Program Files (x86)\Java\jre7\lib\ext\QTJava.zip
PATH=C:\ProgramData\Oracle\Java\javapath;C:\Program Files (x86)\Common Files\Intel\Shared Libraries\redist\intel64\compiler;C:\Program Files (x86)\Common Files\Intel\Shared Libraries\redist\ia32\compiler;C:\Program Files (x86)\Haskell\bin;C:\Program Files (x86)\Haskell Platform\2013.2.0.0\lib\extralibs\bin;C:\Program Files (x86)\Haskell Platform\2013.2.0.0\bin;C:\Program Files (x86)\Intel\iCLS Client\;C:\Program Files\Intel\iCLS Client\;C:\Windows\system32;C:\Windows;C:\Windows\System32\Wbem;C:\Windows\System32\WindowsPowerShell\v1.0\;C:\Program Files (x86)\Intel\OpenCL SDK\3.0\bin\x86;C:\Program Files (x86)\Intel\OpenCL SDK\3.0\bin\x64;C:\Program Files (x86)\QuickTime\QTSystem\;C:\Program Files (x86)\Haskell Platform\2013.2.0.0\mingw\bin;C:\Program Files (x86)\MiKTeX 2.9\miktex\bin\;D:\strawberry\c\bin;D:\strawberry\perl\site\bin;D:\strawberry\perl\bin;C:\Program Files\Microsoft SQL Server\110\Tools\Binn\;C:\WINDOWS\system32;C:\WINDOWS;C:\WINDOWS\System32\Wbem;C:\WINDOWS\System32\WindowsPowerShell\v1.0\;C:\Program Files\Microsoft\Web Platform Installer\;D:\matlab\R2014b\runtime\win64;D:\matlab\R2014b\bin;D:\matlab\R2014b\polyspace\bin;C:\Program Files (x86)\Skype\Phone\;C:\Program Files\Intel\Intel(R) Management Engine Components\DAL;C:\Program Files\Intel\Intel(R) Management Engine Components\IPT;C:\Program Files (x86)\Intel\Intel(R) Management Engine Components\DAL;C:\Program Files (x86)\Intel\Intel(R) Management Engine Components\IPT;C:\Program Files (x86)\Windows Kits\8.1\Windows Performance Toolkit\;C:\Program Files (x86)\Microsoft SDKs\TypeScript\1.0\;C:\Program Files\Microsoft SQL Server\120\Tools\Binn\;C:\Program Files (x86)\NVIDIA Corporation\PhysX\Common;C:\Users\kristof\AppData\Roaming\cabal\bin
USERNAME=kristof
OS=Windows_NT
PROCESSOR_IDENTIFIER=Intel64 Family 6 Model 60 Stepping 3, GenuineIntel



---------------  S Y S T E M  ---------------

OS: Windows 8.1 , 64 bit Build 9600 

CPU:total 8 (4 cores per cpu, 2 threads per core) family 6 model 60 stepping 3, cmov, cx8, fxsr, mmx, sse, sse2, sse3, ssse3, sse4.1, sse4.2, popcnt, avx, avx2, aes, clmul, erms, ht, tsc, tscinvbit

Memory: 4k page, physical 33202460k(27548792k free), swap 38183196k(31288560k free)

vm_info: Java HotSpot(TM) 64-Bit Server VM (25.5-b02) for windows-amd64 JRE (1.8.0_05-b13), built on Mar 18 2014 01:08:39 by "java_re" with MS VC++ 10.0 (VS2010)

time: Sat Jul 11 23:01:01 2015
elapsed time: 4 seconds

