#
# A fatal error has been detected by the Java Runtime Environment:
#
#  EXCEPTION_ACCESS_VIOLATION (0xc0000005) at pc=0x00007ffa5178d85e, pid=7500, tid=8140
#
# JRE version: Java(TM) SE Runtime Environment (8.0_05-b13) (build 1.8.0_05-b13)
# Java VM: Java HotSpot(TM) 64-Bit Server VM (25.5-b02 mixed mode windows-amd64 compressed oops)
# Problematic frame:
# C  [ntdll.dll+0x3d85e]
#
# Failed to write core dump. Minidumps are not enabled by default on client versions of Windows
#
# If you would like to submit a bug report, please visit:
#   http://bugreport.sun.com/bugreport/crash.jsp
# The crash happened outside the Java Virtual Machine in native code.
# See problematic frame for where to report the bug.
#

---------------  T H R E A D  ---------------

Current thread (0x0000000008d27800):  JavaThread "JavaFX Application Thread" [_thread_in_native, id=8140, stack(0x0000000009ae0000,0x0000000009be0000)]

siginfo: ExceptionCode=0xc0000005, writing address 0x0000000000000024

Registers:
RAX=0x0000000000000000, RBX=0x000000000bf162e8, RCX=0x00000000fffffffc, RDX=0x00000000000005a4
RSP=0x0000000009bdcbc0, RBP=0x00007ff6f1f0a000, RSI=0x00000000000005a4, RDI=0x0000000000000000
R8 =0xffffffffffffffff, R9 =0x00007ff6f1f0a000, R10=0x0000000000000000, R11=0x0000000000000246
R12=0x0000000000000000, R13=0x0000000000000000, R14=0x0000000000000000, R15=0x0000000000000000
RIP=0x00007ffa5178d85e, EFLAGS=0x0000000000010213

Top of Stack: (sp=0x0000000009bdcbc0)
0x0000000009bdcbc0:   00000000000005a4 0000000060edbc52
0x0000000009bdcbd0:   0000000008d27800 000000000000001f
0x0000000009bdcbe0:   0000000008d27800 0000000060d51a9d
0x0000000009bdcbf0:   0000000006aefa70 0000000006616cf0
0x0000000009bdcc00:   0000000000000000 00000007c001d098
0x0000000009bdcc10:   0000000002a16080 0000000000000000
0x0000000009bdcc20:   0000000008d27800 0000000060dc5221
0x0000000009bdcc30:   00000007c001d098 0000000009bdd360
0x0000000009bdcc40:   0000f094b9928ab5 0000000009bdd360
0x0000000009bdcc50:   0000000000000004 0000000000000001
0x0000000009bdcc60:   00000005c5e10460 000000007ffe0372
0x0000000009bdcc70:   0000000000000000 0000000000000000
0x0000000009bdcc80:   00007ff6f1f0a000 00007ffa5178b254
0x0000000009bdcc90:   00000007c0002678 00007ffa434afc42
0x0000000009bdcca0:   000000000bf162e8 0000000009bdd3c0
0x0000000009bdccb0:   0000000000000000 0000000717c63a40 

Instructions: (pc=0x00007ffa5178d85e)
0x00007ffa5178d83e:   a8 01 0f 85 e0 00 00 00 8b c8 41 2b ce f0 0f b1
0x00007ffa5178d84e:   4b 08 75 e9 48 8b 03 45 33 f6 48 83 f8 ff 74 03
0x00007ffa5178d85e:   ff 40 24 41 bf 82 03 fe 7f 41 8a 0f 84 c9 0f 85
0x00007ffa5178d86e:   a0 fa 06 00 48 83 fe ff 0f 84 f5 fa 06 00 4c 8b 


Register to memory mapping:

RAX=0x0000000000000000 is an unknown value
RBX=0x000000000bf162e8 is an unknown value
RCX=0x00000000fffffffc is an unknown value
RDX=0x00000000000005a4 is an unknown value
RSP=0x0000000009bdcbc0 is pointing into the stack for thread: 0x0000000008d27800
RBP=0x00007ff6f1f0a000 is an unknown value
RSI=0x00000000000005a4 is an unknown value
RDI=0x0000000000000000 is an unknown value
R8 =0xffffffffffffffff is an unknown value
R9 =0x00007ff6f1f0a000 is an unknown value
R10=0x0000000000000000 is an unknown value
R11=0x0000000000000246 is an unknown value
R12=0x0000000000000000 is an unknown value
R13=0x0000000000000000 is an unknown value
R14=0x0000000000000000 is an unknown value
R15=0x0000000000000000 is an unknown value


Stack: [0x0000000009ae0000,0x0000000009be0000],  sp=0x0000000009bdcbc0,  free space=1010k
Native frames: (J=compiled Java code, j=interpreted, Vv=VM code, C=native code)
C  [ntdll.dll+0x3d85e]
C  [ntdll.dll+0x3b254]
C  [libvlc.dll+0xe2a5]
C  [jna3422391173225837193.dll+0x176f3]
C  [jna3422391173225837193.dll+0xffe7]
C  [jna3422391173225837193.dll+0x3d1a]
C  [jna3422391173225837193.dll+0x4e97]
C  0x000000000f4844e3

Java frames: (J=compiled Java code, j=interpreted, Vv=VM code)
J 1370  com.sun.jna.Native.invokeLong(JI[Ljava/lang/Object;)J (0 bytes) @ 0x000000000f48445d [0x000000000f484400+0x5d]
J 1427 C1 com.sun.jna.Function.invoke([Ljava/lang/Object;Ljava/lang/Class;Z)Ljava/lang/Object; (1149 bytes) @ 0x000000000f4bb5c4 [0x000000000f4b4be0+0x69e4]
J 1299 C1 com.sun.jna.Function.invoke(Ljava/lang/Class;[Ljava/lang/Object;Ljava/util/Map;)Ljava/lang/Object; (526 bytes) @ 0x000000000f467a4c [0x000000000f4667a0+0x12ac]
J 1298 C1 com.sun.jna.Library$Handler.invoke(Ljava/lang/Object;Ljava/lang/reflect/Method;[Ljava/lang/Object;)Ljava/lang/Object; (345 bytes) @ 0x000000000f46f374 [0x000000000f46d140+0x2234]
J 1530 C1 com.sun.proxy.$Proxy0.libvlc_media_player_get_length(Luk/co/caprica/vlcj/binding/internal/libvlc_media_player_t;)J (39 bytes) @ 0x000000000f51718c [0x000000000f516ec0+0x2cc]
J 1529 C1 uk.co.caprica.vlcj.player.DefaultMediaPlayer.getLength()J (23 bytes) @ 0x000000000f516a04 [0x000000000f516740+0x2c4]
j  simplevlc.Controls$MovieThread.lambda$run$9()V+7
j  simplevlc.Controls$MovieThread$$Lambda$22.run()V+4
j  com.sun.javafx.application.PlatformImpl$6$1.run()Ljava/lang/Void;+7
j  com.sun.javafx.application.PlatformImpl$6$1.run()Ljava/lang/Object;+1
v  ~StubRoutines::call_stub
J 1439  java.security.AccessController.doPrivileged(Ljava/security/PrivilegedAction;Ljava/security/AccessControlContext;)Ljava/lang/Object; (0 bytes) @ 0x000000000f4e89e6 [0x000000000f4e8980+0x66]
j  com.sun.javafx.application.PlatformImpl$6.run()V+12
J 1554 C1 com.sun.glass.ui.InvokeLaterDispatcher$Future.run()V (91 bytes) @ 0x000000000f52184c [0x000000000f521740+0x10c]
v  ~StubRoutines::call_stub
j  com.sun.glass.ui.win.WinApplication._runLoop(Ljava/lang/Runnable;)V+0
j  com.sun.glass.ui.win.WinApplication.access$300(Lcom/sun/glass/ui/win/WinApplication;Ljava/lang/Runnable;)V+2
j  com.sun.glass.ui.win.WinApplication$4$1.run()V+25
j  java.lang.Thread.run()V+11
v  ~StubRoutines::call_stub

---------------  P R O C E S S  ---------------

Java Threads: ( => current thread )
  0x000000000c500800 JavaThread "Prism Font Disposer" daemon [_thread_blocked, id=4800, stack(0x000000000e750000,0x000000000e850000)]
  0x0000000008d6d000 JavaThread "Thread-3" daemon [_thread_in_native, id=5236, stack(0x000000000b370000,0x000000000b470000)]
  0x0000000008d7b000 JavaThread "JavaFX-Launcher" [_thread_blocked, id=5576, stack(0x000000000be00000,0x000000000bf00000)]
=>0x0000000008d27800 JavaThread "JavaFX Application Thread" [_thread_in_native, id=8140, stack(0x0000000009ae0000,0x0000000009be0000)]
  0x0000000008d43000 JavaThread "Thread-1" daemon [_thread_blocked, id=2256, stack(0x00000000099e0000,0x0000000009ae0000)]
  0x0000000008cc3000 JavaThread "QuantumRenderer-0" daemon [_thread_blocked, id=5804, stack(0x00000000096d0000,0x00000000097d0000)]
  0x0000000008b97800 JavaThread "Service Thread" daemon [_thread_blocked, id=2968, stack(0x00000000094d0000,0x00000000095d0000)]
  0x0000000008afe800 JavaThread "C1 CompilerThread3" daemon [_thread_blocked, id=5436, stack(0x00000000093d0000,0x00000000094d0000)]
  0x0000000008af6800 JavaThread "C2 CompilerThread2" daemon [_thread_blocked, id=4368, stack(0x00000000092d0000,0x00000000093d0000)]
  0x0000000008b06000 JavaThread "C2 CompilerThread1" daemon [_thread_blocked, id=6764, stack(0x00000000091d0000,0x00000000092d0000)]
  0x0000000008b03800 JavaThread "C2 CompilerThread0" daemon [_thread_blocked, id=32, stack(0x00000000090d0000,0x00000000091d0000)]
  0x0000000008b01000 JavaThread "Attach Listener" daemon [_thread_blocked, id=1816, stack(0x0000000008fd0000,0x00000000090d0000)]
  0x0000000008aff800 JavaThread "Signal Dispatcher" daemon [_thread_blocked, id=1440, stack(0x0000000008ed0000,0x0000000008fd0000)]
  0x0000000002ae8800 JavaThread "Finalizer" daemon [_thread_blocked, id=7492, stack(0x00000000089d0000,0x0000000008ad0000)]
  0x0000000006aec800 JavaThread "Reference Handler" daemon [_thread_blocked, id=1076, stack(0x00000000088d0000,0x00000000089d0000)]
  0x00000000029ed800 JavaThread "main" [_thread_blocked, id=4000, stack(0x0000000002830000,0x0000000002930000)]

Other Threads:
  0x0000000006ae8000 VMThread [stack: 0x00000000087d0000,0x00000000088d0000] [id=5212]
  0x0000000008b99800 WatcherThread [stack: 0x00000000095d0000,0x00000000096d0000] [id=5868]

VM state:not at safepoint (normal execution)

VM Mutex/Monitor currently owned by a thread: None

Heap:
 PSYoungGen      total 15872K, used 13725K [0x0000000717180000, 0x0000000718c80000, 0x00000007c0000000)
  eden space 13312K, 84% used [0x0000000717180000,0x0000000717c874a8,0x0000000717e80000)
  from space 2560K, 95% used [0x0000000717e80000,0x00000007180e0010,0x0000000718100000)
  to   space 3072K, 0% used [0x0000000718980000,0x0000000718980000,0x0000000718c80000)
 ParOldGen       total 518656K, used 14723K [0x00000005c5400000, 0x00000005e4e80000, 0x0000000717180000)
  object space 518656K, 2% used [0x00000005c5400000,0x00000005c6260ce0,0x00000005e4e80000)
 Metaspace       used 15435K, capacity 15778K, committed 16000K, reserved 1062912K
  class space    used 2087K, capacity 2173K, committed 2176K, reserved 1048576K

Card table byte_map: [0x0000000002eb0000,0x0000000003e90000] byte_map_base: 0x0000000000086000

Marking Bits: (ParMarkBitMap*) 0x00000000614913b0
 Begin Bits: [0x000000001e010000, 0x0000000025ec0000)
 End Bits:   [0x0000000025ec0000, 0x000000002dd70000)

Polling page: 0x0000000000b70000

CodeCache: size=245760Kb used=5464Kb max_used=5464Kb free=240295Kb
 bounds [0x000000000f010000, 0x000000000f570000, 0x000000001e010000]
 total_blobs=2289 nmethods=1660 adapters=542
 compilation: enabled

Compilation events (10 events):
Event: 4.453 Thread 0x0000000008afe800 nmethod 1655 0x000000000f560f90 code [0x000000000f5610e0, 0x000000000f561250]
Event: 4.460 Thread 0x0000000008afe800 1656       3       java.lang.Thread::<init> (69 bytes)
Event: 4.460 Thread 0x0000000008afe800 nmethod 1656 0x000000000f55fdd0 code [0x000000000f55ffc0, 0x000000000f560a78]
Event: 4.476 Thread 0x0000000008afe800 1657       3       java.lang.Thread::exit (51 bytes)
Event: 4.476 Thread 0x0000000008afe800 nmethod 1657 0x000000000f55f910 code [0x000000000f55fa80, 0x000000000f55fd08]
Event: 4.476 Thread 0x0000000008afe800 1658   !   3       java.lang.ThreadGroup::threadTerminated (63 bytes)
Event: 4.476 Thread 0x0000000008afe800 nmethod 1658 0x000000000f55f050 code [0x000000000f55f1e0, 0x000000000f55f7a8]
Event: 4.594 Thread 0x0000000008afe800 1659       3       java.util.ArrayList::toArray (60 bytes)
Event: 4.594 Thread 0x0000000008afe800 nmethod 1659 0x000000000f55e7d0 code [0x000000000f55e960, 0x000000000f55ef18]
Event: 4.594 Thread 0x0000000008afe800 1660       3       java.nio.CharBuffer::arrayOffset (35 bytes)

GC Heap History (10 events):
Event: 0.550 GC heap before
{Heap before GC invocations=7 (full 0):
 PSYoungGen      total 5120K, used 4880K [0x0000000717180000, 0x0000000717780000, 0x00000007c0000000)
  eden space 4096K, 100% used [0x0000000717180000,0x0000000717580000,0x0000000717580000)
  from space 1024K, 76% used [0x0000000717680000,0x0000000717744020,0x0000000717780000)
  to   space 1024K, 0% used [0x0000000717580000,0x0000000717580000,0x0000000717680000)
 ParOldGen       total 518656K, used 8839K [0x00000005c5400000, 0x00000005e4e80000, 0x0000000717180000)
  object space 518656K, 1% used [0x00000005c5400000,0x00000005c5ca1dd8,0x00000005e4e80000)
 Metaspace       used 8185K, capacity 8316K, committed 8576K, reserved 1056768K
  class space    used 1046K, capacity 1099K, committed 1152K, reserved 1048576K
Event: 0.552 GC heap after
Heap after GC invocations=7 (full 0):
 PSYoungGen      total 5120K, used 1017K [0x0000000717180000, 0x0000000717c80000, 0x00000007c0000000)
  eden space 4096K, 0% used [0x0000000717180000,0x0000000717180000,0x0000000717580000)
  from space 1024K, 99% used [0x0000000717580000,0x000000071767e548,0x0000000717680000)
  to   space 1536K, 0% used [0x0000000717b00000,0x0000000717b00000,0x0000000717c80000)
 ParOldGen       total 518656K, used 9159K [0x00000005c5400000, 0x00000005e4e80000, 0x0000000717180000)
  object space 518656K, 1% used [0x00000005c5400000,0x00000005c5cf1f80,0x00000005e4e80000)
 Metaspace       used 8185K, capacity 8316K, committed 8576K, reserved 1056768K
  class space    used 1046K, capacity 1099K, committed 1152K, reserved 1048576K
}
Event: 1.213 GC heap before
{Heap before GC invocations=8 (full 0):
 PSYoungGen      total 5120K, used 5113K [0x0000000717180000, 0x0000000717c80000, 0x00000007c0000000)
  eden space 4096K, 100% used [0x0000000717180000,0x0000000717580000,0x0000000717580000)
  from space 1024K, 99% used [0x0000000717580000,0x000000071767e548,0x0000000717680000)
  to   space 1536K, 0% used [0x0000000717b00000,0x0000000717b00000,0x0000000717c80000)
 ParOldGen       total 518656K, used 9159K [0x00000005c5400000, 0x00000005e4e80000, 0x0000000717180000)
  object space 518656K, 1% used [0x00000005c5400000,0x00000005c5cf1f80,0x00000005e4e80000)
 Metaspace       used 9076K, capacity 9332K, committed 9472K, reserved 1056768K
  class space    used 1169K, capacity 1221K, committed 1280K, reserved 1048576K
Event: 1.215 GC heap after
Heap after GC invocations=8 (full 0):
 PSYoungGen      total 9728K, used 1285K [0x0000000717180000, 0x0000000717c80000, 0x00000007c0000000)
  eden space 8192K, 0% used [0x0000000717180000,0x0000000717180000,0x0000000717980000)
  from space 1536K, 83% used [0x0000000717b00000,0x0000000717c41768,0x0000000717c80000)
  to   space 1536K, 0% used [0x0000000717980000,0x0000000717980000,0x0000000717b00000)
 ParOldGen       total 518656K, used 9279K [0x00000005c5400000, 0x00000005e4e80000, 0x0000000717180000)
  object space 518656K, 1% used [0x00000005c5400000,0x00000005c5d0ff80,0x00000005e4e80000)
 Metaspace       used 9076K, capacity 9332K, committed 9472K, reserved 1056768K
  class space    used 1169K, capacity 1221K, committed 1280K, reserved 1048576K
}
Event: 1.350 GC heap before
{Heap before GC invocations=9 (full 0):
 PSYoungGen      total 9728K, used 9477K [0x0000000717180000, 0x0000000717c80000, 0x00000007c0000000)
  eden space 8192K, 100% used [0x0000000717180000,0x0000000717980000,0x0000000717980000)
  from space 1536K, 83% used [0x0000000717b00000,0x0000000717c41768,0x0000000717c80000)
  to   space 1536K, 0% used [0x0000000717980000,0x0000000717980000,0x0000000717b00000)
 ParOldGen       total 518656K, used 9279K [0x00000005c5400000, 0x00000005e4e80000, 0x0000000717180000)
  object space 518656K, 1% used [0x00000005c5400000,0x00000005c5d0ff80,0x00000005e4e80000)
 Metaspace       used 11686K, capacity 11946K, committed 12160K, reserved 1060864K
  class space    used 1559K, capacity 1653K, committed 1664K, reserved 1048576K
Event: 1.353 GC heap after
Heap after GC invocations=9 (full 0):
 PSYoungGen      total 9728K, used 1520K [0x0000000717180000, 0x0000000718380000, 0x00000007c0000000)
  eden space 8192K, 0% used [0x0000000717180000,0x0000000717180000,0x0000000717980000)
  from space 1536K, 98% used [0x0000000717980000,0x0000000717afc050,0x0000000717b00000)
  to   space 2560K, 0% used [0x0000000718100000,0x0000000718100000,0x0000000718380000)
 ParOldGen       total 518656K, used 10612K [0x00000005c5400000, 0x00000005e4e80000, 0x0000000717180000)
  object space 518656K, 2% used [0x00000005c5400000,0x00000005c5e5d298,0x00000005e4e80000)
 Metaspace       used 11686K, capacity 11946K, committed 12160K, reserved 1060864K
  class space    used 1559K, capacity 1653K, committed 1664K, reserved 1048576K
}
Event: 1.581 GC heap before
{Heap before GC invocations=10 (full 0):
 PSYoungGen      total 9728K, used 9427K [0x0000000717180000, 0x0000000718380000, 0x00000007c0000000)
  eden space 8192K, 96% used [0x0000000717180000,0x0000000717938f18,0x0000000717980000)
  from space 1536K, 98% used [0x0000000717980000,0x0000000717afc050,0x0000000717b00000)
  to   space 2560K, 0% used [0x0000000718100000,0x0000000718100000,0x0000000718380000)
 ParOldGen       total 518656K, used 10612K [0x00000005c5400000, 0x00000005e4e80000, 0x0000000717180000)
  object space 518656K, 2% used [0x00000005c5400000,0x00000005c5e5d298,0x00000005e4e80000)
 Metaspace       used 14549K, capacity 14782K, committed 14976K, reserved 1062912K
  class space    used 2015K, capacity 2105K, committed 2176K, reserved 1048576K
Event: 1.584 GC heap after
Heap after GC invocations=10 (full 0):
 PSYoungGen      total 15872K, used 1877K [0x0000000717180000, 0x0000000718380000, 0x00000007c0000000)
  eden space 13312K, 0% used [0x0000000717180000,0x0000000717180000,0x0000000717e80000)
  from space 2560K, 73% used [0x0000000718100000,0x00000007182d5550,0x0000000718380000)
  to   space 2560K, 0% used [0x0000000717e80000,0x0000000717e80000,0x0000000718100000)
 ParOldGen       total 518656K, used 11036K [0x00000005c5400000, 0x00000005e4e80000, 0x0000000717180000)
  object space 518656K, 2% used [0x00000005c5400000,0x00000005c5ec7298,0x00000005e4e80000)
 Metaspace       used 14549K, capacity 14782K, committed 14976K, reserved 1062912K
  class space    used 2015K, capacity 2105K, committed 2176K, reserved 1048576K
}
Event: 2.767 GC heap before
{Heap before GC invocations=11 (full 0):
 PSYoungGen      total 15872K, used 15189K [0x0000000717180000, 0x0000000718380000, 0x00000007c0000000)
  eden space 13312K, 100% used [0x0000000717180000,0x0000000717e80000,0x0000000717e80000)
  from space 2560K, 73% used [0x0000000718100000,0x00000007182d5550,0x0000000718380000)
  to   space 2560K, 0% used [0x0000000717e80000,0x0000000717e80000,0x0000000718100000)
 ParOldGen       total 518656K, used 11036K [0x00000005c5400000, 0x00000005e4e80000, 0x0000000717180000)
  object space 518656K, 2% used [0x00000005c5400000,0x00000005c5ec7298,0x00000005e4e80000)
 Metaspace       used 15203K, capacity 15586K, committed 15744K, reserved 1062912K
  class space    used 2086K, capacity 2173K, committed 2176K, reserved 1048576K
Event: 2.770 GC heap after
Heap after GC invocations=11 (full 0):
 PSYoungGen      total 15872K, used 2432K [0x0000000717180000, 0x0000000718c80000, 0x00000007c0000000)
  eden space 13312K, 0% used [0x0000000717180000,0x0000000717180000,0x0000000717e80000)
  from space 2560K, 95% used [0x0000000717e80000,0x00000007180e0010,0x0000000718100000)
  to   space 3072K, 0% used [0x0000000718980000,0x0000000718980000,0x0000000718c80000)
 ParOldGen       total 518656K, used 14723K [0x00000005c5400000, 0x00000005e4e80000, 0x0000000717180000)
  object space 518656K, 2% used [0x00000005c5400000,0x00000005c6260ce0,0x00000005e4e80000)
 Metaspace       used 15203K, capacity 15586K, committed 15744K, reserved 1062912K
  class space    used 2086K, capacity 2173K, committed 2176K, reserved 1048576K
}

Deoptimization events (10 events):
Event: 1.320 Thread 0x0000000008d27800 Uncommon trap: reason=unreached action=reinterpret pc=0x000000000f2826e4 method=java.util.HashMap.getNode(ILjava/lang/Object;)Ljava/util/HashMap$Node; @ 84
Event: 1.320 Thread 0x0000000008d27800 Uncommon trap: reason=unreached action=reinterpret pc=0x000000000f2834c8 method=java.util.HashMap.getNode(ILjava/lang/Object;)Ljava/util/HashMap$Node; @ 84
Event: 1.427 Thread 0x0000000008d27800 Uncommon trap: reason=class_check action=maybe_recompile pc=0x000000000f311978 method=java.io.DataInputStream.readShort()S @ 4
Event: 1.427 Thread 0x0000000008d27800 Uncommon trap: reason=class_check action=maybe_recompile pc=0x000000000f311978 method=java.io.DataInputStream.readShort()S @ 4
Event: 1.427 Thread 0x0000000008d27800 Uncommon trap: reason=class_check action=maybe_recompile pc=0x000000000f311978 method=java.io.DataInputStream.readShort()S @ 4
Event: 1.428 Thread 0x0000000008d27800 Uncommon trap: reason=class_check action=maybe_recompile pc=0x000000000f311978 method=java.io.DataInputStream.readShort()S @ 4
Event: 1.432 Thread 0x0000000008d27800 Uncommon trap: reason=class_check action=maybe_recompile pc=0x000000000f136fd4 method=java.lang.String.equals(Ljava/lang/Object;)Z @ 8
Event: 1.432 Thread 0x0000000008d27800 Uncommon trap: reason=class_check action=maybe_recompile pc=0x000000000f136fd4 method=java.lang.String.equals(Ljava/lang/Object;)Z @ 8
Event: 1.443 Thread 0x0000000008d27800 Uncommon trap: reason=class_check action=maybe_recompile pc=0x000000000f136fd4 method=java.lang.String.equals(Ljava/lang/Object;)Z @ 8
Event: 1.443 Thread 0x0000000008d27800 Uncommon trap: reason=class_check action=maybe_recompile pc=0x000000000f136fd4 method=java.lang.String.equals(Ljava/lang/Object;)Z @ 8

Internal exceptions (10 events):
Event: 1.608 Thread 0x000000000c55f000 Exception <a 'java/security/PrivilegedActionException'> (0x0000000717458838) thrown at [D:\re\workspace\8-2-build-windows-amd64-cygwin\jdk8u5\2488\hotspot\src\share\vm\prims\jvm.cpp, line 1248]
Event: 1.620 Thread 0x0000000008d27800 Exception <a 'java/security/PrivilegedActionException'> (0x00000007173e7f58) thrown at [D:\re\workspace\8-2-build-windows-amd64-cygwin\jdk8u5\2488\hotspot\src\share\vm\prims\jvm.cpp, line 1248]
Event: 1.620 Thread 0x0000000008d27800 Exception <a 'java/security/PrivilegedActionException'> (0x00000007173e8ab8) thrown at [D:\re\workspace\8-2-build-windows-amd64-cygwin\jdk8u5\2488\hotspot\src\share\vm\prims\jvm.cpp, line 1248]
Event: 1.643 Thread 0x000000000c679000 Exception <a 'java/security/PrivilegedActionException'> (0x0000000717479f68) thrown at [D:\re\workspace\8-2-build-windows-amd64-cygwin\jdk8u5\2488\hotspot\src\share\vm\prims\jvm.cpp, line 1248]
Event: 1.645 Thread 0x000000000c679000 Exception <a 'java/security/PrivilegedActionException'> (0x00000007174dbe10) thrown at [D:\re\workspace\8-2-build-windows-amd64-cygwin\jdk8u5\2488\hotspot\src\share\vm\prims\jvm.cpp, line 1248]
Event: 1.684 Thread 0x000000000c574800 Exception <a 'java/security/PrivilegedActionException'> (0x000000071782f290) thrown at [D:\re\workspace\8-2-build-windows-amd64-cygwin\jdk8u5\2488\hotspot\src\share\vm\prims\jvm.cpp, line 1248]
Event: 1.709 Thread 0x000000000c573000 Exception <a 'java/security/PrivilegedActionException'> (0x0000000717860e48) thrown at [D:\re\workspace\8-2-build-windows-amd64-cygwin\jdk8u5\2488\hotspot\src\share\vm\prims\jvm.cpp, line 1248]
Event: 1.906 Thread 0x000000000c575800 Exception <a 'java/security/PrivilegedActionException'> (0x000000071792bc90) thrown at [D:\re\workspace\8-2-build-windows-amd64-cygwin\jdk8u5\2488\hotspot\src\share\vm\prims\jvm.cpp, line 1248]
Event: 1.907 Thread 0x000000000c572800 Exception <a 'java/security/PrivilegedActionException'> (0x000000071794d2b0) thrown at [D:\re\workspace\8-2-build-windows-amd64-cygwin\jdk8u5\2488\hotspot\src\share\vm\prims\jvm.cpp, line 1248]
Event: 4.588 Thread 0x0000000008d27800 Exception <a 'java/security/PrivilegedActionException'> (0x0000000717c5c260) thrown at [D:\re\workspace\8-2-build-windows-amd64-cygwin\jdk8u5\2488\hotspot\src\share\vm\prims\jvm.cpp, line 1248]

Events (10 events):
Event: 4.563 Thread 0x000000000c48a800 Thread exited: 0x000000000c48a800
Event: 4.588 loading class uk/co/caprica/vlcj/player/events/MediaPlayerStoppedEvent
Event: 4.588 loading class uk/co/caprica/vlcj/player/events/MediaPlayerStoppedEvent done
Event: 4.589 Thread 0x000000000c574800 Thread added: 0x000000000c574800
Event: 4.590 Thread 0x000000000c574800 Thread exited: 0x000000000c574800
Event: 4.591 Thread 0x000000000c48a000 Thread exited: 0x000000000c48a000
Event: 4.593 loading class com/sun/javafx/tk/quantum/QuantumRenderer$4
Event: 4.593 loading class com/sun/javafx/tk/quantum/QuantumRenderer$4 done
Event: 4.594 loading class java/util/Formattable
Event: 4.594 loading class java/util/Formattable done


Dynamic libraries:
0x00007ff6f2320000 - 0x00007ff6f2354000 	C:\Program Files\Java\jdk1.8.0_05\jre\bin\java.exe
0x00007ffa51750000 - 0x00007ffa518fc000 	C:\WINDOWS\SYSTEM32\ntdll.dll
0x00007ffa4f7a0000 - 0x00007ffa4f8de000 	C:\WINDOWS\system32\KERNEL32.DLL
0x00007ffa4e9d0000 - 0x00007ffa4eae5000 	C:\WINDOWS\system32\KERNELBASE.dll
0x00007ffa4d3d0000 - 0x00007ffa4d45e000 	C:\WINDOWS\system32\apphelp.dll
0x00007ffa434e0000 - 0x00007ffa43533000 	C:\WINDOWS\AppPatch\AppPatch64\AcGenral.DLL
0x00007ffa4edd0000 - 0x00007ffa4ee7a000 	C:\WINDOWS\system32\msvcrt.dll
0x00007ffa4e620000 - 0x00007ffa4e64e000 	C:\WINDOWS\SYSTEM32\SspiCli.dll
0x00007ffa516f0000 - 0x00007ffa51744000 	C:\WINDOWS\system32\SHLWAPI.dll
0x00007ffa51570000 - 0x00007ffa516e7000 	C:\WINDOWS\system32\USER32.dll
0x00007ffa513d0000 - 0x00007ffa51564000 	C:\WINDOWS\system32\ole32.dll
0x00007ffa4f950000 - 0x00007ffa50e68000 	C:\WINDOWS\system32\SHELL32.dll
0x00007ffa4ddf0000 - 0x00007ffa4de11000 	C:\WINDOWS\SYSTEM32\USERENV.dll
0x00007ffa4f500000 - 0x00007ffa4f5aa000 	C:\WINDOWS\system32\ADVAPI32.dll
0x00007ffa41320000 - 0x00007ffa4133e000 	C:\WINDOWS\SYSTEM32\MPR.dll
0x00007ffa4ee90000 - 0x00007ffa4efd1000 	C:\WINDOWS\system32\RPCRT4.dll
0x00007ffa51210000 - 0x00007ffa51269000 	C:\WINDOWS\SYSTEM32\sechost.dll
0x00007ffa4f0c0000 - 0x00007ffa4f2d1000 	C:\WINDOWS\SYSTEM32\combase.dll
0x00007ffa51270000 - 0x00007ffa513c1000 	C:\WINDOWS\system32\GDI32.dll
0x00007ffa4e8a0000 - 0x00007ffa4e8b5000 	C:\WINDOWS\SYSTEM32\profapi.dll
0x00007ffa4d310000 - 0x00007ffa4d3c2000 	C:\WINDOWS\SYSTEM32\SHCORE.dll
0x00007ffa511d0000 - 0x00007ffa51206000 	C:\WINDOWS\system32\IMM32.DLL
0x00007ffa51070000 - 0x00007ffa511c2000 	C:\WINDOWS\system32\MSCTF.dll
0x00007ffa4e850000 - 0x00007ffa4e881000 	C:\Windows\system32\nvinitx.dll
0x00007ffa4e840000 - 0x00007ffa4e84a000 	C:\WINDOWS\SYSTEM32\VERSION.dll
0x000000000f000000 - 0x000000000f006000 	C:\Program Files\NVIDIA Corporation\CoProcManager\_etoured.dll
0x00007ffa4cb60000 - 0x00007ffa4cb91000 	C:\Program Files\NVIDIA Corporation\CoProcManager\nvd3d9wrapx.dll
0x00007ffa50e80000 - 0x00007ffa5105a000 	C:\WINDOWS\system32\SETUPAPI.dll
0x00007ffa4eaf0000 - 0x00007ffa4eb3f000 	C:\WINDOWS\system32\CFGMGR32.dll
0x00007ffa4c550000 - 0x00007ffa4c572000 	C:\Program Files\NVIDIA Corporation\CoProcManager\nvdxgiwrapx.dll
0x00007ffa4c8e0000 - 0x00007ffa4cb5a000 	C:\WINDOWS\WinSxS\amd64_microsoft.windows.common-controls_6595b64144ccf1df_6.0.9600.17810_none_6240b9c7ecbd0bda\COMCTL32.dll
0x0000000060c00000 - 0x0000000060cd2000 	C:\Program Files\Java\jdk1.8.0_05\jre\bin\msvcr100.dll
0x0000000060ce0000 - 0x000000006150a000 	C:\Program Files\Java\jdk1.8.0_05\jre\bin\server\jvm.dll
0x00007ffa2e160000 - 0x00007ffa2e169000 	C:\WINDOWS\SYSTEM32\WSOCK32.dll
0x00007ffa4c480000 - 0x00007ffa4c4a2000 	C:\WINDOWS\SYSTEM32\WINMM.dll
0x00007ffa50e70000 - 0x00007ffa50e77000 	C:\WINDOWS\system32\PSAPI.DLL
0x00007ffa4f5b0000 - 0x00007ffa4f60a000 	C:\WINDOWS\system32\WS2_32.dll
0x00007ffa4c290000 - 0x00007ffa4c2ba000 	C:\WINDOWS\SYSTEM32\WINMMBASE.dll
0x00007ffa4f2e0000 - 0x00007ffa4f2e9000 	C:\WINDOWS\system32\NSI.dll
0x00007ffa4d670000 - 0x00007ffa4d698000 	C:\WINDOWS\SYSTEM32\DEVOBJ.dll
0x0000000060bb0000 - 0x0000000060bbf000 	C:\Program Files\Java\jdk1.8.0_05\jre\bin\verify.dll
0x0000000060b80000 - 0x0000000060ba8000 	C:\Program Files\Java\jdk1.8.0_05\jre\bin\java.dll
0x0000000060b60000 - 0x0000000060b76000 	C:\Program Files\Java\jdk1.8.0_05\jre\bin\zip.dll
0x000000005e9e0000 - 0x000000005ea0b000 	C:\Program Files\Java\jdk1.8.0_05\jre\bin\prism_d3d.dll
0x00007ffa453c0000 - 0x00007ffa455e1000 	C:\WINDOWS\system32\d3d9.dll
0x00007ffa4cba0000 - 0x00007ffa4cbc1000 	C:\WINDOWS\SYSTEM32\dwmapi.dll
0x00000000097d0000 - 0x0000000009821000 	C:\WINDOWS\system32\WINTRUST.dll
0x00007ffa4eb40000 - 0x00007ffa4ed1f000 	C:\WINDOWS\system32\CRYPT32.dll
0x00007ffa4e950000 - 0x00007ffa4e961000 	C:\WINDOWS\system32\MSASN1.dll
0x00007ffa4d4c0000 - 0x00007ffa4d5e9000 	C:\WINDOWS\system32\uxtheme.dll
0x00007ffa4ad20000 - 0x00007ffa4ae32000 	C:\WINDOWS\SYSTEM32\nvumdshimx.dll
0x00007ffa26350000 - 0x00007ffa26dc0000 	C:\WINDOWS\system32\igdumdim64.dll
0x00007ffa49670000 - 0x00007ffa49ad2000 	C:\WINDOWS\SYSTEM32\igdusc64.dll
0x000000005e9a0000 - 0x000000005e9df000 	C:\Program Files\Java\jdk1.8.0_05\jre\bin\glass.dll
0x00007ffa4f610000 - 0x00007ffa4f6c6000 	C:\WINDOWS\system32\COMDLG32.dll
0x00007ffa4f6d0000 - 0x00007ffa4f791000 	C:\WINDOWS\system32\OLEAUT32.dll
0x0000000070fc0000 - 0x0000000070fcd000 	C:\Program Files (x86)\WinSplit Revolution\WinSplitHook64.DLL
0x00007ffa4d640000 - 0x00007ffa4d64b000 	C:\WINDOWS\SYSTEM32\kernel.appcore.dll
0x00007ffa4e7c0000 - 0x00007ffa4e7cb000 	C:\WINDOWS\SYSTEM32\CRYPTBASE.dll
0x00007ffa4e650000 - 0x00007ffa4e6b3000 	C:\WINDOWS\SYSTEM32\bcryptPrimitives.dll
0x00007ffa26e70000 - 0x00007ffa2709f000 	C:\Program Files\Acer\Acer Power Management\SysHook.dll
0x00007ffa4c470000 - 0x00007ffa4c477000 	C:\WINDOWS\SYSTEM32\MSIMG32.dll
0x00007ffa4bdd0000 - 0x00007ffa4be52000 	C:\WINDOWS\SYSTEM32\WINSPOOL.DRV
0x00007ffa4bf80000 - 0x00007ffa4c130000 	C:\WINDOWS\WinSxS\amd64_microsoft.windows.gdiplus_6595b64144ccf1df_1.1.9600.17415_none_932b3b5547500489\gdiplus.dll
0x00007ffa4bd60000 - 0x00007ffa4bdca000 	C:\WINDOWS\SYSTEM32\OLEACC.dll
0x00007ffa4e0c0000 - 0x00007ffa4e0e0000 	C:\WINDOWS\SYSTEM32\CRYPTSP.dll
0x00007ffa4dce0000 - 0x00007ffa4dd16000 	C:\WINDOWS\system32\rsaenh.dll
0x00007ffa4e310000 - 0x00007ffa4e336000 	C:\WINDOWS\SYSTEM32\bcrypt.dll
0x0000000060b40000 - 0x0000000060b5a000 	C:\Program Files\Java\jdk1.8.0_05\jre\bin\net.dll
0x00007ffa4e060000 - 0x00007ffa4e0b9000 	C:\WINDOWS\system32\mswsock.dll
0x00007ffa488d0000 - 0x00007ffa488fa000 	C:\WINDOWS\SYSTEM32\IPHLPAPI.DLL
0x00007ffa488b0000 - 0x00007ffa488ba000 	C:\WINDOWS\SYSTEM32\WINNSI.DLL
0x00007ffa48420000 - 0x00007ffa48436000 	C:\WINDOWS\SYSTEM32\dhcpcsvc6.DLL
0x00007ffa48570000 - 0x00007ffa4858a000 	C:\WINDOWS\SYSTEM32\dhcpcsvc.DLL
0x0000000060b20000 - 0x0000000060b31000 	C:\Program Files\Java\jdk1.8.0_05\jre\bin\nio.dll
0x00007ffa434a0000 - 0x00007ffa434d7000 	C:\Users\kristof\AppData\Local\Temp\jna-kristof\jna3422391173225837193.dll
0x000000005e970000 - 0x000000005e99d000 	C:\Program Files\VideoLAN\VLC\libvlc.dll
0x000000005e6c0000 - 0x000000005e96c000 	C:\Program Files\VideoLAN\VLC\libvlccore.dll
0x000000005e6a0000 - 0x000000005e6b4000 	C:\Program Files\VideoLAN\VLC\plugins\audio_output\libdirectsound_plugin.dll
0x000000005e680000 - 0x000000005e693000 	C:\Program Files\VideoLAN\VLC\plugins\audio_output\libwaveout_plugin.dll
0x000000005e500000 - 0x000000005e674000 	C:\Program Files\VideoLAN\VLC\plugins\misc\libxml_plugin.dll
0x000000005e4e0000 - 0x000000005e4ff000 	C:\Program Files\VideoLAN\VLC\plugins\video_output\libdirect3d_plugin.dll
0x000000005e4c0000 - 0x000000005e4dd000 	C:\Program Files\VideoLAN\VLC\plugins\video_output\libdirectdraw_plugin.dll
0x00007ffa2fc40000 - 0x00007ffa2fcdd000 	C:\WINDOWS\SYSTEM32\DSOUND.DLL
0x00007ffa4e7f0000 - 0x00007ffa4e836000 	C:\WINDOWS\SYSTEM32\POWRPROF.dll
0x00007ffa4efe0000 - 0x00007ffa4f096000 	C:\WINDOWS\SYSTEM32\clbcatq.dll
0x00007ffa4bf10000 - 0x00007ffa4bf80000 	C:\WINDOWS\System32\MMDevApi.dll
0x00007ffa4b560000 - 0x00007ffa4b70e000 	C:\WINDOWS\SYSTEM32\WindowsCodecs.dll
0x00007ffa43470000 - 0x00007ffa4349e000 	C:\Program Files\Common Files\Microsoft Shared\Ink\rtscom.dll
0x000000005e4a0000 - 0x000000005e4b3000 	C:\Program Files\Java\jdk1.8.0_05\jre\bin\javafx_font.dll
0x00007ffa4ae70000 - 0x00007ffa4b05d000 	C:\WINDOWS\SYSTEM32\dwrite.dll
0x000000005e230000 - 0x000000005e498000 	C:\Program Files\VideoLAN\VLC\plugins\access\liblibbluray_plugin.dll
0x000000005e200000 - 0x000000005e226000 	C:\Program Files\VideoLAN\VLC\plugins\access\libaccess_bd_plugin.dll
0x000000005e1b0000 - 0x000000005e1fb000 	C:\Program Files\VideoLAN\VLC\plugins\access\libdvdnav_plugin.dll
0x000000005e190000 - 0x000000005e1af000 	C:\Program Files\VideoLAN\VLC\plugins\access\libvdr_plugin.dll
0x000000005e170000 - 0x000000005e188000 	C:\Program Files\VideoLAN\VLC\plugins\access\libfilesystem_plugin.dll
0x000000005e150000 - 0x000000005e16b000 	C:\Program Files\VideoLAN\VLC\plugins\stream_filter\libsmooth_plugin.dll
0x000000005e0a0000 - 0x000000005e14e000 	C:\Program Files\VideoLAN\VLC\plugins\stream_filter\libhttplive_plugin.dll
0x000000005e070000 - 0x000000005e09b000 	C:\Program Files\VideoLAN\VLC\plugins\access\libzip_plugin.dll
0x000000005e050000 - 0x000000005e066000 	C:\Program Files\VideoLAN\VLC\plugins\access\librar_plugin.dll
0x000000005e040000 - 0x000000005e04f000 	C:\Program Files\VideoLAN\VLC\plugins\stream_filter\librecord_plugin.dll
0x000000005dff0000 - 0x000000005e032000 	C:\Program Files\VideoLAN\VLC\plugins\demux\libmp4_plugin.dll
0x000000005dfd0000 - 0x000000005dfe1000 	C:\Program Files\Java\jdk1.8.0_05\jre\bin\prism_common.dll
0x000000005df70000 - 0x000000005dfc9000 	C:\Program Files\VideoLAN\VLC\plugins\codec\libjpeg_plugin.dll
0x000000005df50000 - 0x000000005df61000 	C:\Program Files\VideoLAN\VLC\plugins\codec\libcdg_plugin.dll
0x000000005def0000 - 0x000000005df4e000 	C:\Program Files\VideoLAN\VLC\plugins\codec\libpng_plugin.dll
0x000000005dd70000 - 0x000000005deeb000 	C:\Program Files\VideoLAN\VLC\plugins\codec\libschroedinger_plugin.dll
0x000000005dc90000 - 0x000000005dd65000 	C:\Program Files\VideoLAN\VLC\plugins\codec\libvorbis_plugin.dll
0x000000005dc30000 - 0x000000005dc8a000 	C:\Program Files\VideoLAN\VLC\plugins\codec\libtheora_plugin.dll
0x000000005dc10000 - 0x000000005dc21000 	C:\Program Files\VideoLAN\VLC\plugins\codec\libdts_plugin.dll
0x000000005dbf0000 - 0x000000005dc05000 	C:\Program Files\VideoLAN\VLC\plugins\codec\libaraw_plugin.dll
0x000000005dbd0000 - 0x000000005dbe7000 	C:\Program Files\VideoLAN\VLC\plugins\codec\libsubstx3g_plugin.dll
0x000000005db50000 - 0x000000005dbc4000 	C:\Program Files\VideoLAN\VLC\plugins\codec\libflac_plugin.dll
0x000000005db30000 - 0x000000005db43000 	C:\Program Files\VideoLAN\VLC\plugins\codec\libg711_plugin.dll
0x000000005db20000 - 0x000000005db30000 	C:\Program Files\VideoLAN\VLC\plugins\codec\libaes3_plugin.dll
0x000000005dae0000 - 0x000000005db19000 	C:\Program Files\VideoLAN\VLC\plugins\codec\libspeex_plugin.dll
0x000000005d910000 - 0x000000005dad5000 	C:\Program Files\VideoLAN\VLC\plugins\codec\liblibass_plugin.dll
0x000000005d8a0000 - 0x000000005d90f000 	C:\Program Files\VideoLAN\VLC\plugins\codec\libfaad_plugin.dll
0x000000005d880000 - 0x000000005d891000 	C:\Program Files\VideoLAN\VLC\plugins\codec\liba52_plugin.dll
0x000000005d870000 - 0x000000005d880000 	C:\Program Files\VideoLAN\VLC\plugins\codec\libmpeg_audio_plugin.dll
0x000000005d850000 - 0x000000005d861000 	C:\Program Files\VideoLAN\VLC\plugins\codec\liblpcm_plugin.dll
0x000000005d7d0000 - 0x000000005d848000 	C:\Program Files\VideoLAN\VLC\plugins\codec\libopus_plugin.dll
0x000000005d7a0000 - 0x000000005d7c9000 	C:\Program Files\VideoLAN\VLC\plugins\codec\libdvbsub_plugin.dll
0x000000005d780000 - 0x000000005d791000 	C:\Program Files\VideoLAN\VLC\plugins\codec\libspudec_plugin.dll
0x000000005c2e0000 - 0x000000005d77f000 	C:\Program Files\VideoLAN\VLC\plugins\codec\libavcodec_plugin.dll
0x000000005c280000 - 0x000000005c2dc000 	C:\Program Files\VideoLAN\VLC\plugins\lua\liblua_plugin.dll
0x000000005c190000 - 0x000000005c273000 	C:\Program Files\VideoLAN\VLC\plugins\text_renderer\libfreetype_plugin.dll
0x00007ffa420e0000 - 0x00007ffa4215e000 	C:\WINDOWS\SYSTEM32\AUDIOSES.DLL

VM Arguments:
jvm_args: -Dfile.encoding=UTF-8 
java_command: C:\Users\kristof\Documents\NetBeansProjects\VLCPlayer\dist\run268112804\VLCPlayer.jar
java_class_path (initial): C:\Users\kristof\Documents\NetBeansProjects\VLCPlayer\dist\run268112804\VLCPlayer.jar
Launcher Type: SUN_STANDARD

Environment Variables:
CLASSPATH=.;C:\Program Files (x86)\Java\jre7\lib\ext\QTJava.zip
PATH=C:\ProgramData\Oracle\Java\javapath;C:\Program Files (x86)\Common Files\Intel\Shared Libraries\redist\intel64\compiler;C:\Program Files (x86)\Common Files\Intel\Shared Libraries\redist\ia32\compiler;C:\Program Files (x86)\Haskell\bin;C:\Program Files (x86)\Haskell Platform\2013.2.0.0\lib\extralibs\bin;C:\Program Files (x86)\Haskell Platform\2013.2.0.0\bin;C:\Program Files (x86)\Intel\iCLS Client\;C:\Program Files\Intel\iCLS Client\;C:\Windows\system32;C:\Windows;C:\Windows\System32\Wbem;C:\Windows\System32\WindowsPowerShell\v1.0\;C:\Program Files (x86)\Intel\OpenCL SDK\3.0\bin\x86;C:\Program Files (x86)\Intel\OpenCL SDK\3.0\bin\x64;C:\Program Files (x86)\QuickTime\QTSystem\;C:\Program Files (x86)\Haskell Platform\2013.2.0.0\mingw\bin;C:\Program Files (x86)\MiKTeX 2.9\miktex\bin\;D:\strawberry\c\bin;D:\strawberry\perl\site\bin;D:\strawberry\perl\bin;C:\Program Files\Microsoft SQL Server\110\Tools\Binn\;C:\WINDOWS\system32;C:\WINDOWS;C:\WINDOWS\System32\Wbem;C:\WINDOWS\System32\WindowsPowerShell\v1.0\;C:\Program Files\Microsoft\Web Platform Installer\;D:\matlab\R2014b\runtime\win64;D:\matlab\R2014b\bin;D:\matlab\R2014b\polyspace\bin;C:\Program Files (x86)\Skype\Phone\;C:\Program Files (x86)\NVIDIA Corporation\PhysX\Common;C:\Program Files\Intel\Intel(R) Management Engine Components\DAL;C:\Program Files\Intel\Intel(R) Management Engine Components\IPT;C:\Program Files (x86)\Intel\Intel(R) Management Engine Components\DAL;C:\Program Files (x86)\Intel\Intel(R) Management Engine Components\IPT;C:\Program Files (x86)\Windows Kits\8.1\Windows Performance Toolkit\;C:\Program Files (x86)\Microsoft SDKs\TypeScript\1.0\;C:\Program Files\Microsoft SQL Server\120\Tools\Binn\;C:\Users\kristof\AppData\Roaming\cabal\bin
USERNAME=kristof
OS=Windows_NT
PROCESSOR_IDENTIFIER=Intel64 Family 6 Model 60 Stepping 3, GenuineIntel



---------------  S Y S T E M  ---------------

OS: Windows 8.1 , 64 bit Build 9600 

CPU:total 8 (4 cores per cpu, 2 threads per core) family 6 model 60 stepping 3, cmov, cx8, fxsr, mmx, sse, sse2, sse3, ssse3, sse4.1, sse4.2, popcnt, avx, avx2, aes, clmul, erms, ht, tsc, tscinvbit

Memory: 4k page, physical 33202460k(26241028k free), swap 38183196k(29587156k free)

vm_info: Java HotSpot(TM) 64-Bit Server VM (25.5-b02) for windows-amd64 JRE (1.8.0_05-b13), built on Mar 18 2014 01:08:39 by "java_re" with MS VC++ 10.0 (VS2010)

time: Sat Jul 11 18:07:01 2015
elapsed time: 4 seconds

