#
# A fatal error has been detected by the Java Runtime Environment:
#
#  EXCEPTION_ACCESS_VIOLATION (0xc0000005) at pc=0x00007ffa5178d85e, pid=5624, tid=7300
#
# JRE version: Java(TM) SE Runtime Environment (8.0_05-b13) (build 1.8.0_05-b13)
# Java VM: Java HotSpot(TM) 64-Bit Server VM (25.5-b02 mixed mode windows-amd64 compressed oops)
# Problematic frame:
# C  [ntdll.dll+0x3d85e]
#
# Failed to write core dump. Minidumps are not enabled by default on client versions of Windows
#
# If you would like to submit a bug report, please visit:
#   http://bugreport.sun.com/bugreport/crash.jsp
# The crash happened outside the Java Virtual Machine in native code.
# See problematic frame for where to report the bug.
#

---------------  T H R E A D  ---------------

Current thread (0x00000000093c9000):  JavaThread "JavaFX Application Thread" [_thread_in_native, id=7300, stack(0x000000000a150000,0x000000000a250000)]

siginfo: ExceptionCode=0xc0000005, writing address 0x0000000000000024

Registers:
RAX=0x0000000000000000, RBX=0x000000000c5862e8, RCX=0x00000000fffffffc, RDX=0x0000000000000598
RSP=0x000000000a24cde0, RBP=0x00007ff6f1e1c000, RSI=0x0000000000000598, RDI=0x0000000000000000
R8 =0xffffffffffffffff, R9 =0x00007ff6f1e1c000, R10=0x0000000000000000, R11=0x0000000000000246
R12=0x0000000000000000, R13=0x0000000000000000, R14=0x0000000000000000, R15=0x0000000000000000
RIP=0x00007ffa5178d85e, EFLAGS=0x0000000000010213

Top of Stack: (sp=0x000000000a24cde0)
0x000000000a24cde0:   0000000000000598 0000000060d98fa0
0x000000000a24cdf0:   000000000a24d000 0000000060862ec6
0x000000000a24ce00:   0000000006cbace0 0000000060a48714
0x000000000a24ce10:   0000000006cbace0 00000000093c9000
0x000000000a24ce20:   0000000000000000 00000000091b31b0
0x000000000a24ce30:   000000000c6dd980 0000000060865edc
0x000000000a24ce40:   000000000a24ce98 000000000a24cfb0
0x000000000a24ce50:   000000000a24d000 00000000609c5b95
0x000000000a24ce60:   0000971e2274b2ce 000000000a24ce98
0x000000000a24ce70:   0000000000000004 0000000000000001
0x000000000a24ce80:   0000000006deda00 000000007ffe0372
0x000000000a24ce90:   0000000000000000 0000000000000000
0x000000000a24cea0:   00007ff6f1e1c000 00007ffa5178b254
0x000000000a24ceb0:   00000000093c9000 00007ffa4b13fc42
0x000000000a24cec0:   000000000c5862e8 0000000000000000
0x000000000a24ced0:   0000000000000000 0000000000000001 

Instructions: (pc=0x00007ffa5178d85e)
0x00007ffa5178d83e:   a8 01 0f 85 e0 00 00 00 8b c8 41 2b ce f0 0f b1
0x00007ffa5178d84e:   4b 08 75 e9 48 8b 03 45 33 f6 48 83 f8 ff 74 03
0x00007ffa5178d85e:   ff 40 24 41 bf 82 03 fe 7f 41 8a 0f 84 c9 0f 85
0x00007ffa5178d86e:   a0 fa 06 00 48 83 fe ff 0f 84 f5 fa 06 00 4c 8b 


Register to memory mapping:

RAX=0x0000000000000000 is an unknown value
RBX=0x000000000c5862e8 is an unknown value
RCX=0x00000000fffffffc is an unknown value
RDX=0x0000000000000598 is an unknown value
RSP=0x000000000a24cde0 is pointing into the stack for thread: 0x00000000093c9000
RBP=0x00007ff6f1e1c000 is an unknown value
RSI=0x0000000000000598 is an unknown value
RDI=0x0000000000000000 is an unknown value
R8 =0xffffffffffffffff is an unknown value
R9 =0x00007ff6f1e1c000 is an unknown value
R10=0x0000000000000000 is an unknown value
R11=0x0000000000000246 is an unknown value
R12=0x0000000000000000 is an unknown value
R13=0x0000000000000000 is an unknown value
R14=0x0000000000000000 is an unknown value
R15=0x0000000000000000 is an unknown value


Stack: [0x000000000a150000,0x000000000a250000],  sp=0x000000000a24cde0,  free space=1011k
Native frames: (J=compiled Java code, j=interpreted, Vv=VM code, C=native code)
C  [ntdll.dll+0x3d85e]
C  [ntdll.dll+0x3b254]
C  [libvlc.dll+0xe365]
C  [jna8690272165634117920.dll+0x176f3]
C  [jna8690272165634117920.dll+0xffe7]
C  [jna8690272165634117920.dll+0x3d1a]
C  [jna8690272165634117920.dll+0x4e97]
C  0x000000000f0251ae

Java frames: (J=compiled Java code, j=interpreted, Vv=VM code)
j  com.sun.jna.Native.invokeLong(JI[Ljava/lang/Object;)J+0
j  com.sun.jna.Function.invoke([Ljava/lang/Object;Ljava/lang/Class;Z)Ljava/lang/Object;+389
j  com.sun.jna.Function.invoke(Ljava/lang/Class;[Ljava/lang/Object;Ljava/util/Map;)Ljava/lang/Object;+214
j  com.sun.jna.Library$Handler.invoke(Ljava/lang/Object;Ljava/lang/reflect/Method;[Ljava/lang/Object;)Ljava/lang/Object;+341
j  com.sun.proxy.$Proxy0.libvlc_media_player_get_time(Luk/co/caprica/vlcj/binding/internal/libvlc_media_player_t;)J+16
j  uk.co.caprica.vlcj.player.DefaultMediaPlayer.getTime()J+17
j  simplevlc.Controls$1.lambda$positionChanged$7(F)V+30
j  simplevlc.Controls$1$$Lambda$26.run()V+8
j  com.sun.javafx.application.PlatformImpl$6$1.run()Ljava/lang/Void;+7
j  com.sun.javafx.application.PlatformImpl$6$1.run()Ljava/lang/Object;+1
v  ~StubRoutines::call_stub
J 1441  java.security.AccessController.doPrivileged(Ljava/security/PrivilegedAction;Ljava/security/AccessControlContext;)Ljava/lang/Object; (0 bytes) @ 0x000000000f4c28e6 [0x000000000f4c2880+0x66]
j  com.sun.javafx.application.PlatformImpl$6.run()V+12
J 1689 C1 com.sun.glass.ui.InvokeLaterDispatcher$Future.run()V (91 bytes) @ 0x000000000f54820c [0x000000000f548100+0x10c]
v  ~StubRoutines::call_stub
j  com.sun.glass.ui.win.WinApplication._runLoop(Ljava/lang/Runnable;)V+0
j  com.sun.glass.ui.win.WinApplication.access$300(Lcom/sun/glass/ui/win/WinApplication;Ljava/lang/Runnable;)V+2
j  com.sun.glass.ui.win.WinApplication$4$1.run()V+25
j  java.lang.Thread.run()V+11
v  ~StubRoutines::call_stub

---------------  P R O C E S S  ---------------

Java Threads: ( => current thread )
  0x000000000ca14800 JavaThread "Prism Font Disposer" daemon [_thread_blocked, id=3964, stack(0x000000000eef0000,0x000000000eff0000)]
  0x0000000009427800 JavaThread "Thread-3" daemon [_thread_in_native, id=4776, stack(0x000000000ba20000,0x000000000bb20000)]
  0x000000000940f800 JavaThread "JavaFX-Launcher" [_thread_blocked, id=5116, stack(0x000000000c470000,0x000000000c570000)]
=>0x00000000093c9000 JavaThread "JavaFX Application Thread" [_thread_in_native, id=7300, stack(0x000000000a150000,0x000000000a250000)]
  0x00000000093e2000 JavaThread "Thread-1" daemon [_thread_blocked, id=3768, stack(0x000000000a050000,0x000000000a150000)]
  0x0000000009369800 JavaThread "QuantumRenderer-0" daemon [_thread_blocked, id=2408, stack(0x0000000009d80000,0x0000000009e80000)]
  0x0000000009240800 JavaThread "Service Thread" daemon [_thread_blocked, id=120, stack(0x0000000009b80000,0x0000000009c80000)]
  0x00000000091b9000 JavaThread "C1 CompilerThread3" daemon [_thread_blocked, id=7136, stack(0x0000000009a80000,0x0000000009b80000)]
  0x00000000091ad800 JavaThread "C2 CompilerThread2" daemon [_thread_blocked, id=4724, stack(0x0000000009980000,0x0000000009a80000)]
  0x00000000091a7800 JavaThread "C2 CompilerThread1" daemon [_thread_blocked, id=5888, stack(0x0000000009880000,0x0000000009980000)]
  0x00000000091b4800 JavaThread "C2 CompilerThread0" daemon [_thread_blocked, id=5696, stack(0x0000000009780000,0x0000000009880000)]
  0x00000000091b1800 JavaThread "Attach Listener" daemon [_thread_blocked, id=7912, stack(0x0000000009680000,0x0000000009780000)]
  0x00000000091b0800 JavaThread "Signal Dispatcher" daemon [_thread_blocked, id=2756, stack(0x0000000009580000,0x0000000009680000)]
  0x00000000030e9800 JavaThread "Finalizer" daemon [_thread_blocked, id=2084, stack(0x0000000009080000,0x0000000009180000)]
  0x00000000030e0800 JavaThread "Reference Handler" daemon [_thread_blocked, id=1080, stack(0x0000000008f80000,0x0000000009080000)]
  0x0000000002fed800 JavaThread "main" [_thread_blocked, id=7752, stack(0x0000000002ee0000,0x0000000002fe0000)]

Other Threads:
  0x0000000007188800 VMThread [stack: 0x0000000008e80000,0x0000000008f80000] [id=7920]
  0x0000000009242800 WatcherThread [stack: 0x0000000009c80000,0x0000000009d80000] [id=4972]

VM state:not at safepoint (normal execution)

VM Mutex/Monitor currently owned by a thread: None

Heap:
 PSYoungGen      total 12800K, used 4050K [0x0000000717180000, 0x0000000718900000, 0x00000007c0000000)
  eden space 12288K, 30% used [0x0000000717180000,0x00000007175349f0,0x0000000717d80000)
  from space 512K, 50% used [0x0000000718880000,0x00000007188c0000,0x0000000718900000)
  to   space 3072K, 0% used [0x0000000718300000,0x0000000718300000,0x0000000718600000)
 ParOldGen       total 518656K, used 18992K [0x00000005c5400000, 0x00000005e4e80000, 0x0000000717180000)
  object space 518656K, 3% used [0x00000005c5400000,0x00000005c668c320,0x00000005e4e80000)
 Metaspace       used 15465K, capacity 15862K, committed 16128K, reserved 1062912K
  class space    used 2096K, capacity 2179K, committed 2304K, reserved 1048576K

Card table byte_map: [0x00000000034b0000,0x0000000004490000] byte_map_base: 0x0000000000686000

Marking Bits: (ParMarkBitMap*) 0x0000000060f813b0
 Begin Bits: [0x000000001e010000, 0x0000000025ec0000)
 End Bits:   [0x0000000025ec0000, 0x000000002dd70000)

Polling page: 0x0000000001250000

CodeCache: size=245760Kb used=5532Kb max_used=5532Kb free=240227Kb
 bounds [0x000000000f010000, 0x000000000f580000, 0x000000001e010000]
 total_blobs=2351 nmethods=1711 adapters=552
 compilation: enabled

Compilation events (10 events):
Event: 5.195 Thread 0x00000000091b9000 nmethod 1700 0x000000000f558990 code [0x000000000f558f80, 0x000000000f55d8f8]
Event: 5.199 Thread 0x00000000091b9000 1705       3       com.sun.jna.Pointer::setPointer (22 bytes)
Event: 5.199 Thread 0x00000000091b9000 nmethod 1705 0x000000000f55f350 code [0x000000000f55f4c0, 0x000000000f55f6a8]
Event: 5.213 Thread 0x00000000091b9000 1707       3       java.util.concurrent.locks.AbstractQueuedSynchronizer::transferForSignal (45 bytes)
Event: 5.214 Thread 0x00000000091b9000 nmethod 1707 0x000000000f55fb10 code [0x000000000f55fca0, 0x000000000f560158]
Event: 5.255 Thread 0x00000000091b9000 1708   !   3       com.sun.jna.Structure::writeField (460 bytes)
Event: 5.258 Thread 0x00000000091b9000 nmethod 1708 0x000000000f560310 code [0x000000000f560a40, 0x000000000f566c88]
Event: 5.278 Thread 0x00000000091b9000 1709       3       com.sun.jna.Function::convertArgument (896 bytes)
Event: 5.283 Thread 0x00000000091b9000 nmethod 1709 0x000000000f569b10 code [0x000000000f56a6e0, 0x000000000f5733d8]
Event: 5.325 Thread 0x00000000091b9000 1710       3       javafx.scene.Parent::requestLayout (10 bytes)

GC Heap History (10 events):
Event: 1.219 GC heap before
{Heap before GC invocations=8 (full 0):
 PSYoungGen      total 5120K, used 5049K [0x0000000717180000, 0x0000000717c80000, 0x00000007c0000000)
  eden space 4096K, 100% used [0x0000000717180000,0x0000000717580000,0x0000000717580000)
  from space 1024K, 93% used [0x0000000717580000,0x000000071766e6b0,0x0000000717680000)
  to   space 1536K, 0% used [0x0000000717b00000,0x0000000717b00000,0x0000000717c80000)
 ParOldGen       total 518656K, used 9130K [0x00000005c5400000, 0x00000005e4e80000, 0x0000000717180000)
  object space 518656K, 1% used [0x00000005c5400000,0x00000005c5ceabd8,0x00000005e4e80000)
 Metaspace       used 9074K, capacity 9262K, committed 9472K, reserved 1056768K
  class space    used 1168K, capacity 1220K, committed 1280K, reserved 1048576K
Event: 1.221 GC heap after
Heap after GC invocations=8 (full 0):
 PSYoungGen      total 9728K, used 1281K [0x0000000717180000, 0x0000000717c80000, 0x00000007c0000000)
  eden space 8192K, 0% used [0x0000000717180000,0x0000000717180000,0x0000000717980000)
  from space 1536K, 83% used [0x0000000717b00000,0x0000000717c404b8,0x0000000717c80000)
  to   space 1536K, 0% used [0x0000000717980000,0x0000000717980000,0x0000000717b00000)
 ParOldGen       total 518656K, used 9250K [0x00000005c5400000, 0x00000005e4e80000, 0x0000000717180000)
  object space 518656K, 1% used [0x00000005c5400000,0x00000005c5d08bd8,0x00000005e4e80000)
 Metaspace       used 9074K, capacity 9262K, committed 9472K, reserved 1056768K
  class space    used 1168K, capacity 1220K, committed 1280K, reserved 1048576K
}
Event: 1.361 GC heap before
{Heap before GC invocations=9 (full 0):
 PSYoungGen      total 9728K, used 9473K [0x0000000717180000, 0x0000000717c80000, 0x00000007c0000000)
  eden space 8192K, 100% used [0x0000000717180000,0x0000000717980000,0x0000000717980000)
  from space 1536K, 83% used [0x0000000717b00000,0x0000000717c404b8,0x0000000717c80000)
  to   space 1536K, 0% used [0x0000000717980000,0x0000000717980000,0x0000000717b00000)
 ParOldGen       total 518656K, used 9250K [0x00000005c5400000, 0x00000005e4e80000, 0x0000000717180000)
  object space 518656K, 1% used [0x00000005c5400000,0x00000005c5d08bd8,0x00000005e4e80000)
 Metaspace       used 11682K, capacity 11946K, committed 12160K, reserved 1060864K
  class space    used 1561K, capacity 1653K, committed 1664K, reserved 1048576K
Event: 1.364 GC heap after
Heap after GC invocations=9 (full 0):
 PSYoungGen      total 9728K, used 1504K [0x0000000717180000, 0x0000000718280000, 0x00000007c0000000)
  eden space 8192K, 0% used [0x0000000717180000,0x0000000717180000,0x0000000717980000)
  from space 1536K, 97% used [0x0000000717980000,0x0000000717af8040,0x0000000717b00000)
  to   space 2048K, 0% used [0x0000000718080000,0x0000000718080000,0x0000000718280000)
 ParOldGen       total 518656K, used 10583K [0x00000005c5400000, 0x00000005e4e80000, 0x0000000717180000)
  object space 518656K, 2% used [0x00000005c5400000,0x00000005c5e55df8,0x00000005e4e80000)
 Metaspace       used 11682K, capacity 11946K, committed 12160K, reserved 1060864K
  class space    used 1561K, capacity 1653K, committed 1664K, reserved 1048576K
}
Event: 1.606 GC heap before
{Heap before GC invocations=10 (full 0):
 PSYoungGen      total 9728K, used 9548K [0x0000000717180000, 0x0000000718280000, 0x00000007c0000000)
  eden space 8192K, 98% used [0x0000000717180000,0x000000071795b238,0x0000000717980000)
  from space 1536K, 97% used [0x0000000717980000,0x0000000717af8040,0x0000000717b00000)
  to   space 2048K, 0% used [0x0000000718080000,0x0000000718080000,0x0000000718280000)
 ParOldGen       total 518656K, used 10583K [0x00000005c5400000, 0x00000005e4e80000, 0x0000000717180000)
  object space 518656K, 2% used [0x00000005c5400000,0x00000005c5e55df8,0x00000005e4e80000)
 Metaspace       used 14895K, capacity 15198K, committed 15488K, reserved 1062912K
  class space    used 2058K, capacity 2137K, committed 2176K, reserved 1048576K
Event: 1.609 GC heap after
Heap after GC invocations=10 (full 0):
 PSYoungGen      total 14848K, used 1826K [0x0000000717180000, 0x0000000718380000, 0x00000007c0000000)
  eden space 12800K, 0% used [0x0000000717180000,0x0000000717180000,0x0000000717e00000)
  from space 2048K, 89% used [0x0000000718080000,0x0000000718248ad0,0x0000000718280000)
  to   space 2560K, 0% used [0x0000000717e00000,0x0000000717e00000,0x0000000718080000)
 ParOldGen       total 518656K, used 11095K [0x00000005c5400000, 0x00000005e4e80000, 0x0000000717180000)
  object space 518656K, 2% used [0x00000005c5400000,0x00000005c5ed5e38,0x00000005e4e80000)
 Metaspace       used 14895K, capacity 15198K, committed 15488K, reserved 1062912K
  class space    used 2058K, capacity 2137K, committed 2176K, reserved 1048576K
}
Event: 2.837 GC heap before
{Heap before GC invocations=11 (full 0):
 PSYoungGen      total 14848K, used 14626K [0x0000000717180000, 0x0000000718380000, 0x00000007c0000000)
  eden space 12800K, 100% used [0x0000000717180000,0x0000000717e00000,0x0000000717e00000)
  from space 2048K, 89% used [0x0000000718080000,0x0000000718248ad0,0x0000000718280000)
  to   space 2560K, 0% used [0x0000000717e00000,0x0000000717e00000,0x0000000718080000)
 ParOldGen       total 518656K, used 11095K [0x00000005c5400000, 0x00000005e4e80000, 0x0000000717180000)
  object space 518656K, 2% used [0x00000005c5400000,0x00000005c5ed5e38,0x00000005e4e80000)
 Metaspace       used 15220K, capacity 15542K, committed 15872K, reserved 1062912K
  class space    used 2095K, capacity 2179K, committed 2304K, reserved 1048576K
Event: 2.840 GC heap after
Heap after GC invocations=11 (full 0):
 PSYoungGen      total 15360K, used 2400K [0x0000000717180000, 0x0000000718b80000, 0x00000007c0000000)
  eden space 12800K, 0% used [0x0000000717180000,0x0000000717180000,0x0000000717e00000)
  from space 2560K, 93% used [0x0000000717e00000,0x0000000718058010,0x0000000718080000)
  to   space 3072K, 0% used [0x0000000718880000,0x0000000718880000,0x0000000718b80000)
 ParOldGen       total 518656K, used 14784K [0x00000005c5400000, 0x00000005e4e80000, 0x0000000717180000)
  object space 518656K, 2% used [0x00000005c5400000,0x00000005c6270300,0x00000005e4e80000)
 Metaspace       used 15220K, capacity 15542K, committed 15872K, reserved 1062912K
  class space    used 2095K, capacity 2179K, committed 2304K, reserved 1048576K
}
Event: 4.672 GC heap before
{Heap before GC invocations=12 (full 0):
 PSYoungGen      total 15360K, used 15200K [0x0000000717180000, 0x0000000718b80000, 0x00000007c0000000)
  eden space 12800K, 100% used [0x0000000717180000,0x0000000717e00000,0x0000000717e00000)
  from space 2560K, 93% used [0x0000000717e00000,0x0000000718058010,0x0000000718080000)
  to   space 3072K, 0% used [0x0000000718880000,0x0000000718880000,0x0000000718b80000)
 ParOldGen       total 518656K, used 14784K [0x00000005c5400000, 0x00000005e4e80000, 0x0000000717180000)
  object space 518656K, 2% used [0x00000005c5400000,0x00000005c6270300,0x00000005e4e80000)
 Metaspace       used 15393K, capacity 15798K, committed 16128K, reserved 1062912K
  class space    used 2095K, capacity 2179K, committed 2304K, reserved 1048576K
Event: 4.674 GC heap after
Heap after GC invocations=12 (full 0):
 PSYoungGen      total 12800K, used 256K [0x0000000717180000, 0x0000000718900000, 0x00000007c0000000)
  eden space 12288K, 0% used [0x0000000717180000,0x0000000717180000,0x0000000717d80000)
  from space 512K, 50% used [0x0000000718880000,0x00000007188c0000,0x0000000718900000)
  to   space 3072K, 0% used [0x0000000718300000,0x0000000718300000,0x0000000718600000)
 ParOldGen       total 518656K, used 18992K [0x00000005c5400000, 0x00000005e4e80000, 0x0000000717180000)
  object space 518656K, 3% used [0x00000005c5400000,0x00000005c668c320,0x00000005e4e80000)
 Metaspace       used 15393K, capacity 15798K, committed 16128K, reserved 1062912K
  class space    used 2095K, capacity 2179K, committed 2304K, reserved 1048576K
}

Deoptimization events (10 events):
Event: 1.328 Thread 0x00000000093c9000 Uncommon trap: reason=unreached action=reinterpret pc=0x000000000f281b24 method=java.util.HashMap.getNode(ILjava/lang/Object;)Ljava/util/HashMap$Node; @ 84
Event: 1.328 Thread 0x00000000093c9000 Uncommon trap: reason=unreached action=reinterpret pc=0x000000000f27ea48 method=java.util.HashMap.getNode(ILjava/lang/Object;)Ljava/util/HashMap$Node; @ 84
Event: 1.439 Thread 0x00000000093c9000 Uncommon trap: reason=class_check action=maybe_recompile pc=0x000000000f30c5f8 method=java.io.DataInputStream.readShort()S @ 4
Event: 1.439 Thread 0x00000000093c9000 Uncommon trap: reason=class_check action=maybe_recompile pc=0x000000000f30c5f8 method=java.io.DataInputStream.readShort()S @ 4
Event: 1.440 Thread 0x00000000093c9000 Uncommon trap: reason=class_check action=maybe_recompile pc=0x000000000f30c5f8 method=java.io.DataInputStream.readShort()S @ 4
Event: 1.440 Thread 0x00000000093c9000 Uncommon trap: reason=class_check action=maybe_recompile pc=0x000000000f30c5f8 method=java.io.DataInputStream.readShort()S @ 4
Event: 1.444 Thread 0x00000000093c9000 Uncommon trap: reason=class_check action=maybe_recompile pc=0x000000000f137094 method=java.lang.String.equals(Ljava/lang/Object;)Z @ 8
Event: 1.444 Thread 0x00000000093c9000 Uncommon trap: reason=class_check action=maybe_recompile pc=0x000000000f137094 method=java.lang.String.equals(Ljava/lang/Object;)Z @ 8
Event: 1.454 Thread 0x00000000093c9000 Uncommon trap: reason=class_check action=maybe_recompile pc=0x000000000f137094 method=java.lang.String.equals(Ljava/lang/Object;)Z @ 8
Event: 1.454 Thread 0x00000000093c9000 Uncommon trap: reason=class_check action=maybe_recompile pc=0x000000000f137094 method=java.lang.String.equals(Ljava/lang/Object;)Z @ 8

Internal exceptions (10 events):
Event: 1.539 Thread 0x000000000cc96800 Exception <a 'java/security/PrivilegedActionException'> (0x00000007178a25c8) thrown at [D:\re\workspace\8-2-build-windows-amd64-cygwin\jdk8u5\2488\hotspot\src\share\vm\prims\jvm.cpp, line 1248]
Event: 1.541 Thread 0x000000000cc96800 Exception <a 'java/security/PrivilegedActionException'> (0x00000007178bdcd0) thrown at [D:\re\workspace\8-2-build-windows-amd64-cygwin\jdk8u5\2488\hotspot\src\share\vm\prims\jvm.cpp, line 1248]
Event: 1.621 Thread 0x000000000cc88800 Exception <a 'java/security/PrivilegedActionException'> (0x00000007173e83e0) thrown at [D:\re\workspace\8-2-build-windows-amd64-cygwin\jdk8u5\2488\hotspot\src\share\vm\prims\jvm.cpp, line 1248]
Event: 1.633 Thread 0x000000000cc88800 Exception <a 'java/security/PrivilegedActionException'> (0x0000000717419d30) thrown at [D:\re\workspace\8-2-build-windows-amd64-cygwin\jdk8u5\2488\hotspot\src\share\vm\prims\jvm.cpp, line 1248]
Event: 1.670 Thread 0x000000000cc75800 Exception <a 'java/security/PrivilegedActionException'> (0x0000000717483678) thrown at [D:\re\workspace\8-2-build-windows-amd64-cygwin\jdk8u5\2488\hotspot\src\share\vm\prims\jvm.cpp, line 1248]
Event: 1.672 Thread 0x000000000cc75800 Exception <a 'java/security/PrivilegedActionException'> (0x00000007174d6d90) thrown at [D:\re\workspace\8-2-build-windows-amd64-cygwin\jdk8u5\2488\hotspot\src\share\vm\prims\jvm.cpp, line 1248]
Event: 1.713 Thread 0x000000000cb93000 Exception <a 'java/security/PrivilegedActionException'> (0x0000000717703e48) thrown at [D:\re\workspace\8-2-build-windows-amd64-cygwin\jdk8u5\2488\hotspot\src\share\vm\prims\jvm.cpp, line 1248]
Event: 1.738 Thread 0x000000000cb93000 Exception <a 'java/security/PrivilegedActionException'> (0x0000000717732c50) thrown at [D:\re\workspace\8-2-build-windows-amd64-cygwin\jdk8u5\2488\hotspot\src\share\vm\prims\jvm.cpp, line 1248]
Event: 1.935 Thread 0x000000000cb95000 Exception <a 'java/security/PrivilegedActionException'> (0x00000007177efac8) thrown at [D:\re\workspace\8-2-build-windows-amd64-cygwin\jdk8u5\2488\hotspot\src\share\vm\prims\jvm.cpp, line 1248]
Event: 1.936 Thread 0x000000000cb95000 Exception <a 'java/security/PrivilegedActionException'> (0x0000000717805160) thrown at [D:\re\workspace\8-2-build-windows-amd64-cygwin\jdk8u5\2488\hotspot\src\share\vm\prims\jvm.cpp, line 1248]

Events (10 events):
Event: 5.283 Thread 0x000000000cb19800 Thread exited: 0x000000000cb19800
Event: 5.298 Thread 0x000000000cb1a800 Thread added: 0x000000000cb1a800
Event: 5.298 Thread 0x000000000cb1a800 Thread exited: 0x000000000cb1a800
Event: 5.298 Thread 0x000000000cb18000 Thread added: 0x000000000cb18000
Event: 5.298 Thread 0x000000000cb18000 Thread exited: 0x000000000cb18000
Event: 5.320 Thread 0x000000000cb17800 Thread added: 0x000000000cb17800
Event: 5.321 Thread 0x000000000cb17800 Thread exited: 0x000000000cb17800
Event: 5.321 Thread 0x000000000cc4a000 Thread exited: 0x000000000cc4a000
Event: 5.323 loading class com/sun/javafx/tk/quantum/QuantumRenderer$4
Event: 5.323 loading class com/sun/javafx/tk/quantum/QuantumRenderer$4 done


Dynamic libraries:
0x00007ff6f2320000 - 0x00007ff6f2354000 	C:\Program Files\Java\jdk1.8.0_05\jre\bin\java.exe
0x00007ffa51750000 - 0x00007ffa518fc000 	C:\WINDOWS\SYSTEM32\ntdll.dll
0x00007ffa4f7a0000 - 0x00007ffa4f8de000 	C:\WINDOWS\system32\KERNEL32.DLL
0x00007ffa4e9d0000 - 0x00007ffa4eae5000 	C:\WINDOWS\system32\KERNELBASE.dll
0x00007ffa4d3d0000 - 0x00007ffa4d45e000 	C:\WINDOWS\system32\apphelp.dll
0x00007ffa4c690000 - 0x00007ffa4c6e3000 	C:\WINDOWS\AppPatch\AppPatch64\AcGenral.DLL
0x00007ffa4edd0000 - 0x00007ffa4ee7a000 	C:\WINDOWS\system32\msvcrt.dll
0x00007ffa4e620000 - 0x00007ffa4e64e000 	C:\WINDOWS\SYSTEM32\SspiCli.dll
0x00007ffa516f0000 - 0x00007ffa51744000 	C:\WINDOWS\system32\SHLWAPI.dll
0x00007ffa51570000 - 0x00007ffa516e7000 	C:\WINDOWS\system32\USER32.dll
0x00007ffa513d0000 - 0x00007ffa51564000 	C:\WINDOWS\system32\ole32.dll
0x00007ffa4f950000 - 0x00007ffa50e68000 	C:\WINDOWS\system32\SHELL32.dll
0x00007ffa4ddf0000 - 0x00007ffa4de11000 	C:\WINDOWS\SYSTEM32\USERENV.dll
0x00007ffa4f500000 - 0x00007ffa4f5aa000 	C:\WINDOWS\system32\ADVAPI32.dll
0x00007ffa41320000 - 0x00007ffa4133e000 	C:\WINDOWS\SYSTEM32\MPR.dll
0x00007ffa4ee90000 - 0x00007ffa4efd1000 	C:\WINDOWS\system32\RPCRT4.dll
0x00007ffa51210000 - 0x00007ffa51269000 	C:\WINDOWS\SYSTEM32\sechost.dll
0x00007ffa4f0c0000 - 0x00007ffa4f2d1000 	C:\WINDOWS\SYSTEM32\combase.dll
0x00007ffa51270000 - 0x00007ffa513c1000 	C:\WINDOWS\system32\GDI32.dll
0x00007ffa4e8a0000 - 0x00007ffa4e8b5000 	C:\WINDOWS\SYSTEM32\profapi.dll
0x00007ffa4d310000 - 0x00007ffa4d3c2000 	C:\WINDOWS\SYSTEM32\SHCORE.dll
0x00007ffa511d0000 - 0x00007ffa51206000 	C:\WINDOWS\system32\IMM32.DLL
0x00007ffa51070000 - 0x00007ffa511c2000 	C:\WINDOWS\system32\MSCTF.dll
0x00007ffa4c620000 - 0x00007ffa4c651000 	C:\Windows\system32\nvinitx.dll
0x00007ffa4e840000 - 0x00007ffa4e84a000 	C:\WINDOWS\SYSTEM32\VERSION.dll
0x000000000f000000 - 0x000000000f006000 	C:\Program Files\NVIDIA Corporation\CoProcManager\_etoured.dll
0x00007ffa4c5e0000 - 0x00007ffa4c611000 	C:\Program Files\NVIDIA Corporation\CoProcManager\nvd3d9wrapx.dll
0x00007ffa50e80000 - 0x00007ffa5105a000 	C:\WINDOWS\system32\SETUPAPI.dll
0x00007ffa4eaf0000 - 0x00007ffa4eb3f000 	C:\WINDOWS\system32\CFGMGR32.dll
0x00007ffa4c5b0000 - 0x00007ffa4c5d2000 	C:\Program Files\NVIDIA Corporation\CoProcManager\nvdxgiwrapx.dll
0x00007ffa4c8e0000 - 0x00007ffa4cb5a000 	C:\WINDOWS\WinSxS\amd64_microsoft.windows.common-controls_6595b64144ccf1df_6.0.9600.17810_none_6240b9c7ecbd0bda\COMCTL32.dll
0x00000000606f0000 - 0x00000000607c2000 	C:\Program Files\Java\jdk1.8.0_05\jre\bin\msvcr100.dll
0x00000000607d0000 - 0x0000000060ffa000 	C:\Program Files\Java\jdk1.8.0_05\jre\bin\server\jvm.dll
0x00007ffa2e160000 - 0x00007ffa2e169000 	C:\WINDOWS\SYSTEM32\WSOCK32.dll
0x00007ffa4c480000 - 0x00007ffa4c4a2000 	C:\WINDOWS\SYSTEM32\WINMM.dll
0x00007ffa50e70000 - 0x00007ffa50e77000 	C:\WINDOWS\system32\PSAPI.DLL
0x00007ffa4f5b0000 - 0x00007ffa4f60a000 	C:\WINDOWS\system32\WS2_32.dll
0x00007ffa4c290000 - 0x00007ffa4c2ba000 	C:\WINDOWS\SYSTEM32\WINMMBASE.dll
0x00007ffa4f2e0000 - 0x00007ffa4f2e9000 	C:\WINDOWS\system32\NSI.dll
0x00007ffa4d670000 - 0x00007ffa4d698000 	C:\WINDOWS\SYSTEM32\DEVOBJ.dll
0x0000000063250000 - 0x000000006325f000 	C:\Program Files\Java\jdk1.8.0_05\jre\bin\verify.dll
0x0000000060680000 - 0x00000000606a8000 	C:\Program Files\Java\jdk1.8.0_05\jre\bin\java.dll
0x0000000060660000 - 0x0000000060676000 	C:\Program Files\Java\jdk1.8.0_05\jre\bin\zip.dll
0x0000000060340000 - 0x000000006036b000 	C:\Program Files\Java\jdk1.8.0_05\jre\bin\prism_d3d.dll
0x00007ffa453c0000 - 0x00007ffa455e1000 	C:\WINDOWS\system32\d3d9.dll
0x00007ffa4cba0000 - 0x00007ffa4cbc1000 	C:\WINDOWS\SYSTEM32\dwmapi.dll
0x0000000009e80000 - 0x0000000009ed1000 	C:\WINDOWS\system32\WINTRUST.dll
0x00007ffa4eb40000 - 0x00007ffa4ed1f000 	C:\WINDOWS\system32\CRYPT32.dll
0x00007ffa4e950000 - 0x00007ffa4e961000 	C:\WINDOWS\system32\MSASN1.dll
0x00007ffa4d4c0000 - 0x00007ffa4d5e9000 	C:\WINDOWS\system32\uxtheme.dll
0x00007ffa414c0000 - 0x00007ffa415d6000 	C:\WINDOWS\SYSTEM32\nvumdshimx.dll
0x00007ffa23e60000 - 0x00007ffa248d0000 	C:\WINDOWS\system32\igdumdim64.dll
0x00007ffa49670000 - 0x00007ffa49ad2000 	C:\WINDOWS\SYSTEM32\igdusc64.dll
0x0000000060300000 - 0x000000006033f000 	C:\Program Files\Java\jdk1.8.0_05\jre\bin\glass.dll
0x00007ffa4f610000 - 0x00007ffa4f6c6000 	C:\WINDOWS\system32\COMDLG32.dll
0x00007ffa4f6d0000 - 0x00007ffa4f791000 	C:\WINDOWS\system32\OLEAUT32.dll
0x0000000070fc0000 - 0x0000000070fcd000 	C:\Program Files (x86)\WinSplit Revolution\WinSplitHook64.DLL
0x00007ffa4d640000 - 0x00007ffa4d64b000 	C:\WINDOWS\SYSTEM32\kernel.appcore.dll
0x00007ffa4e7c0000 - 0x00007ffa4e7cb000 	C:\WINDOWS\SYSTEM32\CRYPTBASE.dll
0x00007ffa4e650000 - 0x00007ffa4e6b3000 	C:\WINDOWS\SYSTEM32\bcryptPrimitives.dll
0x00007ffa26e70000 - 0x00007ffa2709f000 	C:\Program Files\Acer\Acer Power Management\SysHook.dll
0x00007ffa4c470000 - 0x00007ffa4c477000 	C:\WINDOWS\SYSTEM32\MSIMG32.dll
0x00007ffa4bdd0000 - 0x00007ffa4be52000 	C:\WINDOWS\SYSTEM32\WINSPOOL.DRV
0x00007ffa4bf80000 - 0x00007ffa4c130000 	C:\WINDOWS\WinSxS\amd64_microsoft.windows.gdiplus_6595b64144ccf1df_1.1.9600.17415_none_932b3b5547500489\gdiplus.dll
0x00007ffa4bd60000 - 0x00007ffa4bdca000 	C:\WINDOWS\SYSTEM32\OLEACC.dll
0x00007ffa4e0c0000 - 0x00007ffa4e0e0000 	C:\WINDOWS\SYSTEM32\CRYPTSP.dll
0x00007ffa4dce0000 - 0x00007ffa4dd16000 	C:\WINDOWS\system32\rsaenh.dll
0x00007ffa4e310000 - 0x00007ffa4e336000 	C:\WINDOWS\SYSTEM32\bcrypt.dll
0x0000000060640000 - 0x000000006065a000 	C:\Program Files\Java\jdk1.8.0_05\jre\bin\net.dll
0x00007ffa4e060000 - 0x00007ffa4e0b9000 	C:\WINDOWS\system32\mswsock.dll
0x00007ffa488d0000 - 0x00007ffa488fa000 	C:\WINDOWS\SYSTEM32\IPHLPAPI.DLL
0x00007ffa488b0000 - 0x00007ffa488ba000 	C:\WINDOWS\SYSTEM32\WINNSI.DLL
0x00007ffa48420000 - 0x00007ffa48436000 	C:\WINDOWS\SYSTEM32\dhcpcsvc6.DLL
0x00007ffa48570000 - 0x00007ffa4858a000 	C:\WINDOWS\SYSTEM32\dhcpcsvc.DLL
0x0000000060620000 - 0x0000000060631000 	C:\Program Files\Java\jdk1.8.0_05\jre\bin\nio.dll
0x00007ffa4b130000 - 0x00007ffa4b167000 	C:\Users\kristof\AppData\Local\Temp\jna-kristof\jna8690272165634117920.dll
0x00000000602d0000 - 0x00000000602fd000 	C:\Program Files\VideoLAN\VLC\libvlc.dll
0x0000000060020000 - 0x00000000602cc000 	C:\Program Files\VideoLAN\VLC\libvlccore.dll
0x0000000060000000 - 0x0000000060014000 	C:\Program Files\VideoLAN\VLC\plugins\audio_output\libdirectsound_plugin.dll
0x000000005ffe0000 - 0x000000005fff3000 	C:\Program Files\VideoLAN\VLC\plugins\audio_output\libwaveout_plugin.dll
0x000000005fe60000 - 0x000000005ffd4000 	C:\Program Files\VideoLAN\VLC\plugins\misc\libxml_plugin.dll
0x000000005fe40000 - 0x000000005fe5f000 	C:\Program Files\VideoLAN\VLC\plugins\video_output\libdirect3d_plugin.dll
0x000000005fe20000 - 0x000000005fe3d000 	C:\Program Files\VideoLAN\VLC\plugins\video_output\libdirectdraw_plugin.dll
0x00007ffa2fc40000 - 0x00007ffa2fcdd000 	C:\WINDOWS\SYSTEM32\DSOUND.DLL
0x00007ffa4e7f0000 - 0x00007ffa4e836000 	C:\WINDOWS\SYSTEM32\POWRPROF.dll
0x00007ffa4efe0000 - 0x00007ffa4f096000 	C:\WINDOWS\SYSTEM32\clbcatq.dll
0x00007ffa4bf10000 - 0x00007ffa4bf80000 	C:\WINDOWS\System32\MMDevApi.dll
0x00007ffa4b560000 - 0x00007ffa4b70e000 	C:\WINDOWS\SYSTEM32\WindowsCodecs.dll
0x00007ffa49220000 - 0x00007ffa4924e000 	C:\Program Files\Common Files\Microsoft Shared\Ink\rtscom.dll
0x000000005fe00000 - 0x000000005fe13000 	C:\Program Files\Java\jdk1.8.0_05\jre\bin\javafx_font.dll
0x00007ffa4ae70000 - 0x00007ffa4b05d000 	C:\WINDOWS\SYSTEM32\dwrite.dll
0x000000005fb90000 - 0x000000005fdf8000 	C:\Program Files\VideoLAN\VLC\plugins\access\liblibbluray_plugin.dll
0x000000005fb60000 - 0x000000005fb86000 	C:\Program Files\VideoLAN\VLC\plugins\access\libaccess_bd_plugin.dll
0x000000005fb10000 - 0x000000005fb5b000 	C:\Program Files\VideoLAN\VLC\plugins\access\libdvdnav_plugin.dll
0x000000005faf0000 - 0x000000005fb0f000 	C:\Program Files\VideoLAN\VLC\plugins\access\libvdr_plugin.dll
0x000000005fad0000 - 0x000000005fae8000 	C:\Program Files\VideoLAN\VLC\plugins\access\libfilesystem_plugin.dll
0x000000005fab0000 - 0x000000005facb000 	C:\Program Files\VideoLAN\VLC\plugins\stream_filter\libsmooth_plugin.dll
0x000000005fa00000 - 0x000000005faae000 	C:\Program Files\VideoLAN\VLC\plugins\stream_filter\libhttplive_plugin.dll
0x000000005f9d0000 - 0x000000005f9fb000 	C:\Program Files\VideoLAN\VLC\plugins\access\libzip_plugin.dll
0x000000005f9b0000 - 0x000000005f9c6000 	C:\Program Files\VideoLAN\VLC\plugins\access\librar_plugin.dll
0x000000005f9a0000 - 0x000000005f9af000 	C:\Program Files\VideoLAN\VLC\plugins\stream_filter\librecord_plugin.dll
0x000000005f950000 - 0x000000005f992000 	C:\Program Files\VideoLAN\VLC\plugins\demux\libmp4_plugin.dll
0x000000005f930000 - 0x000000005f941000 	C:\Program Files\Java\jdk1.8.0_05\jre\bin\prism_common.dll
0x000000005f8d0000 - 0x000000005f929000 	C:\Program Files\VideoLAN\VLC\plugins\codec\libjpeg_plugin.dll
0x000000005f8b0000 - 0x000000005f8c1000 	C:\Program Files\VideoLAN\VLC\plugins\codec\libcdg_plugin.dll
0x000000005f850000 - 0x000000005f8ae000 	C:\Program Files\VideoLAN\VLC\plugins\codec\libpng_plugin.dll
0x000000005f6d0000 - 0x000000005f84b000 	C:\Program Files\VideoLAN\VLC\plugins\codec\libschroedinger_plugin.dll
0x000000005f5f0000 - 0x000000005f6c5000 	C:\Program Files\VideoLAN\VLC\plugins\codec\libvorbis_plugin.dll
0x000000005f590000 - 0x000000005f5ea000 	C:\Program Files\VideoLAN\VLC\plugins\codec\libtheora_plugin.dll
0x000000005f570000 - 0x000000005f581000 	C:\Program Files\VideoLAN\VLC\plugins\codec\libdts_plugin.dll
0x000000005f550000 - 0x000000005f565000 	C:\Program Files\VideoLAN\VLC\plugins\codec\libaraw_plugin.dll
0x000000005f530000 - 0x000000005f547000 	C:\Program Files\VideoLAN\VLC\plugins\codec\libsubstx3g_plugin.dll
0x000000005f4b0000 - 0x000000005f524000 	C:\Program Files\VideoLAN\VLC\plugins\codec\libflac_plugin.dll
0x000000005f490000 - 0x000000005f4a3000 	C:\Program Files\VideoLAN\VLC\plugins\codec\libg711_plugin.dll
0x000000005f480000 - 0x000000005f490000 	C:\Program Files\VideoLAN\VLC\plugins\codec\libaes3_plugin.dll
0x000000005f440000 - 0x000000005f479000 	C:\Program Files\VideoLAN\VLC\plugins\codec\libspeex_plugin.dll
0x000000005f270000 - 0x000000005f435000 	C:\Program Files\VideoLAN\VLC\plugins\codec\liblibass_plugin.dll
0x000000005f200000 - 0x000000005f26f000 	C:\Program Files\VideoLAN\VLC\plugins\codec\libfaad_plugin.dll
0x000000005f1e0000 - 0x000000005f1f1000 	C:\Program Files\VideoLAN\VLC\plugins\codec\liba52_plugin.dll
0x000000005f1d0000 - 0x000000005f1e0000 	C:\Program Files\VideoLAN\VLC\plugins\codec\libmpeg_audio_plugin.dll
0x000000005f1b0000 - 0x000000005f1c1000 	C:\Program Files\VideoLAN\VLC\plugins\codec\liblpcm_plugin.dll
0x000000005f130000 - 0x000000005f1a8000 	C:\Program Files\VideoLAN\VLC\plugins\codec\libopus_plugin.dll
0x000000005f100000 - 0x000000005f129000 	C:\Program Files\VideoLAN\VLC\plugins\codec\libdvbsub_plugin.dll
0x000000005f0e0000 - 0x000000005f0f1000 	C:\Program Files\VideoLAN\VLC\plugins\codec\libspudec_plugin.dll
0x000000005dc40000 - 0x000000005f0df000 	C:\Program Files\VideoLAN\VLC\plugins\codec\libavcodec_plugin.dll
0x000000005dbe0000 - 0x000000005dc3c000 	C:\Program Files\VideoLAN\VLC\plugins\lua\liblua_plugin.dll
0x000000005daf0000 - 0x000000005dbd3000 	C:\Program Files\VideoLAN\VLC\plugins\text_renderer\libfreetype_plugin.dll
0x00007ffa420e0000 - 0x00007ffa4215e000 	C:\WINDOWS\SYSTEM32\AUDIOSES.DLL

VM Arguments:
jvm_args: -Dfile.encoding=UTF-8 
java_command: C:\Users\kristof\Documents\NetBeansProjects\VLCPlayer\dist\run250080217\VLCPlayer.jar
java_class_path (initial): C:\Users\kristof\Documents\NetBeansProjects\VLCPlayer\dist\run250080217\VLCPlayer.jar
Launcher Type: SUN_STANDARD

Environment Variables:
CLASSPATH=.;C:\Program Files (x86)\Java\jre7\lib\ext\QTJava.zip
PATH=C:\ProgramData\Oracle\Java\javapath;C:\Program Files (x86)\Common Files\Intel\Shared Libraries\redist\intel64\compiler;C:\Program Files (x86)\Common Files\Intel\Shared Libraries\redist\ia32\compiler;C:\Program Files (x86)\Haskell\bin;C:\Program Files (x86)\Haskell Platform\2013.2.0.0\lib\extralibs\bin;C:\Program Files (x86)\Haskell Platform\2013.2.0.0\bin;C:\Program Files (x86)\Intel\iCLS Client\;C:\Program Files\Intel\iCLS Client\;C:\Windows\system32;C:\Windows;C:\Windows\System32\Wbem;C:\Windows\System32\WindowsPowerShell\v1.0\;C:\Program Files (x86)\Intel\OpenCL SDK\3.0\bin\x86;C:\Program Files (x86)\Intel\OpenCL SDK\3.0\bin\x64;C:\Program Files (x86)\QuickTime\QTSystem\;C:\Program Files (x86)\Haskell Platform\2013.2.0.0\mingw\bin;C:\Program Files (x86)\MiKTeX 2.9\miktex\bin\;D:\strawberry\c\bin;D:\strawberry\perl\site\bin;D:\strawberry\perl\bin;C:\Program Files\Microsoft SQL Server\110\Tools\Binn\;C:\WINDOWS\system32;C:\WINDOWS;C:\WINDOWS\System32\Wbem;C:\WINDOWS\System32\WindowsPowerShell\v1.0\;C:\Program Files\Microsoft\Web Platform Installer\;D:\matlab\R2014b\runtime\win64;D:\matlab\R2014b\bin;D:\matlab\R2014b\polyspace\bin;C:\Program Files (x86)\Skype\Phone\;C:\Program Files\Intel\Intel(R) Management Engine Components\DAL;C:\Program Files\Intel\Intel(R) Management Engine Components\IPT;C:\Program Files (x86)\Intel\Intel(R) Management Engine Components\DAL;C:\Program Files (x86)\Intel\Intel(R) Management Engine Components\IPT;C:\Program Files (x86)\Windows Kits\8.1\Windows Performance Toolkit\;C:\Program Files (x86)\Microsoft SDKs\TypeScript\1.0\;C:\Program Files\Microsoft SQL Server\120\Tools\Binn\;C:\Program Files (x86)\NVIDIA Corporation\PhysX\Common;C:\Users\kristof\AppData\Roaming\cabal\bin
USERNAME=kristof
OS=Windows_NT
PROCESSOR_IDENTIFIER=Intel64 Family 6 Model 60 Stepping 3, GenuineIntel



---------------  S Y S T E M  ---------------

OS: Windows 8.1 , 64 bit Build 9600 

CPU:total 8 (4 cores per cpu, 2 threads per core) family 6 model 60 stepping 3, cmov, cx8, fxsr, mmx, sse, sse2, sse3, ssse3, sse4.1, sse4.2, popcnt, avx, avx2, aes, clmul, erms, ht, tsc, tscinvbit

Memory: 4k page, physical 33202460k(28020264k free), swap 38183196k(31731048k free)

vm_info: Java HotSpot(TM) 64-Bit Server VM (25.5-b02) for windows-amd64 JRE (1.8.0_05-b13), built on Mar 18 2014 01:08:39 by "java_re" with MS VC++ 10.0 (VS2010)

time: Sat Jul 11 21:40:36 2015
elapsed time: 5 seconds

