#
# A fatal error has been detected by the Java Runtime Environment:
#
#  EXCEPTION_ACCESS_VIOLATION (0xc0000005) at pc=0x00007ffa5178d85e, pid=7324, tid=6768
#
# JRE version: Java(TM) SE Runtime Environment (8.0_05-b13) (build 1.8.0_05-b13)
# Java VM: Java HotSpot(TM) 64-Bit Server VM (25.5-b02 mixed mode windows-amd64 compressed oops)
# Problematic frame:
# C  [ntdll.dll+0x3d85e]
#
# Failed to write core dump. Minidumps are not enabled by default on client versions of Windows
#
# If you would like to submit a bug report, please visit:
#   http://bugreport.sun.com/bugreport/crash.jsp
# The crash happened outside the Java Virtual Machine in native code.
# See problematic frame for where to report the bug.
#

---------------  T H R E A D  ---------------

Current thread (0x0000000009301000):  JavaThread "JavaFX Application Thread" [_thread_in_native, id=6768, stack(0x000000000a0c0000,0x000000000a1c0000)]

siginfo: ExceptionCode=0xc0000005, writing address 0x0000000000000024

Registers:
RAX=0x0000000000000000, RBX=0x000000000c4b62e8, RCX=0x00000000fffffffc, RDX=0x0000000000000568
RSP=0x000000000a1bd120, RBP=0x00007ff6f175a000, RSI=0x0000000000000568, RDI=0x0000000000000000
R8 =0xffffffffffffffff, R9 =0x00007ff6f175a000, R10=0x0000000000000000, R11=0x0000000000000246
R12=0x0000000000000000, R13=0x0000000000000000, R14=0x0000000000000000, R15=0x0000000000000000
RIP=0x00007ffa5178d85e, EFLAGS=0x0000000000010213

Top of Stack: (sp=0x000000000a1bd120)
0x000000000a1bd120:   0000000000000568 00000005c5e7ec78
0x000000000a1bd130:   0000000009301000 00000000092d8010
0x000000000a1bd140:   000000000d5ee148 00000005c5f7ea88
0x000000000a1bd150:   000000000a1bdaa0 000000000f4cb066
0x000000000a1bd160:   0000000000000000 000000000a1bd2c0
0x000000000a1bd170:   000000000a1bd438 0000000060e573d9
0x000000000a1bd180:   000000000a1bd210 0000000009301000
0x000000000a1bd190:   0000000009293560 00000000090b9790
0x000000000a1bd1a0:   00008cb4da5dea8a 00000000090b9878
0x000000000a1bd1b0:   0000000000000004 0000000000000001
0x000000000a1bd1c0:   0000000006cfda00 000000007ffe0372
0x000000000a1bd1d0:   0000000000000000 0000000000000000
0x000000000a1bd1e0:   00007ff6f175a000 00007ffa5178b254
0x000000000a1bd1f0:   0000000009301000 00007ffa4396fc42
0x000000000a1bd200:   000000000c4b62e8 0000000060fe8c52
0x000000000a1bd210:   0000000000000000 0000000000000012 

Instructions: (pc=0x00007ffa5178d85e)
0x00007ffa5178d83e:   a8 01 0f 85 e0 00 00 00 8b c8 41 2b ce f0 0f b1
0x00007ffa5178d84e:   4b 08 75 e9 48 8b 03 45 33 f6 48 83 f8 ff 74 03
0x00007ffa5178d85e:   ff 40 24 41 bf 82 03 fe 7f 41 8a 0f 84 c9 0f 85
0x00007ffa5178d86e:   a0 fa 06 00 48 83 fe ff 0f 84 f5 fa 06 00 4c 8b 


Register to memory mapping:

RAX=0x0000000000000000 is an unknown value
RBX=0x000000000c4b62e8 is an unknown value
RCX=0x00000000fffffffc is an unknown value
RDX=0x0000000000000568 is an unknown value
RSP=0x000000000a1bd120 is pointing into the stack for thread: 0x0000000009301000
RBP=0x00007ff6f175a000 is an unknown value
RSI=0x0000000000000568 is an unknown value
RDI=0x0000000000000000 is an unknown value
R8 =0xffffffffffffffff is an unknown value
R9 =0x00007ff6f175a000 is an unknown value
R10=0x0000000000000000 is an unknown value
R11=0x0000000000000246 is an unknown value
R12=0x0000000000000000 is an unknown value
R13=0x0000000000000000 is an unknown value
R14=0x0000000000000000 is an unknown value
R15=0x0000000000000000 is an unknown value


Stack: [0x000000000a0c0000,0x000000000a1c0000],  sp=0x000000000a1bd120,  free space=1012k
Native frames: (J=compiled Java code, j=interpreted, Vv=VM code, C=native code)
C  [ntdll.dll+0x3d85e]
C  [ntdll.dll+0x3b254]
C  [libvlc.dll+0xe365]
C  [jna7798174496174417905.dll+0x176f3]
C  [jna7798174496174417905.dll+0xffe7]
C  [jna7798174496174417905.dll+0x3d1a]
C  [jna7798174496174417905.dll+0x4e97]
C  0x000000000f0251ae

Java frames: (J=compiled Java code, j=interpreted, Vv=VM code)
j  com.sun.jna.Native.invokeLong(JI[Ljava/lang/Object;)J+0
j  com.sun.jna.Function.invoke([Ljava/lang/Object;Ljava/lang/Class;Z)Ljava/lang/Object;+389
j  com.sun.jna.Function.invoke(Ljava/lang/Class;[Ljava/lang/Object;Ljava/util/Map;)Ljava/lang/Object;+214
j  com.sun.jna.Library$Handler.invoke(Ljava/lang/Object;Ljava/lang/reflect/Method;[Ljava/lang/Object;)Ljava/lang/Object;+341
j  com.sun.proxy.$Proxy0.libvlc_media_player_get_time(Luk/co/caprica/vlcj/binding/internal/libvlc_media_player_t;)J+16
j  uk.co.caprica.vlcj.player.DefaultMediaPlayer.getTime()J+17
j  simplevlc.Controls$1.lambda$positionChanged$7(F)V+30
j  simplevlc.Controls$1$$Lambda$25.run()V+8
j  com.sun.javafx.application.PlatformImpl$6$1.run()Ljava/lang/Void;+7
j  com.sun.javafx.application.PlatformImpl$6$1.run()Ljava/lang/Object;+1
v  ~StubRoutines::call_stub
J 1448  java.security.AccessController.doPrivileged(Ljava/security/PrivilegedAction;Ljava/security/AccessControlContext;)Ljava/lang/Object; (0 bytes) @ 0x000000000f4cb066 [0x000000000f4cb000+0x66]
J 1746 C1 com.sun.javafx.application.PlatformImpl$6.run()V (43 bytes) @ 0x000000000f59327c [0x000000000f593120+0x15c]
J 1923 C1 com.sun.glass.ui.InvokeLaterDispatcher$Future.run()V (91 bytes) @ 0x000000000f5f7c4c [0x000000000f5f7b40+0x10c]
v  ~StubRoutines::call_stub
j  com.sun.glass.ui.win.WinApplication._runLoop(Ljava/lang/Runnable;)V+0
j  com.sun.glass.ui.win.WinApplication.access$300(Lcom/sun/glass/ui/win/WinApplication;Ljava/lang/Runnable;)V+2
j  com.sun.glass.ui.win.WinApplication$4$1.run()V+25
j  java.lang.Thread.run()V+11
v  ~StubRoutines::call_stub

---------------  P R O C E S S  ---------------

Java Threads: ( => current thread )
  0x000000000ca35000 JavaThread "Prism Font Disposer" daemon [_thread_blocked, id=7396, stack(0x000000000ed20000,0x000000000ee20000)]
  0x000000000931c000 JavaThread "Thread-3" daemon [_thread_in_native, id=7004, stack(0x000000000b950000,0x000000000ba50000)]
  0x000000000932f000 JavaThread "JavaFX-Launcher" [_thread_blocked, id=2680, stack(0x000000000c3a0000,0x000000000c4a0000)]
=>0x0000000009301000 JavaThread "JavaFX Application Thread" [_thread_in_native, id=6768, stack(0x000000000a0c0000,0x000000000a1c0000)]
  0x0000000009289000 JavaThread "Thread-1" daemon [_thread_blocked, id=6356, stack(0x0000000009fc0000,0x000000000a0c0000)]
  0x0000000009275000 JavaThread "QuantumRenderer-0" daemon [_thread_blocked, id=5428, stack(0x0000000009c80000,0x0000000009d80000)]
  0x0000000009141800 JavaThread "Service Thread" daemon [_thread_blocked, id=4232, stack(0x0000000009a80000,0x0000000009b80000)]
  0x00000000090ae800 JavaThread "C1 CompilerThread3" daemon [_thread_blocked, id=6772, stack(0x0000000009980000,0x0000000009a80000)]
  0x00000000090ac000 JavaThread "C2 CompilerThread2" daemon [_thread_blocked, id=4872, stack(0x0000000009880000,0x0000000009980000)]
  0x00000000090b6000 JavaThread "C2 CompilerThread1" daemon [_thread_blocked, id=7956, stack(0x0000000009780000,0x0000000009880000)]
  0x00000000090b4000 JavaThread "C2 CompilerThread0" daemon [_thread_blocked, id=6024, stack(0x0000000009680000,0x0000000009780000)]
  0x00000000090b1000 JavaThread "Attach Listener" daemon [_thread_blocked, id=1788, stack(0x0000000009580000,0x0000000009680000)]
  0x00000000090b0000 JavaThread "Signal Dispatcher" daemon [_thread_blocked, id=1060, stack(0x0000000009480000,0x0000000009580000)]
  0x0000000002fe9000 JavaThread "Finalizer" daemon [_thread_blocked, id=4360, stack(0x0000000008f70000,0x0000000009070000)]
  0x000000000709c800 JavaThread "Reference Handler" daemon [_thread_blocked, id=6480, stack(0x0000000008e70000,0x0000000008f70000)]
  0x0000000002ddd800 JavaThread "main" [_thread_blocked, id=4756, stack(0x0000000002de0000,0x0000000002ee0000)]

Other Threads:
  0x0000000007098800 VMThread [stack: 0x0000000008d70000,0x0000000008e70000] [id=5284]
  0x0000000009144000 WatcherThread [stack: 0x0000000009b80000,0x0000000009c80000] [id=5696]

VM state:not at safepoint (normal execution)

VM Mutex/Monitor currently owned by a thread: None

Heap:
 PSYoungGen      total 10752K, used 1436K [0x0000000717180000, 0x0000000718500000, 0x00000007c0000000)
  eden space 10240K, 11% used [0x0000000717180000,0x00000007172af378,0x0000000717b80000)
  from space 512K, 43% used [0x0000000718480000,0x00000007184b8000,0x0000000718500000)
  to   space 3072K, 0% used [0x0000000717f00000,0x0000000717f00000,0x0000000718200000)
 ParOldGen       total 518656K, used 15161K [0x00000005c5400000, 0x00000005e4e80000, 0x0000000717180000)
  object space 518656K, 2% used [0x00000005c5400000,0x00000005c62ce440,0x00000005e4e80000)
 Metaspace       used 15638K, capacity 16044K, committed 16384K, reserved 1062912K
  class space    used 2099K, capacity 2178K, committed 2304K, reserved 1048576K

Card table byte_map: [0x00000000033c0000,0x00000000043a0000] byte_map_base: 0x0000000000596000

Marking Bits: (ParMarkBitMap*) 0x00000000614913b0
 Begin Bits: [0x000000001e010000, 0x0000000025ec0000)
 End Bits:   [0x0000000025ec0000, 0x000000002dd70000)

Polling page: 0x0000000002dc0000

CodeCache: size=245760Kb used=6270Kb max_used=6270Kb free=239489Kb
 bounds [0x000000000f010000, 0x000000000f640000, 0x000000001e010000]
 total_blobs=2620 nmethods=1980 adapters=552
 compilation: enabled

Compilation events (10 events):
Event: 9.242 Thread 0x00000000090ae800 1976       3       javafx.scene.Parent::updateCachedBounds (501 bytes)
Event: 9.244 Thread 0x00000000090ae800 nmethod 1976 0x000000000f61f990 code [0x000000000f61fc80, 0x000000000f621808]
Event: 9.290 Thread 0x00000000090ae800 1977       3       com.sun.prism.impl.ps.BaseShaderGraphics::fillRect (128 bytes)
Event: 9.291 Thread 0x00000000090ae800 nmethod 1977 0x000000000f619b90 code [0x000000000f619d20, 0x000000000f61a0d8]
Event: 9.291 Thread 0x00000000090ae800 1978       3       com.sun.prism.impl.ps.BaseShaderGraphics::renderGeneralRoundedRect (388 bytes)
Event: 9.292 Thread 0x00000000090ae800 nmethod 1978 0x000000000f6224d0 code [0x000000000f622700, 0x000000000f623558]
Event: 9.419 Thread 0x00000000090ae800 1979       3       com.sun.jna.Function::convertArgument (896 bytes)
Event: 9.424 Thread 0x00000000090ae800 nmethod 1979 0x000000000f623b50 code [0x000000000f624720, 0x000000000f62d418]
Event: 9.424 Thread 0x00000000090ae800 1980       3       com.sun.jna.Function::isPrimitiveArray (23 bytes)
Event: 9.424 Thread 0x00000000090ae800 nmethod 1980 0x000000000f6194d0 code [0x000000000f619660, 0x000000000f619a68]

GC Heap History (10 events):
Event: 1.531 GC heap before
{Heap before GC invocations=10 (full 0):
 PSYoungGen      total 9216K, used 9200K [0x0000000717180000, 0x0000000718180000, 0x00000007c0000000)
  eden space 7680K, 100% used [0x0000000717180000,0x0000000717900000,0x0000000717900000)
  from space 1536K, 98% used [0x0000000717900000,0x0000000717a7c070,0x0000000717a80000)
  to   space 2048K, 0% used [0x0000000717f80000,0x0000000717f80000,0x0000000718180000)
 ParOldGen       total 518656K, used 10699K [0x00000005c5400000, 0x00000005e4e80000, 0x0000000717180000)
  object space 518656K, 2% used [0x00000005c5400000,0x00000005c5e72e80,0x00000005e4e80000)
 Metaspace       used 14791K, capacity 15060K, committed 15232K, reserved 1062912K
  class space    used 2045K, capacity 2136K, committed 2176K, reserved 1048576K
Event: 1.534 GC heap after
Heap after GC invocations=10 (full 0):
 PSYoungGen      total 13824K, used 1861K [0x0000000717180000, 0x0000000718280000, 0x00000007c0000000)
  eden space 11776K, 0% used [0x0000000717180000,0x0000000717180000,0x0000000717d00000)
  from space 2048K, 90% used [0x0000000717f80000,0x0000000718151560,0x0000000718180000)
  to   space 2560K, 0% used [0x0000000717d00000,0x0000000717d00000,0x0000000717f80000)
 ParOldGen       total 518656K, used 11175K [0x00000005c5400000, 0x00000005e4e80000, 0x0000000717180000)
  object space 518656K, 2% used [0x00000005c5400000,0x00000005c5ee9ed0,0x00000005e4e80000)
 Metaspace       used 14791K, capacity 15060K, committed 15232K, reserved 1062912K
  class space    used 2045K, capacity 2136K, committed 2176K, reserved 1048576K
}
Event: 2.668 GC heap before
{Heap before GC invocations=11 (full 0):
 PSYoungGen      total 13824K, used 13637K [0x0000000717180000, 0x0000000718280000, 0x00000007c0000000)
  eden space 11776K, 100% used [0x0000000717180000,0x0000000717d00000,0x0000000717d00000)
  from space 2048K, 90% used [0x0000000717f80000,0x0000000718151560,0x0000000718180000)
  to   space 2560K, 0% used [0x0000000717d00000,0x0000000717d00000,0x0000000717f80000)
 ParOldGen       total 518656K, used 11178K [0x00000005c5400000, 0x00000005e4e80000, 0x0000000717180000)
  object space 518656K, 2% used [0x00000005c5400000,0x00000005c5eea9f8,0x00000005e4e80000)
 Metaspace       used 15224K, capacity 15596K, committed 15872K, reserved 1062912K
  class space    used 2097K, capacity 2178K, committed 2304K, reserved 1048576K
Event: 2.672 GC heap after
Heap after GC invocations=11 (full 0):
 PSYoungGen      total 14336K, used 2400K [0x0000000717180000, 0x0000000718a00000, 0x00000007c0000000)
  eden space 11776K, 0% used [0x0000000717180000,0x0000000717180000,0x0000000717d00000)
  from space 2560K, 93% used [0x0000000717d00000,0x0000000717f58010,0x0000000717f80000)
  to   space 3072K, 0% used [0x0000000718700000,0x0000000718700000,0x0000000718a00000)
 ParOldGen       total 518656K, used 14905K [0x00000005c5400000, 0x00000005e4e80000, 0x0000000717180000)
  object space 518656K, 2% used [0x00000005c5400000,0x00000005c628e440,0x00000005e4e80000)
 Metaspace       used 15224K, capacity 15596K, committed 15872K, reserved 1062912K
  class space    used 2097K, capacity 2178K, committed 2304K, reserved 1048576K
}
Event: 4.531 GC heap before
{Heap before GC invocations=12 (full 0):
 PSYoungGen      total 14336K, used 14176K [0x0000000717180000, 0x0000000718a00000, 0x00000007c0000000)
  eden space 11776K, 100% used [0x0000000717180000,0x0000000717d00000,0x0000000717d00000)
  from space 2560K, 93% used [0x0000000717d00000,0x0000000717f58010,0x0000000717f80000)
  to   space 3072K, 0% used [0x0000000718700000,0x0000000718700000,0x0000000718a00000)
 ParOldGen       total 518656K, used 14905K [0x00000005c5400000, 0x00000005e4e80000, 0x0000000717180000)
  object space 518656K, 2% used [0x00000005c5400000,0x00000005c628e440,0x00000005e4e80000)
 Metaspace       used 15391K, capacity 15788K, committed 16128K, reserved 1062912K
  class space    used 2098K, capacity 2178K, committed 2304K, reserved 1048576K
Event: 4.532 GC heap after
Heap after GC invocations=12 (full 0):
 PSYoungGen      total 11776K, used 224K [0x0000000717180000, 0x0000000718780000, 0x00000007c0000000)
  eden space 11264K, 0% used [0x0000000717180000,0x0000000717180000,0x0000000717c80000)
  from space 512K, 43% used [0x0000000718700000,0x0000000718738000,0x0000000718780000)
  to   space 3072K, 0% used [0x0000000718180000,0x0000000718180000,0x0000000718480000)
 ParOldGen       total 518656K, used 15049K [0x00000005c5400000, 0x00000005e4e80000, 0x0000000717180000)
  object space 518656K, 2% used [0x00000005c5400000,0x00000005c62b2440,0x00000005e4e80000)
 Metaspace       used 15391K, capacity 15788K, committed 16128K, reserved 1062912K
  class space    used 2098K, capacity 2178K, committed 2304K, reserved 1048576K
}
Event: 6.425 GC heap before
{Heap before GC invocations=13 (full 0):
 PSYoungGen      total 11776K, used 11488K [0x0000000717180000, 0x0000000718780000, 0x00000007c0000000)
  eden space 11264K, 100% used [0x0000000717180000,0x0000000717c80000,0x0000000717c80000)
  from space 512K, 43% used [0x0000000718700000,0x0000000718738000,0x0000000718780000)
  to   space 3072K, 0% used [0x0000000718180000,0x0000000718180000,0x0000000718480000)
 ParOldGen       total 518656K, used 15049K [0x00000005c5400000, 0x00000005e4e80000, 0x0000000717180000)
  object space 518656K, 2% used [0x00000005c5400000,0x00000005c62b2440,0x00000005e4e80000)
 Metaspace       used 15492K, capacity 15852K, committed 16128K, reserved 1062912K
  class space    used 2098K, capacity 2178K, committed 2304K, reserved 1048576K
Event: 6.426 GC heap after
Heap after GC invocations=13 (full 0):
 PSYoungGen      total 13824K, used 256K [0x0000000717180000, 0x0000000718780000, 0x00000007c0000000)
  eden space 10752K, 0% used [0x0000000717180000,0x0000000717180000,0x0000000717c00000)
  from space 3072K, 8% used [0x0000000718180000,0x00000007181c0000,0x0000000718480000)
  to   space 3072K, 0% used [0x0000000718480000,0x0000000718480000,0x0000000718780000)
 ParOldGen       total 518656K, used 15105K [0x00000005c5400000, 0x00000005e4e80000, 0x0000000717180000)
  object space 518656K, 2% used [0x00000005c5400000,0x00000005c62c0440,0x00000005e4e80000)
 Metaspace       used 15492K, capacity 15852K, committed 16128K, reserved 1062912K
  class space    used 2098K, capacity 2178K, committed 2304K, reserved 1048576K
}
Event: 9.150 GC heap before
{Heap before GC invocations=14 (full 0):
 PSYoungGen      total 13824K, used 11008K [0x0000000717180000, 0x0000000718780000, 0x00000007c0000000)
  eden space 10752K, 100% used [0x0000000717180000,0x0000000717c00000,0x0000000717c00000)
  from space 3072K, 8% used [0x0000000718180000,0x00000007181c0000,0x0000000718480000)
  to   space 3072K, 0% used [0x0000000718480000,0x0000000718480000,0x0000000718780000)
 ParOldGen       total 518656K, used 15105K [0x00000005c5400000, 0x00000005e4e80000, 0x0000000717180000)
  object space 518656K, 2% used [0x00000005c5400000,0x00000005c62c0440,0x00000005e4e80000)
 Metaspace       used 15608K, capacity 15980K, committed 16128K, reserved 1062912K
  class space    used 2098K, capacity 2178K, committed 2304K, reserved 1048576K
Event: 9.151 GC heap after
Heap after GC invocations=14 (full 0):
 PSYoungGen      total 10752K, used 224K [0x0000000717180000, 0x0000000718500000, 0x00000007c0000000)
  eden space 10240K, 0% used [0x0000000717180000,0x0000000717180000,0x0000000717b80000)
  from space 512K, 43% used [0x0000000718480000,0x00000007184b8000,0x0000000718500000)
  to   space 3072K, 0% used [0x0000000717f00000,0x0000000717f00000,0x0000000718200000)
 ParOldGen       total 518656K, used 15161K [0x00000005c5400000, 0x00000005e4e80000, 0x0000000717180000)
  object space 518656K, 2% used [0x00000005c5400000,0x00000005c62ce440,0x00000005e4e80000)
 Metaspace       used 15608K, capacity 15980K, committed 16128K, reserved 1062912K
  class space    used 2098K, capacity 2178K, committed 2304K, reserved 1048576K
}

Deoptimization events (10 events):
Event: 1.414 Thread 0x0000000009301000 Uncommon trap: reason=class_check action=maybe_recompile pc=0x000000000f30e6f8 method=java.io.DataInputStream.readShort()S @ 4
Event: 1.415 Thread 0x0000000009301000 Uncommon trap: reason=class_check action=maybe_recompile pc=0x000000000f30e6f8 method=java.io.DataInputStream.readShort()S @ 4
Event: 1.416 Thread 0x0000000009301000 Uncommon trap: reason=class_check action=maybe_recompile pc=0x000000000f30e6f8 method=java.io.DataInputStream.readShort()S @ 4
Event: 1.416 Thread 0x0000000009301000 Uncommon trap: reason=class_check action=maybe_recompile pc=0x000000000f30e6f8 method=java.io.DataInputStream.readShort()S @ 4
Event: 1.421 Thread 0x0000000009301000 Uncommon trap: reason=class_check action=maybe_recompile pc=0x000000000f136d14 method=java.lang.String.equals(Ljava/lang/Object;)Z @ 8
Event: 1.422 Thread 0x0000000009301000 Uncommon trap: reason=class_check action=maybe_recompile pc=0x000000000f136d14 method=java.lang.String.equals(Ljava/lang/Object;)Z @ 8
Event: 1.432 Thread 0x0000000009301000 Uncommon trap: reason=class_check action=maybe_recompile pc=0x000000000f136d14 method=java.lang.String.equals(Ljava/lang/Object;)Z @ 8
Event: 1.432 Thread 0x0000000009301000 Uncommon trap: reason=class_check action=maybe_recompile pc=0x000000000f136d14 method=java.lang.String.equals(Ljava/lang/Object;)Z @ 8
Event: 4.780 Thread 0x000000000cbe8800 Uncommon trap: reason=null_check action=make_not_entrant pc=0x000000000f537804 method=com.sun.jna.Native.getNativeSize(Ljava/lang/Class;Ljava/lang/Object;)I @ 83
Event: 4.780 Thread 0x000000000cbe8800 Uncommon trap: reason=null_check action=make_not_entrant pc=0x000000000f535df4 method=com.sun.jna.Native.getNativeSize(Ljava/lang/Class;Ljava/lang/Object;)I @ 83

Internal exceptions (10 events):
Event: 1.529 Thread 0x000000000cb76000 Exception <a 'java/security/PrivilegedActionException'> (0x00000007178fdff8) thrown at [D:\re\workspace\8-2-build-windows-amd64-cygwin\jdk8u5\2488\hotspot\src\share\vm\prims\jvm.cpp, line 1248]
Event: 1.536 Thread 0x000000000cb76000 Exception <a 'java/security/PrivilegedActionException'> (0x00000007171f0458) thrown at [D:\re\workspace\8-2-build-windows-amd64-cygwin\jdk8u5\2488\hotspot\src\share\vm\prims\jvm.cpp, line 1248]
Event: 1.622 Thread 0x000000000cb8b000 Exception <a 'java/security/PrivilegedActionException'> (0x00000007174ecd48) thrown at [D:\re\workspace\8-2-build-windows-amd64-cygwin\jdk8u5\2488\hotspot\src\share\vm\prims\jvm.cpp, line 1248]
Event: 1.624 Thread 0x000000000cb8b000 Exception <a 'java/security/PrivilegedActionException'> (0x000000071750c820) thrown at [D:\re\workspace\8-2-build-windows-amd64-cygwin\jdk8u5\2488\hotspot\src\share\vm\prims\jvm.cpp, line 1248]
Event: 1.657 Thread 0x000000000cb8e800 Exception <a 'java/security/PrivilegedActionException'> (0x0000000717533d68) thrown at [D:\re\workspace\8-2-build-windows-amd64-cygwin\jdk8u5\2488\hotspot\src\share\vm\prims\jvm.cpp, line 1248]
Event: 1.664 Thread 0x000000000cb8e800 Exception <a 'java/security/PrivilegedActionException'> (0x00000007175940e0) thrown at [D:\re\workspace\8-2-build-windows-amd64-cygwin\jdk8u5\2488\hotspot\src\share\vm\prims\jvm.cpp, line 1248]
Event: 1.702 Thread 0x000000000cb9d800 Exception <a 'java/security/PrivilegedActionException'> (0x00000007177a85e0) thrown at [D:\re\workspace\8-2-build-windows-amd64-cygwin\jdk8u5\2488\hotspot\src\share\vm\prims\jvm.cpp, line 1248]
Event: 1.736 Thread 0x000000000cb9f800 Exception <a 'java/security/PrivilegedActionException'> (0x00000007177e5c10) thrown at [D:\re\workspace\8-2-build-windows-amd64-cygwin\jdk8u5\2488\hotspot\src\share\vm\prims\jvm.cpp, line 1248]
Event: 1.925 Thread 0x000000000cba3800 Exception <a 'java/security/PrivilegedActionException'> (0x0000000717895020) thrown at [D:\re\workspace\8-2-build-windows-amd64-cygwin\jdk8u5\2488\hotspot\src\share\vm\prims\jvm.cpp, line 1248]
Event: 1.927 Thread 0x000000000cba3800 Exception <a 'java/security/PrivilegedActionException'> (0x00000007178bc568) thrown at [D:\re\workspace\8-2-build-windows-amd64-cygwin\jdk8u5\2488\hotspot\src\share\vm\prims\jvm.cpp, line 1248]

Events (10 events):
Event: 9.430 Thread 0x000000000cc1b000 Thread exited: 0x000000000cc1b000
Event: 9.441 Thread 0x000000000cc1b000 Thread added: 0x000000000cc1b000
Event: 9.442 Thread 0x000000000cc1b000 Thread exited: 0x000000000cc1b000
Event: 9.442 Thread 0x000000000cc1b000 Thread added: 0x000000000cc1b000
Event: 9.442 Thread 0x000000000cc1b000 Thread exited: 0x000000000cc1b000
Event: 9.456 Thread 0x000000000cc1b000 Thread added: 0x000000000cc1b000
Event: 9.456 Thread 0x000000000cc1b000 Thread exited: 0x000000000cc1b000
Event: 9.457 Thread 0x000000000cb41800 Thread exited: 0x000000000cb41800
Event: 9.458 loading class com/sun/javafx/tk/quantum/QuantumRenderer$4
Event: 9.458 loading class com/sun/javafx/tk/quantum/QuantumRenderer$4 done


Dynamic libraries:
0x00007ff6f2320000 - 0x00007ff6f2354000 	C:\Program Files\Java\jdk1.8.0_05\jre\bin\java.exe
0x00007ffa51750000 - 0x00007ffa518fc000 	C:\WINDOWS\SYSTEM32\ntdll.dll
0x00007ffa4f7a0000 - 0x00007ffa4f8de000 	C:\WINDOWS\system32\KERNEL32.DLL
0x00007ffa4e9d0000 - 0x00007ffa4eae5000 	C:\WINDOWS\system32\KERNELBASE.dll
0x00007ffa4d3d0000 - 0x00007ffa4d45e000 	C:\WINDOWS\system32\apphelp.dll
0x00007ffa43770000 - 0x00007ffa437c3000 	C:\WINDOWS\AppPatch\AppPatch64\AcGenral.DLL
0x00007ffa4edd0000 - 0x00007ffa4ee7a000 	C:\WINDOWS\system32\msvcrt.dll
0x00007ffa4e620000 - 0x00007ffa4e64e000 	C:\WINDOWS\SYSTEM32\SspiCli.dll
0x00007ffa516f0000 - 0x00007ffa51744000 	C:\WINDOWS\system32\SHLWAPI.dll
0x00007ffa51570000 - 0x00007ffa516e7000 	C:\WINDOWS\system32\USER32.dll
0x00007ffa513d0000 - 0x00007ffa51564000 	C:\WINDOWS\system32\ole32.dll
0x00007ffa4f950000 - 0x00007ffa50e68000 	C:\WINDOWS\system32\SHELL32.dll
0x00007ffa4ddf0000 - 0x00007ffa4de11000 	C:\WINDOWS\SYSTEM32\USERENV.dll
0x00007ffa4f500000 - 0x00007ffa4f5aa000 	C:\WINDOWS\system32\ADVAPI32.dll
0x00007ffa41320000 - 0x00007ffa4133e000 	C:\WINDOWS\SYSTEM32\MPR.dll
0x00007ffa4ee90000 - 0x00007ffa4efd1000 	C:\WINDOWS\system32\RPCRT4.dll
0x00007ffa51210000 - 0x00007ffa51269000 	C:\WINDOWS\SYSTEM32\sechost.dll
0x00007ffa4f0c0000 - 0x00007ffa4f2d1000 	C:\WINDOWS\SYSTEM32\combase.dll
0x00007ffa51270000 - 0x00007ffa513c1000 	C:\WINDOWS\system32\GDI32.dll
0x00007ffa4e8a0000 - 0x00007ffa4e8b5000 	C:\WINDOWS\SYSTEM32\profapi.dll
0x00007ffa4d310000 - 0x00007ffa4d3c2000 	C:\WINDOWS\SYSTEM32\SHCORE.dll
0x00007ffa511d0000 - 0x00007ffa51206000 	C:\WINDOWS\system32\IMM32.DLL
0x00007ffa51070000 - 0x00007ffa511c2000 	C:\WINDOWS\system32\MSCTF.dll
0x00007ffa4e850000 - 0x00007ffa4e881000 	C:\Windows\system32\nvinitx.dll
0x00007ffa4e840000 - 0x00007ffa4e84a000 	C:\WINDOWS\SYSTEM32\VERSION.dll
0x000000000f000000 - 0x000000000f006000 	C:\Program Files\NVIDIA Corporation\CoProcManager\_etoured.dll
0x00007ffa4cb60000 - 0x00007ffa4cb91000 	C:\Program Files\NVIDIA Corporation\CoProcManager\nvd3d9wrapx.dll
0x00007ffa50e80000 - 0x00007ffa5105a000 	C:\WINDOWS\system32\SETUPAPI.dll
0x00007ffa4eaf0000 - 0x00007ffa4eb3f000 	C:\WINDOWS\system32\CFGMGR32.dll
0x00007ffa4c550000 - 0x00007ffa4c572000 	C:\Program Files\NVIDIA Corporation\CoProcManager\nvdxgiwrapx.dll
0x00007ffa4c8e0000 - 0x00007ffa4cb5a000 	C:\WINDOWS\WinSxS\amd64_microsoft.windows.common-controls_6595b64144ccf1df_6.0.9600.17810_none_6240b9c7ecbd0bda\COMCTL32.dll
0x0000000060c00000 - 0x0000000060cd2000 	C:\Program Files\Java\jdk1.8.0_05\jre\bin\msvcr100.dll
0x0000000060ce0000 - 0x000000006150a000 	C:\Program Files\Java\jdk1.8.0_05\jre\bin\server\jvm.dll
0x00007ffa2e160000 - 0x00007ffa2e169000 	C:\WINDOWS\SYSTEM32\WSOCK32.dll
0x00007ffa4c480000 - 0x00007ffa4c4a2000 	C:\WINDOWS\SYSTEM32\WINMM.dll
0x00007ffa50e70000 - 0x00007ffa50e77000 	C:\WINDOWS\system32\PSAPI.DLL
0x00007ffa4f5b0000 - 0x00007ffa4f60a000 	C:\WINDOWS\system32\WS2_32.dll
0x00007ffa4c290000 - 0x00007ffa4c2ba000 	C:\WINDOWS\SYSTEM32\WINMMBASE.dll
0x00007ffa4f2e0000 - 0x00007ffa4f2e9000 	C:\WINDOWS\system32\NSI.dll
0x00007ffa4d670000 - 0x00007ffa4d698000 	C:\WINDOWS\SYSTEM32\DEVOBJ.dll
0x0000000060bb0000 - 0x0000000060bbf000 	C:\Program Files\Java\jdk1.8.0_05\jre\bin\verify.dll
0x0000000060b80000 - 0x0000000060ba8000 	C:\Program Files\Java\jdk1.8.0_05\jre\bin\java.dll
0x0000000060b60000 - 0x0000000060b76000 	C:\Program Files\Java\jdk1.8.0_05\jre\bin\zip.dll
0x000000005e9e0000 - 0x000000005ea0b000 	C:\Program Files\Java\jdk1.8.0_05\jre\bin\prism_d3d.dll
0x00007ffa453c0000 - 0x00007ffa455e1000 	C:\WINDOWS\system32\d3d9.dll
0x00007ffa4cba0000 - 0x00007ffa4cbc1000 	C:\WINDOWS\SYSTEM32\dwmapi.dll
0x0000000009d80000 - 0x0000000009dd1000 	C:\WINDOWS\system32\WINTRUST.dll
0x00007ffa4eb40000 - 0x00007ffa4ed1f000 	C:\WINDOWS\system32\CRYPT32.dll
0x00007ffa4e950000 - 0x00007ffa4e961000 	C:\WINDOWS\system32\MSASN1.dll
0x00007ffa4d4c0000 - 0x00007ffa4d5e9000 	C:\WINDOWS\system32\uxtheme.dll
0x00007ffa4ad20000 - 0x00007ffa4ae32000 	C:\WINDOWS\SYSTEM32\nvumdshimx.dll
0x00007ffa26350000 - 0x00007ffa26dc0000 	C:\WINDOWS\system32\igdumdim64.dll
0x00007ffa49670000 - 0x00007ffa49ad2000 	C:\WINDOWS\SYSTEM32\igdusc64.dll
0x000000005e9a0000 - 0x000000005e9df000 	C:\Program Files\Java\jdk1.8.0_05\jre\bin\glass.dll
0x00007ffa4f610000 - 0x00007ffa4f6c6000 	C:\WINDOWS\system32\COMDLG32.dll
0x00007ffa4f6d0000 - 0x00007ffa4f791000 	C:\WINDOWS\system32\OLEAUT32.dll
0x0000000070fc0000 - 0x0000000070fcd000 	C:\Program Files (x86)\WinSplit Revolution\WinSplitHook64.DLL
0x00007ffa4d640000 - 0x00007ffa4d64b000 	C:\WINDOWS\SYSTEM32\kernel.appcore.dll
0x00007ffa4e7c0000 - 0x00007ffa4e7cb000 	C:\WINDOWS\SYSTEM32\CRYPTBASE.dll
0x00007ffa4e650000 - 0x00007ffa4e6b3000 	C:\WINDOWS\SYSTEM32\bcryptPrimitives.dll
0x00007ffa26e70000 - 0x00007ffa2709f000 	C:\Program Files\Acer\Acer Power Management\SysHook.dll
0x00007ffa4c470000 - 0x00007ffa4c477000 	C:\WINDOWS\SYSTEM32\MSIMG32.dll
0x00007ffa4bdd0000 - 0x00007ffa4be52000 	C:\WINDOWS\SYSTEM32\WINSPOOL.DRV
0x00007ffa4bf80000 - 0x00007ffa4c130000 	C:\WINDOWS\WinSxS\amd64_microsoft.windows.gdiplus_6595b64144ccf1df_1.1.9600.17415_none_932b3b5547500489\gdiplus.dll
0x00007ffa4bd60000 - 0x00007ffa4bdca000 	C:\WINDOWS\SYSTEM32\OLEACC.dll
0x00007ffa4e0c0000 - 0x00007ffa4e0e0000 	C:\WINDOWS\SYSTEM32\CRYPTSP.dll
0x00007ffa4dce0000 - 0x00007ffa4dd16000 	C:\WINDOWS\system32\rsaenh.dll
0x00007ffa4e310000 - 0x00007ffa4e336000 	C:\WINDOWS\SYSTEM32\bcrypt.dll
0x0000000060b40000 - 0x0000000060b5a000 	C:\Program Files\Java\jdk1.8.0_05\jre\bin\net.dll
0x00007ffa4e060000 - 0x00007ffa4e0b9000 	C:\WINDOWS\system32\mswsock.dll
0x00007ffa488d0000 - 0x00007ffa488fa000 	C:\WINDOWS\SYSTEM32\IPHLPAPI.DLL
0x00007ffa488b0000 - 0x00007ffa488ba000 	C:\WINDOWS\SYSTEM32\WINNSI.DLL
0x00007ffa48420000 - 0x00007ffa48436000 	C:\WINDOWS\SYSTEM32\dhcpcsvc6.DLL
0x00007ffa48570000 - 0x00007ffa4858a000 	C:\WINDOWS\SYSTEM32\dhcpcsvc.DLL
0x0000000060b20000 - 0x0000000060b31000 	C:\Program Files\Java\jdk1.8.0_05\jre\bin\nio.dll
0x00007ffa43960000 - 0x00007ffa43997000 	C:\Users\kristof\AppData\Local\Temp\jna-kristof\jna7798174496174417905.dll
0x000000005e970000 - 0x000000005e99d000 	C:\Program Files\VideoLAN\VLC\libvlc.dll
0x000000005e6c0000 - 0x000000005e96c000 	C:\Program Files\VideoLAN\VLC\libvlccore.dll
0x000000005e6a0000 - 0x000000005e6b4000 	C:\Program Files\VideoLAN\VLC\plugins\audio_output\libdirectsound_plugin.dll
0x000000005e680000 - 0x000000005e693000 	C:\Program Files\VideoLAN\VLC\plugins\audio_output\libwaveout_plugin.dll
0x000000005e500000 - 0x000000005e674000 	C:\Program Files\VideoLAN\VLC\plugins\misc\libxml_plugin.dll
0x000000005e4e0000 - 0x000000005e4ff000 	C:\Program Files\VideoLAN\VLC\plugins\video_output\libdirect3d_plugin.dll
0x000000005e4c0000 - 0x000000005e4dd000 	C:\Program Files\VideoLAN\VLC\plugins\video_output\libdirectdraw_plugin.dll
0x00007ffa2fc40000 - 0x00007ffa2fcdd000 	C:\WINDOWS\SYSTEM32\DSOUND.DLL
0x00007ffa4e7f0000 - 0x00007ffa4e836000 	C:\WINDOWS\SYSTEM32\POWRPROF.dll
0x00007ffa4efe0000 - 0x00007ffa4f096000 	C:\WINDOWS\SYSTEM32\clbcatq.dll
0x00007ffa4bf10000 - 0x00007ffa4bf80000 	C:\WINDOWS\System32\MMDevApi.dll
0x00007ffa4b560000 - 0x00007ffa4b70e000 	C:\WINDOWS\SYSTEM32\WindowsCodecs.dll
0x00007ffa43440000 - 0x00007ffa4346e000 	C:\Program Files\Common Files\Microsoft Shared\Ink\rtscom.dll
0x000000005e4a0000 - 0x000000005e4b3000 	C:\Program Files\Java\jdk1.8.0_05\jre\bin\javafx_font.dll
0x00007ffa4ae70000 - 0x00007ffa4b05d000 	C:\WINDOWS\SYSTEM32\dwrite.dll
0x000000005e230000 - 0x000000005e498000 	C:\Program Files\VideoLAN\VLC\plugins\access\liblibbluray_plugin.dll
0x000000005e200000 - 0x000000005e226000 	C:\Program Files\VideoLAN\VLC\plugins\access\libaccess_bd_plugin.dll
0x000000005e1b0000 - 0x000000005e1fb000 	C:\Program Files\VideoLAN\VLC\plugins\access\libdvdnav_plugin.dll
0x000000005e190000 - 0x000000005e1af000 	C:\Program Files\VideoLAN\VLC\plugins\access\libvdr_plugin.dll
0x000000005e170000 - 0x000000005e188000 	C:\Program Files\VideoLAN\VLC\plugins\access\libfilesystem_plugin.dll
0x000000005e150000 - 0x000000005e16b000 	C:\Program Files\VideoLAN\VLC\plugins\stream_filter\libsmooth_plugin.dll
0x000000005e0a0000 - 0x000000005e14e000 	C:\Program Files\VideoLAN\VLC\plugins\stream_filter\libhttplive_plugin.dll
0x000000005e070000 - 0x000000005e09b000 	C:\Program Files\VideoLAN\VLC\plugins\access\libzip_plugin.dll
0x000000005e050000 - 0x000000005e066000 	C:\Program Files\VideoLAN\VLC\plugins\access\librar_plugin.dll
0x000000005e040000 - 0x000000005e04f000 	C:\Program Files\VideoLAN\VLC\plugins\stream_filter\librecord_plugin.dll
0x000000005dff0000 - 0x000000005e032000 	C:\Program Files\VideoLAN\VLC\plugins\demux\libmp4_plugin.dll
0x000000005dfd0000 - 0x000000005dfe1000 	C:\Program Files\Java\jdk1.8.0_05\jre\bin\prism_common.dll
0x000000005df70000 - 0x000000005dfc9000 	C:\Program Files\VideoLAN\VLC\plugins\codec\libjpeg_plugin.dll
0x000000005df50000 - 0x000000005df61000 	C:\Program Files\VideoLAN\VLC\plugins\codec\libcdg_plugin.dll
0x000000005def0000 - 0x000000005df4e000 	C:\Program Files\VideoLAN\VLC\plugins\codec\libpng_plugin.dll
0x000000005dd70000 - 0x000000005deeb000 	C:\Program Files\VideoLAN\VLC\plugins\codec\libschroedinger_plugin.dll
0x000000005dc90000 - 0x000000005dd65000 	C:\Program Files\VideoLAN\VLC\plugins\codec\libvorbis_plugin.dll
0x000000005dc30000 - 0x000000005dc8a000 	C:\Program Files\VideoLAN\VLC\plugins\codec\libtheora_plugin.dll
0x000000005dc10000 - 0x000000005dc21000 	C:\Program Files\VideoLAN\VLC\plugins\codec\libdts_plugin.dll
0x000000005dbf0000 - 0x000000005dc05000 	C:\Program Files\VideoLAN\VLC\plugins\codec\libaraw_plugin.dll
0x000000005dbd0000 - 0x000000005dbe7000 	C:\Program Files\VideoLAN\VLC\plugins\codec\libsubstx3g_plugin.dll
0x000000005db50000 - 0x000000005dbc4000 	C:\Program Files\VideoLAN\VLC\plugins\codec\libflac_plugin.dll
0x000000005db30000 - 0x000000005db43000 	C:\Program Files\VideoLAN\VLC\plugins\codec\libg711_plugin.dll
0x000000005db20000 - 0x000000005db30000 	C:\Program Files\VideoLAN\VLC\plugins\codec\libaes3_plugin.dll
0x000000005dae0000 - 0x000000005db19000 	C:\Program Files\VideoLAN\VLC\plugins\codec\libspeex_plugin.dll
0x000000005d910000 - 0x000000005dad5000 	C:\Program Files\VideoLAN\VLC\plugins\codec\liblibass_plugin.dll
0x000000005d8a0000 - 0x000000005d90f000 	C:\Program Files\VideoLAN\VLC\plugins\codec\libfaad_plugin.dll
0x000000005d880000 - 0x000000005d891000 	C:\Program Files\VideoLAN\VLC\plugins\codec\liba52_plugin.dll
0x000000005d870000 - 0x000000005d880000 	C:\Program Files\VideoLAN\VLC\plugins\codec\libmpeg_audio_plugin.dll
0x000000005d850000 - 0x000000005d861000 	C:\Program Files\VideoLAN\VLC\plugins\codec\liblpcm_plugin.dll
0x000000005d7d0000 - 0x000000005d848000 	C:\Program Files\VideoLAN\VLC\plugins\codec\libopus_plugin.dll
0x000000005d7a0000 - 0x000000005d7c9000 	C:\Program Files\VideoLAN\VLC\plugins\codec\libdvbsub_plugin.dll
0x000000005d780000 - 0x000000005d791000 	C:\Program Files\VideoLAN\VLC\plugins\codec\libspudec_plugin.dll
0x000000005c2e0000 - 0x000000005d77f000 	C:\Program Files\VideoLAN\VLC\plugins\codec\libavcodec_plugin.dll
0x000000005c280000 - 0x000000005c2dc000 	C:\Program Files\VideoLAN\VLC\plugins\lua\liblua_plugin.dll
0x000000005c190000 - 0x000000005c273000 	C:\Program Files\VideoLAN\VLC\plugins\text_renderer\libfreetype_plugin.dll
0x00007ffa420e0000 - 0x00007ffa4215e000 	C:\WINDOWS\SYSTEM32\AUDIOSES.DLL

VM Arguments:
jvm_args: -Dfile.encoding=UTF-8 
java_command: C:\Users\kristof\Documents\NetBeansProjects\VLCPlayer\dist\run1664385601\VLCPlayer.jar
java_class_path (initial): C:\Users\kristof\Documents\NetBeansProjects\VLCPlayer\dist\run1664385601\VLCPlayer.jar
Launcher Type: SUN_STANDARD

Environment Variables:
CLASSPATH=.;C:\Program Files (x86)\Java\jre7\lib\ext\QTJava.zip
PATH=C:\ProgramData\Oracle\Java\javapath;C:\Program Files (x86)\Common Files\Intel\Shared Libraries\redist\intel64\compiler;C:\Program Files (x86)\Common Files\Intel\Shared Libraries\redist\ia32\compiler;C:\Program Files (x86)\Haskell\bin;C:\Program Files (x86)\Haskell Platform\2013.2.0.0\lib\extralibs\bin;C:\Program Files (x86)\Haskell Platform\2013.2.0.0\bin;C:\Program Files (x86)\Intel\iCLS Client\;C:\Program Files\Intel\iCLS Client\;C:\Windows\system32;C:\Windows;C:\Windows\System32\Wbem;C:\Windows\System32\WindowsPowerShell\v1.0\;C:\Program Files (x86)\Intel\OpenCL SDK\3.0\bin\x86;C:\Program Files (x86)\Intel\OpenCL SDK\3.0\bin\x64;C:\Program Files (x86)\QuickTime\QTSystem\;C:\Program Files (x86)\Haskell Platform\2013.2.0.0\mingw\bin;C:\Program Files (x86)\MiKTeX 2.9\miktex\bin\;D:\strawberry\c\bin;D:\strawberry\perl\site\bin;D:\strawberry\perl\bin;C:\Program Files\Microsoft SQL Server\110\Tools\Binn\;C:\WINDOWS\system32;C:\WINDOWS;C:\WINDOWS\System32\Wbem;C:\WINDOWS\System32\WindowsPowerShell\v1.0\;C:\Program Files\Microsoft\Web Platform Installer\;D:\matlab\R2014b\runtime\win64;D:\matlab\R2014b\bin;D:\matlab\R2014b\polyspace\bin;C:\Program Files (x86)\Skype\Phone\;C:\Program Files (x86)\NVIDIA Corporation\PhysX\Common;C:\Program Files\Intel\Intel(R) Management Engine Components\DAL;C:\Program Files\Intel\Intel(R) Management Engine Components\IPT;C:\Program Files (x86)\Intel\Intel(R) Management Engine Components\DAL;C:\Program Files (x86)\Intel\Intel(R) Management Engine Components\IPT;C:\Program Files (x86)\Windows Kits\8.1\Windows Performance Toolkit\;C:\Program Files (x86)\Microsoft SDKs\TypeScript\1.0\;C:\Program Files\Microsoft SQL Server\120\Tools\Binn\;C:\Users\kristof\AppData\Roaming\cabal\bin
USERNAME=kristof
OS=Windows_NT
PROCESSOR_IDENTIFIER=Intel64 Family 6 Model 60 Stepping 3, GenuineIntel



---------------  S Y S T E M  ---------------

OS: Windows 8.1 , 64 bit Build 9600 

CPU:total 8 (4 cores per cpu, 2 threads per core) family 6 model 60 stepping 3, cmov, cx8, fxsr, mmx, sse, sse2, sse3, ssse3, sse4.1, sse4.2, popcnt, avx, avx2, aes, clmul, erms, ht, tsc, tscinvbit

Memory: 4k page, physical 33202460k(26391180k free), swap 38183196k(29737460k free)

vm_info: Java HotSpot(TM) 64-Bit Server VM (25.5-b02) for windows-amd64 JRE (1.8.0_05-b13), built on Mar 18 2014 01:08:39 by "java_re" with MS VC++ 10.0 (VS2010)

time: Sat Jul 11 18:39:25 2015
elapsed time: 9 seconds

