#
# A fatal error has been detected by the Java Runtime Environment:
#
#  EXCEPTION_ACCESS_VIOLATION (0xc0000005) at pc=0x00007ffa5178d85e, pid=7308, tid=6948
#
# JRE version: Java(TM) SE Runtime Environment (8.0_05-b13) (build 1.8.0_05-b13)
# Java VM: Java HotSpot(TM) 64-Bit Server VM (25.5-b02 mixed mode windows-amd64 compressed oops)
# Problematic frame:
# C  [ntdll.dll+0x3d85e]
#
# Failed to write core dump. Minidumps are not enabled by default on client versions of Windows
#
# If you would like to submit a bug report, please visit:
#   http://bugreport.sun.com/bugreport/crash.jsp
# The crash happened outside the Java Virtual Machine in native code.
# See problematic frame for where to report the bug.
#

---------------  T H R E A D  ---------------

Current thread (0x0000000008cef000):  JavaThread "JavaFX Application Thread" [_thread_in_native, id=6948, stack(0x0000000009a30000,0x0000000009b30000)]

siginfo: ExceptionCode=0xc0000005, writing address 0x0000000000000024

Registers:
RAX=0x0000000000000000, RBX=0x000000000beb62e8, RCX=0x00000000fffffffc, RDX=0x0000000000000598
RSP=0x0000000009b2cb80, RBP=0x00007ff6f1e7a000, RSI=0x0000000000000598, RDI=0x0000000000000000
R8 =0xffffffffffffffff, R9 =0x00007ff6f1e7a000, R10=0x0000000000000000, R11=0x0000000000000246
R12=0x0000000000000000, R13=0x0000000000000000, R14=0x0000000000000000, R15=0x0000000000000000
RIP=0x00007ffa5178d85e, EFLAGS=0x0000000000010213

Top of Stack: (sp=0x0000000009b2cb80)
0x0000000009b2cb80:   0000000000000598 0000000006665d7e
0x0000000009b2cb90:   0000000009b2cbd8 000000000677f468
0x0000000009b2cba0:   0000000000000000 0000000006665d90
0x0000000009b2cbb0:   0000000000000000 0000000009b2cbd0
0x0000000009b2cbc0:   0000000000000000 000000000f017380
0x0000000009b2cbd0:   0000000717a87138 00000005c5d08088
0x0000000009b2cbe0:   0000000009b2cbe0 000000000663411a
0x0000000009b2cbf0:   0000000009b2cc30 000000000cfcd620
0x0000000009b2cc00:   0000b256d8def360 0000000006634128
0x0000000009b2cc10:   0000000000000004 0000000000000001
0x0000000009b2cc20:   00000005c5e8f540 000000007ffe0372
0x0000000009b2cc30:   0000000000000000 0000000000000000
0x0000000009b2cc40:   00007ff6f1e7a000 00007ffa5178b254
0x0000000009b2cc50:   000000000cfccad8 00007ffa4392fc42
0x0000000009b2cc60:   000000000beb62e8 0000000000000000
0x0000000009b2cc70:   0000000000000000 0000000717a8b558 

Instructions: (pc=0x00007ffa5178d85e)
0x00007ffa5178d83e:   a8 01 0f 85 e0 00 00 00 8b c8 41 2b ce f0 0f b1
0x00007ffa5178d84e:   4b 08 75 e9 48 8b 03 45 33 f6 48 83 f8 ff 74 03
0x00007ffa5178d85e:   ff 40 24 41 bf 82 03 fe 7f 41 8a 0f 84 c9 0f 85
0x00007ffa5178d86e:   a0 fa 06 00 48 83 fe ff 0f 84 f5 fa 06 00 4c 8b 


Register to memory mapping:

RAX=0x0000000000000000 is an unknown value
RBX=0x000000000beb62e8 is an unknown value
RCX=0x00000000fffffffc is an unknown value
RDX=0x0000000000000598 is an unknown value
RSP=0x0000000009b2cb80 is pointing into the stack for thread: 0x0000000008cef000
RBP=0x00007ff6f1e7a000 is an unknown value
RSI=0x0000000000000598 is an unknown value
RDI=0x0000000000000000 is an unknown value
R8 =0xffffffffffffffff is an unknown value
R9 =0x00007ff6f1e7a000 is an unknown value
R10=0x0000000000000000 is an unknown value
R11=0x0000000000000246 is an unknown value
R12=0x0000000000000000 is an unknown value
R13=0x0000000000000000 is an unknown value
R14=0x0000000000000000 is an unknown value
R15=0x0000000000000000 is an unknown value


Stack: [0x0000000009a30000,0x0000000009b30000],  sp=0x0000000009b2cb80,  free space=1010k
Native frames: (J=compiled Java code, j=interpreted, Vv=VM code, C=native code)
C  [ntdll.dll+0x3d85e]
C  [ntdll.dll+0x3b254]
C  [libvlc.dll+0xe2a5]
C  [jna4821145664967392585.dll+0x176f3]
C  [jna4821145664967392585.dll+0xffe7]
C  [jna4821145664967392585.dll+0x3d1a]
C  [jna4821145664967392585.dll+0x4e97]
C  0x000000000f4a4c23

Java frames: (J=compiled Java code, j=interpreted, Vv=VM code)
J 1411  com.sun.jna.Native.invokeLong(JI[Ljava/lang/Object;)J (0 bytes) @ 0x000000000f4a4b9d [0x000000000f4a4b40+0x5d]
J 1455 C1 com.sun.jna.Function.invoke([Ljava/lang/Object;Ljava/lang/Class;Z)Ljava/lang/Object; (1149 bytes) @ 0x000000000f4c8854 [0x000000000f4c1e60+0x69f4]
J 1325 C1 com.sun.jna.Function.invoke(Ljava/lang/Class;[Ljava/lang/Object;Ljava/util/Map;)Ljava/lang/Object; (526 bytes) @ 0x000000000f480b0c [0x000000000f47f860+0x12ac]
J 1324 C1 com.sun.jna.Library$Handler.invoke(Ljava/lang/Object;Ljava/lang/reflect/Method;[Ljava/lang/Object;)Ljava/lang/Object; (345 bytes) @ 0x000000000f488434 [0x000000000f486200+0x2234]
J 1576 C1 com.sun.proxy.$Proxy0.libvlc_media_player_get_length(Luk/co/caprica/vlcj/binding/internal/libvlc_media_player_t;)J (39 bytes) @ 0x000000000f519f8c [0x000000000f519cc0+0x2cc]
J 1575 C1 uk.co.caprica.vlcj.player.DefaultMediaPlayer.getLength()J (23 bytes) @ 0x000000000f519804 [0x000000000f519540+0x2c4]
j  simplevlc.Controls$MovieThread.lambda$run$9()V+7
J 1940 C1 simplevlc.Controls$MovieThread$$Lambda$22.run()V (8 bytes) @ 0x000000000f61defc [0x000000000f61de80+0x7c]
J 1817 C1 com.sun.javafx.application.PlatformImpl$6$1.run()Ljava/lang/Object; (5 bytes) @ 0x000000000f5ae41c [0x000000000f5ae2c0+0x15c]
v  ~StubRoutines::call_stub
J 1428  java.security.AccessController.doPrivileged(Ljava/security/PrivilegedAction;Ljava/security/AccessControlContext;)Ljava/lang/Object; (0 bytes) @ 0x000000000f4aab26 [0x000000000f4aaac0+0x66]
J 1620 C1 com.sun.javafx.application.PlatformImpl$6.run()V (43 bytes) @ 0x000000000f53897c [0x000000000f538820+0x15c]
J 1527 C1 com.sun.glass.ui.InvokeLaterDispatcher$Future.run()V (91 bytes) @ 0x000000000f50264c [0x000000000f502540+0x10c]
v  ~StubRoutines::call_stub
j  com.sun.glass.ui.win.WinApplication._runLoop(Ljava/lang/Runnable;)V+0
j  com.sun.glass.ui.win.WinApplication.access$300(Lcom/sun/glass/ui/win/WinApplication;Ljava/lang/Runnable;)V+2
j  com.sun.glass.ui.win.WinApplication$4$1.run()V+25
j  java.lang.Thread.run()V+11
v  ~StubRoutines::call_stub

---------------  P R O C E S S  ---------------

Java Threads: ( => current thread )
  0x000000000c39f800 JavaThread "Prism Font Disposer" daemon [_thread_blocked, id=5916, stack(0x000000000d690000,0x000000000d790000)]
  0x0000000008d0d800 JavaThread "Thread-3" daemon [_thread_in_native, id=5748, stack(0x000000000b310000,0x000000000b410000)]
  0x0000000008d13000 JavaThread "JavaFX-Launcher" [_thread_blocked, id=1668, stack(0x000000000bda0000,0x000000000bea0000)]
=>0x0000000008cef000 JavaThread "JavaFX Application Thread" [_thread_in_native, id=6948, stack(0x0000000009a30000,0x0000000009b30000)]
  0x0000000008ca6800 JavaThread "Thread-1" daemon [_thread_blocked, id=2188, stack(0x0000000009930000,0x0000000009a30000)]
  0x0000000008c81800 JavaThread "QuantumRenderer-0" daemon [_thread_blocked, id=7584, stack(0x0000000009690000,0x0000000009790000)]
  0x0000000008b4d800 JavaThread "Service Thread" daemon [_thread_blocked, id=2284, stack(0x0000000009490000,0x0000000009590000)]
  0x0000000008ac7000 JavaThread "C1 CompilerThread3" daemon [_thread_blocked, id=3844, stack(0x0000000009390000,0x0000000009490000)]
  0x0000000008ab9800 JavaThread "C2 CompilerThread2" daemon [_thread_blocked, id=2232, stack(0x0000000009290000,0x0000000009390000)]
  0x0000000008ac6000 JavaThread "C2 CompilerThread1" daemon [_thread_blocked, id=4192, stack(0x0000000009190000,0x0000000009290000)]
  0x0000000008ac4000 JavaThread "C2 CompilerThread0" daemon [_thread_blocked, id=5092, stack(0x0000000009090000,0x0000000009190000)]
  0x0000000008ac1000 JavaThread "Attach Listener" daemon [_thread_blocked, id=4460, stack(0x0000000008f90000,0x0000000009090000)]
  0x0000000008abf800 JavaThread "Signal Dispatcher" daemon [_thread_blocked, id=4376, stack(0x0000000008e90000,0x0000000008f90000)]
  0x00000000029e8800 JavaThread "Finalizer" daemon [_thread_blocked, id=7928, stack(0x0000000008990000,0x0000000008a90000)]
  0x0000000006a8c800 JavaThread "Reference Handler" daemon [_thread_blocked, id=2660, stack(0x0000000008890000,0x0000000008990000)]
  0x000000000268d800 JavaThread "main" [_thread_blocked, id=5496, stack(0x00000000027f0000,0x00000000028f0000)]

Other Threads:
  0x0000000006a88000 VMThread [stack: 0x0000000008790000,0x0000000008890000] [id=5988]
  0x0000000008b52000 WatcherThread [stack: 0x0000000009590000,0x0000000009690000] [id=1192]

VM state:not at safepoint (normal execution)

VM Mutex/Monitor currently owned by a thread: None

Heap:
 PSYoungGen      total 23552K, used 11590K [0x0000000717180000, 0x0000000718b80000, 0x00000007c0000000)
  eden space 20480K, 55% used [0x0000000717180000,0x0000000717c919d8,0x0000000718580000)
  from space 3072K, 8% used [0x0000000718880000,0x00000007188c0000,0x0000000718b80000)
  to   space 3072K, 0% used [0x0000000718580000,0x0000000718580000,0x0000000718880000)
 ParOldGen       total 518656K, used 14975K [0x00000005c5400000, 0x00000005e4e80000, 0x0000000717180000)
  object space 518656K, 2% used [0x00000005c5400000,0x00000005c629fff8,0x00000005e4e80000)
 Metaspace       used 15625K, capacity 15962K, committed 16000K, reserved 1062912K
  class space    used 2091K, capacity 2173K, committed 2176K, reserved 1048576K

Card table byte_map: [0x0000000002db0000,0x0000000003d90000] byte_map_base: 0xfffffffffff86000

Marking Bits: (ParMarkBitMap*) 0x00000000614913b0
 Begin Bits: [0x000000001e010000, 0x0000000025ec0000)
 End Bits:   [0x0000000025ec0000, 0x000000002dd70000)

Polling page: 0x0000000002650000

CodeCache: size=245760Kb used=6319Kb max_used=6319Kb free=239440Kb
 bounds [0x000000000f010000, 0x000000000f640000, 0x000000001e010000]
 total_blobs=2636 nmethods=1997 adapters=551
 compilation: enabled

Compilation events (10 events):
Event: 6.581 Thread 0x0000000008ac7000 1993       3       com.sun.prism.impl.ps.BaseShaderGraphics::setPaint (47 bytes)
Event: 6.582 Thread 0x0000000008ac7000 nmethod 1993 0x000000000f63a710 code [0x000000000f63a8a0, 0x000000000f63ada8]
Event: 6.582 Thread 0x0000000008ac7000 1994       3       com.sun.prism.impl.BaseGraphics::setPaint (10 bytes)
Event: 6.582 Thread 0x0000000008ac7000 nmethod 1994 0x000000000f63a350 code [0x000000000f63a4c0, 0x000000000f63a668]
Event: 6.594 Thread 0x0000000008ac7000 1995       3       javafx.beans.property.StringPropertyBase::get (32 bytes)
Event: 6.595 Thread 0x0000000008ac7000 nmethod 1995 0x000000000f63db90 code [0x000000000f63dd00, 0x000000000f63e068]
Event: 6.595 Thread 0x0000000008ac7000 1997       3       java.lang.Math::round (56 bytes)
Event: 6.595 Thread 0x0000000008ac7000 nmethod 1997 0x000000000f639f10 code [0x000000000f63a080, 0x000000000f63a2b0]
Event: 6.595 Thread 0x0000000008ac7000 1996       1       com.sun.javafx.font.PrismFontStrike::getAAMode (5 bytes)
Event: 6.595 Thread 0x0000000008ac7000 nmethod 1996 0x000000000f63e150 code [0x000000000f63e2a0, 0x000000000f63e3b0]

GC Heap History (10 events):
Event: 1.252 GC heap before
{Heap before GC invocations=8 (full 0):
 PSYoungGen      total 5120K, used 5093K [0x0000000717180000, 0x0000000717c80000, 0x00000007c0000000)
  eden space 4096K, 100% used [0x0000000717180000,0x0000000717580000,0x0000000717580000)
  from space 1024K, 97% used [0x0000000717580000,0x0000000717679420,0x0000000717680000)
  to   space 1536K, 0% used [0x0000000717b00000,0x0000000717b00000,0x0000000717c80000)
 ParOldGen       total 518656K, used 9127K [0x00000005c5400000, 0x00000005e4e80000, 0x0000000717180000)
  object space 518656K, 1% used [0x00000005c5400000,0x00000005c5ce9ec0,0x00000005e4e80000)
 Metaspace       used 9070K, capacity 9324K, committed 9472K, reserved 1056768K
  class space    used 1169K, capacity 1221K, committed 1280K, reserved 1048576K
Event: 1.254 GC heap after
Heap after GC invocations=8 (full 0):
 PSYoungGen      total 9728K, used 1268K [0x0000000717180000, 0x0000000717c80000, 0x00000007c0000000)
  eden space 8192K, 0% used [0x0000000717180000,0x0000000717180000,0x0000000717980000)
  from space 1536K, 82% used [0x0000000717b00000,0x0000000717c3d100,0x0000000717c80000)
  to   space 1536K, 0% used [0x0000000717980000,0x0000000717980000,0x0000000717b00000)
 ParOldGen       total 518656K, used 9239K [0x00000005c5400000, 0x00000005e4e80000, 0x0000000717180000)
  object space 518656K, 1% used [0x00000005c5400000,0x00000005c5d05ec0,0x00000005e4e80000)
 Metaspace       used 9070K, capacity 9324K, committed 9472K, reserved 1056768K
  class space    used 1169K, capacity 1221K, committed 1280K, reserved 1048576K
}
Event: 1.412 GC heap before
{Heap before GC invocations=9 (full 0):
 PSYoungGen      total 9728K, used 9460K [0x0000000717180000, 0x0000000717c80000, 0x00000007c0000000)
  eden space 8192K, 100% used [0x0000000717180000,0x0000000717980000,0x0000000717980000)
  from space 1536K, 82% used [0x0000000717b00000,0x0000000717c3d100,0x0000000717c80000)
  to   space 1536K, 0% used [0x0000000717980000,0x0000000717980000,0x0000000717b00000)
 ParOldGen       total 518656K, used 9239K [0x00000005c5400000, 0x00000005e4e80000, 0x0000000717180000)
  object space 518656K, 1% used [0x00000005c5400000,0x00000005c5d05ec0,0x00000005e4e80000)
 Metaspace       used 11690K, capacity 11938K, committed 12160K, reserved 1060864K
  class space    used 1558K, capacity 1653K, committed 1664K, reserved 1048576K
Event: 1.416 GC heap after
Heap after GC invocations=9 (full 0):
 PSYoungGen      total 9728K, used 1504K [0x0000000717180000, 0x0000000718280000, 0x00000007c0000000)
  eden space 8192K, 0% used [0x0000000717180000,0x0000000717180000,0x0000000717980000)
  from space 1536K, 97% used [0x0000000717980000,0x0000000717af8040,0x0000000717b00000)
  to   space 2048K, 0% used [0x0000000718080000,0x0000000718080000,0x0000000718280000)
 ParOldGen       total 518656K, used 10593K [0x00000005c5400000, 0x00000005e4e80000, 0x0000000717180000)
  object space 518656K, 2% used [0x00000005c5400000,0x00000005c5e58528,0x00000005e4e80000)
 Metaspace       used 11690K, capacity 11938K, committed 12160K, reserved 1060864K
  class space    used 1558K, capacity 1653K, committed 1664K, reserved 1048576K
}
Event: 1.661 GC heap before
{Heap before GC invocations=10 (full 0):
 PSYoungGen      total 9728K, used 9609K [0x0000000717180000, 0x0000000718280000, 0x00000007c0000000)
  eden space 8192K, 98% used [0x0000000717180000,0x000000071796a5d0,0x0000000717980000)
  from space 1536K, 97% used [0x0000000717980000,0x0000000717af8040,0x0000000717b00000)
  to   space 2048K, 0% used [0x0000000718080000,0x0000000718080000,0x0000000718280000)
 ParOldGen       total 518656K, used 10593K [0x00000005c5400000, 0x00000005e4e80000, 0x0000000717180000)
  object space 518656K, 2% used [0x00000005c5400000,0x00000005c5e58528,0x00000005e4e80000)
 Metaspace       used 14640K, capacity 14974K, committed 15232K, reserved 1062912K
  class space    used 2027K, capacity 2117K, committed 2176K, reserved 1048576K
Event: 1.665 GC heap after
Heap after GC invocations=10 (full 0):
 PSYoungGen      total 14848K, used 1877K [0x0000000717180000, 0x0000000718380000, 0x00000007c0000000)
  eden space 12800K, 0% used [0x0000000717180000,0x0000000717180000,0x0000000717e00000)
  from space 2048K, 91% used [0x0000000718080000,0x0000000718255550,0x0000000718280000)
  to   space 2560K, 0% used [0x0000000717e00000,0x0000000717e00000,0x0000000718080000)
 ParOldGen       total 518656K, used 10993K [0x00000005c5400000, 0x00000005e4e80000, 0x0000000717180000)
  object space 518656K, 2% used [0x00000005c5400000,0x00000005c5ebc548,0x00000005e4e80000)
 Metaspace       used 14640K, capacity 14974K, committed 15232K, reserved 1062912K
  class space    used 2027K, capacity 2117K, committed 2176K, reserved 1048576K
}
Event: 2.901 GC heap before
{Heap before GC invocations=11 (full 0):
 PSYoungGen      total 14848K, used 14677K [0x0000000717180000, 0x0000000718380000, 0x00000007c0000000)
  eden space 12800K, 100% used [0x0000000717180000,0x0000000717e00000,0x0000000717e00000)
  from space 2048K, 91% used [0x0000000718080000,0x0000000718255550,0x0000000718280000)
  to   space 2560K, 0% used [0x0000000717e00000,0x0000000717e00000,0x0000000718080000)
 ParOldGen       total 518656K, used 10993K [0x00000005c5400000, 0x00000005e4e80000, 0x0000000717180000)
  object space 518656K, 2% used [0x00000005c5400000,0x00000005c5ebc548,0x00000005e4e80000)
 Metaspace       used 15281K, capacity 15642K, committed 15744K, reserved 1062912K
  class space    used 2091K, capacity 2173K, committed 2176K, reserved 1048576K
Event: 2.905 GC heap after
Heap after GC invocations=11 (full 0):
 PSYoungGen      total 15360K, used 2464K [0x0000000717180000, 0x0000000718b80000, 0x00000007c0000000)
  eden space 12800K, 0% used [0x0000000717180000,0x0000000717180000,0x0000000717e00000)
  from space 2560K, 96% used [0x0000000717e00000,0x0000000718068010,0x0000000718080000)
  to   space 3072K, 0% used [0x0000000718880000,0x0000000718880000,0x0000000718b80000)
 ParOldGen       total 518656K, used 14703K [0x00000005c5400000, 0x00000005e4e80000, 0x0000000717180000)
  object space 518656K, 2% used [0x00000005c5400000,0x00000005c625bf90,0x00000005e4e80000)
 Metaspace       used 15281K, capacity 15642K, committed 15744K, reserved 1062912K
  class space    used 2091K, capacity 2173K, committed 2176K, reserved 1048576K
}
Event: 5.046 GC heap before
{Heap before GC invocations=12 (full 0):
 PSYoungGen      total 15360K, used 15264K [0x0000000717180000, 0x0000000718b80000, 0x00000007c0000000)
  eden space 12800K, 100% used [0x0000000717180000,0x0000000717e00000,0x0000000717e00000)
  from space 2560K, 96% used [0x0000000717e00000,0x0000000718068010,0x0000000718080000)
  to   space 3072K, 0% used [0x0000000718880000,0x0000000718880000,0x0000000718b80000)
 ParOldGen       total 518656K, used 14783K [0x00000005c5400000, 0x00000005e4e80000, 0x0000000717180000)
  object space 518656K, 2% used [0x00000005c5400000,0x00000005c626fff8,0x00000005e4e80000)
 Metaspace       used 15501K, capacity 15834K, committed 16000K, reserved 1062912K
  class space    used 2091K, capacity 2173K, committed 2176K, reserved 1048576K
Event: 5.048 GC heap after
Heap after GC invocations=12 (full 0):
 PSYoungGen      total 23552K, used 256K [0x0000000717180000, 0x0000000718b80000, 0x00000007c0000000)
  eden space 20480K, 0% used [0x0000000717180000,0x0000000717180000,0x0000000718580000)
  from space 3072K, 8% used [0x0000000718880000,0x00000007188c0000,0x0000000718b80000)
  to   space 3072K, 0% used [0x0000000718580000,0x0000000718580000,0x0000000718880000)
 ParOldGen       total 518656K, used 14975K [0x00000005c5400000, 0x00000005e4e80000, 0x0000000717180000)
  object space 518656K, 2% used [0x00000005c5400000,0x00000005c629fff8,0x00000005e4e80000)
 Metaspace       used 15501K, capacity 15834K, committed 16000K, reserved 1062912K
  class space    used 2091K, capacity 2173K, committed 2176K, reserved 1048576K
}

Deoptimization events (10 events):
Event: 1.374 Thread 0x0000000008cef000 Uncommon trap: reason=unreached action=reinterpret pc=0x000000000f277864 method=java.util.HashMap.getNode(ILjava/lang/Object;)Ljava/util/HashMap$Node; @ 84
Event: 1.374 Thread 0x0000000008cef000 Uncommon trap: reason=unreached action=reinterpret pc=0x000000000f279dc8 method=java.util.HashMap.getNode(ILjava/lang/Object;)Ljava/util/HashMap$Node; @ 84
Event: 1.493 Thread 0x0000000008cef000 Uncommon trap: reason=class_check action=maybe_recompile pc=0x000000000f30a678 method=java.io.DataInputStream.readShort()S @ 4
Event: 1.493 Thread 0x0000000008cef000 Uncommon trap: reason=class_check action=maybe_recompile pc=0x000000000f30a678 method=java.io.DataInputStream.readShort()S @ 4
Event: 1.494 Thread 0x0000000008cef000 Uncommon trap: reason=class_check action=maybe_recompile pc=0x000000000f30a678 method=java.io.DataInputStream.readShort()S @ 4
Event: 1.494 Thread 0x0000000008cef000 Uncommon trap: reason=class_check action=maybe_recompile pc=0x000000000f30a678 method=java.io.DataInputStream.readShort()S @ 4
Event: 1.498 Thread 0x0000000008cef000 Uncommon trap: reason=class_check action=maybe_recompile pc=0x000000000f136e14 method=java.lang.String.equals(Ljava/lang/Object;)Z @ 8
Event: 1.498 Thread 0x0000000008cef000 Uncommon trap: reason=class_check action=maybe_recompile pc=0x000000000f136e14 method=java.lang.String.equals(Ljava/lang/Object;)Z @ 8
Event: 1.510 Thread 0x0000000008cef000 Uncommon trap: reason=class_check action=maybe_recompile pc=0x000000000f136e14 method=java.lang.String.equals(Ljava/lang/Object;)Z @ 8
Event: 1.510 Thread 0x0000000008cef000 Uncommon trap: reason=class_check action=maybe_recompile pc=0x000000000f136e14 method=java.lang.String.equals(Ljava/lang/Object;)Z @ 8

Internal exceptions (10 events):
Event: 1.668 Thread 0x000000000c2a9000 Exception <a 'java/security/PrivilegedActionException'> (0x00000007173ad618) thrown at [D:\re\workspace\8-2-build-windows-amd64-cygwin\jdk8u5\2488\hotspot\src\share\vm\prims\jvm.cpp, line 1248]
Event: 1.671 Thread 0x000000000c2a9000 Exception <a 'java/security/PrivilegedActionException'> (0x00000007173e69a8) thrown at [D:\re\workspace\8-2-build-windows-amd64-cygwin\jdk8u5\2488\hotspot\src\share\vm\prims\jvm.cpp, line 1248]
Event: 1.689 Thread 0x0000000008cef000 Exception <a 'java/security/PrivilegedActionException'> (0x00000007174230c8) thrown at [D:\re\workspace\8-2-build-windows-amd64-cygwin\jdk8u5\2488\hotspot\src\share\vm\prims\jvm.cpp, line 1248]
Event: 1.689 Thread 0x0000000008cef000 Exception <a 'java/security/PrivilegedActionException'> (0x0000000717423c28) thrown at [D:\re\workspace\8-2-build-windows-amd64-cygwin\jdk8u5\2488\hotspot\src\share\vm\prims\jvm.cpp, line 1248]
Event: 1.712 Thread 0x000000000c5da800 Exception <a 'java/security/PrivilegedActionException'> (0x0000000717450308) thrown at [D:\re\workspace\8-2-build-windows-amd64-cygwin\jdk8u5\2488\hotspot\src\share\vm\prims\jvm.cpp, line 1248]
Event: 1.715 Thread 0x000000000c5da800 Exception <a 'java/security/PrivilegedActionException'> (0x00000007174ae450) thrown at [D:\re\workspace\8-2-build-windows-amd64-cygwin\jdk8u5\2488\hotspot\src\share\vm\prims\jvm.cpp, line 1248]
Event: 1.759 Thread 0x000000000c64b800 Exception <a 'java/security/PrivilegedActionException'> (0x00000007177e0df0) thrown at [D:\re\workspace\8-2-build-windows-amd64-cygwin\jdk8u5\2488\hotspot\src\share\vm\prims\jvm.cpp, line 1248]
Event: 1.801 Thread 0x000000000c64d000 Exception <a 'java/security/PrivilegedActionException'> (0x000000071780fca8) thrown at [D:\re\workspace\8-2-build-windows-amd64-cygwin\jdk8u5\2488\hotspot\src\share\vm\prims\jvm.cpp, line 1248]
Event: 1.992 Thread 0x000000000c64c800 Exception <a 'java/security/PrivilegedActionException'> (0x00000007178d2c70) thrown at [D:\re\workspace\8-2-build-windows-amd64-cygwin\jdk8u5\2488\hotspot\src\share\vm\prims\jvm.cpp, line 1248]
Event: 1.993 Thread 0x000000000c64b000 Exception <a 'java/security/PrivilegedActionException'> (0x00000007178f2e00) thrown at [D:\re\workspace\8-2-build-windows-amd64-cygwin\jdk8u5\2488\hotspot\src\share\vm\prims\jvm.cpp, line 1248]

Events (10 events):
Event: 6.738 Thread 0x000000000c64c800 Thread added: 0x000000000c64c800
Event: 6.738 Thread 0x000000000c64c800 Thread exited: 0x000000000c64c800
Event: 6.738 Thread 0x000000000c64b800 Thread added: 0x000000000c64b800
Event: 6.738 Thread 0x000000000c64b800 Thread exited: 0x000000000c64b800
Event: 6.741 Thread 0x000000000c599000 Thread exited: 0x000000000c599000
Event: 6.753 Thread 0x000000000c64b000 Thread added: 0x000000000c64b000
Event: 6.753 Thread 0x000000000c64b000 Thread exited: 0x000000000c64b000
Event: 6.754 Thread 0x000000000c598000 Thread exited: 0x000000000c598000
Event: 7.257 loading class com/sun/javafx/tk/quantum/QuantumRenderer$4
Event: 7.257 loading class com/sun/javafx/tk/quantum/QuantumRenderer$4 done


Dynamic libraries:
0x00007ff6f2320000 - 0x00007ff6f2354000 	C:\Program Files\Java\jdk1.8.0_05\jre\bin\java.exe
0x00007ffa51750000 - 0x00007ffa518fc000 	C:\WINDOWS\SYSTEM32\ntdll.dll
0x00007ffa4f7a0000 - 0x00007ffa4f8de000 	C:\WINDOWS\system32\KERNEL32.DLL
0x00007ffa4e9d0000 - 0x00007ffa4eae5000 	C:\WINDOWS\system32\KERNELBASE.dll
0x00007ffa4d3d0000 - 0x00007ffa4d45e000 	C:\WINDOWS\system32\apphelp.dll
0x00007ffa43770000 - 0x00007ffa437c3000 	C:\WINDOWS\AppPatch\AppPatch64\AcGenral.DLL
0x00007ffa4edd0000 - 0x00007ffa4ee7a000 	C:\WINDOWS\system32\msvcrt.dll
0x00007ffa4e620000 - 0x00007ffa4e64e000 	C:\WINDOWS\SYSTEM32\SspiCli.dll
0x00007ffa516f0000 - 0x00007ffa51744000 	C:\WINDOWS\system32\SHLWAPI.dll
0x00007ffa51570000 - 0x00007ffa516e7000 	C:\WINDOWS\system32\USER32.dll
0x00007ffa513d0000 - 0x00007ffa51564000 	C:\WINDOWS\system32\ole32.dll
0x00007ffa4f950000 - 0x00007ffa50e68000 	C:\WINDOWS\system32\SHELL32.dll
0x00007ffa4ddf0000 - 0x00007ffa4de11000 	C:\WINDOWS\SYSTEM32\USERENV.dll
0x00007ffa4f500000 - 0x00007ffa4f5aa000 	C:\WINDOWS\system32\ADVAPI32.dll
0x00007ffa41320000 - 0x00007ffa4133e000 	C:\WINDOWS\SYSTEM32\MPR.dll
0x00007ffa4ee90000 - 0x00007ffa4efd1000 	C:\WINDOWS\system32\RPCRT4.dll
0x00007ffa51210000 - 0x00007ffa51269000 	C:\WINDOWS\SYSTEM32\sechost.dll
0x00007ffa4f0c0000 - 0x00007ffa4f2d1000 	C:\WINDOWS\SYSTEM32\combase.dll
0x00007ffa51270000 - 0x00007ffa513c1000 	C:\WINDOWS\system32\GDI32.dll
0x00007ffa4e8a0000 - 0x00007ffa4e8b5000 	C:\WINDOWS\SYSTEM32\profapi.dll
0x00007ffa4d310000 - 0x00007ffa4d3c2000 	C:\WINDOWS\SYSTEM32\SHCORE.dll
0x00007ffa511d0000 - 0x00007ffa51206000 	C:\WINDOWS\system32\IMM32.DLL
0x00007ffa51070000 - 0x00007ffa511c2000 	C:\WINDOWS\system32\MSCTF.dll
0x00007ffa4e850000 - 0x00007ffa4e881000 	C:\Windows\system32\nvinitx.dll
0x00007ffa4e840000 - 0x00007ffa4e84a000 	C:\WINDOWS\SYSTEM32\VERSION.dll
0x000000000f000000 - 0x000000000f006000 	C:\Program Files\NVIDIA Corporation\CoProcManager\_etoured.dll
0x00007ffa4cb60000 - 0x00007ffa4cb91000 	C:\Program Files\NVIDIA Corporation\CoProcManager\nvd3d9wrapx.dll
0x00007ffa50e80000 - 0x00007ffa5105a000 	C:\WINDOWS\system32\SETUPAPI.dll
0x00007ffa4eaf0000 - 0x00007ffa4eb3f000 	C:\WINDOWS\system32\CFGMGR32.dll
0x00007ffa4c550000 - 0x00007ffa4c572000 	C:\Program Files\NVIDIA Corporation\CoProcManager\nvdxgiwrapx.dll
0x00007ffa4c8e0000 - 0x00007ffa4cb5a000 	C:\WINDOWS\WinSxS\amd64_microsoft.windows.common-controls_6595b64144ccf1df_6.0.9600.17810_none_6240b9c7ecbd0bda\COMCTL32.dll
0x0000000060c00000 - 0x0000000060cd2000 	C:\Program Files\Java\jdk1.8.0_05\jre\bin\msvcr100.dll
0x0000000060ce0000 - 0x000000006150a000 	C:\Program Files\Java\jdk1.8.0_05\jre\bin\server\jvm.dll
0x00007ffa2e160000 - 0x00007ffa2e169000 	C:\WINDOWS\SYSTEM32\WSOCK32.dll
0x00007ffa4c480000 - 0x00007ffa4c4a2000 	C:\WINDOWS\SYSTEM32\WINMM.dll
0x00007ffa50e70000 - 0x00007ffa50e77000 	C:\WINDOWS\system32\PSAPI.DLL
0x00007ffa4f5b0000 - 0x00007ffa4f60a000 	C:\WINDOWS\system32\WS2_32.dll
0x00007ffa4c290000 - 0x00007ffa4c2ba000 	C:\WINDOWS\SYSTEM32\WINMMBASE.dll
0x00007ffa4f2e0000 - 0x00007ffa4f2e9000 	C:\WINDOWS\system32\NSI.dll
0x00007ffa4d670000 - 0x00007ffa4d698000 	C:\WINDOWS\SYSTEM32\DEVOBJ.dll
0x0000000060bb0000 - 0x0000000060bbf000 	C:\Program Files\Java\jdk1.8.0_05\jre\bin\verify.dll
0x0000000060b80000 - 0x0000000060ba8000 	C:\Program Files\Java\jdk1.8.0_05\jre\bin\java.dll
0x0000000060b60000 - 0x0000000060b76000 	C:\Program Files\Java\jdk1.8.0_05\jre\bin\zip.dll
0x000000005e9e0000 - 0x000000005ea0b000 	C:\Program Files\Java\jdk1.8.0_05\jre\bin\prism_d3d.dll
0x00007ffa453c0000 - 0x00007ffa455e1000 	C:\WINDOWS\system32\d3d9.dll
0x00007ffa4cba0000 - 0x00007ffa4cbc1000 	C:\WINDOWS\SYSTEM32\dwmapi.dll
0x0000000009790000 - 0x00000000097e1000 	C:\WINDOWS\system32\WINTRUST.dll
0x00007ffa4eb40000 - 0x00007ffa4ed1f000 	C:\WINDOWS\system32\CRYPT32.dll
0x00007ffa4e950000 - 0x00007ffa4e961000 	C:\WINDOWS\system32\MSASN1.dll
0x00007ffa4d4c0000 - 0x00007ffa4d5e9000 	C:\WINDOWS\system32\uxtheme.dll
0x00007ffa4ad20000 - 0x00007ffa4ae32000 	C:\WINDOWS\SYSTEM32\nvumdshimx.dll
0x00007ffa26350000 - 0x00007ffa26dc0000 	C:\WINDOWS\system32\igdumdim64.dll
0x00007ffa49670000 - 0x00007ffa49ad2000 	C:\WINDOWS\SYSTEM32\igdusc64.dll
0x000000005e9a0000 - 0x000000005e9df000 	C:\Program Files\Java\jdk1.8.0_05\jre\bin\glass.dll
0x00007ffa4f610000 - 0x00007ffa4f6c6000 	C:\WINDOWS\system32\COMDLG32.dll
0x00007ffa4f6d0000 - 0x00007ffa4f791000 	C:\WINDOWS\system32\OLEAUT32.dll
0x0000000070fc0000 - 0x0000000070fcd000 	C:\Program Files (x86)\WinSplit Revolution\WinSplitHook64.DLL
0x00007ffa4d640000 - 0x00007ffa4d64b000 	C:\WINDOWS\SYSTEM32\kernel.appcore.dll
0x00007ffa4e7c0000 - 0x00007ffa4e7cb000 	C:\WINDOWS\SYSTEM32\CRYPTBASE.dll
0x00007ffa4e650000 - 0x00007ffa4e6b3000 	C:\WINDOWS\SYSTEM32\bcryptPrimitives.dll
0x00007ffa26e70000 - 0x00007ffa2709f000 	C:\Program Files\Acer\Acer Power Management\SysHook.dll
0x00007ffa4c470000 - 0x00007ffa4c477000 	C:\WINDOWS\SYSTEM32\MSIMG32.dll
0x00007ffa4bdd0000 - 0x00007ffa4be52000 	C:\WINDOWS\SYSTEM32\WINSPOOL.DRV
0x00007ffa4bf80000 - 0x00007ffa4c130000 	C:\WINDOWS\WinSxS\amd64_microsoft.windows.gdiplus_6595b64144ccf1df_1.1.9600.17415_none_932b3b5547500489\gdiplus.dll
0x00007ffa4bd60000 - 0x00007ffa4bdca000 	C:\WINDOWS\SYSTEM32\OLEACC.dll
0x00007ffa4e0c0000 - 0x00007ffa4e0e0000 	C:\WINDOWS\SYSTEM32\CRYPTSP.dll
0x00007ffa4dce0000 - 0x00007ffa4dd16000 	C:\WINDOWS\system32\rsaenh.dll
0x00007ffa4e310000 - 0x00007ffa4e336000 	C:\WINDOWS\SYSTEM32\bcrypt.dll
0x0000000060b40000 - 0x0000000060b5a000 	C:\Program Files\Java\jdk1.8.0_05\jre\bin\net.dll
0x00007ffa4e060000 - 0x00007ffa4e0b9000 	C:\WINDOWS\system32\mswsock.dll
0x00007ffa488d0000 - 0x00007ffa488fa000 	C:\WINDOWS\SYSTEM32\IPHLPAPI.DLL
0x00007ffa488b0000 - 0x00007ffa488ba000 	C:\WINDOWS\SYSTEM32\WINNSI.DLL
0x00007ffa48420000 - 0x00007ffa48436000 	C:\WINDOWS\SYSTEM32\dhcpcsvc6.DLL
0x00007ffa48570000 - 0x00007ffa4858a000 	C:\WINDOWS\SYSTEM32\dhcpcsvc.DLL
0x0000000060b20000 - 0x0000000060b31000 	C:\Program Files\Java\jdk1.8.0_05\jre\bin\nio.dll
0x00007ffa43920000 - 0x00007ffa43957000 	C:\Users\kristof\AppData\Local\Temp\jna-kristof\jna4821145664967392585.dll
0x000000005e970000 - 0x000000005e99d000 	C:\Program Files\VideoLAN\VLC\libvlc.dll
0x000000005e6c0000 - 0x000000005e96c000 	C:\Program Files\VideoLAN\VLC\libvlccore.dll
0x000000005e6a0000 - 0x000000005e6b4000 	C:\Program Files\VideoLAN\VLC\plugins\audio_output\libdirectsound_plugin.dll
0x000000005e680000 - 0x000000005e693000 	C:\Program Files\VideoLAN\VLC\plugins\audio_output\libwaveout_plugin.dll
0x000000005e500000 - 0x000000005e674000 	C:\Program Files\VideoLAN\VLC\plugins\misc\libxml_plugin.dll
0x000000005e4e0000 - 0x000000005e4ff000 	C:\Program Files\VideoLAN\VLC\plugins\video_output\libdirect3d_plugin.dll
0x000000005e4c0000 - 0x000000005e4dd000 	C:\Program Files\VideoLAN\VLC\plugins\video_output\libdirectdraw_plugin.dll
0x00007ffa2fc40000 - 0x00007ffa2fcdd000 	C:\WINDOWS\SYSTEM32\DSOUND.DLL
0x00007ffa4e7f0000 - 0x00007ffa4e836000 	C:\WINDOWS\SYSTEM32\POWRPROF.dll
0x00007ffa4efe0000 - 0x00007ffa4f096000 	C:\WINDOWS\SYSTEM32\clbcatq.dll
0x00007ffa4bf10000 - 0x00007ffa4bf80000 	C:\WINDOWS\System32\MMDevApi.dll
0x00007ffa4b560000 - 0x00007ffa4b70e000 	C:\WINDOWS\SYSTEM32\WindowsCodecs.dll
0x00007ffa48a90000 - 0x00007ffa48abe000 	C:\Program Files\Common Files\Microsoft Shared\Ink\rtscom.dll
0x000000005e4a0000 - 0x000000005e4b3000 	C:\Program Files\Java\jdk1.8.0_05\jre\bin\javafx_font.dll
0x00007ffa4ae70000 - 0x00007ffa4b05d000 	C:\WINDOWS\SYSTEM32\dwrite.dll
0x000000005e230000 - 0x000000005e498000 	C:\Program Files\VideoLAN\VLC\plugins\access\liblibbluray_plugin.dll
0x000000005e200000 - 0x000000005e226000 	C:\Program Files\VideoLAN\VLC\plugins\access\libaccess_bd_plugin.dll
0x000000005e1b0000 - 0x000000005e1fb000 	C:\Program Files\VideoLAN\VLC\plugins\access\libdvdnav_plugin.dll
0x000000005e190000 - 0x000000005e1af000 	C:\Program Files\VideoLAN\VLC\plugins\access\libvdr_plugin.dll
0x000000005e170000 - 0x000000005e188000 	C:\Program Files\VideoLAN\VLC\plugins\access\libfilesystem_plugin.dll
0x000000005e150000 - 0x000000005e16b000 	C:\Program Files\VideoLAN\VLC\plugins\stream_filter\libsmooth_plugin.dll
0x000000005e0a0000 - 0x000000005e14e000 	C:\Program Files\VideoLAN\VLC\plugins\stream_filter\libhttplive_plugin.dll
0x000000005e070000 - 0x000000005e09b000 	C:\Program Files\VideoLAN\VLC\plugins\access\libzip_plugin.dll
0x000000005e050000 - 0x000000005e066000 	C:\Program Files\VideoLAN\VLC\plugins\access\librar_plugin.dll
0x000000005e040000 - 0x000000005e04f000 	C:\Program Files\VideoLAN\VLC\plugins\stream_filter\librecord_plugin.dll
0x000000005dff0000 - 0x000000005e032000 	C:\Program Files\VideoLAN\VLC\plugins\demux\libmp4_plugin.dll
0x000000005dfd0000 - 0x000000005dfe1000 	C:\Program Files\Java\jdk1.8.0_05\jre\bin\prism_common.dll
0x000000005df70000 - 0x000000005dfc9000 	C:\Program Files\VideoLAN\VLC\plugins\codec\libjpeg_plugin.dll
0x000000005df50000 - 0x000000005df61000 	C:\Program Files\VideoLAN\VLC\plugins\codec\libcdg_plugin.dll
0x000000005def0000 - 0x000000005df4e000 	C:\Program Files\VideoLAN\VLC\plugins\codec\libpng_plugin.dll
0x000000005dd70000 - 0x000000005deeb000 	C:\Program Files\VideoLAN\VLC\plugins\codec\libschroedinger_plugin.dll
0x000000005dc90000 - 0x000000005dd65000 	C:\Program Files\VideoLAN\VLC\plugins\codec\libvorbis_plugin.dll
0x000000005dc30000 - 0x000000005dc8a000 	C:\Program Files\VideoLAN\VLC\plugins\codec\libtheora_plugin.dll
0x000000005dc10000 - 0x000000005dc21000 	C:\Program Files\VideoLAN\VLC\plugins\codec\libdts_plugin.dll
0x000000005dbf0000 - 0x000000005dc05000 	C:\Program Files\VideoLAN\VLC\plugins\codec\libaraw_plugin.dll
0x000000005dbd0000 - 0x000000005dbe7000 	C:\Program Files\VideoLAN\VLC\plugins\codec\libsubstx3g_plugin.dll
0x000000005db50000 - 0x000000005dbc4000 	C:\Program Files\VideoLAN\VLC\plugins\codec\libflac_plugin.dll
0x000000005db30000 - 0x000000005db43000 	C:\Program Files\VideoLAN\VLC\plugins\codec\libg711_plugin.dll
0x000000005db20000 - 0x000000005db30000 	C:\Program Files\VideoLAN\VLC\plugins\codec\libaes3_plugin.dll
0x000000005dae0000 - 0x000000005db19000 	C:\Program Files\VideoLAN\VLC\plugins\codec\libspeex_plugin.dll
0x000000005d910000 - 0x000000005dad5000 	C:\Program Files\VideoLAN\VLC\plugins\codec\liblibass_plugin.dll
0x000000005d8a0000 - 0x000000005d90f000 	C:\Program Files\VideoLAN\VLC\plugins\codec\libfaad_plugin.dll
0x000000005d880000 - 0x000000005d891000 	C:\Program Files\VideoLAN\VLC\plugins\codec\liba52_plugin.dll
0x000000005d870000 - 0x000000005d880000 	C:\Program Files\VideoLAN\VLC\plugins\codec\libmpeg_audio_plugin.dll
0x000000005d850000 - 0x000000005d861000 	C:\Program Files\VideoLAN\VLC\plugins\codec\liblpcm_plugin.dll
0x000000005d7d0000 - 0x000000005d848000 	C:\Program Files\VideoLAN\VLC\plugins\codec\libopus_plugin.dll
0x000000005d7a0000 - 0x000000005d7c9000 	C:\Program Files\VideoLAN\VLC\plugins\codec\libdvbsub_plugin.dll
0x000000005d780000 - 0x000000005d791000 	C:\Program Files\VideoLAN\VLC\plugins\codec\libspudec_plugin.dll
0x000000005c2e0000 - 0x000000005d77f000 	C:\Program Files\VideoLAN\VLC\plugins\codec\libavcodec_plugin.dll
0x000000005c280000 - 0x000000005c2dc000 	C:\Program Files\VideoLAN\VLC\plugins\lua\liblua_plugin.dll
0x00007ffa420e0000 - 0x00007ffa4215e000 	C:\WINDOWS\SYSTEM32\AUDIOSES.DLL
0x000000005c190000 - 0x000000005c273000 	C:\Program Files\VideoLAN\VLC\plugins\text_renderer\libfreetype_plugin.dll

VM Arguments:
jvm_args: -Dfile.encoding=UTF-8 
java_command: C:\Users\kristof\Documents\NetBeansProjects\VLCPlayer\dist\run690252533\VLCPlayer.jar
java_class_path (initial): C:\Users\kristof\Documents\NetBeansProjects\VLCPlayer\dist\run690252533\VLCPlayer.jar
Launcher Type: SUN_STANDARD

Environment Variables:
CLASSPATH=.;C:\Program Files (x86)\Java\jre7\lib\ext\QTJava.zip
PATH=C:\ProgramData\Oracle\Java\javapath;C:\Program Files (x86)\Common Files\Intel\Shared Libraries\redist\intel64\compiler;C:\Program Files (x86)\Common Files\Intel\Shared Libraries\redist\ia32\compiler;C:\Program Files (x86)\Haskell\bin;C:\Program Files (x86)\Haskell Platform\2013.2.0.0\lib\extralibs\bin;C:\Program Files (x86)\Haskell Platform\2013.2.0.0\bin;C:\Program Files (x86)\Intel\iCLS Client\;C:\Program Files\Intel\iCLS Client\;C:\Windows\system32;C:\Windows;C:\Windows\System32\Wbem;C:\Windows\System32\WindowsPowerShell\v1.0\;C:\Program Files (x86)\Intel\OpenCL SDK\3.0\bin\x86;C:\Program Files (x86)\Intel\OpenCL SDK\3.0\bin\x64;C:\Program Files (x86)\QuickTime\QTSystem\;C:\Program Files (x86)\Haskell Platform\2013.2.0.0\mingw\bin;C:\Program Files (x86)\MiKTeX 2.9\miktex\bin\;D:\strawberry\c\bin;D:\strawberry\perl\site\bin;D:\strawberry\perl\bin;C:\Program Files\Microsoft SQL Server\110\Tools\Binn\;C:\WINDOWS\system32;C:\WINDOWS;C:\WINDOWS\System32\Wbem;C:\WINDOWS\System32\WindowsPowerShell\v1.0\;C:\Program Files\Microsoft\Web Platform Installer\;D:\matlab\R2014b\runtime\win64;D:\matlab\R2014b\bin;D:\matlab\R2014b\polyspace\bin;C:\Program Files (x86)\Skype\Phone\;C:\Program Files (x86)\NVIDIA Corporation\PhysX\Common;C:\Program Files\Intel\Intel(R) Management Engine Components\DAL;C:\Program Files\Intel\Intel(R) Management Engine Components\IPT;C:\Program Files (x86)\Intel\Intel(R) Management Engine Components\DAL;C:\Program Files (x86)\Intel\Intel(R) Management Engine Components\IPT;C:\Program Files (x86)\Windows Kits\8.1\Windows Performance Toolkit\;C:\Program Files (x86)\Microsoft SDKs\TypeScript\1.0\;C:\Program Files\Microsoft SQL Server\120\Tools\Binn\;C:\Users\kristof\AppData\Roaming\cabal\bin
USERNAME=kristof
OS=Windows_NT
PROCESSOR_IDENTIFIER=Intel64 Family 6 Model 60 Stepping 3, GenuineIntel



---------------  S Y S T E M  ---------------

OS: Windows 8.1 , 64 bit Build 9600 

CPU:total 8 (4 cores per cpu, 2 threads per core) family 6 model 60 stepping 3, cmov, cx8, fxsr, mmx, sse, sse2, sse3, ssse3, sse4.1, sse4.2, popcnt, avx, avx2, aes, clmul, erms, ht, tsc, tscinvbit

Memory: 4k page, physical 33202460k(26299544k free), swap 38183196k(29656836k free)

vm_info: Java HotSpot(TM) 64-Bit Server VM (25.5-b02) for windows-amd64 JRE (1.8.0_05-b13), built on Mar 18 2014 01:08:39 by "java_re" with MS VC++ 10.0 (VS2010)

time: Sat Jul 11 18:28:08 2015
elapsed time: 7 seconds

