#
# A fatal error has been detected by the Java Runtime Environment:
#
#  EXCEPTION_ACCESS_VIOLATION (0xc0000005) at pc=0x00007ffa5178d85e, pid=1064, tid=1988
#
# JRE version: Java(TM) SE Runtime Environment (8.0_05-b13) (build 1.8.0_05-b13)
# Java VM: Java HotSpot(TM) 64-Bit Server VM (25.5-b02 mixed mode windows-amd64 compressed oops)
# Problematic frame:
# C  [ntdll.dll+0x3d85e]
#
# Failed to write core dump. Minidumps are not enabled by default on client versions of Windows
#
# If you would like to submit a bug report, please visit:
#   http://bugreport.sun.com/bugreport/crash.jsp
# The crash happened outside the Java Virtual Machine in native code.
# See problematic frame for where to report the bug.
#

---------------  T H R E A D  ---------------

Current thread (0x00000000094fb000):  JavaThread "JavaFX Application Thread" [_thread_in_native, id=1988, stack(0x000000000a220000,0x000000000a320000)]

siginfo: ExceptionCode=0xc0000005, writing address 0x0000000000000024

Registers:
RAX=0x0000000000000000, RBX=0x000000000c6562e8, RCX=0x00000000fffffffc, RDX=0x000000000000080c
RSP=0x000000000a31ce30, RBP=0x00007ff6f1d4a000, RSI=0x000000000000080c, RDI=0x0000000000000000
R8 =0xffffffffffffffff, R9 =0x00007ff6f1d4a000, R10=0x0000000000000000, R11=0x0000000000000246
R12=0x0000000000000000, R13=0x0000000000000000, R14=0x0000000000000000, R15=0x0000000000000000
RIP=0x00007ffa5178d85e, EFLAGS=0x0000000000010213

Top of Stack: (sp=0x000000000a31ce30)
0x000000000a31ce30:   000000000000080c 00000000094fb000
0x000000000a31ce40:   0000000000000090 0000000000000000
0x000000000a31ce50:   000000000a31cf38 000000006087c2c5
0x000000000a31ce60:   000000000a31cf01 0000000000000000
0x000000000a31ce70:   0000000000000000 00000000094fb000
0x000000000a31ce80:   000000000a31cfc0 0000000006c96310
0x000000000a31ce90:   0000000000000000 00000000094fb000
0x000000000a31cea0:   0000000000000090 0000000000000000
0x000000000a31ceb0:   00007a9cc49d0650 000000006087c2c5
0x000000000a31cec0:   0000000000000004 0000000000000001
0x000000000a31ced0:   0000000006f4da00 000000007ffe0372
0x000000000a31cee0:   0000000000000000 0000000000000000
0x000000000a31cef0:   00007ff6f1d4a000 00007ffa5178b254
0x000000000a31cf00:   0000000006c95ca8 00007ffa4c83fc42
0x000000000a31cf10:   000000000c6562e8 0000000000000000
0x000000000a31cf20:   0000000000000000 0000000000000002 

Instructions: (pc=0x00007ffa5178d85e)
0x00007ffa5178d83e:   a8 01 0f 85 e0 00 00 00 8b c8 41 2b ce f0 0f b1
0x00007ffa5178d84e:   4b 08 75 e9 48 8b 03 45 33 f6 48 83 f8 ff 74 03
0x00007ffa5178d85e:   ff 40 24 41 bf 82 03 fe 7f 41 8a 0f 84 c9 0f 85
0x00007ffa5178d86e:   a0 fa 06 00 48 83 fe ff 0f 84 f5 fa 06 00 4c 8b 


Register to memory mapping:

RAX=0x0000000000000000 is an unknown value
RBX=0x000000000c6562e8 is an unknown value
RCX=0x00000000fffffffc is an unknown value
RDX=0x000000000000080c is an unknown value
RSP=0x000000000a31ce30 is pointing into the stack for thread: 0x00000000094fb000
RBP=0x00007ff6f1d4a000 is an unknown value
RSI=0x000000000000080c is an unknown value
RDI=0x0000000000000000 is an unknown value
R8 =0xffffffffffffffff is an unknown value
R9 =0x00007ff6f1d4a000 is an unknown value
R10=0x0000000000000000 is an unknown value
R11=0x0000000000000246 is an unknown value
R12=0x0000000000000000 is an unknown value
R13=0x0000000000000000 is an unknown value
R14=0x0000000000000000 is an unknown value
R15=0x0000000000000000 is an unknown value


Stack: [0x000000000a220000,0x000000000a320000],  sp=0x000000000a31ce30,  free space=1011k
Native frames: (J=compiled Java code, j=interpreted, Vv=VM code, C=native code)
C  [ntdll.dll+0x3d85e]
C  [ntdll.dll+0x3b254]
C  [libvlc.dll+0xe365]
C  [jna3285378692140716828.dll+0x176f3]
C  [jna3285378692140716828.dll+0xffe7]
C  [jna3285378692140716828.dll+0x3d1a]
C  [jna3285378692140716828.dll+0x4e97]
C  0x000000000f0251ae

Java frames: (J=compiled Java code, j=interpreted, Vv=VM code)
j  com.sun.jna.Native.invokeLong(JI[Ljava/lang/Object;)J+0
j  com.sun.jna.Function.invoke([Ljava/lang/Object;Ljava/lang/Class;Z)Ljava/lang/Object;+389
j  com.sun.jna.Function.invoke(Ljava/lang/Class;[Ljava/lang/Object;Ljava/util/Map;)Ljava/lang/Object;+214
j  com.sun.jna.Library$Handler.invoke(Ljava/lang/Object;Ljava/lang/reflect/Method;[Ljava/lang/Object;)Ljava/lang/Object;+341
j  com.sun.proxy.$Proxy0.libvlc_media_player_get_time(Luk/co/caprica/vlcj/binding/internal/libvlc_media_player_t;)J+16
j  uk.co.caprica.vlcj.player.DefaultMediaPlayer.getTime()J+17
j  simplevlc.Controls$1.lambda$positionChanged$7(F)V+30
j  simplevlc.Controls$1$$Lambda$26.run()V+8
j  com.sun.javafx.application.PlatformImpl$6$1.run()Ljava/lang/Void;+7
j  com.sun.javafx.application.PlatformImpl$6$1.run()Ljava/lang/Object;+1
v  ~StubRoutines::call_stub
J 1455  java.security.AccessController.doPrivileged(Ljava/security/PrivilegedAction;Ljava/security/AccessControlContext;)Ljava/lang/Object; (0 bytes) @ 0x000000000f4b00e6 [0x000000000f4b0080+0x66]
j  com.sun.javafx.application.PlatformImpl$6.run()V+12
J 2091 C1 com.sun.glass.ui.InvokeLaterDispatcher$Future.run()V (91 bytes) @ 0x000000000f66198c [0x000000000f661880+0x10c]
v  ~StubRoutines::call_stub
j  com.sun.glass.ui.win.WinApplication._runLoop(Ljava/lang/Runnable;)V+0
j  com.sun.glass.ui.win.WinApplication.access$300(Lcom/sun/glass/ui/win/WinApplication;Ljava/lang/Runnable;)V+2
j  com.sun.glass.ui.win.WinApplication$4$1.run()V+25
j  java.lang.Thread.run()V+11
v  ~StubRoutines::call_stub

---------------  P R O C E S S  ---------------

Java Threads: ( => current thread )
  0x000000000cb14000 JavaThread "Prism Font Disposer" daemon [_thread_blocked, id=6988, stack(0x000000002dd70000,0x000000002de70000)]
  0x000000000957d800 JavaThread "Thread-3" daemon [_thread_in_native, id=2464, stack(0x000000000bac0000,0x000000000bbc0000)]
  0x0000000009576000 JavaThread "JavaFX-Launcher" [_thread_blocked, id=2768, stack(0x000000000c540000,0x000000000c640000)]
=>0x00000000094fb000 JavaThread "JavaFX Application Thread" [_thread_in_native, id=1988, stack(0x000000000a220000,0x000000000a320000)]
  0x00000000094fa800 JavaThread "Thread-1" daemon [_thread_blocked, id=7336, stack(0x000000000a120000,0x000000000a220000)]
  0x00000000094ca800 JavaThread "QuantumRenderer-0" daemon [_thread_blocked, id=816, stack(0x0000000009ee0000,0x0000000009fe0000)]
  0x00000000093a2800 JavaThread "Service Thread" daemon [_thread_blocked, id=4552, stack(0x0000000009ce0000,0x0000000009de0000)]
  0x0000000009319000 JavaThread "C1 CompilerThread3" daemon [_thread_blocked, id=5516, stack(0x0000000009be0000,0x0000000009ce0000)]
  0x000000000930c000 JavaThread "C2 CompilerThread2" daemon [_thread_blocked, id=6076, stack(0x0000000009ae0000,0x0000000009be0000)]
  0x0000000009316000 JavaThread "C2 CompilerThread1" daemon [_thread_blocked, id=7468, stack(0x00000000099e0000,0x0000000009ae0000)]
  0x0000000009314000 JavaThread "C2 CompilerThread0" daemon [_thread_blocked, id=556, stack(0x00000000098e0000,0x00000000099e0000)]
  0x0000000009311800 JavaThread "Attach Listener" daemon [_thread_blocked, id=2688, stack(0x00000000097e0000,0x00000000098e0000)]
  0x0000000009310800 JavaThread "Signal Dispatcher" daemon [_thread_blocked, id=5836, stack(0x00000000096e0000,0x00000000097e0000)]
  0x0000000003249800 JavaThread "Finalizer" daemon [_thread_blocked, id=5368, stack(0x00000000091e0000,0x00000000092e0000)]
  0x0000000003241000 JavaThread "Reference Handler" daemon [_thread_blocked, id=4620, stack(0x00000000090e0000,0x00000000091e0000)]
  0x000000000304d800 JavaThread "main" [_thread_blocked, id=2204, stack(0x0000000003050000,0x0000000003150000)]

Other Threads:
  0x00000000072e8800 VMThread [stack: 0x0000000008fe0000,0x00000000090e0000] [id=220]
  0x00000000093a5000 WatcherThread [stack: 0x0000000009de0000,0x0000000009ee0000] [id=6172]

VM state:not at safepoint (normal execution)

VM Mutex/Monitor currently owned by a thread: None

Heap:
 PSYoungGen      total 14848K, used 7725K [0x0000000717180000, 0x0000000718900000, 0x00000007c0000000)
  eden space 11776K, 63% used [0x0000000717180000,0x00000007178c3418,0x0000000717d00000)
  from space 3072K, 9% used [0x0000000718300000,0x0000000718348000,0x0000000718600000)
  to   space 3072K, 0% used [0x0000000718600000,0x0000000718600000,0x0000000718900000)
 ParOldGen       total 518656K, used 14956K [0x00000005c5400000, 0x00000005e4e80000, 0x0000000717180000)
  object space 518656K, 2% used [0x00000005c5400000,0x00000005c629b3c8,0x00000005e4e80000)
 Metaspace       used 15776K, capacity 16182K, committed 16384K, reserved 1062912K
  class space    used 2095K, capacity 2179K, committed 2304K, reserved 1048576K

Card table byte_map: [0x0000000003610000,0x00000000045f0000] byte_map_base: 0x00000000007e6000

Marking Bits: (ParMarkBitMap*) 0x0000000060f813b0
 Begin Bits: [0x000000001e010000, 0x0000000025ec0000)
 End Bits:   [0x0000000025ec0000, 0x000000002dd70000)

Polling page: 0x00000000011b0000

CodeCache: size=245760Kb used=6993Kb max_used=6993Kb free=238766Kb
 bounds [0x000000000f010000, 0x000000000f6f0000, 0x000000001e010000]
 total_blobs=2893 nmethods=2253 adapters=552
 compilation: enabled

Compilation events (10 events):
Event: 8.841 Thread 0x0000000009316000 2247   !   4       com.sun.jna.Native::getNativeSize (177 bytes)
Event: 8.841 Thread 0x0000000009319000 nmethod 2246 0x000000000f6cd7d0 code [0x000000000f6cd920, 0x000000000f6cda50]
Event: 8.847 Thread 0x0000000009316000 nmethod 2247 0x000000000f6d4810 code [0x000000000f6d49e0, 0x000000000f6d5180]
Event: 8.857 Thread 0x0000000009319000 2248       3       com.sun.jna.Function::convertArgument (896 bytes)
Event: 8.862 Thread 0x0000000009319000 nmethod 2248 0x000000000f6da710 code [0x000000000f6db2e0, 0x000000000f6e3fd8]
Event: 8.888 Thread 0x0000000009319000 2249       1       com.sun.javafx.stage.WindowEventDispatcher::getFirstDispatcher (5 bytes)
Event: 8.888 Thread 0x0000000009319000 nmethod 2249 0x000000000f6cd490 code [0x000000000f6cd5e0, 0x000000000f6cd6f0]
Event: 8.892 Thread 0x0000000009319000 2250       3       java.util.regex.Pattern$BitClass::isSatisfiedBy (22 bytes)
Event: 8.892 Thread 0x0000000009319000 nmethod 2250 0x000000000f6d4390 code [0x000000000f6d4500, 0x000000000f6d4710]
Event: 8.892 Thread 0x0000000009319000 2251       3       java.util.regex.Pattern$5::isSatisfiedBy (28 bytes)

GC Heap History (10 events):
Event: 1.367 GC heap before
{Heap before GC invocations=9 (full 0):
 PSYoungGen      total 9728K, used 9500K [0x0000000717180000, 0x0000000717c80000, 0x00000007c0000000)
  eden space 8192K, 100% used [0x0000000717180000,0x0000000717980000,0x0000000717980000)
  from space 1536K, 85% used [0x0000000717b00000,0x0000000717c47370,0x0000000717c80000)
  to   space 1536K, 0% used [0x0000000717980000,0x0000000717980000,0x0000000717b00000)
 ParOldGen       total 518656K, used 9263K [0x00000005c5400000, 0x00000005e4e80000, 0x0000000717180000)
  object space 518656K, 1% used [0x00000005c5400000,0x00000005c5d0bc90,0x00000005e4e80000)
 Metaspace       used 11700K, capacity 11946K, committed 12160K, reserved 1060864K
  class space    used 1559K, capacity 1653K, committed 1664K, reserved 1048576K
Event: 1.370 GC heap after
Heap after GC invocations=9 (full 0):
 PSYoungGen      total 9728K, used 1520K [0x0000000717180000, 0x0000000718280000, 0x00000007c0000000)
  eden space 8192K, 0% used [0x0000000717180000,0x0000000717180000,0x0000000717980000)
  from space 1536K, 98% used [0x0000000717980000,0x0000000717afc050,0x0000000717b00000)
  to   space 2048K, 0% used [0x0000000718080000,0x0000000718080000,0x0000000718280000)
 ParOldGen       total 518656K, used 10563K [0x00000005c5400000, 0x00000005e4e80000, 0x0000000717180000)
  object space 518656K, 2% used [0x00000005c5400000,0x00000005c5e50eb0,0x00000005e4e80000)
 Metaspace       used 11700K, capacity 11946K, committed 12160K, reserved 1060864K
  class space    used 1559K, capacity 1653K, committed 1664K, reserved 1048576K
}
Event: 1.612 GC heap before
{Heap before GC invocations=10 (full 0):
 PSYoungGen      total 9728K, used 9300K [0x0000000717180000, 0x0000000718280000, 0x00000007c0000000)
  eden space 8192K, 94% used [0x0000000717180000,0x0000000717919248,0x0000000717980000)
  from space 1536K, 98% used [0x0000000717980000,0x0000000717afc050,0x0000000717b00000)
  to   space 2048K, 0% used [0x0000000718080000,0x0000000718080000,0x0000000718280000)
 ParOldGen       total 518656K, used 10563K [0x00000005c5400000, 0x00000005e4e80000, 0x0000000717180000)
  object space 518656K, 2% used [0x00000005c5400000,0x00000005c5e50eb0,0x00000005e4e80000)
 Metaspace       used 14900K, capacity 15198K, committed 15488K, reserved 1062912K
  class space    used 2055K, capacity 2137K, committed 2176K, reserved 1048576K
Event: 1.615 GC heap after
Heap after GC invocations=10 (full 0):
 PSYoungGen      total 14848K, used 1954K [0x0000000717180000, 0x0000000718380000, 0x00000007c0000000)
  eden space 12800K, 0% used [0x0000000717180000,0x0000000717180000,0x0000000717e00000)
  from space 2048K, 95% used [0x0000000718080000,0x0000000718268ad0,0x0000000718280000)
  to   space 2560K, 0% used [0x0000000717e00000,0x0000000717e00000,0x0000000718080000)
 ParOldGen       total 518656K, used 11019K [0x00000005c5400000, 0x00000005e4e80000, 0x0000000717180000)
  object space 518656K, 2% used [0x00000005c5400000,0x00000005c5ec2f00,0x00000005e4e80000)
 Metaspace       used 14900K, capacity 15198K, committed 15488K, reserved 1062912K
  class space    used 2055K, capacity 2137K, committed 2176K, reserved 1048576K
}
Event: 2.840 GC heap before
{Heap before GC invocations=11 (full 0):
 PSYoungGen      total 14848K, used 14754K [0x0000000717180000, 0x0000000718380000, 0x00000007c0000000)
  eden space 12800K, 100% used [0x0000000717180000,0x0000000717e00000,0x0000000717e00000)
  from space 2048K, 95% used [0x0000000718080000,0x0000000718268ad0,0x0000000718280000)
  to   space 2560K, 0% used [0x0000000717e00000,0x0000000717e00000,0x0000000718080000)
 ParOldGen       total 518656K, used 11019K [0x00000005c5400000, 0x00000005e4e80000, 0x0000000717180000)
  object space 518656K, 2% used [0x00000005c5400000,0x00000005c5ec2f00,0x00000005e4e80000)
 Metaspace       used 15264K, capacity 15670K, committed 15872K, reserved 1062912K
  class space    used 2093K, capacity 2179K, committed 2304K, reserved 1048576K
Event: 2.843 GC heap after
Heap after GC invocations=11 (full 0):
 PSYoungGen      total 15360K, used 2400K [0x0000000717180000, 0x0000000718b80000, 0x00000007c0000000)
  eden space 12800K, 0% used [0x0000000717180000,0x0000000717180000,0x0000000717e00000)
  from space 2560K, 93% used [0x0000000717e00000,0x0000000718058010,0x0000000718080000)
  to   space 3072K, 0% used [0x0000000718880000,0x0000000718880000,0x0000000718b80000)
 ParOldGen       total 518656K, used 14804K [0x00000005c5400000, 0x00000005e4e80000, 0x0000000717180000)
  object space 518656K, 2% used [0x00000005c5400000,0x00000005c62753c8,0x00000005e4e80000)
 Metaspace       used 15264K, capacity 15670K, committed 15872K, reserved 1062912K
  class space    used 2093K, capacity 2179K, committed 2304K, reserved 1048576K
}
Event: 5.047 GC heap before
{Heap before GC invocations=12 (full 0):
 PSYoungGen      total 15360K, used 15200K [0x0000000717180000, 0x0000000718b80000, 0x00000007c0000000)
  eden space 12800K, 100% used [0x0000000717180000,0x0000000717e00000,0x0000000717e00000)
  from space 2560K, 93% used [0x0000000717e00000,0x0000000718058010,0x0000000718080000)
  to   space 3072K, 0% used [0x0000000718880000,0x0000000718880000,0x0000000718b80000)
 ParOldGen       total 518656K, used 14804K [0x00000005c5400000, 0x00000005e4e80000, 0x0000000717180000)
  object space 518656K, 2% used [0x00000005c5400000,0x00000005c62753c8,0x00000005e4e80000)
 Metaspace       used 15446K, capacity 15798K, committed 16128K, reserved 1062912K
  class space    used 2093K, capacity 2179K, committed 2304K, reserved 1048576K
Event: 5.048 GC heap after
Heap after GC invocations=12 (full 0):
 PSYoungGen      total 12800K, used 224K [0x0000000717180000, 0x0000000718900000, 0x00000007c0000000)
  eden space 12288K, 0% used [0x0000000717180000,0x0000000717180000,0x0000000717d80000)
  from space 512K, 43% used [0x0000000718880000,0x00000007188b8000,0x0000000718900000)
  to   space 3072K, 0% used [0x0000000718300000,0x0000000718300000,0x0000000718600000)
 ParOldGen       total 518656K, used 14916K [0x00000005c5400000, 0x00000005e4e80000, 0x0000000717180000)
  object space 518656K, 2% used [0x00000005c5400000,0x00000005c62913c8,0x00000005e4e80000)
 Metaspace       used 15446K, capacity 15798K, committed 16128K, reserved 1062912K
  class space    used 2093K, capacity 2179K, committed 2304K, reserved 1048576K
}
Event: 7.199 GC heap before
{Heap before GC invocations=13 (full 0):
 PSYoungGen      total 12800K, used 12512K [0x0000000717180000, 0x0000000718900000, 0x00000007c0000000)
  eden space 12288K, 100% used [0x0000000717180000,0x0000000717d80000,0x0000000717d80000)
  from space 512K, 43% used [0x0000000718880000,0x00000007188b8000,0x0000000718900000)
  to   space 3072K, 0% used [0x0000000718300000,0x0000000718300000,0x0000000718600000)
 ParOldGen       total 518656K, used 14916K [0x00000005c5400000, 0x00000005e4e80000, 0x0000000717180000)
  object space 518656K, 2% used [0x00000005c5400000,0x00000005c62913c8,0x00000005e4e80000)
 Metaspace       used 15684K, capacity 16118K, committed 16384K, reserved 1062912K
  class space    used 2094K, capacity 2179K, committed 2304K, reserved 1048576K
Event: 7.200 GC heap after
Heap after GC invocations=13 (full 0):
 PSYoungGen      total 14848K, used 288K [0x0000000717180000, 0x0000000718900000, 0x00000007c0000000)
  eden space 11776K, 0% used [0x0000000717180000,0x0000000717180000,0x0000000717d00000)
  from space 3072K, 9% used [0x0000000718300000,0x0000000718348000,0x0000000718600000)
  to   space 3072K, 0% used [0x0000000718600000,0x0000000718600000,0x0000000718900000)
 ParOldGen       total 518656K, used 14956K [0x00000005c5400000, 0x00000005e4e80000, 0x0000000717180000)
  object space 518656K, 2% used [0x00000005c5400000,0x00000005c629b3c8,0x00000005e4e80000)
 Metaspace       used 15684K, capacity 16118K, committed 16384K, reserved 1062912K
  class space    used 2094K, capacity 2179K, committed 2304K, reserved 1048576K
}

Deoptimization events (10 events):
Event: 1.334 Thread 0x00000000094fb000 Uncommon trap: reason=unreached action=reinterpret pc=0x000000000f285964 method=java.util.HashMap.getNode(ILjava/lang/Object;)Ljava/util/HashMap$Node; @ 84
Event: 1.334 Thread 0x00000000094fb000 Uncommon trap: reason=unreached action=reinterpret pc=0x000000000f282588 method=java.util.HashMap.getNode(ILjava/lang/Object;)Ljava/util/HashMap$Node; @ 84
Event: 1.446 Thread 0x00000000094fb000 Uncommon trap: reason=class_check action=maybe_recompile pc=0x000000000f314c38 method=java.io.DataInputStream.readShort()S @ 4
Event: 1.446 Thread 0x00000000094fb000 Uncommon trap: reason=class_check action=maybe_recompile pc=0x000000000f314c38 method=java.io.DataInputStream.readShort()S @ 4
Event: 1.447 Thread 0x00000000094fb000 Uncommon trap: reason=class_check action=maybe_recompile pc=0x000000000f314c38 method=java.io.DataInputStream.readShort()S @ 4
Event: 1.447 Thread 0x00000000094fb000 Uncommon trap: reason=class_check action=maybe_recompile pc=0x000000000f314c38 method=java.io.DataInputStream.readShort()S @ 4
Event: 1.451 Thread 0x00000000094fb000 Uncommon trap: reason=class_check action=maybe_recompile pc=0x000000000f137694 method=java.lang.String.equals(Ljava/lang/Object;)Z @ 8
Event: 1.451 Thread 0x00000000094fb000 Uncommon trap: reason=class_check action=maybe_recompile pc=0x000000000f137694 method=java.lang.String.equals(Ljava/lang/Object;)Z @ 8
Event: 1.462 Thread 0x00000000094fb000 Uncommon trap: reason=class_check action=maybe_recompile pc=0x000000000f137694 method=java.lang.String.equals(Ljava/lang/Object;)Z @ 8
Event: 1.462 Thread 0x00000000094fb000 Uncommon trap: reason=class_check action=maybe_recompile pc=0x000000000f137694 method=java.lang.String.equals(Ljava/lang/Object;)Z @ 8

Internal exceptions (10 events):
Event: 1.548 Thread 0x000000000cb11000 Exception <a 'java/security/PrivilegedActionException'> (0x00000007178919d8) thrown at [D:\re\workspace\8-2-build-windows-amd64-cygwin\jdk8u5\2488\hotspot\src\share\vm\prims\jvm.cpp, line 1248]
Event: 1.551 Thread 0x000000000cb11000 Exception <a 'java/security/PrivilegedActionException'> (0x00000007178ad108) thrown at [D:\re\workspace\8-2-build-windows-amd64-cygwin\jdk8u5\2488\hotspot\src\share\vm\prims\jvm.cpp, line 1248]
Event: 1.637 Thread 0x000000000cb0f800 Exception <a 'java/security/PrivilegedActionException'> (0x000000071747c768) thrown at [D:\re\workspace\8-2-build-windows-amd64-cygwin\jdk8u5\2488\hotspot\src\share\vm\prims\jvm.cpp, line 1248]
Event: 1.639 Thread 0x000000000cb0f800 Exception <a 'java/security/PrivilegedActionException'> (0x000000071749da28) thrown at [D:\re\workspace\8-2-build-windows-amd64-cygwin\jdk8u5\2488\hotspot\src\share\vm\prims\jvm.cpp, line 1248]
Event: 1.673 Thread 0x000000000cc9a000 Exception <a 'java/security/PrivilegedActionException'> (0x00000007174bdbc8) thrown at [D:\re\workspace\8-2-build-windows-amd64-cygwin\jdk8u5\2488\hotspot\src\share\vm\prims\jvm.cpp, line 1248]
Event: 1.679 Thread 0x000000000cc9a000 Exception <a 'java/security/PrivilegedActionException'> (0x000000071751bd48) thrown at [D:\re\workspace\8-2-build-windows-amd64-cygwin\jdk8u5\2488\hotspot\src\share\vm\prims\jvm.cpp, line 1248]
Event: 1.719 Thread 0x000000000cc9a000 Exception <a 'java/security/PrivilegedActionException'> (0x000000071784e760) thrown at [D:\re\workspace\8-2-build-windows-amd64-cygwin\jdk8u5\2488\hotspot\src\share\vm\prims\jvm.cpp, line 1248]
Event: 1.759 Thread 0x000000000cc9a000 Exception <a 'java/security/PrivilegedActionException'> (0x000000071787d570) thrown at [D:\re\workspace\8-2-build-windows-amd64-cygwin\jdk8u5\2488\hotspot\src\share\vm\prims\jvm.cpp, line 1248]
Event: 1.951 Thread 0x000000000ccb4800 Exception <a 'java/security/PrivilegedActionException'> (0x000000071790f8a0) thrown at [D:\re\workspace\8-2-build-windows-amd64-cygwin\jdk8u5\2488\hotspot\src\share\vm\prims\jvm.cpp, line 1248]
Event: 1.952 Thread 0x000000000ccb4800 Exception <a 'java/security/PrivilegedActionException'> (0x000000071792fa30) thrown at [D:\re\workspace\8-2-build-windows-amd64-cygwin\jdk8u5\2488\hotspot\src\share\vm\prims\jvm.cpp, line 1248]

Events (10 events):
Event: 8.855 Thread 0x000000000cea5000 Thread exited: 0x000000000cea5000
Event: 8.868 Thread 0x000000000946f000 Thread added: 0x000000000946f000
Event: 8.869 Thread 0x000000000946f000 Thread exited: 0x000000000946f000
Event: 8.869 Thread 0x000000000946f000 Thread added: 0x000000000946f000
Event: 8.869 Thread 0x000000000946f000 Thread exited: 0x000000000946f000
Event: 8.888 Thread 0x000000000946f000 Thread added: 0x000000000946f000
Event: 8.888 Thread 0x000000000946f000 Thread exited: 0x000000000946f000
Event: 8.888 Thread 0x000000000cb2d000 Thread exited: 0x000000000cb2d000
Event: 8.891 loading class com/sun/javafx/tk/quantum/QuantumRenderer$4
Event: 8.891 loading class com/sun/javafx/tk/quantum/QuantumRenderer$4 done


Dynamic libraries:
0x00007ff6f2320000 - 0x00007ff6f2354000 	C:\Program Files\Java\jdk1.8.0_05\jre\bin\java.exe
0x00007ffa51750000 - 0x00007ffa518fc000 	C:\WINDOWS\SYSTEM32\ntdll.dll
0x00007ffa4f7a0000 - 0x00007ffa4f8de000 	C:\WINDOWS\system32\KERNEL32.DLL
0x00007ffa4e9d0000 - 0x00007ffa4eae5000 	C:\WINDOWS\system32\KERNELBASE.dll
0x00007ffa4d3d0000 - 0x00007ffa4d45e000 	C:\WINDOWS\system32\apphelp.dll
0x00007ffa4c870000 - 0x00007ffa4c8c3000 	C:\WINDOWS\AppPatch\AppPatch64\AcGenral.DLL
0x00007ffa4edd0000 - 0x00007ffa4ee7a000 	C:\WINDOWS\system32\msvcrt.dll
0x00007ffa4e620000 - 0x00007ffa4e64e000 	C:\WINDOWS\SYSTEM32\SspiCli.dll
0x00007ffa516f0000 - 0x00007ffa51744000 	C:\WINDOWS\system32\SHLWAPI.dll
0x00007ffa51570000 - 0x00007ffa516e7000 	C:\WINDOWS\system32\USER32.dll
0x00007ffa513d0000 - 0x00007ffa51564000 	C:\WINDOWS\system32\ole32.dll
0x00007ffa4f950000 - 0x00007ffa50e68000 	C:\WINDOWS\system32\SHELL32.dll
0x00007ffa4ddf0000 - 0x00007ffa4de11000 	C:\WINDOWS\SYSTEM32\USERENV.dll
0x00007ffa4f500000 - 0x00007ffa4f5aa000 	C:\WINDOWS\system32\ADVAPI32.dll
0x00007ffa41320000 - 0x00007ffa4133e000 	C:\WINDOWS\SYSTEM32\MPR.dll
0x00007ffa4ee90000 - 0x00007ffa4efd1000 	C:\WINDOWS\system32\RPCRT4.dll
0x00007ffa51210000 - 0x00007ffa51269000 	C:\WINDOWS\SYSTEM32\sechost.dll
0x00007ffa4f0c0000 - 0x00007ffa4f2d1000 	C:\WINDOWS\SYSTEM32\combase.dll
0x00007ffa51270000 - 0x00007ffa513c1000 	C:\WINDOWS\system32\GDI32.dll
0x00007ffa4e8a0000 - 0x00007ffa4e8b5000 	C:\WINDOWS\SYSTEM32\profapi.dll
0x00007ffa4d310000 - 0x00007ffa4d3c2000 	C:\WINDOWS\SYSTEM32\SHCORE.dll
0x00007ffa511d0000 - 0x00007ffa51206000 	C:\WINDOWS\system32\IMM32.DLL
0x00007ffa51070000 - 0x00007ffa511c2000 	C:\WINDOWS\system32\MSCTF.dll
0x00007ffa4c620000 - 0x00007ffa4c651000 	C:\Windows\system32\nvinitx.dll
0x00007ffa4e840000 - 0x00007ffa4e84a000 	C:\WINDOWS\SYSTEM32\VERSION.dll
0x000000000f000000 - 0x000000000f006000 	C:\Program Files\NVIDIA Corporation\CoProcManager\_etoured.dll
0x00007ffa4c5e0000 - 0x00007ffa4c611000 	C:\Program Files\NVIDIA Corporation\CoProcManager\nvd3d9wrapx.dll
0x00007ffa50e80000 - 0x00007ffa5105a000 	C:\WINDOWS\system32\SETUPAPI.dll
0x00007ffa4eaf0000 - 0x00007ffa4eb3f000 	C:\WINDOWS\system32\CFGMGR32.dll
0x00007ffa4c5b0000 - 0x00007ffa4c5d2000 	C:\Program Files\NVIDIA Corporation\CoProcManager\nvdxgiwrapx.dll
0x00007ffa4c8e0000 - 0x00007ffa4cb5a000 	C:\WINDOWS\WinSxS\amd64_microsoft.windows.common-controls_6595b64144ccf1df_6.0.9600.17810_none_6240b9c7ecbd0bda\COMCTL32.dll
0x00000000606f0000 - 0x00000000607c2000 	C:\Program Files\Java\jdk1.8.0_05\jre\bin\msvcr100.dll
0x00000000607d0000 - 0x0000000060ffa000 	C:\Program Files\Java\jdk1.8.0_05\jre\bin\server\jvm.dll
0x00007ffa2e160000 - 0x00007ffa2e169000 	C:\WINDOWS\SYSTEM32\WSOCK32.dll
0x00007ffa4c480000 - 0x00007ffa4c4a2000 	C:\WINDOWS\SYSTEM32\WINMM.dll
0x00007ffa50e70000 - 0x00007ffa50e77000 	C:\WINDOWS\system32\PSAPI.DLL
0x00007ffa4f5b0000 - 0x00007ffa4f60a000 	C:\WINDOWS\system32\WS2_32.dll
0x00007ffa4c290000 - 0x00007ffa4c2ba000 	C:\WINDOWS\SYSTEM32\WINMMBASE.dll
0x00007ffa4f2e0000 - 0x00007ffa4f2e9000 	C:\WINDOWS\system32\NSI.dll
0x00007ffa4d670000 - 0x00007ffa4d698000 	C:\WINDOWS\SYSTEM32\DEVOBJ.dll
0x0000000063250000 - 0x000000006325f000 	C:\Program Files\Java\jdk1.8.0_05\jre\bin\verify.dll
0x0000000060680000 - 0x00000000606a8000 	C:\Program Files\Java\jdk1.8.0_05\jre\bin\java.dll
0x0000000060660000 - 0x0000000060676000 	C:\Program Files\Java\jdk1.8.0_05\jre\bin\zip.dll
0x0000000060340000 - 0x000000006036b000 	C:\Program Files\Java\jdk1.8.0_05\jre\bin\prism_d3d.dll
0x00007ffa453c0000 - 0x00007ffa455e1000 	C:\WINDOWS\system32\d3d9.dll
0x00007ffa4cba0000 - 0x00007ffa4cbc1000 	C:\WINDOWS\SYSTEM32\dwmapi.dll
0x0000000002fb0000 - 0x0000000003001000 	C:\WINDOWS\system32\WINTRUST.dll
0x00007ffa4eb40000 - 0x00007ffa4ed1f000 	C:\WINDOWS\system32\CRYPT32.dll
0x00007ffa4e950000 - 0x00007ffa4e961000 	C:\WINDOWS\system32\MSASN1.dll
0x00007ffa4d4c0000 - 0x00007ffa4d5e9000 	C:\WINDOWS\system32\uxtheme.dll
0x00007ffa414c0000 - 0x00007ffa415d6000 	C:\WINDOWS\SYSTEM32\nvumdshimx.dll
0x00007ffa23e60000 - 0x00007ffa248d0000 	C:\WINDOWS\system32\igdumdim64.dll
0x00007ffa49670000 - 0x00007ffa49ad2000 	C:\WINDOWS\SYSTEM32\igdusc64.dll
0x0000000060300000 - 0x000000006033f000 	C:\Program Files\Java\jdk1.8.0_05\jre\bin\glass.dll
0x00007ffa4f610000 - 0x00007ffa4f6c6000 	C:\WINDOWS\system32\COMDLG32.dll
0x00007ffa4f6d0000 - 0x00007ffa4f791000 	C:\WINDOWS\system32\OLEAUT32.dll
0x0000000070fc0000 - 0x0000000070fcd000 	C:\Program Files (x86)\WinSplit Revolution\WinSplitHook64.DLL
0x00007ffa4d640000 - 0x00007ffa4d64b000 	C:\WINDOWS\SYSTEM32\kernel.appcore.dll
0x00007ffa4e7c0000 - 0x00007ffa4e7cb000 	C:\WINDOWS\SYSTEM32\CRYPTBASE.dll
0x00007ffa4e650000 - 0x00007ffa4e6b3000 	C:\WINDOWS\SYSTEM32\bcryptPrimitives.dll
0x00007ffa26e70000 - 0x00007ffa2709f000 	C:\Program Files\Acer\Acer Power Management\SysHook.dll
0x00007ffa4c470000 - 0x00007ffa4c477000 	C:\WINDOWS\SYSTEM32\MSIMG32.dll
0x00007ffa4bdd0000 - 0x00007ffa4be52000 	C:\WINDOWS\SYSTEM32\WINSPOOL.DRV
0x00007ffa4bf80000 - 0x00007ffa4c130000 	C:\WINDOWS\WinSxS\amd64_microsoft.windows.gdiplus_6595b64144ccf1df_1.1.9600.17415_none_932b3b5547500489\gdiplus.dll
0x00007ffa4bd60000 - 0x00007ffa4bdca000 	C:\WINDOWS\SYSTEM32\OLEACC.dll
0x00007ffa4e0c0000 - 0x00007ffa4e0e0000 	C:\WINDOWS\SYSTEM32\CRYPTSP.dll
0x00007ffa4dce0000 - 0x00007ffa4dd16000 	C:\WINDOWS\system32\rsaenh.dll
0x00007ffa4e310000 - 0x00007ffa4e336000 	C:\WINDOWS\SYSTEM32\bcrypt.dll
0x0000000060640000 - 0x000000006065a000 	C:\Program Files\Java\jdk1.8.0_05\jre\bin\net.dll
0x00007ffa4e060000 - 0x00007ffa4e0b9000 	C:\WINDOWS\system32\mswsock.dll
0x00007ffa488d0000 - 0x00007ffa488fa000 	C:\WINDOWS\SYSTEM32\IPHLPAPI.DLL
0x00007ffa488b0000 - 0x00007ffa488ba000 	C:\WINDOWS\SYSTEM32\WINNSI.DLL
0x00007ffa48420000 - 0x00007ffa48436000 	C:\WINDOWS\SYSTEM32\dhcpcsvc6.DLL
0x00007ffa48570000 - 0x00007ffa4858a000 	C:\WINDOWS\SYSTEM32\dhcpcsvc.DLL
0x0000000060620000 - 0x0000000060631000 	C:\Program Files\Java\jdk1.8.0_05\jre\bin\nio.dll
0x00007ffa4c830000 - 0x00007ffa4c867000 	C:\Users\kristof\AppData\Local\Temp\jna-kristof\jna3285378692140716828.dll
0x00000000602d0000 - 0x00000000602fd000 	C:\Program Files\VideoLAN\VLC\libvlc.dll
0x0000000060020000 - 0x00000000602cc000 	C:\Program Files\VideoLAN\VLC\libvlccore.dll
0x0000000060000000 - 0x0000000060014000 	C:\Program Files\VideoLAN\VLC\plugins\audio_output\libdirectsound_plugin.dll
0x000000005ffe0000 - 0x000000005fff3000 	C:\Program Files\VideoLAN\VLC\plugins\audio_output\libwaveout_plugin.dll
0x000000005fe60000 - 0x000000005ffd4000 	C:\Program Files\VideoLAN\VLC\plugins\misc\libxml_plugin.dll
0x000000005fe40000 - 0x000000005fe5f000 	C:\Program Files\VideoLAN\VLC\plugins\video_output\libdirect3d_plugin.dll
0x000000005fe20000 - 0x000000005fe3d000 	C:\Program Files\VideoLAN\VLC\plugins\video_output\libdirectdraw_plugin.dll
0x00007ffa2fc40000 - 0x00007ffa2fcdd000 	C:\WINDOWS\SYSTEM32\DSOUND.DLL
0x00007ffa4e7f0000 - 0x00007ffa4e836000 	C:\WINDOWS\SYSTEM32\POWRPROF.dll
0x00007ffa4efe0000 - 0x00007ffa4f096000 	C:\WINDOWS\SYSTEM32\clbcatq.dll
0x00007ffa4bf10000 - 0x00007ffa4bf80000 	C:\WINDOWS\System32\MMDevApi.dll
0x00007ffa4b560000 - 0x00007ffa4b70e000 	C:\WINDOWS\SYSTEM32\WindowsCodecs.dll
0x00007ffa4c6c0000 - 0x00007ffa4c6ee000 	C:\Program Files\Common Files\Microsoft Shared\Ink\rtscom.dll
0x000000005fe00000 - 0x000000005fe13000 	C:\Program Files\Java\jdk1.8.0_05\jre\bin\javafx_font.dll
0x00007ffa4ae70000 - 0x00007ffa4b05d000 	C:\WINDOWS\SYSTEM32\dwrite.dll
0x000000005fb90000 - 0x000000005fdf8000 	C:\Program Files\VideoLAN\VLC\plugins\access\liblibbluray_plugin.dll
0x000000005fb60000 - 0x000000005fb86000 	C:\Program Files\VideoLAN\VLC\plugins\access\libaccess_bd_plugin.dll
0x000000005fb10000 - 0x000000005fb5b000 	C:\Program Files\VideoLAN\VLC\plugins\access\libdvdnav_plugin.dll
0x000000005faf0000 - 0x000000005fb0f000 	C:\Program Files\VideoLAN\VLC\plugins\access\libvdr_plugin.dll
0x000000005fad0000 - 0x000000005fae8000 	C:\Program Files\VideoLAN\VLC\plugins\access\libfilesystem_plugin.dll
0x000000005fab0000 - 0x000000005facb000 	C:\Program Files\VideoLAN\VLC\plugins\stream_filter\libsmooth_plugin.dll
0x000000005fa00000 - 0x000000005faae000 	C:\Program Files\VideoLAN\VLC\plugins\stream_filter\libhttplive_plugin.dll
0x000000005f9d0000 - 0x000000005f9fb000 	C:\Program Files\VideoLAN\VLC\plugins\access\libzip_plugin.dll
0x000000005f9b0000 - 0x000000005f9c6000 	C:\Program Files\VideoLAN\VLC\plugins\access\librar_plugin.dll
0x000000005f9a0000 - 0x000000005f9af000 	C:\Program Files\VideoLAN\VLC\plugins\stream_filter\librecord_plugin.dll
0x000000005f950000 - 0x000000005f992000 	C:\Program Files\VideoLAN\VLC\plugins\demux\libmp4_plugin.dll
0x000000005f930000 - 0x000000005f941000 	C:\Program Files\Java\jdk1.8.0_05\jre\bin\prism_common.dll
0x000000005f8d0000 - 0x000000005f929000 	C:\Program Files\VideoLAN\VLC\plugins\codec\libjpeg_plugin.dll
0x000000005f8b0000 - 0x000000005f8c1000 	C:\Program Files\VideoLAN\VLC\plugins\codec\libcdg_plugin.dll
0x000000005f850000 - 0x000000005f8ae000 	C:\Program Files\VideoLAN\VLC\plugins\codec\libpng_plugin.dll
0x000000005f6d0000 - 0x000000005f84b000 	C:\Program Files\VideoLAN\VLC\plugins\codec\libschroedinger_plugin.dll
0x000000005f5f0000 - 0x000000005f6c5000 	C:\Program Files\VideoLAN\VLC\plugins\codec\libvorbis_plugin.dll
0x000000005f590000 - 0x000000005f5ea000 	C:\Program Files\VideoLAN\VLC\plugins\codec\libtheora_plugin.dll
0x000000005f570000 - 0x000000005f581000 	C:\Program Files\VideoLAN\VLC\plugins\codec\libdts_plugin.dll
0x000000005f550000 - 0x000000005f565000 	C:\Program Files\VideoLAN\VLC\plugins\codec\libaraw_plugin.dll
0x000000005f530000 - 0x000000005f547000 	C:\Program Files\VideoLAN\VLC\plugins\codec\libsubstx3g_plugin.dll
0x000000005f4b0000 - 0x000000005f524000 	C:\Program Files\VideoLAN\VLC\plugins\codec\libflac_plugin.dll
0x000000005f490000 - 0x000000005f4a3000 	C:\Program Files\VideoLAN\VLC\plugins\codec\libg711_plugin.dll
0x000000005f480000 - 0x000000005f490000 	C:\Program Files\VideoLAN\VLC\plugins\codec\libaes3_plugin.dll
0x000000005f440000 - 0x000000005f479000 	C:\Program Files\VideoLAN\VLC\plugins\codec\libspeex_plugin.dll
0x000000005f270000 - 0x000000005f435000 	C:\Program Files\VideoLAN\VLC\plugins\codec\liblibass_plugin.dll
0x000000005f200000 - 0x000000005f26f000 	C:\Program Files\VideoLAN\VLC\plugins\codec\libfaad_plugin.dll
0x000000005f1e0000 - 0x000000005f1f1000 	C:\Program Files\VideoLAN\VLC\plugins\codec\liba52_plugin.dll
0x000000005f1d0000 - 0x000000005f1e0000 	C:\Program Files\VideoLAN\VLC\plugins\codec\libmpeg_audio_plugin.dll
0x000000005f1b0000 - 0x000000005f1c1000 	C:\Program Files\VideoLAN\VLC\plugins\codec\liblpcm_plugin.dll
0x000000005f130000 - 0x000000005f1a8000 	C:\Program Files\VideoLAN\VLC\plugins\codec\libopus_plugin.dll
0x000000005f100000 - 0x000000005f129000 	C:\Program Files\VideoLAN\VLC\plugins\codec\libdvbsub_plugin.dll
0x000000005f0e0000 - 0x000000005f0f1000 	C:\Program Files\VideoLAN\VLC\plugins\codec\libspudec_plugin.dll
0x000000005dc40000 - 0x000000005f0df000 	C:\Program Files\VideoLAN\VLC\plugins\codec\libavcodec_plugin.dll
0x000000005dbe0000 - 0x000000005dc3c000 	C:\Program Files\VideoLAN\VLC\plugins\lua\liblua_plugin.dll
0x00007ffa420e0000 - 0x00007ffa4215e000 	C:\WINDOWS\SYSTEM32\AUDIOSES.DLL
0x000000005daf0000 - 0x000000005dbd3000 	C:\Program Files\VideoLAN\VLC\plugins\text_renderer\libfreetype_plugin.dll

VM Arguments:
jvm_args: -Dfile.encoding=UTF-8 
java_command: C:\Users\kristof\Documents\NetBeansProjects\VLCPlayer\dist\run2110550418\VLCPlayer.jar
java_class_path (initial): C:\Users\kristof\Documents\NetBeansProjects\VLCPlayer\dist\run2110550418\VLCPlayer.jar
Launcher Type: SUN_STANDARD

Environment Variables:
CLASSPATH=.;C:\Program Files (x86)\Java\jre7\lib\ext\QTJava.zip
PATH=C:\ProgramData\Oracle\Java\javapath;C:\Program Files (x86)\Common Files\Intel\Shared Libraries\redist\intel64\compiler;C:\Program Files (x86)\Common Files\Intel\Shared Libraries\redist\ia32\compiler;C:\Program Files (x86)\Haskell\bin;C:\Program Files (x86)\Haskell Platform\2013.2.0.0\lib\extralibs\bin;C:\Program Files (x86)\Haskell Platform\2013.2.0.0\bin;C:\Program Files (x86)\Intel\iCLS Client\;C:\Program Files\Intel\iCLS Client\;C:\Windows\system32;C:\Windows;C:\Windows\System32\Wbem;C:\Windows\System32\WindowsPowerShell\v1.0\;C:\Program Files (x86)\Intel\OpenCL SDK\3.0\bin\x86;C:\Program Files (x86)\Intel\OpenCL SDK\3.0\bin\x64;C:\Program Files (x86)\QuickTime\QTSystem\;C:\Program Files (x86)\Haskell Platform\2013.2.0.0\mingw\bin;C:\Program Files (x86)\MiKTeX 2.9\miktex\bin\;D:\strawberry\c\bin;D:\strawberry\perl\site\bin;D:\strawberry\perl\bin;C:\Program Files\Microsoft SQL Server\110\Tools\Binn\;C:\WINDOWS\system32;C:\WINDOWS;C:\WINDOWS\System32\Wbem;C:\WINDOWS\System32\WindowsPowerShell\v1.0\;C:\Program Files\Microsoft\Web Platform Installer\;D:\matlab\R2014b\runtime\win64;D:\matlab\R2014b\bin;D:\matlab\R2014b\polyspace\bin;C:\Program Files (x86)\Skype\Phone\;C:\Program Files\Intel\Intel(R) Management Engine Components\DAL;C:\Program Files\Intel\Intel(R) Management Engine Components\IPT;C:\Program Files (x86)\Intel\Intel(R) Management Engine Components\DAL;C:\Program Files (x86)\Intel\Intel(R) Management Engine Components\IPT;C:\Program Files (x86)\Windows Kits\8.1\Windows Performance Toolkit\;C:\Program Files (x86)\Microsoft SDKs\TypeScript\1.0\;C:\Program Files\Microsoft SQL Server\120\Tools\Binn\;C:\Program Files (x86)\NVIDIA Corporation\PhysX\Common;C:\Users\kristof\AppData\Roaming\cabal\bin
USERNAME=kristof
OS=Windows_NT
PROCESSOR_IDENTIFIER=Intel64 Family 6 Model 60 Stepping 3, GenuineIntel



---------------  S Y S T E M  ---------------

OS: Windows 8.1 , 64 bit Build 9600 

CPU:total 8 (4 cores per cpu, 2 threads per core) family 6 model 60 stepping 3, cmov, cx8, fxsr, mmx, sse, sse2, sse3, ssse3, sse4.1, sse4.2, popcnt, avx, avx2, aes, clmul, erms, ht, tsc, tscinvbit

Memory: 4k page, physical 33202460k(27990852k free), swap 38183196k(31723732k free)

vm_info: Java HotSpot(TM) 64-Bit Server VM (25.5-b02) for windows-amd64 JRE (1.8.0_05-b13), built on Mar 18 2014 01:08:39 by "java_re" with MS VC++ 10.0 (VS2010)

time: Sat Jul 11 21:42:20 2015
elapsed time: 8 seconds

