#
# A fatal error has been detected by the Java Runtime Environment:
#
#  EXCEPTION_ACCESS_VIOLATION (0xc0000005) at pc=0x00007ffdf25ed85e, pid=6280, tid=4984
#
# JRE version: Java(TM) SE Runtime Environment (8.0_05-b13) (build 1.8.0_05-b13)
# Java VM: Java HotSpot(TM) 64-Bit Server VM (25.5-b02 mixed mode windows-amd64 compressed oops)
# Problematic frame:
# C  [ntdll.dll+0x3d85e]
#
# Failed to write core dump. Minidumps are not enabled by default on client versions of Windows
#
# If you would like to submit a bug report, please visit:
#   http://bugreport.sun.com/bugreport/crash.jsp
# The crash happened outside the Java Virtual Machine in native code.
# See problematic frame for where to report the bug.
#

---------------  T H R E A D  ---------------

Current thread (0x0000000008fd5000):  JavaThread "JavaFX Application Thread" [_thread_in_native, id=4984, stack(0x0000000009eb0000,0x0000000009fb0000)]

siginfo: ExceptionCode=0xc0000005, writing address 0x0000000000000024

Registers:
RAX=0x0000000000000000, RBX=0x000000000c3762e8, RCX=0x00000000fffffffc, RDX=0x00000000000005e0
RSP=0x0000000009facd30, RBP=0x00007ff6cbc2c000, RSI=0x00000000000005e0, RDI=0x0000000000000000
R8 =0xffffffffffffffff, R9 =0x00007ff6cbc2c000, R10=0x0000000000000000, R11=0x0000000000000246
R12=0x0000000000000000, R13=0x0000000000000000, R14=0x0000000000000000, R15=0x0000000000000000
RIP=0x00007ffdf25ed85e, EFLAGS=0x0000000000010213

Top of Stack: (sp=0x0000000009facd30)
0x0000000009facd30:   00000000000005e0 0000000008fd5000
0x0000000009facd40:   0000000008f7b250 0000000008d99970
0x0000000009facd50:   0000000008d999a0 0000000008d99a58
0x0000000009facd60:   00000000000000d8 0000000009fada28
0x0000000009facd70:   0000000000000000 000000000d71e5b8
0x0000000009facd80:   0000000008fd51e0 0000000008fb4e70
0x0000000009facd90:   00000005c5d14e48 0000000008d99998
0x0000000009facda0:   0000000008fd5000 0000000057f82db0
0x0000000009facdb0:   0000a211b70af230 0000000058098c52
0x0000000009facdc0:   0000000000000004 0000000000000001
0x0000000009facdd0:   00000000069dda00 000000007ffe0372
0x0000000009facde0:   0000000000000000 0000000000000000
0x0000000009facdf0:   00007ff6cbc2c000 00007ffdf25eb254
0x0000000009face00:   00000007c01ab490 00007ffde3affc42
0x0000000009face10:   000000000c3762e8 0000000057e75221
0x0000000009face20:   0000000000000000 0000000000000004 

Instructions: (pc=0x00007ffdf25ed85e)
0x00007ffdf25ed83e:   a8 01 0f 85 e0 00 00 00 8b c8 41 2b ce f0 0f b1
0x00007ffdf25ed84e:   4b 08 75 e9 48 8b 03 45 33 f6 48 83 f8 ff 74 03
0x00007ffdf25ed85e:   ff 40 24 41 bf 82 03 fe 7f 41 8a 0f 84 c9 0f 85
0x00007ffdf25ed86e:   a0 fa 06 00 48 83 fe ff 0f 84 f5 fa 06 00 4c 8b 


Register to memory mapping:

RAX=0x0000000000000000 is an unknown value
RBX=0x000000000c3762e8 is an unknown value
RCX=0x00000000fffffffc is an unknown value
RDX=0x00000000000005e0 is an unknown value
RSP=0x0000000009facd30 is pointing into the stack for thread: 0x0000000008fd5000
RBP=0x00007ff6cbc2c000 is an unknown value
RSI=0x00000000000005e0 is an unknown value
RDI=0x0000000000000000 is an unknown value
R8 =0xffffffffffffffff is an unknown value
R9 =0x00007ff6cbc2c000 is an unknown value
R10=0x0000000000000000 is an unknown value
R11=0x0000000000000246 is an unknown value
R12=0x0000000000000000 is an unknown value
R13=0x0000000000000000 is an unknown value
R14=0x0000000000000000 is an unknown value
R15=0x0000000000000000 is an unknown value


Stack: [0x0000000009eb0000,0x0000000009fb0000],  sp=0x0000000009facd30,  free space=1011k
Native frames: (J=compiled Java code, j=interpreted, Vv=VM code, C=native code)
C  [ntdll.dll+0x3d85e]
C  [ntdll.dll+0x3b254]
C  [libvlc.dll+0xe365]
C  [jna3183234610118168640.dll+0x176f3]
C  [jna3183234610118168640.dll+0xffe7]
C  [jna3183234610118168640.dll+0x3d1a]
C  [jna3183234610118168640.dll+0x4e97]
C  0x000000000f0251ae

Java frames: (J=compiled Java code, j=interpreted, Vv=VM code)
j  com.sun.jna.Native.invokeLong(JI[Ljava/lang/Object;)J+0
j  com.sun.jna.Function.invoke([Ljava/lang/Object;Ljava/lang/Class;Z)Ljava/lang/Object;+389
j  com.sun.jna.Function.invoke(Ljava/lang/Class;[Ljava/lang/Object;Ljava/util/Map;)Ljava/lang/Object;+214
j  com.sun.jna.Library$Handler.invoke(Ljava/lang/Object;Ljava/lang/reflect/Method;[Ljava/lang/Object;)Ljava/lang/Object;+341
j  com.sun.proxy.$Proxy0.libvlc_media_player_get_time(Luk/co/caprica/vlcj/binding/internal/libvlc_media_player_t;)J+16
j  uk.co.caprica.vlcj.player.DefaultMediaPlayer.getTime()J+17
j  simplevlc.Controls$1.lambda$positionChanged$7(F)V+30
j  simplevlc.Controls$1$$Lambda$26.run()V+8
J 2197 C1 com.sun.javafx.application.PlatformImpl$6$1.run()Ljava/lang/Object; (5 bytes) @ 0x000000000f6be7dc [0x000000000f6be680+0x15c]
v  ~StubRoutines::call_stub
J 1394  java.security.AccessController.doPrivileged(Ljava/security/PrivilegedAction;Ljava/security/AccessControlContext;)Ljava/lang/Object; (0 bytes) @ 0x000000000f4a2f66 [0x000000000f4a2f00+0x66]
J 1960 C1 com.sun.javafx.application.PlatformImpl$6.run()V (43 bytes) @ 0x000000000f6097fc [0x000000000f6096a0+0x15c]
J 2081 C1 com.sun.glass.ui.InvokeLaterDispatcher$Future.run()V (91 bytes) @ 0x000000000f66454c [0x000000000f664440+0x10c]
v  ~StubRoutines::call_stub
j  com.sun.glass.ui.win.WinApplication._runLoop(Ljava/lang/Runnable;)V+0
j  com.sun.glass.ui.win.WinApplication.access$300(Lcom/sun/glass/ui/win/WinApplication;Ljava/lang/Runnable;)V+2
j  com.sun.glass.ui.win.WinApplication$4$1.run()V+25
j  java.lang.Thread.run()V+11
v  ~StubRoutines::call_stub

---------------  P R O C E S S  ---------------

Java Threads: ( => current thread )
  0x000000000c8b1800 JavaThread "Prism Font Disposer" daemon [_thread_blocked, id=5732, stack(0x000000000dbc0000,0x000000000dcc0000)]
  0x0000000009014000 JavaThread "Thread-3" daemon [_thread_in_native, id=3888, stack(0x000000000b780000,0x000000000b880000)]
  0x0000000008ffe000 JavaThread "JavaFX-Launcher" [_thread_blocked, id=1612, stack(0x000000000c260000,0x000000000c360000)]
=>0x0000000008fd5000 JavaThread "JavaFX Application Thread" [_thread_in_native, id=4984, stack(0x0000000009eb0000,0x0000000009fb0000)]
  0x0000000008f70800 JavaThread "Thread-1" daemon [_thread_blocked, id=1940, stack(0x0000000009db0000,0x0000000009eb0000)]
  0x0000000008f55000 JavaThread "QuantumRenderer-0" daemon [_thread_blocked, id=6064, stack(0x0000000009960000,0x0000000009a60000)]
  0x0000000008e2a800 JavaThread "Service Thread" daemon [_thread_blocked, id=5696, stack(0x0000000009760000,0x0000000009860000)]
  0x0000000008d8e800 JavaThread "C1 CompilerThread3" daemon [_thread_blocked, id=3064, stack(0x0000000009660000,0x0000000009760000)]
  0x0000000008d88800 JavaThread "C2 CompilerThread2" daemon [_thread_blocked, id=4624, stack(0x0000000009560000,0x0000000009660000)]
  0x0000000008d96000 JavaThread "C2 CompilerThread1" daemon [_thread_blocked, id=6728, stack(0x0000000009460000,0x0000000009560000)]
  0x0000000008d94000 JavaThread "C2 CompilerThread0" daemon [_thread_blocked, id=7620, stack(0x0000000009360000,0x0000000009460000)]
  0x0000000008d91000 JavaThread "Attach Listener" daemon [_thread_blocked, id=5332, stack(0x0000000009260000,0x0000000009360000)]
  0x0000000008d90000 JavaThread "Signal Dispatcher" daemon [_thread_blocked, id=7612, stack(0x0000000009160000,0x0000000009260000)]
  0x0000000002d79000 JavaThread "Finalizer" daemon [_thread_blocked, id=1500, stack(0x0000000008c60000,0x0000000008d60000)]
  0x0000000006d7c800 JavaThread "Reference Handler" daemon [_thread_blocked, id=5164, stack(0x0000000008b60000,0x0000000008c60000)]
  0x0000000002b7d800 JavaThread "main" [_thread_blocked, id=1748, stack(0x0000000002b80000,0x0000000002c80000)]

Other Threads:
  0x0000000006d78800 VMThread [stack: 0x0000000008a60000,0x0000000008b60000] [id=2108]
  0x0000000008e2d000 WatcherThread [stack: 0x0000000009860000,0x0000000009960000] [id=6948]

VM state:not at safepoint (normal execution)

VM Mutex/Monitor currently owned by a thread: None

Heap:
 PSYoungGen      total 12800K, used 10358K [0x0000000717180000, 0x0000000718080000, 0x00000007c0000000)
  eden space 10240K, 98% used [0x0000000717180000,0x0000000717b65a58,0x0000000717b80000)
  from space 2560K, 8% used [0x0000000717e00000,0x0000000717e38000,0x0000000718080000)
  to   space 2560K, 0% used [0x0000000717b80000,0x0000000717b80000,0x0000000717e00000)
 ParOldGen       total 518656K, used 19156K [0x00000005c5400000, 0x00000005e4e80000, 0x0000000717180000)
  object space 518656K, 3% used [0x00000005c5400000,0x00000005c66b52d0,0x00000005e4e80000)
 Metaspace       used 15991K, capacity 16374K, committed 16640K, reserved 1062912K
  class space    used 2095K, capacity 2179K, committed 2304K, reserved 1048576K

Card table byte_map: [0x0000000003140000,0x0000000004120000] byte_map_base: 0x0000000000316000

Marking Bits: (ParMarkBitMap*) 0x00000000585413b0
 Begin Bits: [0x000000001e010000, 0x0000000025ec0000)
 End Bits:   [0x0000000025ec0000, 0x000000002dd70000)

Polling page: 0x0000000002a70000

CodeCache: size=245760Kb used=8330Kb max_used=8330Kb free=237429Kb
 bounds [0x000000000f010000, 0x000000000f840000, 0x000000001e010000]
 total_blobs=3293 nmethods=2652 adapters=552
 compilation: enabled

Compilation events (10 events):
Event: 27.577 Thread 0x0000000008d96000 nmethod 2647 0x000000000f7ff610 code [0x000000000f7ff760, 0x000000000f7ff7d8]
Event: 27.577 Thread 0x0000000008d8e800 nmethod 2645 0x000000000f811d90 code [0x000000000f812000, 0x000000000f8131e8]
Event: 27.577 Thread 0x0000000008d8e800 2646       3       java.util.Formatter$FormatSpecifier::leadingSign (82 bytes)
Event: 27.578 Thread 0x0000000008d8e800 nmethod 2646 0x000000000f813590 code [0x000000000f813800, 0x000000000f814718]
Event: 27.619 Thread 0x0000000008d88800 nmethod 2618 0x000000000f81dbd0 code [0x000000000f81e480, 0x000000000f825500]
Event: 27.837 Thread 0x0000000008d8e800 2648       3       com.sun.jna.Function::convertArgument (896 bytes)
Event: 27.842 Thread 0x0000000008d8e800 nmethod 2648 0x000000000f82f550 code [0x000000000f830120, 0x000000000f838df8]
Event: 27.842 Thread 0x0000000008d8e800 2649       3       com.sun.jna.Function::isPrimitiveArray (23 bytes)
Event: 27.842 Thread 0x0000000008d8e800 nmethod 2649 0x000000000f80dad0 code [0x000000000f80dc60, 0x000000000f80e068]
Event: 27.883 Thread 0x0000000008d8e800 2650       3       java.util.Formatter::checkText (58 bytes)

GC Heap History (10 events):
Event: 15.347 GC heap before
{Heap before GC invocations=12 (full 0):
 PSYoungGen      total 14848K, used 14688K [0x0000000717180000, 0x0000000718380000, 0x00000007c0000000)
  eden space 12288K, 100% used [0x0000000717180000,0x0000000717d80000,0x0000000717d80000)
  from space 2560K, 93% used [0x0000000717e00000,0x0000000718058010,0x0000000718080000)
  to   space 3072K, 0% used [0x0000000718080000,0x0000000718080000,0x0000000718380000)
 ParOldGen       total 518656K, used 14740K [0x00000005c5400000, 0x00000005e4e80000, 0x0000000717180000)
  object space 518656K, 2% used [0x00000005c5400000,0x00000005c62652b0,0x00000005e4e80000)
 Metaspace       used 15495K, capacity 15862K, committed 16128K, reserved 1062912K
  class space    used 2093K, capacity 2179K, committed 2304K, reserved 1048576K
Event: 15.349 GC heap after
Heap after GC invocations=12 (full 0):
 PSYoungGen      total 14336K, used 256K [0x0000000717180000, 0x0000000718300000, 0x00000007c0000000)
  eden space 11776K, 0% used [0x0000000717180000,0x0000000717180000,0x0000000717d00000)
  from space 2560K, 10% used [0x0000000718080000,0x00000007180c0000,0x0000000718300000)
  to   space 3072K, 0% used [0x0000000717d00000,0x0000000717d00000,0x0000000718000000)
 ParOldGen       total 518656K, used 18964K [0x00000005c5400000, 0x00000005e4e80000, 0x0000000717180000)
  object space 518656K, 3% used [0x00000005c5400000,0x00000005c66852d0,0x00000005e4e80000)
 Metaspace       used 15495K, capacity 15862K, committed 16128K, reserved 1062912K
  class space    used 2093K, capacity 2179K, committed 2304K, reserved 1048576K
}
Event: 17.433 GC heap before
{Heap before GC invocations=13 (full 0):
 PSYoungGen      total 14336K, used 12032K [0x0000000717180000, 0x0000000718300000, 0x00000007c0000000)
  eden space 11776K, 100% used [0x0000000717180000,0x0000000717d00000,0x0000000717d00000)
  from space 2560K, 10% used [0x0000000718080000,0x00000007180c0000,0x0000000718300000)
  to   space 3072K, 0% used [0x0000000717d00000,0x0000000717d00000,0x0000000718000000)
 ParOldGen       total 518656K, used 18964K [0x00000005c5400000, 0x00000005e4e80000, 0x0000000717180000)
  object space 518656K, 3% used [0x00000005c5400000,0x00000005c66852d0,0x00000005e4e80000)
 Metaspace       used 15599K, capacity 15990K, committed 16128K, reserved 1062912K
  class space    used 2093K, capacity 2179K, committed 2304K, reserved 1048576K
Event: 17.434 GC heap after
Heap after GC invocations=13 (full 0):
 PSYoungGen      total 11776K, used 256K [0x0000000717180000, 0x0000000718280000, 0x00000007c0000000)
  eden space 11264K, 0% used [0x0000000717180000,0x0000000717180000,0x0000000717c80000)
  from space 512K, 50% used [0x0000000717d00000,0x0000000717d40000,0x0000000717d80000)
  to   space 3072K, 0% used [0x0000000717f80000,0x0000000717f80000,0x0000000718280000)
 ParOldGen       total 518656K, used 19020K [0x00000005c5400000, 0x00000005e4e80000, 0x0000000717180000)
  object space 518656K, 3% used [0x00000005c5400000,0x00000005c66932d0,0x00000005e4e80000)
 Metaspace       used 15599K, capacity 15990K, committed 16128K, reserved 1062912K
  class space    used 2093K, capacity 2179K, committed 2304K, reserved 1048576K
}
Event: 19.644 GC heap before
{Heap before GC invocations=14 (full 0):
 PSYoungGen      total 11776K, used 11520K [0x0000000717180000, 0x0000000718280000, 0x00000007c0000000)
  eden space 11264K, 100% used [0x0000000717180000,0x0000000717c80000,0x0000000717c80000)
  from space 512K, 50% used [0x0000000717d00000,0x0000000717d40000,0x0000000717d80000)
  to   space 3072K, 0% used [0x0000000717f80000,0x0000000717f80000,0x0000000718280000)
 ParOldGen       total 518656K, used 19020K [0x00000005c5400000, 0x00000005e4e80000, 0x0000000717180000)
  object space 518656K, 3% used [0x00000005c5400000,0x00000005c66932d0,0x00000005e4e80000)
 Metaspace       used 15681K, capacity 16054K, committed 16384K, reserved 1062912K
  class space    used 2093K, capacity 2179K, committed 2304K, reserved 1048576K
Event: 19.645 GC heap after
Heap after GC invocations=14 (full 0):
 PSYoungGen      total 13312K, used 256K [0x0000000717180000, 0x0000000718200000, 0x00000007c0000000)
  eden space 10752K, 0% used [0x0000000717180000,0x0000000717180000,0x0000000717c00000)
  from space 2560K, 10% used [0x0000000717f80000,0x0000000717fc0000,0x0000000718200000)
  to   space 3072K, 0% used [0x0000000717c00000,0x0000000717c00000,0x0000000717f00000)
 ParOldGen       total 518656K, used 19068K [0x00000005c5400000, 0x00000005e4e80000, 0x0000000717180000)
  object space 518656K, 3% used [0x00000005c5400000,0x00000005c669f2d0,0x00000005e4e80000)
 Metaspace       used 15681K, capacity 16054K, committed 16384K, reserved 1062912K
  class space    used 2093K, capacity 2179K, committed 2304K, reserved 1048576K
}
Event: 22.454 GC heap before
{Heap before GC invocations=15 (full 0):
 PSYoungGen      total 13312K, used 11008K [0x0000000717180000, 0x0000000718200000, 0x00000007c0000000)
  eden space 10752K, 100% used [0x0000000717180000,0x0000000717c00000,0x0000000717c00000)
  from space 2560K, 10% used [0x0000000717f80000,0x0000000717fc0000,0x0000000718200000)
  to   space 3072K, 0% used [0x0000000717c00000,0x0000000717c00000,0x0000000717f00000)
 ParOldGen       total 518656K, used 19068K [0x00000005c5400000, 0x00000005e4e80000, 0x0000000717180000)
  object space 518656K, 3% used [0x00000005c5400000,0x00000005c669f2d0,0x00000005e4e80000)
 Metaspace       used 15769K, capacity 16182K, committed 16384K, reserved 1062912K
  class space    used 2093K, capacity 2179K, committed 2304K, reserved 1048576K
Event: 22.455 GC heap after
Heap after GC invocations=15 (full 0):
 PSYoungGen      total 10752K, used 256K [0x0000000717180000, 0x0000000718080000, 0x00000007c0000000)
  eden space 10240K, 0% used [0x0000000717180000,0x0000000717180000,0x0000000717b80000)
  from space 512K, 50% used [0x0000000717c00000,0x0000000717c40000,0x0000000717c80000)
  to   space 2560K, 0% used [0x0000000717e00000,0x0000000717e00000,0x0000000718080000)
 ParOldGen       total 518656K, used 19124K [0x00000005c5400000, 0x00000005e4e80000, 0x0000000717180000)
  object space 518656K, 3% used [0x00000005c5400000,0x00000005c66ad2d0,0x00000005e4e80000)
 Metaspace       used 15769K, capacity 16182K, committed 16384K, reserved 1062912K
  class space    used 2093K, capacity 2179K, committed 2304K, reserved 1048576K
}
Event: 25.190 GC heap before
{Heap before GC invocations=16 (full 0):
 PSYoungGen      total 10752K, used 10496K [0x0000000717180000, 0x0000000718080000, 0x00000007c0000000)
  eden space 10240K, 100% used [0x0000000717180000,0x0000000717b80000,0x0000000717b80000)
  from space 512K, 50% used [0x0000000717c00000,0x0000000717c40000,0x0000000717c80000)
  to   space 2560K, 0% used [0x0000000717e00000,0x0000000717e00000,0x0000000718080000)
 ParOldGen       total 518656K, used 19124K [0x00000005c5400000, 0x00000005e4e80000, 0x0000000717180000)
  object space 518656K, 3% used [0x00000005c5400000,0x00000005c66ad2d0,0x00000005e4e80000)
 Metaspace       used 15811K, capacity 16182K, committed 16384K, reserved 1062912K
  class space    used 2093K, capacity 2179K, committed 2304K, reserved 1048576K
Event: 25.191 GC heap after
Heap after GC invocations=16 (full 0):
 PSYoungGen      total 12800K, used 224K [0x0000000717180000, 0x0000000718080000, 0x00000007c0000000)
  eden space 10240K, 0% used [0x0000000717180000,0x0000000717180000,0x0000000717b80000)
  from space 2560K, 8% used [0x0000000717e00000,0x0000000717e38000,0x0000000718080000)
  to   space 2560K, 0% used [0x0000000717b80000,0x0000000717b80000,0x0000000717e00000)
 ParOldGen       total 518656K, used 19156K [0x00000005c5400000, 0x00000005e4e80000, 0x0000000717180000)
  object space 518656K, 3% used [0x00000005c5400000,0x00000005c66b52d0,0x00000005e4e80000)
 Metaspace       used 15811K, capacity 16182K, committed 16384K, reserved 1062912K
  class space    used 2093K, capacity 2179K, committed 2304K, reserved 1048576K
}

Deoptimization events (10 events):
Event: 26.310 Thread 0x0000000008fd5000 Uncommon trap: reason=class_check action=maybe_recompile pc=0x000000000f7248d4 method=javafx.scene.Node.isVisible()Z @ 15
Event: 26.310 Thread 0x0000000008fd5000 Uncommon trap: reason=class_check action=maybe_recompile pc=0x000000000f7248d4 method=javafx.scene.Node.isVisible()Z @ 15
Event: 26.326 Thread 0x0000000008fd5000 Uncommon trap: reason=class_check action=maybe_recompile pc=0x000000000f7248d4 method=javafx.scene.Node.isVisible()Z @ 15
Event: 27.837 Thread 0x0000000008fd5000 Uncommon trap: reason=class_check action=maybe_recompile pc=0x000000000f5fc1cc method=com.sun.javafx.event.EventHandlerManager.dispatchCapturingEvent(Ljavafx/event/Event;)Ljavafx/event/Event; @ 1
Event: 27.837 Thread 0x0000000008fd5000 Uncommon trap: reason=class_check action=maybe_recompile pc=0x000000000f60634c method=com.sun.javafx.event.EventHandlerManager.dispatchBubblingEvent(Ljavafx/event/Event;)Ljavafx/event/Event; @ 1
Event: 27.879 Thread 0x0000000008fd5000 Uncommon trap: reason=unreached action=reinterpret pc=0x000000000f804894 method=com.sun.javafx.event.EventDispatchChainImpl.ensureCapacity(I)V @ 19
Event: 27.880 Thread 0x0000000008fd5000 Uncommon trap: reason=class_check action=maybe_recompile pc=0x000000000f5fc1cc method=com.sun.javafx.event.EventHandlerManager.dispatchCapturingEvent(Ljavafx/event/Event;)Ljavafx/event/Event; @ 1
Event: 27.880 Thread 0x0000000008fd5000 Uncommon trap: reason=class_check action=maybe_recompile pc=0x000000000f60634c method=com.sun.javafx.event.EventHandlerManager.dispatchBubblingEvent(Ljavafx/event/Event;)Ljavafx/event/Event; @ 1
Event: 27.882 Thread 0x0000000008fd5000 Uncommon trap: reason=class_check action=maybe_recompile pc=0x000000000f5fc1cc method=com.sun.javafx.event.EventHandlerManager.dispatchCapturingEvent(Ljavafx/event/Event;)Ljavafx/event/Event; @ 1
Event: 27.882 Thread 0x0000000008fd5000 Uncommon trap: reason=class_check action=maybe_recompile pc=0x000000000f60634c method=com.sun.javafx.event.EventHandlerManager.dispatchBubblingEvent(Ljavafx/event/Event;)Ljavafx/event/Event; @ 1

Internal exceptions (10 events):
Event: 12.353 Thread 0x000000000c560000 Exception <a 'java/security/PrivilegedActionException'> (0x0000000717417a38) thrown at [D:\re\workspace\8-2-build-windows-amd64-cygwin\jdk8u5\2488\hotspot\src\share\vm\prims\jvm.cpp, line 1248]
Event: 12.440 Thread 0x000000000c93f800 Exception <a 'java/security/PrivilegedActionException'> (0x000000071749ec48) thrown at [D:\re\workspace\8-2-build-windows-amd64-cygwin\jdk8u5\2488\hotspot\src\share\vm\prims\jvm.cpp, line 1248]
Event: 12.442 Thread 0x000000000c93f800 Exception <a 'java/security/PrivilegedActionException'> (0x00000007174c5768) thrown at [D:\re\workspace\8-2-build-windows-amd64-cygwin\jdk8u5\2488\hotspot\src\share\vm\prims\jvm.cpp, line 1248]
Event: 12.478 Thread 0x000000000c556000 Exception <a 'java/security/PrivilegedActionException'> (0x00000007174f0478) thrown at [D:\re\workspace\8-2-build-windows-amd64-cygwin\jdk8u5\2488\hotspot\src\share\vm\prims\jvm.cpp, line 1248]
Event: 12.480 Thread 0x000000000c556000 Exception <a 'java/security/PrivilegedActionException'> (0x0000000717543b90) thrown at [D:\re\workspace\8-2-build-windows-amd64-cygwin\jdk8u5\2488\hotspot\src\share\vm\prims\jvm.cpp, line 1248]
Event: 12.520 Thread 0x000000000c9a8000 Exception <a 'java/security/PrivilegedActionException'> (0x0000000717770c98) thrown at [D:\re\workspace\8-2-build-windows-amd64-cygwin\jdk8u5\2488\hotspot\src\share\vm\prims\jvm.cpp, line 1248]
Event: 12.540 Thread 0x000000000c9a8000 Exception <a 'java/security/PrivilegedActionException'> (0x000000071779fa88) thrown at [D:\re\workspace\8-2-build-windows-amd64-cygwin\jdk8u5\2488\hotspot\src\share\vm\prims\jvm.cpp, line 1248]
Event: 12.736 Thread 0x000000000c9b5000 Exception <a 'java/security/PrivilegedActionException'> (0x000000071785c8e8) thrown at [D:\re\workspace\8-2-build-windows-amd64-cygwin\jdk8u5\2488\hotspot\src\share\vm\prims\jvm.cpp, line 1248]
Event: 12.737 Thread 0x000000000c9b5000 Exception <a 'java/security/PrivilegedActionException'> (0x0000000717871f80) thrown at [D:\re\workspace\8-2-build-windows-amd64-cygwin\jdk8u5\2488\hotspot\src\share\vm\prims\jvm.cpp, line 1248]
Event: 27.879 Thread 0x0000000008fd5000 Implicit null exception at 0x000000000f80430b to 0x000000000f804875

Events (10 events):
Event: 27.880 Thread 0x0000000008fd5000 DEOPT PACKING pc=0x000000000f60634c sp=0x0000000009fac340
Event: 27.880 Thread 0x0000000008fd5000 DEOPT UNPACKING pc=0x000000000f0555af sp=0x0000000009fac2f0 mode 2
Event: 27.882 Thread 0x0000000008fd5000 Uncommon trap: trap_request=0xffffffde fr.pc=0x000000000f5fc1cc
Event: 27.882 Thread 0x0000000008fd5000 DEOPT PACKING pc=0x000000000f5fc1cc sp=0x0000000009fac340
Event: 27.882 Thread 0x0000000008fd5000 DEOPT UNPACKING pc=0x000000000f0555af sp=0x0000000009fac2f0 mode 2
Event: 27.882 Thread 0x0000000008fd5000 Uncommon trap: trap_request=0xffffffde fr.pc=0x000000000f60634c
Event: 27.882 Thread 0x0000000008fd5000 DEOPT PACKING pc=0x000000000f60634c sp=0x0000000009fac340
Event: 27.882 Thread 0x0000000008fd5000 DEOPT UNPACKING pc=0x000000000f0555af sp=0x0000000009fac2f0 mode 2
Event: 27.882 loading class com/sun/javafx/tk/quantum/QuantumRenderer$4
Event: 27.882 loading class com/sun/javafx/tk/quantum/QuantumRenderer$4 done


Dynamic libraries:
0x00007ff6cc9f0000 - 0x00007ff6cca24000 	C:\Program Files\Java\jdk1.8.0_05\jre\bin\java.exe
0x00007ffdf25b0000 - 0x00007ffdf275c000 	C:\WINDOWS\SYSTEM32\ntdll.dll
0x00007ffdf2230000 - 0x00007ffdf236e000 	C:\WINDOWS\system32\KERNEL32.DLL
0x00007ffdefa60000 - 0x00007ffdefb75000 	C:\WINDOWS\system32\KERNELBASE.dll
0x00007ffdee230000 - 0x00007ffdee2be000 	C:\WINDOWS\system32\apphelp.dll
0x00007ffde3b30000 - 0x00007ffde3b83000 	C:\WINDOWS\AppPatch\AppPatch64\AcGenral.DLL
0x00007ffdf0b00000 - 0x00007ffdf0baa000 	C:\WINDOWS\system32\msvcrt.dll
0x00007ffdef480000 - 0x00007ffdef4ae000 	C:\WINDOWS\SYSTEM32\SspiCli.dll
0x00007ffdf0910000 - 0x00007ffdf0964000 	C:\WINDOWS\system32\SHLWAPI.dll
0x00007ffdf2430000 - 0x00007ffdf25a7000 	C:\WINDOWS\system32\USER32.dll
0x00007ffdf0470000 - 0x00007ffdf0604000 	C:\WINDOWS\system32\ole32.dll
0x00007ffdf0bb0000 - 0x00007ffdf20c8000 	C:\WINDOWS\system32\SHELL32.dll
0x00007ffdeec50000 - 0x00007ffdeec71000 	C:\WINDOWS\SYSTEM32\USERENV.dll
0x00007ffdefda0000 - 0x00007ffdefe4a000 	C:\WINDOWS\system32\ADVAPI32.dll
0x00007ffde12e0000 - 0x00007ffde12fe000 	C:\WINDOWS\SYSTEM32\MPR.dll
0x00007ffdf0700000 - 0x00007ffdf0841000 	C:\WINDOWS\system32\RPCRT4.dll
0x00007ffdf0630000 - 0x00007ffdf0689000 	C:\WINDOWS\SYSTEM32\sechost.dll
0x00007ffdefe50000 - 0x00007ffdf0061000 	C:\WINDOWS\SYSTEM32\combase.dll
0x00007ffdf20d0000 - 0x00007ffdf2221000 	C:\WINDOWS\system32\GDI32.dll
0x00007ffdef700000 - 0x00007ffdef715000 	C:\WINDOWS\SYSTEM32\profapi.dll
0x00007ffdee170000 - 0x00007ffdee222000 	C:\WINDOWS\SYSTEM32\SHCORE.dll
0x00007ffdf0970000 - 0x00007ffdf09a6000 	C:\WINDOWS\system32\IMM32.DLL
0x00007ffdefc40000 - 0x00007ffdefd92000 	C:\WINDOWS\system32\MSCTF.dll
0x00007ffdef6b0000 - 0x00007ffdef6e1000 	C:\Windows\system32\nvinitx.dll
0x00007ffdef6a0000 - 0x00007ffdef6aa000 	C:\WINDOWS\SYSTEM32\VERSION.dll
0x000000000f000000 - 0x000000000f006000 	C:\Program Files\NVIDIA Corporation\CoProcManager\_etoured.dll
0x00007ffded660000 - 0x00007ffded691000 	C:\Program Files\NVIDIA Corporation\CoProcManager\nvd3d9wrapx.dll
0x00007ffdf00e0000 - 0x00007ffdf02ba000 	C:\WINDOWS\system32\SETUPAPI.dll
0x00007ffdef7d0000 - 0x00007ffdef81f000 	C:\WINDOWS\system32\CFGMGR32.dll
0x00007ffded3b0000 - 0x00007ffded3d2000 	C:\Program Files\NVIDIA Corporation\CoProcManager\nvdxgiwrapx.dll
0x00007ffded3e0000 - 0x00007ffded65a000 	C:\WINDOWS\WinSxS\amd64_microsoft.windows.common-controls_6595b64144ccf1df_6.0.9600.17810_none_6240b9c7ecbd0bda\COMCTL32.dll
0x0000000057cb0000 - 0x0000000057d82000 	C:\Program Files\Java\jdk1.8.0_05\jre\bin\msvcr100.dll
0x0000000057d90000 - 0x00000000585ba000 	C:\Program Files\Java\jdk1.8.0_05\jre\bin\server\jvm.dll
0x00007ffdd1910000 - 0x00007ffdd1919000 	C:\WINDOWS\SYSTEM32\WSOCK32.dll
0x00007ffded2e0000 - 0x00007ffded302000 	C:\WINDOWS\SYSTEM32\WINMM.dll
0x00007ffdf0af0000 - 0x00007ffdf0af7000 	C:\WINDOWS\system32\PSAPI.DLL
0x00007ffdf06a0000 - 0x00007ffdf06fa000 	C:\WINDOWS\system32\WS2_32.dll
0x00007ffded0f0000 - 0x00007ffded11a000 	C:\WINDOWS\SYSTEM32\WINMMBASE.dll
0x00007ffdefc30000 - 0x00007ffdefc39000 	C:\WINDOWS\system32\NSI.dll
0x00007ffdee4a0000 - 0x00007ffdee4c8000 	C:\WINDOWS\SYSTEM32\DEVOBJ.dll
0x0000000057c60000 - 0x0000000057c6f000 	C:\Program Files\Java\jdk1.8.0_05\jre\bin\verify.dll
0x0000000057c30000 - 0x0000000057c58000 	C:\Program Files\Java\jdk1.8.0_05\jre\bin\java.dll
0x0000000057c10000 - 0x0000000057c26000 	C:\Program Files\Java\jdk1.8.0_05\jre\bin\zip.dll
0x0000000056ab0000 - 0x0000000056adb000 	C:\Program Files\Java\jdk1.8.0_05\jre\bin\prism_d3d.dll
0x00007ffde61c0000 - 0x00007ffde63e1000 	C:\WINDOWS\system32\d3d9.dll
0x00007ffdeda00000 - 0x00007ffdeda21000 	C:\WINDOWS\SYSTEM32\dwmapi.dll
0x00007ffdef820000 - 0x00007ffdef871000 	C:\WINDOWS\system32\WINTRUST.dll
0x0000000009a60000 - 0x0000000009c3f000 	C:\WINDOWS\system32\CRYPT32.dll
0x00007ffdef7b0000 - 0x00007ffdef7c1000 	C:\WINDOWS\system32\MSASN1.dll
0x00007ffdee320000 - 0x00007ffdee449000 	C:\WINDOWS\system32\uxtheme.dll
0x00007ffdeb850000 - 0x00007ffdeb966000 	C:\WINDOWS\SYSTEM32\nvumdshimx.dll
0x00007ffdc41a0000 - 0x00007ffdc4c10000 	C:\WINDOWS\system32\igdumdim64.dll
0x00007ffdea490000 - 0x00007ffdea8f2000 	C:\WINDOWS\SYSTEM32\igdusc64.dll
0x0000000056a70000 - 0x0000000056aaf000 	C:\Program Files\Java\jdk1.8.0_05\jre\bin\glass.dll
0x00007ffdf2370000 - 0x00007ffdf2426000 	C:\WINDOWS\system32\COMDLG32.dll
0x00007ffdf09c0000 - 0x00007ffdf0a81000 	C:\WINDOWS\system32\OLEAUT32.dll
0x0000000070fc0000 - 0x0000000070fcd000 	C:\Program Files (x86)\WinSplit Revolution\WinSplitHook64.DLL
0x00007ffdee4f0000 - 0x00007ffdee4fb000 	C:\WINDOWS\SYSTEM32\kernel.appcore.dll
0x00007ffdef520000 - 0x00007ffdef52b000 	C:\WINDOWS\SYSTEM32\CRYPTBASE.dll
0x00007ffdef4b0000 - 0x00007ffdef513000 	C:\WINDOWS\SYSTEM32\bcryptPrimitives.dll
0x00007ffdc7a80000 - 0x00007ffdc7caf000 	C:\Program Files\Acer\Acer Power Management\SysHook.dll
0x00007ffded2d0000 - 0x00007ffded2d7000 	C:\WINDOWS\SYSTEM32\MSIMG32.dll
0x00007ffdecc30000 - 0x00007ffdeccb2000 	C:\WINDOWS\SYSTEM32\WINSPOOL.DRV
0x00007ffdecd70000 - 0x00007ffdecf20000 	C:\WINDOWS\WinSxS\amd64_microsoft.windows.gdiplus_6595b64144ccf1df_1.1.9600.17415_none_932b3b5547500489\gdiplus.dll
0x00007ffdec820000 - 0x00007ffdec88a000 	C:\WINDOWS\SYSTEM32\OLEACC.dll
0x00007ffdeef20000 - 0x00007ffdeef40000 	C:\WINDOWS\SYSTEM32\CRYPTSP.dll
0x00007ffdeeb40000 - 0x00007ffdeeb76000 	C:\WINDOWS\system32\rsaenh.dll
0x00007ffdef170000 - 0x00007ffdef196000 	C:\WINDOWS\SYSTEM32\bcrypt.dll
0x0000000057bf0000 - 0x0000000057c0a000 	C:\Program Files\Java\jdk1.8.0_05\jre\bin\net.dll
0x00007ffdeeec0000 - 0x00007ffdeef19000 	C:\WINDOWS\system32\mswsock.dll
0x00007ffde9720000 - 0x00007ffde974a000 	C:\WINDOWS\SYSTEM32\IPHLPAPI.DLL
0x00007ffde9700000 - 0x00007ffde970a000 	C:\WINDOWS\SYSTEM32\WINNSI.DLL
0x00007ffde9270000 - 0x00007ffde9286000 	C:\WINDOWS\SYSTEM32\dhcpcsvc6.DLL
0x00007ffde93c0000 - 0x00007ffde93da000 	C:\WINDOWS\SYSTEM32\dhcpcsvc.DLL
0x0000000057bd0000 - 0x0000000057be1000 	C:\Program Files\Java\jdk1.8.0_05\jre\bin\nio.dll
0x00007ffde3af0000 - 0x00007ffde3b27000 	C:\Users\kristof\AppData\Local\Temp\jna-kristof\jna3183234610118168640.dll
0x0000000056a40000 - 0x0000000056a6d000 	C:\Program Files\VideoLAN\VLC\libvlc.dll
0x0000000056790000 - 0x0000000056a3c000 	C:\Program Files\VideoLAN\VLC\libvlccore.dll
0x0000000056770000 - 0x0000000056784000 	C:\Program Files\VideoLAN\VLC\plugins\audio_output\libdirectsound_plugin.dll
0x0000000056750000 - 0x0000000056763000 	C:\Program Files\VideoLAN\VLC\plugins\audio_output\libwaveout_plugin.dll
0x00000000565d0000 - 0x0000000056744000 	C:\Program Files\VideoLAN\VLC\plugins\misc\libxml_plugin.dll
0x00000000565b0000 - 0x00000000565cf000 	C:\Program Files\VideoLAN\VLC\plugins\video_output\libdirect3d_plugin.dll
0x0000000056590000 - 0x00000000565ad000 	C:\Program Files\VideoLAN\VLC\plugins\video_output\libdirectdraw_plugin.dll
0x00007ffdd17b0000 - 0x00007ffdd184d000 	C:\WINDOWS\SYSTEM32\DSOUND.DLL
0x00007ffdef650000 - 0x00007ffdef696000 	C:\WINDOWS\SYSTEM32\POWRPROF.dll
0x00007ffdf0850000 - 0x00007ffdf0906000 	C:\WINDOWS\SYSTEM32\clbcatq.dll
0x00007ffdecf20000 - 0x00007ffdecf90000 	C:\WINDOWS\System32\MMDevApi.dll
0x00007ffdec3b0000 - 0x00007ffdec55e000 	C:\WINDOWS\SYSTEM32\WindowsCodecs.dll
0x00007ffde4250000 - 0x00007ffde427e000 	C:\Program Files\Common Files\Microsoft Shared\Ink\rtscom.dll
0x0000000056570000 - 0x0000000056583000 	C:\Program Files\Java\jdk1.8.0_05\jre\bin\javafx_font.dll
0x00007ffdeb970000 - 0x00007ffdebb5d000 	C:\WINDOWS\SYSTEM32\dwrite.dll
0x0000000056300000 - 0x0000000056568000 	C:\Program Files\VideoLAN\VLC\plugins\access\liblibbluray_plugin.dll
0x00000000562d0000 - 0x00000000562f6000 	C:\Program Files\VideoLAN\VLC\plugins\access\libaccess_bd_plugin.dll
0x0000000056280000 - 0x00000000562cb000 	C:\Program Files\VideoLAN\VLC\plugins\access\libdvdnav_plugin.dll
0x0000000056260000 - 0x0000000056271000 	C:\Program Files\Java\jdk1.8.0_05\jre\bin\prism_common.dll
0x0000000056240000 - 0x000000005625f000 	C:\Program Files\VideoLAN\VLC\plugins\access\libvdr_plugin.dll
0x0000000056220000 - 0x0000000056238000 	C:\Program Files\VideoLAN\VLC\plugins\access\libfilesystem_plugin.dll
0x0000000056200000 - 0x000000005621b000 	C:\Program Files\VideoLAN\VLC\plugins\stream_filter\libsmooth_plugin.dll
0x0000000056150000 - 0x00000000561fe000 	C:\Program Files\VideoLAN\VLC\plugins\stream_filter\libhttplive_plugin.dll
0x0000000056120000 - 0x000000005614b000 	C:\Program Files\VideoLAN\VLC\plugins\access\libzip_plugin.dll
0x0000000056100000 - 0x0000000056116000 	C:\Program Files\VideoLAN\VLC\plugins\access\librar_plugin.dll
0x00000000560f0000 - 0x00000000560ff000 	C:\Program Files\VideoLAN\VLC\plugins\stream_filter\librecord_plugin.dll
0x00000000560a0000 - 0x00000000560e2000 	C:\Program Files\VideoLAN\VLC\plugins\demux\libmp4_plugin.dll
0x0000000056040000 - 0x0000000056099000 	C:\Program Files\VideoLAN\VLC\plugins\codec\libjpeg_plugin.dll
0x0000000056020000 - 0x0000000056031000 	C:\Program Files\VideoLAN\VLC\plugins\codec\libcdg_plugin.dll
0x0000000055fc0000 - 0x000000005601e000 	C:\Program Files\VideoLAN\VLC\plugins\codec\libpng_plugin.dll
0x0000000055e40000 - 0x0000000055fbb000 	C:\Program Files\VideoLAN\VLC\plugins\codec\libschroedinger_plugin.dll
0x0000000055d60000 - 0x0000000055e35000 	C:\Program Files\VideoLAN\VLC\plugins\codec\libvorbis_plugin.dll
0x0000000055d00000 - 0x0000000055d5a000 	C:\Program Files\VideoLAN\VLC\plugins\codec\libtheora_plugin.dll
0x0000000055ce0000 - 0x0000000055cf1000 	C:\Program Files\VideoLAN\VLC\plugins\codec\libdts_plugin.dll
0x0000000055cc0000 - 0x0000000055cd5000 	C:\Program Files\VideoLAN\VLC\plugins\codec\libaraw_plugin.dll
0x0000000055ca0000 - 0x0000000055cb7000 	C:\Program Files\VideoLAN\VLC\plugins\codec\libsubstx3g_plugin.dll
0x0000000055c20000 - 0x0000000055c94000 	C:\Program Files\VideoLAN\VLC\plugins\codec\libflac_plugin.dll
0x0000000055c00000 - 0x0000000055c13000 	C:\Program Files\VideoLAN\VLC\plugins\codec\libg711_plugin.dll
0x0000000055bf0000 - 0x0000000055c00000 	C:\Program Files\VideoLAN\VLC\plugins\codec\libaes3_plugin.dll
0x0000000055bb0000 - 0x0000000055be9000 	C:\Program Files\VideoLAN\VLC\plugins\codec\libspeex_plugin.dll
0x00000000559e0000 - 0x0000000055ba5000 	C:\Program Files\VideoLAN\VLC\plugins\codec\liblibass_plugin.dll
0x0000000055970000 - 0x00000000559df000 	C:\Program Files\VideoLAN\VLC\plugins\codec\libfaad_plugin.dll
0x0000000055950000 - 0x0000000055961000 	C:\Program Files\VideoLAN\VLC\plugins\codec\liba52_plugin.dll
0x0000000055940000 - 0x0000000055950000 	C:\Program Files\VideoLAN\VLC\plugins\codec\libmpeg_audio_plugin.dll
0x0000000055920000 - 0x0000000055931000 	C:\Program Files\VideoLAN\VLC\plugins\codec\liblpcm_plugin.dll
0x00000000558a0000 - 0x0000000055918000 	C:\Program Files\VideoLAN\VLC\plugins\codec\libopus_plugin.dll
0x0000000055870000 - 0x0000000055899000 	C:\Program Files\VideoLAN\VLC\plugins\codec\libdvbsub_plugin.dll
0x0000000055850000 - 0x0000000055861000 	C:\Program Files\VideoLAN\VLC\plugins\codec\libspudec_plugin.dll
0x00000000543b0000 - 0x000000005584f000 	C:\Program Files\VideoLAN\VLC\plugins\codec\libavcodec_plugin.dll
0x0000000054350000 - 0x00000000543ac000 	C:\Program Files\VideoLAN\VLC\plugins\lua\liblua_plugin.dll
0x0000000054260000 - 0x0000000054343000 	C:\Program Files\VideoLAN\VLC\plugins\text_renderer\libfreetype_plugin.dll
0x00007ffde2ca0000 - 0x00007ffde2d1e000 	C:\WINDOWS\SYSTEM32\AUDIOSES.DLL

VM Arguments:
jvm_args: -Dfile.encoding=UTF-8 
java_command: C:\Users\kristof\Documents\NetBeansProjects\VLCPlayer\dist\run995581035\VLCPlayer.jar
java_class_path (initial): C:\Users\kristof\Documents\NetBeansProjects\VLCPlayer\dist\run995581035\VLCPlayer.jar
Launcher Type: SUN_STANDARD

Environment Variables:
CLASSPATH=.;C:\Program Files (x86)\Java\jre7\lib\ext\QTJava.zip
PATH=C:\ProgramData\Oracle\Java\javapath;C:\Program Files (x86)\Common Files\Intel\Shared Libraries\redist\intel64\compiler;C:\Program Files (x86)\Common Files\Intel\Shared Libraries\redist\ia32\compiler;C:\Program Files (x86)\Haskell\bin;C:\Program Files (x86)\Haskell Platform\2013.2.0.0\lib\extralibs\bin;C:\Program Files (x86)\Haskell Platform\2013.2.0.0\bin;C:\Program Files (x86)\Intel\iCLS Client\;C:\Program Files\Intel\iCLS Client\;C:\Windows\system32;C:\Windows;C:\Windows\System32\Wbem;C:\Windows\System32\WindowsPowerShell\v1.0\;C:\Program Files (x86)\Intel\OpenCL SDK\3.0\bin\x86;C:\Program Files (x86)\Intel\OpenCL SDK\3.0\bin\x64;C:\Program Files (x86)\QuickTime\QTSystem\;C:\Program Files (x86)\Haskell Platform\2013.2.0.0\mingw\bin;C:\Program Files (x86)\MiKTeX 2.9\miktex\bin\;D:\strawberry\c\bin;D:\strawberry\perl\site\bin;D:\strawberry\perl\bin;C:\Program Files\Microsoft SQL Server\110\Tools\Binn\;C:\WINDOWS\system32;C:\WINDOWS;C:\WINDOWS\System32\Wbem;C:\WINDOWS\System32\WindowsPowerShell\v1.0\;C:\Program Files\Microsoft\Web Platform Installer\;D:\matlab\R2014b\runtime\win64;D:\matlab\R2014b\bin;D:\matlab\R2014b\polyspace\bin;C:\Program Files (x86)\Skype\Phone\;C:\Program Files\Intel\Intel(R) Management Engine Components\DAL;C:\Program Files\Intel\Intel(R) Management Engine Components\IPT;C:\Program Files (x86)\Intel\Intel(R) Management Engine Components\DAL;C:\Program Files (x86)\Intel\Intel(R) Management Engine Components\IPT;C:\Program Files (x86)\Windows Kits\8.1\Windows Performance Toolkit\;C:\Program Files (x86)\Microsoft SDKs\TypeScript\1.0\;C:\Program Files\Microsoft SQL Server\120\Tools\Binn\;C:\Program Files (x86)\NVIDIA Corporation\PhysX\Common;C:\Users\kristof\AppData\Roaming\cabal\bin
USERNAME=kristof
OS=Windows_NT
PROCESSOR_IDENTIFIER=Intel64 Family 6 Model 60 Stepping 3, GenuineIntel



---------------  S Y S T E M  ---------------

OS: Windows 8.1 , 64 bit Build 9600 

CPU:total 8 (4 cores per cpu, 2 threads per core) family 6 model 60 stepping 3, cmov, cx8, fxsr, mmx, sse, sse2, sse3, ssse3, sse4.1, sse4.2, popcnt, avx, avx2, aes, clmul, erms, ht, tsc, tscinvbit

Memory: 4k page, physical 33202460k(28183448k free), swap 38183196k(32372456k free)

vm_info: Java HotSpot(TM) 64-Bit Server VM (25.5-b02) for windows-amd64 JRE (1.8.0_05-b13), built on Mar 18 2014 01:08:39 by "java_re" with MS VC++ 10.0 (VS2010)

time: Mon Jul 13 12:26:47 2015
elapsed time: 27 seconds

