#
# A fatal error has been detected by the Java Runtime Environment:
#
#  EXCEPTION_ACCESS_VIOLATION (0xc0000005) at pc=0x00007ffa5178d85e, pid=5504, tid=3980
#
# JRE version: Java(TM) SE Runtime Environment (8.0_05-b13) (build 1.8.0_05-b13)
# Java VM: Java HotSpot(TM) 64-Bit Server VM (25.5-b02 mixed mode windows-amd64 compressed oops)
# Problematic frame:
# C  [ntdll.dll+0x3d85e]
#
# Failed to write core dump. Minidumps are not enabled by default on client versions of Windows
#
# If you would like to submit a bug report, please visit:
#   http://bugreport.sun.com/bugreport/crash.jsp
# The crash happened outside the Java Virtual Machine in native code.
# See problematic frame for where to report the bug.
#

---------------  T H R E A D  ---------------

Current thread (0x00000000094d1800):  JavaThread "JavaFX Application Thread" [_thread_in_native, id=3980, stack(0x000000000a190000,0x000000000a290000)]

siginfo: ExceptionCode=0xc0000005, writing address 0x0000000000000024

Registers:
RAX=0x0000000000000000, RBX=0x000000000c5c62e8, RCX=0x00000000fffffffc, RDX=0x0000000000000680
RSP=0x000000000a28cc70, RBP=0x00007ff6f145a000, RSI=0x0000000000000680, RDI=0x0000000000000000
R8 =0xffffffffffffffff, R9 =0x00007ff6f145a000, R10=0x0000000000000000, R11=0x0000000000000246
R12=0x0000000000000000, R13=0x0000000000000000, R14=0x0000000000000000, R15=0x0000000000000000
RIP=0x00007ffa5178d85e, EFLAGS=0x0000000000010213

Top of Stack: (sp=0x000000000a28cc70)
0x000000000a28cc70:   0000000000000680 0000000000000000
0x000000000a28cc80:   0000000000000000 0000000000000000
0x000000000a28cc90:   0000000000000278 0000000000000001
0x000000000a28cca0:   000000000a28cca0 0000000006c05b30
0x000000000a28ccb0:   0000000000000000 0000000006c06708
0x000000000a28ccc0:   0000000000000000 0000000006c05b48
0x000000000a28ccd0:   0000000000000000 000000000a28ccf0
0x000000000a28cce0:   000000000a28cd48 000000000f016d00
0x000000000a28ccf0:   000078e8fd103e54 0000000000000064
0x000000000a28cd00:   0000000000000004 0000000000000001
0x000000000a28cd10:   0000000006ebda00 000000007ffe0372
0x000000000a28cd20:   0000000000000000 0000000000000000
0x000000000a28cd30:   00007ff6f145a000 00007ffa5178b254
0x000000000a28cd40:   000000000a28cd58 00007ffa432ffc42
0x000000000a28cd50:   000000000c5c62e8 000000000000007a
0x000000000a28cd60:   0000000000000000 0000000000000001 

Instructions: (pc=0x00007ffa5178d85e)
0x00007ffa5178d83e:   a8 01 0f 85 e0 00 00 00 8b c8 41 2b ce f0 0f b1
0x00007ffa5178d84e:   4b 08 75 e9 48 8b 03 45 33 f6 48 83 f8 ff 74 03
0x00007ffa5178d85e:   ff 40 24 41 bf 82 03 fe 7f 41 8a 0f 84 c9 0f 85
0x00007ffa5178d86e:   a0 fa 06 00 48 83 fe ff 0f 84 f5 fa 06 00 4c 8b 


Register to memory mapping:

RAX=0x0000000000000000 is an unknown value
RBX=0x000000000c5c62e8 is an unknown value
RCX=0x00000000fffffffc is an unknown value
RDX=0x0000000000000680 is an unknown value
RSP=0x000000000a28cc70 is pointing into the stack for thread: 0x00000000094d1800
RBP=0x00007ff6f145a000 is an unknown value
RSI=0x0000000000000680 is an unknown value
RDI=0x0000000000000000 is an unknown value
R8 =0xffffffffffffffff is an unknown value
R9 =0x00007ff6f145a000 is an unknown value
R10=0x0000000000000000 is an unknown value
R11=0x0000000000000246 is an unknown value
R12=0x0000000000000000 is an unknown value
R13=0x0000000000000000 is an unknown value
R14=0x0000000000000000 is an unknown value
R15=0x0000000000000000 is an unknown value


Stack: [0x000000000a190000,0x000000000a290000],  sp=0x000000000a28cc70,  free space=1011k
Native frames: (J=compiled Java code, j=interpreted, Vv=VM code, C=native code)
C  [ntdll.dll+0x3d85e]
C  [ntdll.dll+0x3b254]
C  [libvlc.dll+0xe365]
C  [jna754394130964049467.dll+0x176f3]
C  [jna754394130964049467.dll+0xffe7]
C  [jna754394130964049467.dll+0x3d1a]
C  [jna754394130964049467.dll+0x4e97]
C  0x000000000f0251ae

Java frames: (J=compiled Java code, j=interpreted, Vv=VM code)
j  com.sun.jna.Native.invokeLong(JI[Ljava/lang/Object;)J+0
j  com.sun.jna.Function.invoke([Ljava/lang/Object;Ljava/lang/Class;Z)Ljava/lang/Object;+389
j  com.sun.jna.Function.invoke(Ljava/lang/Class;[Ljava/lang/Object;Ljava/util/Map;)Ljava/lang/Object;+214
j  com.sun.jna.Library$Handler.invoke(Ljava/lang/Object;Ljava/lang/reflect/Method;[Ljava/lang/Object;)Ljava/lang/Object;+341
j  com.sun.proxy.$Proxy0.libvlc_media_player_get_time(Luk/co/caprica/vlcj/binding/internal/libvlc_media_player_t;)J+16
j  uk.co.caprica.vlcj.player.DefaultMediaPlayer.getTime()J+17
j  simplevlc.Controls$1.lambda$positionChanged$7(F)V+30
j  simplevlc.Controls$1$$Lambda$26.run()V+8
j  com.sun.javafx.application.PlatformImpl$6$1.run()Ljava/lang/Void;+7
j  com.sun.javafx.application.PlatformImpl$6$1.run()Ljava/lang/Object;+1
v  ~StubRoutines::call_stub
J 1437  java.security.AccessController.doPrivileged(Ljava/security/PrivilegedAction;Ljava/security/AccessControlContext;)Ljava/lang/Object; (0 bytes) @ 0x000000000f4b5466 [0x000000000f4b5400+0x66]
j  com.sun.javafx.application.PlatformImpl$6.run()V+12
j  com.sun.glass.ui.InvokeLaterDispatcher$Future.run()V+4
v  ~StubRoutines::call_stub
j  com.sun.glass.ui.win.WinApplication._runLoop(Ljava/lang/Runnable;)V+0
j  com.sun.glass.ui.win.WinApplication.access$300(Lcom/sun/glass/ui/win/WinApplication;Ljava/lang/Runnable;)V+2
j  com.sun.glass.ui.win.WinApplication$4$1.run()V+25
j  java.lang.Thread.run()V+11
v  ~StubRoutines::call_stub

---------------  P R O C E S S  ---------------

Java Threads: ( => current thread )
  0x000000000ced2800 JavaThread "Prism Font Disposer" daemon [_thread_blocked, id=6348, stack(0x000000000ddf0000,0x000000000def0000)]
  0x00000000094ea000 JavaThread "Thread-3" daemon [_thread_in_native, id=5156, stack(0x000000000ba70000,0x000000000bb70000)]
  0x00000000094e9000 JavaThread "JavaFX-Launcher" [_thread_blocked, id=6524, stack(0x000000000c4b0000,0x000000000c5b0000)]
=>0x00000000094d1800 JavaThread "JavaFX Application Thread" [_thread_in_native, id=3980, stack(0x000000000a190000,0x000000000a290000)]
  0x00000000094d0800 JavaThread "Thread-1" daemon [_thread_blocked, id=4088, stack(0x000000000a090000,0x000000000a190000)]
  0x0000000009443800 JavaThread "QuantumRenderer-0" daemon [_thread_blocked, id=1900, stack(0x0000000009e50000,0x0000000009f50000)]
  0x0000000009318000 JavaThread "Service Thread" daemon [_thread_blocked, id=3744, stack(0x0000000009c50000,0x0000000009d50000)]
  0x000000000928e000 JavaThread "C1 CompilerThread3" daemon [_thread_blocked, id=6972, stack(0x0000000009b50000,0x0000000009c50000)]
  0x000000000927f800 JavaThread "C2 CompilerThread2" daemon [_thread_blocked, id=1720, stack(0x0000000009a50000,0x0000000009b50000)]
  0x000000000927e000 JavaThread "C2 CompilerThread1" daemon [_thread_blocked, id=3768, stack(0x0000000009950000,0x0000000009a50000)]
  0x000000000927c000 JavaThread "C2 CompilerThread0" daemon [_thread_blocked, id=6588, stack(0x0000000009850000,0x0000000009950000)]
  0x0000000009275800 JavaThread "Attach Listener" daemon [_thread_blocked, id=6064, stack(0x0000000009750000,0x0000000009850000)]
  0x0000000009274800 JavaThread "Signal Dispatcher" daemon [_thread_blocked, id=7392, stack(0x0000000009650000,0x0000000009750000)]
  0x000000000725c800 JavaThread "Finalizer" daemon [_thread_blocked, id=5068, stack(0x0000000009150000,0x0000000009250000)]
  0x000000000725b800 JavaThread "Reference Handler" daemon [_thread_blocked, id=4728, stack(0x0000000009050000,0x0000000009150000)]
  0x00000000030bd800 JavaThread "main" [_thread_blocked, id=6096, stack(0x0000000002f80000,0x0000000003080000)]

Other Threads:
  0x0000000007258000 VMThread [stack: 0x0000000008f50000,0x0000000009050000] [id=5796]
  0x000000000931a000 WatcherThread [stack: 0x0000000009d50000,0x0000000009e50000] [id=5420]

VM state:not at safepoint (normal execution)

VM Mutex/Monitor currently owned by a thread: None

Heap:
 PSYoungGen      total 15360K, used 13044K [0x0000000717180000, 0x0000000718b80000, 0x00000007c0000000)
  eden space 12800K, 83% used [0x0000000717180000,0x0000000717be5280,0x0000000717e00000)
  from space 2560K, 93% used [0x0000000717e00000,0x0000000718058010,0x0000000718080000)
  to   space 3072K, 0% used [0x0000000718880000,0x0000000718880000,0x0000000718b80000)
 ParOldGen       total 518656K, used 14751K [0x00000005c5400000, 0x00000005e4e80000, 0x0000000717180000)
  object space 518656K, 2% used [0x00000005c5400000,0x00000005c6267d70,0x00000005e4e80000)
 Metaspace       used 15391K, capacity 15794K, committed 16128K, reserved 1062912K
  class space    used 2097K, capacity 2179K, committed 2304K, reserved 1048576K

Card table byte_map: [0x0000000003580000,0x0000000004560000] byte_map_base: 0x0000000000756000

Marking Bits: (ParMarkBitMap*) 0x0000000060f813b0
 Begin Bits: [0x000000001e010000, 0x0000000025ec0000)
 End Bits:   [0x0000000025ec0000, 0x000000002dd70000)

Polling page: 0x00000000012e0000

CodeCache: size=245760Kb used=5136Kb max_used=5136Kb free=240623Kb
 bounds [0x000000000f010000, 0x000000000f520000, 0x000000001e010000]
 total_blobs=2220 nmethods=1581 adapters=552
 compilation: enabled

Compilation events (10 events):
Event: 7.379 Thread 0x000000000928e000 nmethod 1575 0x000000000f504990 code [0x000000000f505560, 0x000000000f50e258]
Event: 7.385 Thread 0x000000000928e000 1576       3       java.lang.Thread::setPriority (56 bytes)
Event: 7.386 Thread 0x000000000928e000 nmethod 1576 0x000000000f513b90 code [0x000000000f513d40, 0x000000000f514448]
Event: 7.406 Thread 0x000000000928e000 1578       1       java.util.concurrent.locks.AbstractOwnableSynchronizer::setExclusiveOwnerThread (6 bytes)
Event: 7.407 Thread 0x000000000928e000 nmethod 1578 0x000000000f514610 code [0x000000000f514760, 0x000000000f514890]
Event: 7.408 Thread 0x000000000928e000 1579       3       javafx.event.Event::<init> (36 bytes)
Event: 7.408 Thread 0x000000000928e000 nmethod 1579 0x000000000f5148d0 code [0x000000000f514a60, 0x000000000f514e48]
Event: 7.408 Thread 0x000000000928e000 1580       3       java.util.EventObject::<init> (24 bytes)
Event: 7.408 Thread 0x000000000928e000 nmethod 1580 0x000000000f514f90 code [0x000000000f515100, 0x000000000f5153a8]
Event: 7.410 Thread 0x000000000928e000 1581       3       java.util.regex.Pattern$Branch::match (66 bytes)

GC Heap History (10 events):
Event: 0.593 GC heap before
{Heap before GC invocations=7 (full 0):
 PSYoungGen      total 5120K, used 4832K [0x0000000717180000, 0x0000000717780000, 0x00000007c0000000)
  eden space 4096K, 100% used [0x0000000717180000,0x0000000717580000,0x0000000717580000)
  from space 1024K, 71% used [0x0000000717680000,0x0000000717738030,0x0000000717780000)
  to   space 1024K, 0% used [0x0000000717580000,0x0000000717580000,0x0000000717680000)
 ParOldGen       total 518656K, used 8787K [0x00000005c5400000, 0x00000005e4e80000, 0x0000000717180000)
  object space 518656K, 1% used [0x00000005c5400000,0x00000005c5c94cf8,0x00000005e4e80000)
 Metaspace       used 8175K, capacity 8312K, committed 8576K, reserved 1056768K
  class space    used 1045K, capacity 1099K, committed 1152K, reserved 1048576K
Event: 0.595 GC heap after
Heap after GC invocations=7 (full 0):
 PSYoungGen      total 5120K, used 1017K [0x0000000717180000, 0x0000000717c80000, 0x00000007c0000000)
  eden space 4096K, 0% used [0x0000000717180000,0x0000000717180000,0x0000000717580000)
  from space 1024K, 99% used [0x0000000717580000,0x000000071767e6b0,0x0000000717680000)
  to   space 1536K, 0% used [0x0000000717b00000,0x0000000717b00000,0x0000000717c80000)
 ParOldGen       total 518656K, used 9083K [0x00000005c5400000, 0x00000005e4e80000, 0x0000000717180000)
  object space 518656K, 1% used [0x00000005c5400000,0x00000005c5cded48,0x00000005e4e80000)
 Metaspace       used 8175K, capacity 8312K, committed 8576K, reserved 1056768K
  class space    used 1045K, capacity 1099K, committed 1152K, reserved 1048576K
}
Event: 4.231 GC heap before
{Heap before GC invocations=8 (full 0):
 PSYoungGen      total 5120K, used 5113K [0x0000000717180000, 0x0000000717c80000, 0x00000007c0000000)
  eden space 4096K, 100% used [0x0000000717180000,0x0000000717580000,0x0000000717580000)
  from space 1024K, 99% used [0x0000000717580000,0x000000071767e6b0,0x0000000717680000)
  to   space 1536K, 0% used [0x0000000717b00000,0x0000000717b00000,0x0000000717c80000)
 ParOldGen       total 518656K, used 9083K [0x00000005c5400000, 0x00000005e4e80000, 0x0000000717180000)
  object space 518656K, 1% used [0x00000005c5400000,0x00000005c5cded48,0x00000005e4e80000)
 Metaspace       used 9069K, capacity 9258K, committed 9472K, reserved 1056768K
  class space    used 1168K, capacity 1220K, committed 1280K, reserved 1048576K
Event: 4.233 GC heap after
Heap after GC invocations=8 (full 0):
 PSYoungGen      total 9728K, used 1281K [0x0000000717180000, 0x0000000717c80000, 0x00000007c0000000)
  eden space 8192K, 0% used [0x0000000717180000,0x0000000717180000,0x0000000717980000)
  from space 1536K, 83% used [0x0000000717b00000,0x0000000717c40498,0x0000000717c80000)
  to   space 1536K, 0% used [0x0000000717980000,0x0000000717980000,0x0000000717b00000)
 ParOldGen       total 518656K, used 9211K [0x00000005c5400000, 0x00000005e4e80000, 0x0000000717180000)
  object space 518656K, 1% used [0x00000005c5400000,0x00000005c5cfed48,0x00000005e4e80000)
 Metaspace       used 9069K, capacity 9258K, committed 9472K, reserved 1056768K
  class space    used 1168K, capacity 1220K, committed 1280K, reserved 1048576K
}
Event: 4.378 GC heap before
{Heap before GC invocations=9 (full 0):
 PSYoungGen      total 9728K, used 9473K [0x0000000717180000, 0x0000000717c80000, 0x00000007c0000000)
  eden space 8192K, 100% used [0x0000000717180000,0x0000000717980000,0x0000000717980000)
  from space 1536K, 83% used [0x0000000717b00000,0x0000000717c40498,0x0000000717c80000)
  to   space 1536K, 0% used [0x0000000717980000,0x0000000717980000,0x0000000717b00000)
 ParOldGen       total 518656K, used 9211K [0x00000005c5400000, 0x00000005e4e80000, 0x0000000717180000)
  object space 518656K, 1% used [0x00000005c5400000,0x00000005c5cfed48,0x00000005e4e80000)
 Metaspace       used 11696K, capacity 11942K, committed 12160K, reserved 1060864K
  class space    used 1559K, capacity 1653K, committed 1664K, reserved 1048576K
Event: 4.381 GC heap after
Heap after GC invocations=9 (full 0):
 PSYoungGen      total 9728K, used 1520K [0x0000000717180000, 0x0000000718280000, 0x00000007c0000000)
  eden space 8192K, 0% used [0x0000000717180000,0x0000000717180000,0x0000000717980000)
  from space 1536K, 98% used [0x0000000717980000,0x0000000717afc050,0x0000000717b00000)
  to   space 2048K, 0% used [0x0000000718080000,0x0000000718080000,0x0000000718280000)
 ParOldGen       total 518656K, used 10524K [0x00000005c5400000, 0x00000005e4e80000, 0x0000000717180000)
  object space 518656K, 2% used [0x00000005c5400000,0x00000005c5e47318,0x00000005e4e80000)
 Metaspace       used 11696K, capacity 11942K, committed 12160K, reserved 1060864K
  class space    used 1559K, capacity 1653K, committed 1664K, reserved 1048576K
}
Event: 4.623 GC heap before
{Heap before GC invocations=10 (full 0):
 PSYoungGen      total 9728K, used 8992K [0x0000000717180000, 0x0000000718280000, 0x00000007c0000000)
  eden space 8192K, 91% used [0x0000000717180000,0x00000007178cc1c0,0x0000000717980000)
  from space 1536K, 98% used [0x0000000717980000,0x0000000717afc050,0x0000000717b00000)
  to   space 2048K, 0% used [0x0000000718080000,0x0000000718080000,0x0000000718280000)
 ParOldGen       total 518656K, used 10524K [0x00000005c5400000, 0x00000005e4e80000, 0x0000000717180000)
  object space 518656K, 2% used [0x00000005c5400000,0x00000005c5e47318,0x00000005e4e80000)
 Metaspace       used 14892K, capacity 15194K, committed 15488K, reserved 1062912K
  class space    used 2057K, capacity 2137K, committed 2176K, reserved 1048576K
Event: 4.626 GC heap after
Heap after GC invocations=10 (full 0):
 PSYoungGen      total 14848K, used 1893K [0x0000000717180000, 0x0000000718380000, 0x00000007c0000000)
  eden space 12800K, 0% used [0x0000000717180000,0x0000000717180000,0x0000000717e00000)
  from space 2048K, 92% used [0x0000000718080000,0x0000000718259560,0x0000000718280000)
  to   space 2560K, 0% used [0x0000000717e00000,0x0000000717e00000,0x0000000718080000)
 ParOldGen       total 518656K, used 10952K [0x00000005c5400000, 0x00000005e4e80000, 0x0000000717180000)
  object space 518656K, 2% used [0x00000005c5400000,0x00000005c5eb2328,0x00000005e4e80000)
 Metaspace       used 14892K, capacity 15194K, committed 15488K, reserved 1062912K
  class space    used 2057K, capacity 2137K, committed 2176K, reserved 1048576K
}
Event: 5.884 GC heap before
{Heap before GC invocations=11 (full 0):
 PSYoungGen      total 14848K, used 14693K [0x0000000717180000, 0x0000000718380000, 0x00000007c0000000)
  eden space 12800K, 100% used [0x0000000717180000,0x0000000717e00000,0x0000000717e00000)
  from space 2048K, 92% used [0x0000000718080000,0x0000000718259560,0x0000000718280000)
  to   space 2560K, 0% used [0x0000000717e00000,0x0000000717e00000,0x0000000718080000)
 ParOldGen       total 518656K, used 10952K [0x00000005c5400000, 0x00000005e4e80000, 0x0000000717180000)
  object space 518656K, 2% used [0x00000005c5400000,0x00000005c5eb2328,0x00000005e4e80000)
 Metaspace       used 15245K, capacity 15602K, committed 15872K, reserved 1062912K
  class space    used 2096K, capacity 2179K, committed 2304K, reserved 1048576K
Event: 5.887 GC heap after
Heap after GC invocations=11 (full 0):
 PSYoungGen      total 15360K, used 2400K [0x0000000717180000, 0x0000000718b80000, 0x00000007c0000000)
  eden space 12800K, 0% used [0x0000000717180000,0x0000000717180000,0x0000000717e00000)
  from space 2560K, 93% used [0x0000000717e00000,0x0000000718058010,0x0000000718080000)
  to   space 3072K, 0% used [0x0000000718880000,0x0000000718880000,0x0000000718b80000)
 ParOldGen       total 518656K, used 14751K [0x00000005c5400000, 0x00000005e4e80000, 0x0000000717180000)
  object space 518656K, 2% used [0x00000005c5400000,0x00000005c6267d70,0x00000005e4e80000)
 Metaspace       used 15245K, capacity 15602K, committed 15872K, reserved 1062912K
  class space    used 2096K, capacity 2179K, committed 2304K, reserved 1048576K
}

Deoptimization events (10 events):
Event: 4.345 Thread 0x00000000094d1800 Uncommon trap: reason=unreached action=reinterpret pc=0x000000000f2746a4 method=java.util.HashMap.getNode(ILjava/lang/Object;)Ljava/util/HashMap$Node; @ 84
Event: 4.345 Thread 0x00000000094d1800 Uncommon trap: reason=unreached action=reinterpret pc=0x000000000f273e88 method=java.util.HashMap.getNode(ILjava/lang/Object;)Ljava/util/HashMap$Node; @ 84
Event: 4.461 Thread 0x00000000094d1800 Uncommon trap: reason=class_check action=maybe_recompile pc=0x000000000f311078 method=java.io.DataInputStream.readShort()S @ 4
Event: 4.461 Thread 0x00000000094d1800 Uncommon trap: reason=class_check action=maybe_recompile pc=0x000000000f311078 method=java.io.DataInputStream.readShort()S @ 4
Event: 4.462 Thread 0x00000000094d1800 Uncommon trap: reason=class_check action=maybe_recompile pc=0x000000000f311078 method=java.io.DataInputStream.readShort()S @ 4
Event: 4.462 Thread 0x00000000094d1800 Uncommon trap: reason=class_check action=maybe_recompile pc=0x000000000f311078 method=java.io.DataInputStream.readShort()S @ 4
Event: 4.466 Thread 0x00000000094d1800 Uncommon trap: reason=class_check action=maybe_recompile pc=0x000000000f136ed4 method=java.lang.String.equals(Ljava/lang/Object;)Z @ 8
Event: 4.466 Thread 0x00000000094d1800 Uncommon trap: reason=class_check action=maybe_recompile pc=0x000000000f136ed4 method=java.lang.String.equals(Ljava/lang/Object;)Z @ 8
Event: 4.477 Thread 0x00000000094d1800 Uncommon trap: reason=class_check action=maybe_recompile pc=0x000000000f136ed4 method=java.lang.String.equals(Ljava/lang/Object;)Z @ 8
Event: 4.477 Thread 0x00000000094d1800 Uncommon trap: reason=class_check action=maybe_recompile pc=0x000000000f136ed4 method=java.lang.String.equals(Ljava/lang/Object;)Z @ 8

Internal exceptions (10 events):
Event: 4.659 Thread 0x000000000cf34000 Exception <a 'java/security/PrivilegedActionException'> (0x00000007173f5640) thrown at [D:\re\workspace\8-2-build-windows-amd64-cygwin\jdk8u5\2488\hotspot\src\share\vm\prims\jvm.cpp, line 1248]
Event: 4.660 Thread 0x000000000cf34000 Exception <a 'java/security/PrivilegedActionException'> (0x0000000717416db0) thrown at [D:\re\workspace\8-2-build-windows-amd64-cygwin\jdk8u5\2488\hotspot\src\share\vm\prims\jvm.cpp, line 1248]
Event: 4.751 Thread 0x000000000cf39800 Exception <a 'java/security/PrivilegedActionException'> (0x000000071749dfc0) thrown at [D:\re\workspace\8-2-build-windows-amd64-cygwin\jdk8u5\2488\hotspot\src\share\vm\prims\jvm.cpp, line 1248]
Event: 4.753 Thread 0x000000000cf39800 Exception <a 'java/security/PrivilegedActionException'> (0x00000007174c4ae0) thrown at [D:\re\workspace\8-2-build-windows-amd64-cygwin\jdk8u5\2488\hotspot\src\share\vm\prims\jvm.cpp, line 1248]
Event: 4.788 Thread 0x000000000cf42800 Exception <a 'java/security/PrivilegedActionException'> (0x00000007174ef7f0) thrown at [D:\re\workspace\8-2-build-windows-amd64-cygwin\jdk8u5\2488\hotspot\src\share\vm\prims\jvm.cpp, line 1248]
Event: 4.795 Thread 0x000000000cf42800 Exception <a 'java/security/PrivilegedActionException'> (0x0000000717542f08) thrown at [D:\re\workspace\8-2-build-windows-amd64-cygwin\jdk8u5\2488\hotspot\src\share\vm\prims\jvm.cpp, line 1248]
Event: 4.839 Thread 0x000000000cf50800 Exception <a 'java/security/PrivilegedActionException'> (0x0000000717770028) thrown at [D:\re\workspace\8-2-build-windows-amd64-cygwin\jdk8u5\2488\hotspot\src\share\vm\prims\jvm.cpp, line 1248]
Event: 4.869 Thread 0x000000000cf50800 Exception <a 'java/security/PrivilegedActionException'> (0x000000071779ee30) thrown at [D:\re\workspace\8-2-build-windows-amd64-cygwin\jdk8u5\2488\hotspot\src\share\vm\prims\jvm.cpp, line 1248]
Event: 5.057 Thread 0x000000000cf55000 Exception <a 'java/security/PrivilegedActionException'> (0x000000071785bc40) thrown at [D:\re\workspace\8-2-build-windows-amd64-cygwin\jdk8u5\2488\hotspot\src\share\vm\prims\jvm.cpp, line 1248]
Event: 5.058 Thread 0x000000000cf55000 Exception <a 'java/security/PrivilegedActionException'> (0x00000007178712d8) thrown at [D:\re\workspace\8-2-build-windows-amd64-cygwin\jdk8u5\2488\hotspot\src\share\vm\prims\jvm.cpp, line 1248]

Events (10 events):
Event: 7.385 Thread 0x000000000cab4000 Thread exited: 0x000000000cab4000
Event: 7.406 Thread 0x000000000cab4000 Thread added: 0x000000000cab4000
Event: 7.406 Thread 0x000000000cab4000 Thread exited: 0x000000000cab4000
Event: 7.406 Executing VM operation: RevokeBias
Event: 7.407 Executing VM operation: RevokeBias done
Event: 7.407 Thread 0x000000000cef1800 Thread exited: 0x000000000cef1800
Event: 7.408 loading class com/sun/javafx/tk/quantum/QuantumRenderer$4
Event: 7.408 loading class com/sun/javafx/tk/quantum/QuantumRenderer$4 done
Event: 7.409 loading class java/util/Formattable
Event: 7.410 loading class java/util/Formattable done


Dynamic libraries:
0x00007ff6f2320000 - 0x00007ff6f2354000 	C:\Program Files\Java\jdk1.8.0_05\jre\bin\java.exe
0x00007ffa51750000 - 0x00007ffa518fc000 	C:\WINDOWS\SYSTEM32\ntdll.dll
0x00007ffa4f7a0000 - 0x00007ffa4f8de000 	C:\WINDOWS\system32\KERNEL32.DLL
0x00007ffa4e9d0000 - 0x00007ffa4eae5000 	C:\WINDOWS\system32\KERNELBASE.dll
0x00007ffa4d3d0000 - 0x00007ffa4d45e000 	C:\WINDOWS\system32\apphelp.dll
0x00007ffa43610000 - 0x00007ffa43663000 	C:\WINDOWS\AppPatch\AppPatch64\AcGenral.DLL
0x00007ffa4edd0000 - 0x00007ffa4ee7a000 	C:\WINDOWS\system32\msvcrt.dll
0x00007ffa4e620000 - 0x00007ffa4e64e000 	C:\WINDOWS\SYSTEM32\SspiCli.dll
0x00007ffa516f0000 - 0x00007ffa51744000 	C:\WINDOWS\system32\SHLWAPI.dll
0x00007ffa51570000 - 0x00007ffa516e7000 	C:\WINDOWS\system32\USER32.dll
0x00007ffa513d0000 - 0x00007ffa51564000 	C:\WINDOWS\system32\ole32.dll
0x00007ffa4f950000 - 0x00007ffa50e68000 	C:\WINDOWS\system32\SHELL32.dll
0x00007ffa4ddf0000 - 0x00007ffa4de11000 	C:\WINDOWS\SYSTEM32\USERENV.dll
0x00007ffa4f500000 - 0x00007ffa4f5aa000 	C:\WINDOWS\system32\ADVAPI32.dll
0x00007ffa41320000 - 0x00007ffa4133e000 	C:\WINDOWS\SYSTEM32\MPR.dll
0x00007ffa4ee90000 - 0x00007ffa4efd1000 	C:\WINDOWS\system32\RPCRT4.dll
0x00007ffa51210000 - 0x00007ffa51269000 	C:\WINDOWS\SYSTEM32\sechost.dll
0x00007ffa4f0c0000 - 0x00007ffa4f2d1000 	C:\WINDOWS\SYSTEM32\combase.dll
0x00007ffa51270000 - 0x00007ffa513c1000 	C:\WINDOWS\system32\GDI32.dll
0x00007ffa4e8a0000 - 0x00007ffa4e8b5000 	C:\WINDOWS\SYSTEM32\profapi.dll
0x00007ffa4d310000 - 0x00007ffa4d3c2000 	C:\WINDOWS\SYSTEM32\SHCORE.dll
0x00007ffa511d0000 - 0x00007ffa51206000 	C:\WINDOWS\system32\IMM32.DLL
0x00007ffa51070000 - 0x00007ffa511c2000 	C:\WINDOWS\system32\MSCTF.dll
0x00007ffa4c620000 - 0x00007ffa4c651000 	C:\Windows\system32\nvinitx.dll
0x00007ffa4e840000 - 0x00007ffa4e84a000 	C:\WINDOWS\SYSTEM32\VERSION.dll
0x000000000f000000 - 0x000000000f006000 	C:\Program Files\NVIDIA Corporation\CoProcManager\_etoured.dll
0x00007ffa4c5e0000 - 0x00007ffa4c611000 	C:\Program Files\NVIDIA Corporation\CoProcManager\nvd3d9wrapx.dll
0x00007ffa50e80000 - 0x00007ffa5105a000 	C:\WINDOWS\system32\SETUPAPI.dll
0x00007ffa4eaf0000 - 0x00007ffa4eb3f000 	C:\WINDOWS\system32\CFGMGR32.dll
0x00007ffa4c5b0000 - 0x00007ffa4c5d2000 	C:\Program Files\NVIDIA Corporation\CoProcManager\nvdxgiwrapx.dll
0x00007ffa4c8e0000 - 0x00007ffa4cb5a000 	C:\WINDOWS\WinSxS\amd64_microsoft.windows.common-controls_6595b64144ccf1df_6.0.9600.17810_none_6240b9c7ecbd0bda\COMCTL32.dll
0x00000000606f0000 - 0x00000000607c2000 	C:\Program Files\Java\jdk1.8.0_05\jre\bin\msvcr100.dll
0x00000000607d0000 - 0x0000000060ffa000 	C:\Program Files\Java\jdk1.8.0_05\jre\bin\server\jvm.dll
0x00007ffa2e160000 - 0x00007ffa2e169000 	C:\WINDOWS\SYSTEM32\WSOCK32.dll
0x00007ffa4c480000 - 0x00007ffa4c4a2000 	C:\WINDOWS\SYSTEM32\WINMM.dll
0x00007ffa50e70000 - 0x00007ffa50e77000 	C:\WINDOWS\system32\PSAPI.DLL
0x00007ffa4f5b0000 - 0x00007ffa4f60a000 	C:\WINDOWS\system32\WS2_32.dll
0x00007ffa4c290000 - 0x00007ffa4c2ba000 	C:\WINDOWS\SYSTEM32\WINMMBASE.dll
0x00007ffa4f2e0000 - 0x00007ffa4f2e9000 	C:\WINDOWS\system32\NSI.dll
0x00007ffa4d670000 - 0x00007ffa4d698000 	C:\WINDOWS\SYSTEM32\DEVOBJ.dll
0x0000000063250000 - 0x000000006325f000 	C:\Program Files\Java\jdk1.8.0_05\jre\bin\verify.dll
0x0000000060680000 - 0x00000000606a8000 	C:\Program Files\Java\jdk1.8.0_05\jre\bin\java.dll
0x0000000060660000 - 0x0000000060676000 	C:\Program Files\Java\jdk1.8.0_05\jre\bin\zip.dll
0x0000000060320000 - 0x000000006034b000 	C:\Program Files\Java\jdk1.8.0_05\jre\bin\prism_d3d.dll
0x00007ffa453c0000 - 0x00007ffa455e1000 	C:\WINDOWS\system32\d3d9.dll
0x00007ffa4cba0000 - 0x00007ffa4cbc1000 	C:\WINDOWS\SYSTEM32\dwmapi.dll
0x0000000001330000 - 0x0000000001381000 	C:\WINDOWS\system32\WINTRUST.dll
0x00007ffa4eb40000 - 0x00007ffa4ed1f000 	C:\WINDOWS\system32\CRYPT32.dll
0x00007ffa4e950000 - 0x00007ffa4e961000 	C:\WINDOWS\system32\MSASN1.dll
0x00007ffa4d4c0000 - 0x00007ffa4d5e9000 	C:\WINDOWS\system32\uxtheme.dll
0x00007ffa414c0000 - 0x00007ffa415d6000 	C:\WINDOWS\SYSTEM32\nvumdshimx.dll
0x00007ffa1f250000 - 0x00007ffa1fcc0000 	C:\WINDOWS\system32\igdumdim64.dll
0x00007ffa49670000 - 0x00007ffa49ad2000 	C:\WINDOWS\SYSTEM32\igdusc64.dll
0x00000000602e0000 - 0x000000006031f000 	C:\Program Files\Java\jdk1.8.0_05\jre\bin\glass.dll
0x00007ffa4f610000 - 0x00007ffa4f6c6000 	C:\WINDOWS\system32\COMDLG32.dll
0x00007ffa4f6d0000 - 0x00007ffa4f791000 	C:\WINDOWS\system32\OLEAUT32.dll
0x0000000070fc0000 - 0x0000000070fcd000 	C:\Program Files (x86)\WinSplit Revolution\WinSplitHook64.DLL
0x00007ffa4d640000 - 0x00007ffa4d64b000 	C:\WINDOWS\SYSTEM32\kernel.appcore.dll
0x00007ffa4e7c0000 - 0x00007ffa4e7cb000 	C:\WINDOWS\SYSTEM32\CRYPTBASE.dll
0x00007ffa4e650000 - 0x00007ffa4e6b3000 	C:\WINDOWS\SYSTEM32\bcryptPrimitives.dll
0x00007ffa26e70000 - 0x00007ffa2709f000 	C:\Program Files\Acer\Acer Power Management\SysHook.dll
0x00007ffa4c470000 - 0x00007ffa4c477000 	C:\WINDOWS\SYSTEM32\MSIMG32.dll
0x00007ffa4bdd0000 - 0x00007ffa4be52000 	C:\WINDOWS\SYSTEM32\WINSPOOL.DRV
0x00007ffa4bf80000 - 0x00007ffa4c130000 	C:\WINDOWS\WinSxS\amd64_microsoft.windows.gdiplus_6595b64144ccf1df_1.1.9600.17415_none_932b3b5547500489\gdiplus.dll
0x00007ffa4bd60000 - 0x00007ffa4bdca000 	C:\WINDOWS\SYSTEM32\OLEACC.dll
0x00007ffa4e0c0000 - 0x00007ffa4e0e0000 	C:\WINDOWS\SYSTEM32\CRYPTSP.dll
0x00007ffa4dce0000 - 0x00007ffa4dd16000 	C:\WINDOWS\system32\rsaenh.dll
0x00007ffa4e310000 - 0x00007ffa4e336000 	C:\WINDOWS\SYSTEM32\bcrypt.dll
0x0000000060640000 - 0x000000006065a000 	C:\Program Files\Java\jdk1.8.0_05\jre\bin\net.dll
0x00007ffa4e060000 - 0x00007ffa4e0b9000 	C:\WINDOWS\system32\mswsock.dll
0x00007ffa488d0000 - 0x00007ffa488fa000 	C:\WINDOWS\SYSTEM32\IPHLPAPI.DLL
0x00007ffa488b0000 - 0x00007ffa488ba000 	C:\WINDOWS\SYSTEM32\WINNSI.DLL
0x00007ffa48420000 - 0x00007ffa48436000 	C:\WINDOWS\SYSTEM32\dhcpcsvc6.DLL
0x00007ffa48570000 - 0x00007ffa4858a000 	C:\WINDOWS\SYSTEM32\dhcpcsvc.DLL
0x0000000060620000 - 0x0000000060631000 	C:\Program Files\Java\jdk1.8.0_05\jre\bin\nio.dll
0x00007ffa432f0000 - 0x00007ffa43327000 	C:\Users\kristof\AppData\Local\Temp\jna-kristof\jna754394130964049467.dll
0x00000000602b0000 - 0x00000000602dd000 	C:\Program Files\VideoLAN\VLC\libvlc.dll
0x0000000060000000 - 0x00000000602ac000 	C:\Program Files\VideoLAN\VLC\libvlccore.dll
0x000000005ffe0000 - 0x000000005fff4000 	C:\Program Files\VideoLAN\VLC\plugins\audio_output\libdirectsound_plugin.dll
0x000000005ffc0000 - 0x000000005ffd3000 	C:\Program Files\VideoLAN\VLC\plugins\audio_output\libwaveout_plugin.dll
0x000000005fe40000 - 0x000000005ffb4000 	C:\Program Files\VideoLAN\VLC\plugins\misc\libxml_plugin.dll
0x000000005fe20000 - 0x000000005fe3f000 	C:\Program Files\VideoLAN\VLC\plugins\video_output\libdirect3d_plugin.dll
0x000000005fe00000 - 0x000000005fe1d000 	C:\Program Files\VideoLAN\VLC\plugins\video_output\libdirectdraw_plugin.dll
0x00007ffa2fc40000 - 0x00007ffa2fcdd000 	C:\WINDOWS\SYSTEM32\DSOUND.DLL
0x00007ffa4e7f0000 - 0x00007ffa4e836000 	C:\WINDOWS\SYSTEM32\POWRPROF.dll
0x00007ffa4efe0000 - 0x00007ffa4f096000 	C:\WINDOWS\SYSTEM32\clbcatq.dll
0x00007ffa4bf10000 - 0x00007ffa4bf80000 	C:\WINDOWS\System32\MMDevApi.dll
0x00007ffa4b560000 - 0x00007ffa4b70e000 	C:\WINDOWS\SYSTEM32\WindowsCodecs.dll
0x00007ffa43100000 - 0x00007ffa4312e000 	C:\Program Files\Common Files\Microsoft Shared\Ink\rtscom.dll
0x000000005fde0000 - 0x000000005fdf3000 	C:\Program Files\Java\jdk1.8.0_05\jre\bin\javafx_font.dll
0x00007ffa4ae70000 - 0x00007ffa4b05d000 	C:\WINDOWS\SYSTEM32\dwrite.dll
0x000000005fb70000 - 0x000000005fdd8000 	C:\Program Files\VideoLAN\VLC\plugins\access\liblibbluray_plugin.dll
0x000000005fb40000 - 0x000000005fb66000 	C:\Program Files\VideoLAN\VLC\plugins\access\libaccess_bd_plugin.dll
0x000000005faf0000 - 0x000000005fb3b000 	C:\Program Files\VideoLAN\VLC\plugins\access\libdvdnav_plugin.dll
0x000000005fad0000 - 0x000000005fae1000 	C:\Program Files\Java\jdk1.8.0_05\jre\bin\prism_common.dll
0x000000005fab0000 - 0x000000005facf000 	C:\Program Files\VideoLAN\VLC\plugins\access\libvdr_plugin.dll
0x000000005fa90000 - 0x000000005faa8000 	C:\Program Files\VideoLAN\VLC\plugins\access\libfilesystem_plugin.dll
0x000000005fa70000 - 0x000000005fa8b000 	C:\Program Files\VideoLAN\VLC\plugins\stream_filter\libsmooth_plugin.dll
0x000000005f9c0000 - 0x000000005fa6e000 	C:\Program Files\VideoLAN\VLC\plugins\stream_filter\libhttplive_plugin.dll
0x000000005f990000 - 0x000000005f9bb000 	C:\Program Files\VideoLAN\VLC\plugins\access\libzip_plugin.dll
0x000000005f970000 - 0x000000005f986000 	C:\Program Files\VideoLAN\VLC\plugins\access\librar_plugin.dll
0x000000005f960000 - 0x000000005f96f000 	C:\Program Files\VideoLAN\VLC\plugins\stream_filter\librecord_plugin.dll
0x000000005f910000 - 0x000000005f952000 	C:\Program Files\VideoLAN\VLC\plugins\demux\libmp4_plugin.dll
0x000000005f8b0000 - 0x000000005f909000 	C:\Program Files\VideoLAN\VLC\plugins\codec\libjpeg_plugin.dll
0x000000005f890000 - 0x000000005f8a1000 	C:\Program Files\VideoLAN\VLC\plugins\codec\libcdg_plugin.dll
0x000000005f830000 - 0x000000005f88e000 	C:\Program Files\VideoLAN\VLC\plugins\codec\libpng_plugin.dll
0x000000005f6b0000 - 0x000000005f82b000 	C:\Program Files\VideoLAN\VLC\plugins\codec\libschroedinger_plugin.dll
0x000000005f5d0000 - 0x000000005f6a5000 	C:\Program Files\VideoLAN\VLC\plugins\codec\libvorbis_plugin.dll
0x000000005f570000 - 0x000000005f5ca000 	C:\Program Files\VideoLAN\VLC\plugins\codec\libtheora_plugin.dll
0x000000005f550000 - 0x000000005f561000 	C:\Program Files\VideoLAN\VLC\plugins\codec\libdts_plugin.dll
0x000000005f530000 - 0x000000005f545000 	C:\Program Files\VideoLAN\VLC\plugins\codec\libaraw_plugin.dll
0x000000005f510000 - 0x000000005f527000 	C:\Program Files\VideoLAN\VLC\plugins\codec\libsubstx3g_plugin.dll
0x000000005f490000 - 0x000000005f504000 	C:\Program Files\VideoLAN\VLC\plugins\codec\libflac_plugin.dll
0x000000005f470000 - 0x000000005f483000 	C:\Program Files\VideoLAN\VLC\plugins\codec\libg711_plugin.dll
0x000000005f460000 - 0x000000005f470000 	C:\Program Files\VideoLAN\VLC\plugins\codec\libaes3_plugin.dll
0x000000005f420000 - 0x000000005f459000 	C:\Program Files\VideoLAN\VLC\plugins\codec\libspeex_plugin.dll
0x000000005f250000 - 0x000000005f415000 	C:\Program Files\VideoLAN\VLC\plugins\codec\liblibass_plugin.dll
0x000000005f1e0000 - 0x000000005f24f000 	C:\Program Files\VideoLAN\VLC\plugins\codec\libfaad_plugin.dll
0x000000005f1c0000 - 0x000000005f1d1000 	C:\Program Files\VideoLAN\VLC\plugins\codec\liba52_plugin.dll
0x000000005f1b0000 - 0x000000005f1c0000 	C:\Program Files\VideoLAN\VLC\plugins\codec\libmpeg_audio_plugin.dll
0x000000005f190000 - 0x000000005f1a1000 	C:\Program Files\VideoLAN\VLC\plugins\codec\liblpcm_plugin.dll
0x000000005f110000 - 0x000000005f188000 	C:\Program Files\VideoLAN\VLC\plugins\codec\libopus_plugin.dll
0x000000005f0e0000 - 0x000000005f109000 	C:\Program Files\VideoLAN\VLC\plugins\codec\libdvbsub_plugin.dll
0x000000005f0c0000 - 0x000000005f0d1000 	C:\Program Files\VideoLAN\VLC\plugins\codec\libspudec_plugin.dll
0x000000005dc20000 - 0x000000005f0bf000 	C:\Program Files\VideoLAN\VLC\plugins\codec\libavcodec_plugin.dll
0x000000005dbc0000 - 0x000000005dc1c000 	C:\Program Files\VideoLAN\VLC\plugins\lua\liblua_plugin.dll
0x00007ffa420e0000 - 0x00007ffa4215e000 	C:\WINDOWS\SYSTEM32\AUDIOSES.DLL
0x000000005dad0000 - 0x000000005dbb3000 	C:\Program Files\VideoLAN\VLC\plugins\text_renderer\libfreetype_plugin.dll

VM Arguments:
jvm_args: -Dfile.encoding=UTF-8 
java_command: C:\Users\kristof\Documents\NetBeansProjects\VLCPlayer\dist\run926654979\VLCPlayer.jar
java_class_path (initial): C:\Users\kristof\Documents\NetBeansProjects\VLCPlayer\dist\run926654979\VLCPlayer.jar
Launcher Type: SUN_STANDARD

Environment Variables:
CLASSPATH=.;C:\Program Files (x86)\Java\jre7\lib\ext\QTJava.zip
PATH=C:\ProgramData\Oracle\Java\javapath;C:\Program Files (x86)\Common Files\Intel\Shared Libraries\redist\intel64\compiler;C:\Program Files (x86)\Common Files\Intel\Shared Libraries\redist\ia32\compiler;C:\Program Files (x86)\Haskell\bin;C:\Program Files (x86)\Haskell Platform\2013.2.0.0\lib\extralibs\bin;C:\Program Files (x86)\Haskell Platform\2013.2.0.0\bin;C:\Program Files (x86)\Intel\iCLS Client\;C:\Program Files\Intel\iCLS Client\;C:\Windows\system32;C:\Windows;C:\Windows\System32\Wbem;C:\Windows\System32\WindowsPowerShell\v1.0\;C:\Program Files (x86)\Intel\OpenCL SDK\3.0\bin\x86;C:\Program Files (x86)\Intel\OpenCL SDK\3.0\bin\x64;C:\Program Files (x86)\QuickTime\QTSystem\;C:\Program Files (x86)\Haskell Platform\2013.2.0.0\mingw\bin;C:\Program Files (x86)\MiKTeX 2.9\miktex\bin\;D:\strawberry\c\bin;D:\strawberry\perl\site\bin;D:\strawberry\perl\bin;C:\Program Files\Microsoft SQL Server\110\Tools\Binn\;C:\WINDOWS\system32;C:\WINDOWS;C:\WINDOWS\System32\Wbem;C:\WINDOWS\System32\WindowsPowerShell\v1.0\;C:\Program Files\Microsoft\Web Platform Installer\;D:\matlab\R2014b\runtime\win64;D:\matlab\R2014b\bin;D:\matlab\R2014b\polyspace\bin;C:\Program Files (x86)\Skype\Phone\;C:\Program Files\Intel\Intel(R) Management Engine Components\DAL;C:\Program Files\Intel\Intel(R) Management Engine Components\IPT;C:\Program Files (x86)\Intel\Intel(R) Management Engine Components\DAL;C:\Program Files (x86)\Intel\Intel(R) Management Engine Components\IPT;C:\Program Files (x86)\Windows Kits\8.1\Windows Performance Toolkit\;C:\Program Files (x86)\Microsoft SDKs\TypeScript\1.0\;C:\Program Files\Microsoft SQL Server\120\Tools\Binn\;C:\Program Files (x86)\NVIDIA Corporation\PhysX\Common;C:\Users\kristof\AppData\Roaming\cabal\bin
USERNAME=kristof
OS=Windows_NT
PROCESSOR_IDENTIFIER=Intel64 Family 6 Model 60 Stepping 3, GenuineIntel



---------------  S Y S T E M  ---------------

OS: Windows 8.1 , 64 bit Build 9600 

CPU:total 8 (4 cores per cpu, 2 threads per core) family 6 model 60 stepping 3, cmov, cx8, fxsr, mmx, sse, sse2, sse3, ssse3, sse4.1, sse4.2, popcnt, avx, avx2, aes, clmul, erms, ht, tsc, tscinvbit

Memory: 4k page, physical 33202460k(27545064k free), swap 38183196k(31244916k free)

vm_info: Java HotSpot(TM) 64-Bit Server VM (25.5-b02) for windows-amd64 JRE (1.8.0_05-b13), built on Mar 18 2014 01:08:39 by "java_re" with MS VC++ 10.0 (VS2010)

time: Sat Jul 11 22:55:26 2015
elapsed time: 7 seconds

