#
# A fatal error has been detected by the Java Runtime Environment:
#
#  EXCEPTION_ACCESS_VIOLATION (0xc0000005) at pc=0x00007ffa5178d85e, pid=7264, tid=836
#
# JRE version: Java(TM) SE Runtime Environment (8.0_05-b13) (build 1.8.0_05-b13)
# Java VM: Java HotSpot(TM) 64-Bit Server VM (25.5-b02 mixed mode windows-amd64 compressed oops)
# Problematic frame:
# C  [ntdll.dll+0x3d85e]
#
# Failed to write core dump. Minidumps are not enabled by default on client versions of Windows
#
# If you would like to submit a bug report, please visit:
#   http://bugreport.sun.com/bugreport/crash.jsp
# The crash happened outside the Java Virtual Machine in native code.
# See problematic frame for where to report the bug.
#

---------------  T H R E A D  ---------------

Current thread (0x0000000008b52800):  JavaThread "JavaFX Application Thread" [_thread_in_native, id=836, stack(0x0000000009900000,0x0000000009a00000)]

siginfo: ExceptionCode=0xc0000005, writing address 0x0000000000000024

Registers:
RAX=0x0000000000000000, RBX=0x000000000bd162e8, RCX=0x00000000fffffffc, RDX=0x00000000000006cc
RSP=0x00000000099fca80, RBP=0x00007ff6f151c000, RSI=0x00000000000006cc, RDI=0x0000000000000000
R8 =0xffffffffffffffff, R9 =0x00007ff6f151c000, R10=0x0000000000000000, R11=0x0000000000000246
R12=0x0000000000000000, R13=0x0000000000000000, R14=0x0000000000000000, R15=0x0000000000000000
RIP=0x00007ffa5178d85e, EFLAGS=0x0000000000010213

Top of Stack: (sp=0x00000000099fca80)
0x00000000099fca80:   00000000000006cc 0000000008b52800
0x00000000099fca90:   0000000008b52800 0000000060d8c6ab
0x00000000099fcaa0:   0000000000000014 00000000099fcbe8
0x00000000099fcab0:   00000000099fd280 0000000000000000
0x00000000099fcac0:   0000000000000000 00000000020521d8
0x00000000099fcad0:   000000000286dc70 0000000008b52800
0x00000000099fcae0:   0000000008b52800 0000000060edbc52
0x00000000099fcaf0:   0000000000000010 000000000000001f
0x00000000099fcb00:   000086d90f956b50 0000000060d51a9d
0x00000000099fcb10:   0000000000000004 0000000000000001
0x00000000099fcb20:   000000000f492c7c 000000007ffe0372
0x00000000099fcb30:   0000000000000000 0000000000000000
0x00000000099fcb40:   00007ff6f151c000 00007ffa5178b254
0x00000000099fcb50:   00000007c001d098 00007ffa4369fc42
0x00000000099fcb60:   000000000bd162e8 00000000099fd280
0x00000000099fcb70:   0000000000000000 00000007177a1298 

Instructions: (pc=0x00007ffa5178d85e)
0x00007ffa5178d83e:   a8 01 0f 85 e0 00 00 00 8b c8 41 2b ce f0 0f b1
0x00007ffa5178d84e:   4b 08 75 e9 48 8b 03 45 33 f6 48 83 f8 ff 74 03
0x00007ffa5178d85e:   ff 40 24 41 bf 82 03 fe 7f 41 8a 0f 84 c9 0f 85
0x00007ffa5178d86e:   a0 fa 06 00 48 83 fe ff 0f 84 f5 fa 06 00 4c 8b 


Register to memory mapping:

RAX=0x0000000000000000 is an unknown value
RBX=0x000000000bd162e8 is an unknown value
RCX=0x00000000fffffffc is an unknown value
RDX=0x00000000000006cc is an unknown value
RSP=0x00000000099fca80 is pointing into the stack for thread: 0x0000000008b52800
RBP=0x00007ff6f151c000 is an unknown value
RSI=0x00000000000006cc is an unknown value
RDI=0x0000000000000000 is an unknown value
R8 =0xffffffffffffffff is an unknown value
R9 =0x00007ff6f151c000 is an unknown value
R10=0x0000000000000000 is an unknown value
R11=0x0000000000000246 is an unknown value
R12=0x0000000000000000 is an unknown value
R13=0x0000000000000000 is an unknown value
R14=0x0000000000000000 is an unknown value
R15=0x0000000000000000 is an unknown value


Stack: [0x0000000009900000,0x0000000009a00000],  sp=0x00000000099fca80,  free space=1010k
Native frames: (J=compiled Java code, j=interpreted, Vv=VM code, C=native code)
C  [ntdll.dll+0x3d85e]
C  [ntdll.dll+0x3b254]
C  [libvlc.dll+0xe2a5]
C  [jna7178642913309794502.dll+0x176f3]
C  [jna7178642913309794502.dll+0xffe7]
C  [jna7178642913309794502.dll+0x3d1a]
C  [jna7178642913309794502.dll+0x4e97]
C  0x000000000f496f23

Java frames: (J=compiled Java code, j=interpreted, Vv=VM code)
J 1386  com.sun.jna.Native.invokeLong(JI[Ljava/lang/Object;)J (0 bytes) @ 0x000000000f496e9d [0x000000000f496e40+0x5d]
J 1431 C1 com.sun.jna.Function.invoke([Ljava/lang/Object;Ljava/lang/Class;Z)Ljava/lang/Object; (1149 bytes) @ 0x000000000f4bd154 [0x000000000f4b6760+0x69f4]
J 1313 C1 com.sun.jna.Function.invoke(Ljava/lang/Class;[Ljava/lang/Object;Ljava/util/Map;)Ljava/lang/Object; (526 bytes) @ 0x000000000f47948c [0x000000000f4781e0+0x12ac]
J 1312 C1 com.sun.jna.Library$Handler.invoke(Ljava/lang/Object;Ljava/lang/reflect/Method;[Ljava/lang/Object;)Ljava/lang/Object; (345 bytes) @ 0x000000000f480db4 [0x000000000f47eb80+0x2234]
J 1735 C1 com.sun.proxy.$Proxy0.libvlc_media_player_get_length(Luk/co/caprica/vlcj/binding/internal/libvlc_media_player_t;)J (39 bytes) @ 0x000000000f58854c [0x000000000f588280+0x2cc]
J 2042 C1 simplevlc.Controls$MovieThread.lambda$run$9()V (84 bytes) @ 0x000000000f666e94 [0x000000000f666b20+0x374]
J 2041 C1 simplevlc.Controls$MovieThread$$Lambda$22.run()V (8 bytes) @ 0x000000000f6665bc [0x000000000f666540+0x7c]
J 1889 C1 com.sun.javafx.application.PlatformImpl$6$1.run()Ljava/lang/Object; (5 bytes) @ 0x000000000f5f6c5c [0x000000000f5f6b00+0x15c]
v  ~StubRoutines::call_stub
J 1456  java.security.AccessController.doPrivileged(Ljava/security/PrivilegedAction;Ljava/security/AccessControlContext;)Ljava/lang/Object; (0 bytes) @ 0x000000000f4daa66 [0x000000000f4daa00+0x66]
J 1710 C1 com.sun.javafx.application.PlatformImpl$6.run()V (43 bytes) @ 0x000000000f57183c [0x000000000f5716e0+0x15c]
J 1570 C1 com.sun.glass.ui.InvokeLaterDispatcher$Future.run()V (91 bytes) @ 0x000000000f51444c [0x000000000f514340+0x10c]
v  ~StubRoutines::call_stub
j  com.sun.glass.ui.win.WinApplication._runLoop(Ljava/lang/Runnable;)V+0
j  com.sun.glass.ui.win.WinApplication.access$300(Lcom/sun/glass/ui/win/WinApplication;Ljava/lang/Runnable;)V+2
j  com.sun.glass.ui.win.WinApplication$4$1.run()V+25
j  java.lang.Thread.run()V+11
v  ~StubRoutines::call_stub

---------------  P R O C E S S  ---------------

Java Threads: ( => current thread )
  0x000000000c43d800 JavaThread "Prism Font Disposer" daemon [_thread_blocked, id=7776, stack(0x000000000e5a0000,0x000000000e6a0000)]
  0x0000000008b94000 JavaThread "Thread-3" daemon [_thread_in_native, id=7944, stack(0x000000000b190000,0x000000000b290000)]
  0x0000000008b7c000 JavaThread "JavaFX-Launcher" [_thread_blocked, id=2968, stack(0x000000000bc00000,0x000000000bd00000)]
=>0x0000000008b52800 JavaThread "JavaFX Application Thread" [_thread_in_native, id=836, stack(0x0000000009900000,0x0000000009a00000)]
  0x0000000008b45000 JavaThread "Thread-1" daemon [_thread_blocked, id=4644, stack(0x0000000009800000,0x0000000009900000)]
  0x0000000008ae1000 JavaThread "QuantumRenderer-0" daemon [_thread_blocked, id=1792, stack(0x00000000094f0000,0x00000000095f0000)]
  0x00000000089b2000 JavaThread "Service Thread" daemon [_thread_blocked, id=5496, stack(0x00000000092f0000,0x00000000093f0000)]
  0x0000000008919000 JavaThread "C1 CompilerThread3" daemon [_thread_blocked, id=5768, stack(0x00000000091f0000,0x00000000092f0000)]
  0x0000000008916800 JavaThread "C2 CompilerThread2" daemon [_thread_blocked, id=4188, stack(0x00000000090f0000,0x00000000091f0000)]
  0x0000000008926000 JavaThread "C2 CompilerThread1" daemon [_thread_blocked, id=4456, stack(0x0000000008ff0000,0x00000000090f0000)]
  0x0000000008924000 JavaThread "C2 CompilerThread0" daemon [_thread_blocked, id=4276, stack(0x0000000008ef0000,0x0000000008ff0000)]
  0x0000000008921000 JavaThread "Attach Listener" daemon [_thread_blocked, id=4924, stack(0x0000000008df0000,0x0000000008ef0000)]
  0x000000000891f800 JavaThread "Signal Dispatcher" daemon [_thread_blocked, id=1816, stack(0x0000000008cf0000,0x0000000008df0000)]
  0x0000000002918800 JavaThread "Finalizer" daemon [_thread_blocked, id=5284, stack(0x00000000087f0000,0x00000000088f0000)]
  0x000000000691c800 JavaThread "Reference Handler" daemon [_thread_blocked, id=4572, stack(0x00000000086f0000,0x00000000087f0000)]
  0x000000000271d800 JavaThread "main" [_thread_blocked, id=6768, stack(0x0000000002720000,0x0000000002820000)]

Other Threads:
  0x0000000006918000 VMThread [stack: 0x00000000085f0000,0x00000000086f0000] [id=7156]
  0x00000000089b6000 WatcherThread [stack: 0x00000000093f0000,0x00000000094f0000] [id=4388]

VM state:not at safepoint (normal execution)

VM Mutex/Monitor currently owned by a thread: None

Heap:
 PSYoungGen      total 14336K, used 6570K [0x0000000717180000, 0x0000000718780000, 0x00000007c0000000)
  eden space 11264K, 56% used [0x0000000717180000,0x00000007177aaad8,0x0000000717c80000)
  from space 3072K, 8% used [0x0000000718180000,0x00000007181c0000,0x0000000718480000)
  to   space 3072K, 0% used [0x0000000718480000,0x0000000718480000,0x0000000718780000)
 ParOldGen       total 518656K, used 15019K [0x00000005c5400000, 0x00000005e4e80000, 0x0000000717180000)
  object space 518656K, 2% used [0x00000005c5400000,0x00000005c62aaef8,0x00000005e4e80000)
 Metaspace       used 15834K, capacity 16158K, committed 16256K, reserved 1062912K
  class space    used 2092K, capacity 2173K, committed 2176K, reserved 1048576K

Card table byte_map: [0x0000000002ce0000,0x0000000003cc0000] byte_map_base: 0xffffffffffeb6000

Marking Bits: (ParMarkBitMap*) 0x00000000614913b0
 Begin Bits: [0x000000001e010000, 0x0000000025ec0000)
 End Bits:   [0x0000000025ec0000, 0x000000002dd70000)

Polling page: 0x0000000000900000

CodeCache: size=245760Kb used=7615Kb max_used=7626Kb free=238144Kb
 bounds [0x000000000f010000, 0x000000000f790000, 0x000000001e010000]
 total_blobs=3035 nmethods=2405 adapters=542
 compilation: enabled

Compilation events (10 events):
Event: 15.647 Thread 0x0000000008919000 nmethod 2401 0x000000000f77ffd0 code [0x000000000f780140, 0x000000000f780428]
Event: 15.647 Thread 0x0000000008919000 2400       3       com.sun.javafx.tk.quantum.ViewPainter::adjustPerspective (102 bytes)
Event: 15.648 Thread 0x0000000008919000 nmethod 2400 0x000000000f780590 code [0x000000000f780820, 0x000000000f781358]
Event: 15.694 Thread 0x0000000008916800 2402       4       com.sun.javafx.geom.RectBounds::makeEmpty (5 bytes)
Event: 15.695 Thread 0x0000000008916800 nmethod 2402 0x000000000f757710 code [0x000000000f757840, 0x000000000f7578b8]
Event: 15.736 Thread 0x0000000008926000 2403       4       java.lang.reflect.Field::set (52 bytes)
Event: 15.739 Thread 0x0000000008926000 nmethod 2403 0x000000000f782510 code [0x000000000f7826c0, 0x000000000f782af0]
Event: 15.804 Thread 0x0000000008924000 2404   !   4       com.sun.jna.Structure::setFieldValue (171 bytes)
Event: 15.809 Thread 0x0000000008924000 nmethod 2404 0x000000000f783d50 code [0x000000000f783f00, 0x000000000f784430]
Event: 15.811 Thread 0x0000000008919000 2405       3       java.nio.CharBuffer::arrayOffset (35 bytes)

GC Heap History (10 events):
Event: 2.748 GC heap before
{Heap before GC invocations=11 (full 0):
 PSYoungGen      total 15872K, used 15104K [0x0000000717180000, 0x0000000718380000, 0x00000007c0000000)
  eden space 13312K, 100% used [0x0000000717180000,0x0000000717e80000,0x0000000717e80000)
  from space 2560K, 70% used [0x0000000718100000,0x00000007182c0060,0x0000000718380000)
  to   space 2560K, 0% used [0x0000000717e80000,0x0000000717e80000,0x0000000718100000)
 ParOldGen       total 518656K, used 11077K [0x00000005c5400000, 0x00000005e4e80000, 0x0000000717180000)
  object space 518656K, 2% used [0x00000005c5400000,0x00000005c5ed14b0,0x00000005e4e80000)
 Metaspace       used 15209K, capacity 15582K, committed 15744K, reserved 1062912K
  class space    used 2089K, capacity 2173K, committed 2176K, reserved 1048576K
Event: 2.751 GC heap after
Heap after GC invocations=11 (full 0):
 PSYoungGen      total 15872K, used 2432K [0x0000000717180000, 0x0000000718c80000, 0x00000007c0000000)
  eden space 13312K, 0% used [0x0000000717180000,0x0000000717180000,0x0000000717e80000)
  from space 2560K, 95% used [0x0000000717e80000,0x00000007180e0010,0x0000000718100000)
  to   space 3072K, 0% used [0x0000000718980000,0x0000000718980000,0x0000000718c80000)
 ParOldGen       total 518656K, used 14659K [0x00000005c5400000, 0x00000005e4e80000, 0x0000000717180000)
  object space 518656K, 2% used [0x00000005c5400000,0x00000005c6250ef8,0x00000005e4e80000)
 Metaspace       used 15209K, capacity 15582K, committed 15744K, reserved 1062912K
  class space    used 2089K, capacity 2173K, committed 2176K, reserved 1048576K
}
Event: 4.959 GC heap before
{Heap before GC invocations=12 (full 0):
 PSYoungGen      total 15872K, used 15744K [0x0000000717180000, 0x0000000718c80000, 0x00000007c0000000)
  eden space 13312K, 100% used [0x0000000717180000,0x0000000717e80000,0x0000000717e80000)
  from space 2560K, 95% used [0x0000000717e80000,0x00000007180e0010,0x0000000718100000)
  to   space 3072K, 0% used [0x0000000718980000,0x0000000718980000,0x0000000718c80000)
 ParOldGen       total 518656K, used 14659K [0x00000005c5400000, 0x00000005e4e80000, 0x0000000717180000)
  object space 518656K, 2% used [0x00000005c5400000,0x00000005c6250ef8,0x00000005e4e80000)
 Metaspace       used 15464K, capacity 15838K, committed 16000K, reserved 1062912K
  class space    used 2089K, capacity 2173K, committed 2176K, reserved 1048576K
Event: 4.960 GC heap after
Heap after GC invocations=12 (full 0):
 PSYoungGen      total 13312K, used 288K [0x0000000717180000, 0x0000000718a00000, 0x00000007c0000000)
  eden space 12800K, 0% used [0x0000000717180000,0x0000000717180000,0x0000000717e00000)
  from space 512K, 56% used [0x0000000718980000,0x00000007189c8000,0x0000000718a00000)
  to   space 3072K, 0% used [0x0000000718400000,0x0000000718400000,0x0000000718700000)
 ParOldGen       total 518656K, used 14851K [0x00000005c5400000, 0x00000005e4e80000, 0x0000000717180000)
  object space 518656K, 2% used [0x00000005c5400000,0x00000005c6280ef8,0x00000005e4e80000)
 Metaspace       used 15464K, capacity 15838K, committed 16000K, reserved 1062912K
  class space    used 2089K, capacity 2173K, committed 2176K, reserved 1048576K
}
Event: 7.615 GC heap before
{Heap before GC invocations=13 (full 0):
 PSYoungGen      total 13312K, used 13088K [0x0000000717180000, 0x0000000718a00000, 0x00000007c0000000)
  eden space 12800K, 100% used [0x0000000717180000,0x0000000717e00000,0x0000000717e00000)
  from space 512K, 56% used [0x0000000718980000,0x00000007189c8000,0x0000000718a00000)
  to   space 3072K, 0% used [0x0000000718400000,0x0000000718400000,0x0000000718700000)
 ParOldGen       total 518656K, used 14851K [0x00000005c5400000, 0x00000005e4e80000, 0x0000000717180000)
  object space 518656K, 2% used [0x00000005c5400000,0x00000005c6280ef8,0x00000005e4e80000)
 Metaspace       used 15586K, capacity 15902K, committed 16000K, reserved 1062912K
  class space    used 2089K, capacity 2173K, committed 2176K, reserved 1048576K
Event: 7.616 GC heap after
Heap after GC invocations=13 (full 0):
 PSYoungGen      total 15360K, used 256K [0x0000000717180000, 0x0000000718a00000, 0x00000007c0000000)
  eden space 12288K, 0% used [0x0000000717180000,0x0000000717180000,0x0000000717d80000)
  from space 3072K, 8% used [0x0000000718400000,0x0000000718440000,0x0000000718700000)
  to   space 3072K, 0% used [0x0000000718700000,0x0000000718700000,0x0000000718a00000)
 ParOldGen       total 518656K, used 14907K [0x00000005c5400000, 0x00000005e4e80000, 0x0000000717180000)
  object space 518656K, 2% used [0x00000005c5400000,0x00000005c628eef8,0x00000005e4e80000)
 Metaspace       used 15586K, capacity 15902K, committed 16000K, reserved 1062912K
  class space    used 2089K, capacity 2173K, committed 2176K, reserved 1048576K
}
Event: 10.797 GC heap before
{Heap before GC invocations=14 (full 0):
 PSYoungGen      total 15360K, used 12544K [0x0000000717180000, 0x0000000718a00000, 0x00000007c0000000)
  eden space 12288K, 100% used [0x0000000717180000,0x0000000717d80000,0x0000000717d80000)
  from space 3072K, 8% used [0x0000000718400000,0x0000000718440000,0x0000000718700000)
  to   space 3072K, 0% used [0x0000000718700000,0x0000000718700000,0x0000000718a00000)
 ParOldGen       total 518656K, used 14907K [0x00000005c5400000, 0x00000005e4e80000, 0x0000000717180000)
  object space 518656K, 2% used [0x00000005c5400000,0x00000005c628eef8,0x00000005e4e80000)
 Metaspace       used 15690K, capacity 16030K, committed 16256K, reserved 1062912K
  class space    used 2090K, capacity 2173K, committed 2176K, reserved 1048576K
Event: 10.799 GC heap after
Heap after GC invocations=14 (full 0):
 PSYoungGen      total 12288K, used 256K [0x0000000717180000, 0x0000000718780000, 0x00000007c0000000)
  eden space 11776K, 0% used [0x0000000717180000,0x0000000717180000,0x0000000717d00000)
  from space 512K, 50% used [0x0000000718700000,0x0000000718740000,0x0000000718780000)
  to   space 3072K, 0% used [0x0000000718180000,0x0000000718180000,0x0000000718480000)
 ParOldGen       total 518656K, used 14963K [0x00000005c5400000, 0x00000005e4e80000, 0x0000000717180000)
  object space 518656K, 2% used [0x00000005c5400000,0x00000005c629cef8,0x00000005e4e80000)
 Metaspace       used 15690K, capacity 16030K, committed 16256K, reserved 1062912K
  class space    used 2090K, capacity 2173K, committed 2176K, reserved 1048576K
}
Event: 13.954 GC heap before
{Heap before GC invocations=15 (full 0):
 PSYoungGen      total 12288K, used 12032K [0x0000000717180000, 0x0000000718780000, 0x00000007c0000000)
  eden space 11776K, 100% used [0x0000000717180000,0x0000000717d00000,0x0000000717d00000)
  from space 512K, 50% used [0x0000000718700000,0x0000000718740000,0x0000000718780000)
  to   space 3072K, 0% used [0x0000000718180000,0x0000000718180000,0x0000000718480000)
 ParOldGen       total 518656K, used 14963K [0x00000005c5400000, 0x00000005e4e80000, 0x0000000717180000)
  object space 518656K, 2% used [0x00000005c5400000,0x00000005c629cef8,0x00000005e4e80000)
 Metaspace       used 15775K, capacity 16158K, committed 16256K, reserved 1062912K
  class space    used 2090K, capacity 2173K, committed 2176K, reserved 1048576K
Event: 13.955 GC heap after
Heap after GC invocations=15 (full 0):
 PSYoungGen      total 14336K, used 256K [0x0000000717180000, 0x0000000718780000, 0x00000007c0000000)
  eden space 11264K, 0% used [0x0000000717180000,0x0000000717180000,0x0000000717c80000)
  from space 3072K, 8% used [0x0000000718180000,0x00000007181c0000,0x0000000718480000)
  to   space 3072K, 0% used [0x0000000718480000,0x0000000718480000,0x0000000718780000)
 ParOldGen       total 518656K, used 15019K [0x00000005c5400000, 0x00000005e4e80000, 0x0000000717180000)
  object space 518656K, 2% used [0x00000005c5400000,0x00000005c62aaef8,0x00000005e4e80000)
 Metaspace       used 15775K, capacity 16158K, committed 16256K, reserved 1062912K
  class space    used 2090K, capacity 2173K, committed 2176K, reserved 1048576K
}

Deoptimization events (10 events):
Event: 1.426 Thread 0x0000000008b52800 Uncommon trap: reason=class_check action=maybe_recompile pc=0x000000000f315bf8 method=java.io.DataInputStream.readShort()S @ 4
Event: 1.427 Thread 0x0000000008b52800 Uncommon trap: reason=class_check action=maybe_recompile pc=0x000000000f315bf8 method=java.io.DataInputStream.readShort()S @ 4
Event: 1.427 Thread 0x0000000008b52800 Uncommon trap: reason=class_check action=maybe_recompile pc=0x000000000f315bf8 method=java.io.DataInputStream.readShort()S @ 4
Event: 1.431 Thread 0x0000000008b52800 Uncommon trap: reason=class_check action=maybe_recompile pc=0x000000000f137594 method=java.lang.String.equals(Ljava/lang/Object;)Z @ 8
Event: 1.431 Thread 0x0000000008b52800 Uncommon trap: reason=class_check action=maybe_recompile pc=0x000000000f137594 method=java.lang.String.equals(Ljava/lang/Object;)Z @ 8
Event: 1.441 Thread 0x0000000008b52800 Uncommon trap: reason=class_check action=maybe_recompile pc=0x000000000f137594 method=java.lang.String.equals(Ljava/lang/Object;)Z @ 8
Event: 1.441 Thread 0x0000000008b52800 Uncommon trap: reason=class_check action=maybe_recompile pc=0x000000000f137594 method=java.lang.String.equals(Ljava/lang/Object;)Z @ 8
Event: 9.090 Thread 0x000000000c46c800 Uncommon trap: reason=null_check action=make_not_entrant pc=0x000000000f68916c method=com.sun.jna.Native.getNativeSize(Ljava/lang/Class;Ljava/lang/Object;)I @ 83
Event: 10.369 Thread 0x000000000c46c000 Uncommon trap: reason=null_check action=make_not_entrant pc=0x000000000f6d39d4 method=com.sun.jna.Native.getNativeSize(Ljava/lang/Class;)I @ 23
Event: 15.807 Thread 0x0000000008b52800 Uncommon trap: reason=unreached action=reinterpret pc=0x000000000f6daaf0 method=com.sun.jna.Native.getNativeSize(Ljava/lang/Class;)I @ 209

Internal exceptions (10 events):
Event: 1.620 Thread 0x000000000c0d4000 Exception <a 'java/security/PrivilegedActionException'> (0x00000007174bd210) thrown at [D:\re\workspace\8-2-build-windows-amd64-cygwin\jdk8u5\2488\hotspot\src\share\vm\prims\jvm.cpp, line 1248]
Event: 1.634 Thread 0x0000000008b52800 Exception <a 'java/security/PrivilegedActionException'> (0x0000000717445350) thrown at [D:\re\workspace\8-2-build-windows-amd64-cygwin\jdk8u5\2488\hotspot\src\share\vm\prims\jvm.cpp, line 1248]
Event: 1.634 Thread 0x0000000008b52800 Exception <a 'java/security/PrivilegedActionException'> (0x0000000717445eb0) thrown at [D:\re\workspace\8-2-build-windows-amd64-cygwin\jdk8u5\2488\hotspot\src\share\vm\prims\jvm.cpp, line 1248]
Event: 1.656 Thread 0x000000000c4dd800 Exception <a 'java/security/PrivilegedActionException'> (0x00000007174eceb8) thrown at [D:\re\workspace\8-2-build-windows-amd64-cygwin\jdk8u5\2488\hotspot\src\share\vm\prims\jvm.cpp, line 1248]
Event: 1.663 Thread 0x000000000c4dd800 Exception <a 'java/security/PrivilegedActionException'> (0x000000071754ed60) thrown at [D:\re\workspace\8-2-build-windows-amd64-cygwin\jdk8u5\2488\hotspot\src\share\vm\prims\jvm.cpp, line 1248]
Event: 1.706 Thread 0x000000000c4eb800 Exception <a 'java/security/PrivilegedActionException'> (0x00000007178a20b8) thrown at [D:\re\workspace\8-2-build-windows-amd64-cygwin\jdk8u5\2488\hotspot\src\share\vm\prims\jvm.cpp, line 1248]
Event: 1.734 Thread 0x000000000c4eb800 Exception <a 'java/security/PrivilegedActionException'> (0x00000007178d3828) thrown at [D:\re\workspace\8-2-build-windows-amd64-cygwin\jdk8u5\2488\hotspot\src\share\vm\prims\jvm.cpp, line 1248]
Event: 1.922 Thread 0x000000000c4ee800 Exception <a 'java/security/PrivilegedActionException'> (0x000000071799eca8) thrown at [D:\re\workspace\8-2-build-windows-amd64-cygwin\jdk8u5\2488\hotspot\src\share\vm\prims\jvm.cpp, line 1248]
Event: 1.924 Thread 0x000000000c4ee800 Exception <a 'java/security/PrivilegedActionException'> (0x00000007179c02a8) thrown at [D:\re\workspace\8-2-build-windows-amd64-cygwin\jdk8u5\2488\hotspot\src\share\vm\prims\jvm.cpp, line 1248]
Event: 15.805 Thread 0x0000000008b52800 Exception <a 'java/security/PrivilegedActionException'> (0x0000000717799a40) thrown at [D:\re\workspace\8-2-build-windows-amd64-cygwin\jdk8u5\2488\hotspot\src\share\vm\prims\jvm.cpp, line 1248]

Events (10 events):
Event: 15.807 Thread 0x000000000c270800 Thread added: 0x000000000c270800
Event: 15.807 Thread 0x000000000c270800 Thread exited: 0x000000000c270800
Event: 15.807 Thread 0x0000000008b52800 Uncommon trap: trap_request=0xffffffad fr.pc=0x000000000f6daaf0
Event: 15.807 Thread 0x0000000008b52800 DEOPT PACKING pc=0x000000000f6daaf0 sp=0x00000000099fbe30
Event: 15.807 Thread 0x0000000008b52800 DEOPT UNPACKING pc=0x000000000f0555af sp=0x00000000099fbe08 mode 2
Event: 15.808 Thread 0x000000000c379800 Thread exited: 0x000000000c379800
Event: 15.810 loading class com/sun/javafx/tk/quantum/QuantumRenderer$4
Event: 15.810 loading class com/sun/javafx/tk/quantum/QuantumRenderer$4 done
Event: 15.811 loading class java/util/Formattable
Event: 15.811 loading class java/util/Formattable done


Dynamic libraries:
0x00007ff6f2320000 - 0x00007ff6f2354000 	C:\Program Files\Java\jdk1.8.0_05\jre\bin\java.exe
0x00007ffa51750000 - 0x00007ffa518fc000 	C:\WINDOWS\SYSTEM32\ntdll.dll
0x00007ffa4f7a0000 - 0x00007ffa4f8de000 	C:\WINDOWS\system32\KERNEL32.DLL
0x00007ffa4e9d0000 - 0x00007ffa4eae5000 	C:\WINDOWS\system32\KERNELBASE.dll
0x00007ffa4d3d0000 - 0x00007ffa4d45e000 	C:\WINDOWS\system32\apphelp.dll
0x00007ffa436d0000 - 0x00007ffa43723000 	C:\WINDOWS\AppPatch\AppPatch64\AcGenral.DLL
0x00007ffa4edd0000 - 0x00007ffa4ee7a000 	C:\WINDOWS\system32\msvcrt.dll
0x00007ffa4e620000 - 0x00007ffa4e64e000 	C:\WINDOWS\SYSTEM32\SspiCli.dll
0x00007ffa516f0000 - 0x00007ffa51744000 	C:\WINDOWS\system32\SHLWAPI.dll
0x00007ffa51570000 - 0x00007ffa516e7000 	C:\WINDOWS\system32\USER32.dll
0x00007ffa513d0000 - 0x00007ffa51564000 	C:\WINDOWS\system32\ole32.dll
0x00007ffa4f950000 - 0x00007ffa50e68000 	C:\WINDOWS\system32\SHELL32.dll
0x00007ffa4ddf0000 - 0x00007ffa4de11000 	C:\WINDOWS\SYSTEM32\USERENV.dll
0x00007ffa4f500000 - 0x00007ffa4f5aa000 	C:\WINDOWS\system32\ADVAPI32.dll
0x00007ffa41320000 - 0x00007ffa4133e000 	C:\WINDOWS\SYSTEM32\MPR.dll
0x00007ffa4ee90000 - 0x00007ffa4efd1000 	C:\WINDOWS\system32\RPCRT4.dll
0x00007ffa51210000 - 0x00007ffa51269000 	C:\WINDOWS\SYSTEM32\sechost.dll
0x00007ffa4f0c0000 - 0x00007ffa4f2d1000 	C:\WINDOWS\SYSTEM32\combase.dll
0x00007ffa51270000 - 0x00007ffa513c1000 	C:\WINDOWS\system32\GDI32.dll
0x00007ffa4e8a0000 - 0x00007ffa4e8b5000 	C:\WINDOWS\SYSTEM32\profapi.dll
0x00007ffa4d310000 - 0x00007ffa4d3c2000 	C:\WINDOWS\SYSTEM32\SHCORE.dll
0x00007ffa511d0000 - 0x00007ffa51206000 	C:\WINDOWS\system32\IMM32.DLL
0x00007ffa51070000 - 0x00007ffa511c2000 	C:\WINDOWS\system32\MSCTF.dll
0x00007ffa4e850000 - 0x00007ffa4e881000 	C:\Windows\system32\nvinitx.dll
0x00007ffa4e840000 - 0x00007ffa4e84a000 	C:\WINDOWS\SYSTEM32\VERSION.dll
0x000000000f000000 - 0x000000000f006000 	C:\Program Files\NVIDIA Corporation\CoProcManager\_etoured.dll
0x00007ffa4cb60000 - 0x00007ffa4cb91000 	C:\Program Files\NVIDIA Corporation\CoProcManager\nvd3d9wrapx.dll
0x00007ffa50e80000 - 0x00007ffa5105a000 	C:\WINDOWS\system32\SETUPAPI.dll
0x00007ffa4eaf0000 - 0x00007ffa4eb3f000 	C:\WINDOWS\system32\CFGMGR32.dll
0x00007ffa4c550000 - 0x00007ffa4c572000 	C:\Program Files\NVIDIA Corporation\CoProcManager\nvdxgiwrapx.dll
0x00007ffa4c8e0000 - 0x00007ffa4cb5a000 	C:\WINDOWS\WinSxS\amd64_microsoft.windows.common-controls_6595b64144ccf1df_6.0.9600.17810_none_6240b9c7ecbd0bda\COMCTL32.dll
0x0000000060c00000 - 0x0000000060cd2000 	C:\Program Files\Java\jdk1.8.0_05\jre\bin\msvcr100.dll
0x0000000060ce0000 - 0x000000006150a000 	C:\Program Files\Java\jdk1.8.0_05\jre\bin\server\jvm.dll
0x00007ffa2e160000 - 0x00007ffa2e169000 	C:\WINDOWS\SYSTEM32\WSOCK32.dll
0x00007ffa4c480000 - 0x00007ffa4c4a2000 	C:\WINDOWS\SYSTEM32\WINMM.dll
0x00007ffa50e70000 - 0x00007ffa50e77000 	C:\WINDOWS\system32\PSAPI.DLL
0x00007ffa4f5b0000 - 0x00007ffa4f60a000 	C:\WINDOWS\system32\WS2_32.dll
0x00007ffa4c290000 - 0x00007ffa4c2ba000 	C:\WINDOWS\SYSTEM32\WINMMBASE.dll
0x00007ffa4f2e0000 - 0x00007ffa4f2e9000 	C:\WINDOWS\system32\NSI.dll
0x00007ffa4d670000 - 0x00007ffa4d698000 	C:\WINDOWS\SYSTEM32\DEVOBJ.dll
0x0000000060bb0000 - 0x0000000060bbf000 	C:\Program Files\Java\jdk1.8.0_05\jre\bin\verify.dll
0x0000000060b80000 - 0x0000000060ba8000 	C:\Program Files\Java\jdk1.8.0_05\jre\bin\java.dll
0x0000000060b60000 - 0x0000000060b76000 	C:\Program Files\Java\jdk1.8.0_05\jre\bin\zip.dll
0x000000005e9e0000 - 0x000000005ea0b000 	C:\Program Files\Java\jdk1.8.0_05\jre\bin\prism_d3d.dll
0x00007ffa453c0000 - 0x00007ffa455e1000 	C:\WINDOWS\system32\d3d9.dll
0x00007ffa4cba0000 - 0x00007ffa4cbc1000 	C:\WINDOWS\SYSTEM32\dwmapi.dll
0x00000000095f0000 - 0x0000000009641000 	C:\WINDOWS\system32\WINTRUST.dll
0x00007ffa4eb40000 - 0x00007ffa4ed1f000 	C:\WINDOWS\system32\CRYPT32.dll
0x00007ffa4e950000 - 0x00007ffa4e961000 	C:\WINDOWS\system32\MSASN1.dll
0x00007ffa4d4c0000 - 0x00007ffa4d5e9000 	C:\WINDOWS\system32\uxtheme.dll
0x00007ffa4ad20000 - 0x00007ffa4ae32000 	C:\WINDOWS\SYSTEM32\nvumdshimx.dll
0x00007ffa26350000 - 0x00007ffa26dc0000 	C:\WINDOWS\system32\igdumdim64.dll
0x00007ffa49670000 - 0x00007ffa49ad2000 	C:\WINDOWS\SYSTEM32\igdusc64.dll
0x000000005e9a0000 - 0x000000005e9df000 	C:\Program Files\Java\jdk1.8.0_05\jre\bin\glass.dll
0x00007ffa4f610000 - 0x00007ffa4f6c6000 	C:\WINDOWS\system32\COMDLG32.dll
0x00007ffa4f6d0000 - 0x00007ffa4f791000 	C:\WINDOWS\system32\OLEAUT32.dll
0x0000000070fc0000 - 0x0000000070fcd000 	C:\Program Files (x86)\WinSplit Revolution\WinSplitHook64.DLL
0x00007ffa4d640000 - 0x00007ffa4d64b000 	C:\WINDOWS\SYSTEM32\kernel.appcore.dll
0x00007ffa4e7c0000 - 0x00007ffa4e7cb000 	C:\WINDOWS\SYSTEM32\CRYPTBASE.dll
0x00007ffa4e650000 - 0x00007ffa4e6b3000 	C:\WINDOWS\SYSTEM32\bcryptPrimitives.dll
0x00007ffa26e70000 - 0x00007ffa2709f000 	C:\Program Files\Acer\Acer Power Management\SysHook.dll
0x00007ffa4c470000 - 0x00007ffa4c477000 	C:\WINDOWS\SYSTEM32\MSIMG32.dll
0x00007ffa4bdd0000 - 0x00007ffa4be52000 	C:\WINDOWS\SYSTEM32\WINSPOOL.DRV
0x00007ffa4bf80000 - 0x00007ffa4c130000 	C:\WINDOWS\WinSxS\amd64_microsoft.windows.gdiplus_6595b64144ccf1df_1.1.9600.17415_none_932b3b5547500489\gdiplus.dll
0x00007ffa4bd60000 - 0x00007ffa4bdca000 	C:\WINDOWS\SYSTEM32\OLEACC.dll
0x00007ffa4e0c0000 - 0x00007ffa4e0e0000 	C:\WINDOWS\SYSTEM32\CRYPTSP.dll
0x00007ffa4dce0000 - 0x00007ffa4dd16000 	C:\WINDOWS\system32\rsaenh.dll
0x00007ffa4e310000 - 0x00007ffa4e336000 	C:\WINDOWS\SYSTEM32\bcrypt.dll
0x0000000060b40000 - 0x0000000060b5a000 	C:\Program Files\Java\jdk1.8.0_05\jre\bin\net.dll
0x00007ffa4e060000 - 0x00007ffa4e0b9000 	C:\WINDOWS\system32\mswsock.dll
0x00007ffa488d0000 - 0x00007ffa488fa000 	C:\WINDOWS\SYSTEM32\IPHLPAPI.DLL
0x00007ffa488b0000 - 0x00007ffa488ba000 	C:\WINDOWS\SYSTEM32\WINNSI.DLL
0x00007ffa48420000 - 0x00007ffa48436000 	C:\WINDOWS\SYSTEM32\dhcpcsvc6.DLL
0x00007ffa48570000 - 0x00007ffa4858a000 	C:\WINDOWS\SYSTEM32\dhcpcsvc.DLL
0x0000000060b20000 - 0x0000000060b31000 	C:\Program Files\Java\jdk1.8.0_05\jre\bin\nio.dll
0x00007ffa43690000 - 0x00007ffa436c7000 	C:\Users\kristof\AppData\Local\Temp\jna-kristof\jna7178642913309794502.dll
0x000000005e970000 - 0x000000005e99d000 	C:\Program Files\VideoLAN\VLC\libvlc.dll
0x000000005e6c0000 - 0x000000005e96c000 	C:\Program Files\VideoLAN\VLC\libvlccore.dll
0x000000005e6a0000 - 0x000000005e6b4000 	C:\Program Files\VideoLAN\VLC\plugins\audio_output\libdirectsound_plugin.dll
0x000000005e680000 - 0x000000005e693000 	C:\Program Files\VideoLAN\VLC\plugins\audio_output\libwaveout_plugin.dll
0x000000005e500000 - 0x000000005e674000 	C:\Program Files\VideoLAN\VLC\plugins\misc\libxml_plugin.dll
0x000000005e4e0000 - 0x000000005e4ff000 	C:\Program Files\VideoLAN\VLC\plugins\video_output\libdirect3d_plugin.dll
0x000000005e4c0000 - 0x000000005e4dd000 	C:\Program Files\VideoLAN\VLC\plugins\video_output\libdirectdraw_plugin.dll
0x00007ffa2fc40000 - 0x00007ffa2fcdd000 	C:\WINDOWS\SYSTEM32\DSOUND.DLL
0x00007ffa4e7f0000 - 0x00007ffa4e836000 	C:\WINDOWS\SYSTEM32\POWRPROF.dll
0x00007ffa4efe0000 - 0x00007ffa4f096000 	C:\WINDOWS\SYSTEM32\clbcatq.dll
0x00007ffa4bf10000 - 0x00007ffa4bf80000 	C:\WINDOWS\System32\MMDevApi.dll
0x00007ffa4b560000 - 0x00007ffa4b70e000 	C:\WINDOWS\SYSTEM32\WindowsCodecs.dll
0x00007ffa48a90000 - 0x00007ffa48abe000 	C:\Program Files\Common Files\Microsoft Shared\Ink\rtscom.dll
0x000000005e4a0000 - 0x000000005e4b3000 	C:\Program Files\Java\jdk1.8.0_05\jre\bin\javafx_font.dll
0x00007ffa4ae70000 - 0x00007ffa4b05d000 	C:\WINDOWS\SYSTEM32\dwrite.dll
0x000000005e230000 - 0x000000005e498000 	C:\Program Files\VideoLAN\VLC\plugins\access\liblibbluray_plugin.dll
0x000000005e200000 - 0x000000005e226000 	C:\Program Files\VideoLAN\VLC\plugins\access\libaccess_bd_plugin.dll
0x000000005e1b0000 - 0x000000005e1fb000 	C:\Program Files\VideoLAN\VLC\plugins\access\libdvdnav_plugin.dll
0x000000005e190000 - 0x000000005e1af000 	C:\Program Files\VideoLAN\VLC\plugins\access\libvdr_plugin.dll
0x000000005e170000 - 0x000000005e188000 	C:\Program Files\VideoLAN\VLC\plugins\access\libfilesystem_plugin.dll
0x000000005e150000 - 0x000000005e16b000 	C:\Program Files\VideoLAN\VLC\plugins\stream_filter\libsmooth_plugin.dll
0x000000005e0a0000 - 0x000000005e14e000 	C:\Program Files\VideoLAN\VLC\plugins\stream_filter\libhttplive_plugin.dll
0x000000005e070000 - 0x000000005e09b000 	C:\Program Files\VideoLAN\VLC\plugins\access\libzip_plugin.dll
0x000000005e050000 - 0x000000005e066000 	C:\Program Files\VideoLAN\VLC\plugins\access\librar_plugin.dll
0x000000005e040000 - 0x000000005e04f000 	C:\Program Files\VideoLAN\VLC\plugins\stream_filter\librecord_plugin.dll
0x000000005dff0000 - 0x000000005e032000 	C:\Program Files\VideoLAN\VLC\plugins\demux\libmp4_plugin.dll
0x000000005dfd0000 - 0x000000005dfe1000 	C:\Program Files\Java\jdk1.8.0_05\jre\bin\prism_common.dll
0x000000005df70000 - 0x000000005dfc9000 	C:\Program Files\VideoLAN\VLC\plugins\codec\libjpeg_plugin.dll
0x000000005df50000 - 0x000000005df61000 	C:\Program Files\VideoLAN\VLC\plugins\codec\libcdg_plugin.dll
0x000000005def0000 - 0x000000005df4e000 	C:\Program Files\VideoLAN\VLC\plugins\codec\libpng_plugin.dll
0x000000005dd70000 - 0x000000005deeb000 	C:\Program Files\VideoLAN\VLC\plugins\codec\libschroedinger_plugin.dll
0x000000005dc90000 - 0x000000005dd65000 	C:\Program Files\VideoLAN\VLC\plugins\codec\libvorbis_plugin.dll
0x000000005dc30000 - 0x000000005dc8a000 	C:\Program Files\VideoLAN\VLC\plugins\codec\libtheora_plugin.dll
0x000000005dc10000 - 0x000000005dc21000 	C:\Program Files\VideoLAN\VLC\plugins\codec\libdts_plugin.dll
0x000000005dbf0000 - 0x000000005dc05000 	C:\Program Files\VideoLAN\VLC\plugins\codec\libaraw_plugin.dll
0x000000005dbd0000 - 0x000000005dbe7000 	C:\Program Files\VideoLAN\VLC\plugins\codec\libsubstx3g_plugin.dll
0x000000005db50000 - 0x000000005dbc4000 	C:\Program Files\VideoLAN\VLC\plugins\codec\libflac_plugin.dll
0x000000005db30000 - 0x000000005db43000 	C:\Program Files\VideoLAN\VLC\plugins\codec\libg711_plugin.dll
0x000000005db20000 - 0x000000005db30000 	C:\Program Files\VideoLAN\VLC\plugins\codec\libaes3_plugin.dll
0x000000005dae0000 - 0x000000005db19000 	C:\Program Files\VideoLAN\VLC\plugins\codec\libspeex_plugin.dll
0x000000005d910000 - 0x000000005dad5000 	C:\Program Files\VideoLAN\VLC\plugins\codec\liblibass_plugin.dll
0x000000005d8a0000 - 0x000000005d90f000 	C:\Program Files\VideoLAN\VLC\plugins\codec\libfaad_plugin.dll
0x000000005d880000 - 0x000000005d891000 	C:\Program Files\VideoLAN\VLC\plugins\codec\liba52_plugin.dll
0x000000005d870000 - 0x000000005d880000 	C:\Program Files\VideoLAN\VLC\plugins\codec\libmpeg_audio_plugin.dll
0x000000005d850000 - 0x000000005d861000 	C:\Program Files\VideoLAN\VLC\plugins\codec\liblpcm_plugin.dll
0x000000005d7d0000 - 0x000000005d848000 	C:\Program Files\VideoLAN\VLC\plugins\codec\libopus_plugin.dll
0x000000005d7a0000 - 0x000000005d7c9000 	C:\Program Files\VideoLAN\VLC\plugins\codec\libdvbsub_plugin.dll
0x000000005d780000 - 0x000000005d791000 	C:\Program Files\VideoLAN\VLC\plugins\codec\libspudec_plugin.dll
0x000000005c2e0000 - 0x000000005d77f000 	C:\Program Files\VideoLAN\VLC\plugins\codec\libavcodec_plugin.dll
0x000000005c280000 - 0x000000005c2dc000 	C:\Program Files\VideoLAN\VLC\plugins\lua\liblua_plugin.dll
0x00007ffa420e0000 - 0x00007ffa4215e000 	C:\WINDOWS\SYSTEM32\AUDIOSES.DLL
0x000000005c190000 - 0x000000005c273000 	C:\Program Files\VideoLAN\VLC\plugins\text_renderer\libfreetype_plugin.dll

VM Arguments:
jvm_args: -Dfile.encoding=UTF-8 
java_command: C:\Users\kristof\Documents\NetBeansProjects\VLCPlayer\dist\run1639181027\VLCPlayer.jar
java_class_path (initial): C:\Users\kristof\Documents\NetBeansProjects\VLCPlayer\dist\run1639181027\VLCPlayer.jar
Launcher Type: SUN_STANDARD

Environment Variables:
CLASSPATH=.;C:\Program Files (x86)\Java\jre7\lib\ext\QTJava.zip
PATH=C:\ProgramData\Oracle\Java\javapath;C:\Program Files (x86)\Common Files\Intel\Shared Libraries\redist\intel64\compiler;C:\Program Files (x86)\Common Files\Intel\Shared Libraries\redist\ia32\compiler;C:\Program Files (x86)\Haskell\bin;C:\Program Files (x86)\Haskell Platform\2013.2.0.0\lib\extralibs\bin;C:\Program Files (x86)\Haskell Platform\2013.2.0.0\bin;C:\Program Files (x86)\Intel\iCLS Client\;C:\Program Files\Intel\iCLS Client\;C:\Windows\system32;C:\Windows;C:\Windows\System32\Wbem;C:\Windows\System32\WindowsPowerShell\v1.0\;C:\Program Files (x86)\Intel\OpenCL SDK\3.0\bin\x86;C:\Program Files (x86)\Intel\OpenCL SDK\3.0\bin\x64;C:\Program Files (x86)\QuickTime\QTSystem\;C:\Program Files (x86)\Haskell Platform\2013.2.0.0\mingw\bin;C:\Program Files (x86)\MiKTeX 2.9\miktex\bin\;D:\strawberry\c\bin;D:\strawberry\perl\site\bin;D:\strawberry\perl\bin;C:\Program Files\Microsoft SQL Server\110\Tools\Binn\;C:\WINDOWS\system32;C:\WINDOWS;C:\WINDOWS\System32\Wbem;C:\WINDOWS\System32\WindowsPowerShell\v1.0\;C:\Program Files\Microsoft\Web Platform Installer\;D:\matlab\R2014b\runtime\win64;D:\matlab\R2014b\bin;D:\matlab\R2014b\polyspace\bin;C:\Program Files (x86)\Skype\Phone\;C:\Program Files (x86)\NVIDIA Corporation\PhysX\Common;C:\Program Files\Intel\Intel(R) Management Engine Components\DAL;C:\Program Files\Intel\Intel(R) Management Engine Components\IPT;C:\Program Files (x86)\Intel\Intel(R) Management Engine Components\DAL;C:\Program Files (x86)\Intel\Intel(R) Management Engine Components\IPT;C:\Program Files (x86)\Windows Kits\8.1\Windows Performance Toolkit\;C:\Program Files (x86)\Microsoft SDKs\TypeScript\1.0\;C:\Program Files\Microsoft SQL Server\120\Tools\Binn\;C:\Users\kristof\AppData\Roaming\cabal\bin
USERNAME=kristof
OS=Windows_NT
PROCESSOR_IDENTIFIER=Intel64 Family 6 Model 60 Stepping 3, GenuineIntel



---------------  S Y S T E M  ---------------

OS: Windows 8.1 , 64 bit Build 9600 

CPU:total 8 (4 cores per cpu, 2 threads per core) family 6 model 60 stepping 3, cmov, cx8, fxsr, mmx, sse, sse2, sse3, ssse3, sse4.1, sse4.2, popcnt, avx, avx2, aes, clmul, erms, ht, tsc, tscinvbit

Memory: 4k page, physical 33202460k(26296032k free), swap 38183196k(29649108k free)

vm_info: Java HotSpot(TM) 64-Bit Server VM (25.5-b02) for windows-amd64 JRE (1.8.0_05-b13), built on Mar 18 2014 01:08:39 by "java_re" with MS VC++ 10.0 (VS2010)

time: Sat Jul 11 18:17:11 2015
elapsed time: 15 seconds

